#
# There is insufficient memory for the Java Runtime Environment to continue.
# Native memory allocation (malloc) failed to allocate 1384656 bytes for Chunk::new
# Possible reasons:
#   The system is out of physical RAM or swap space
#   The process is running with CompressedOops enabled, and the Java Heap may be blocking the growth of the native heap
# Possible solutions:
#   Reduce memory load on the system
#   Increase physical memory or swap space
#   Check if swap backing store is full
#   Decrease Java heap size (-Xmx/-Xms)
#   Decrease number of Java threads
#   Decrease Java thread stack sizes (-Xss)
#   Set larger code cache with -XX:ReservedCodeCacheSize=
#   JVM is running with Unscaled Compressed Oops mode in which the Java heap is
#     placed in the first 4GB address space. The Java Heap base address is the
#     maximum limit for the native heap growth. Please use -XX:HeapBaseMinAddress
#     to set the Java Heap base and to place the Java Heap above 4GB virtual address.
# This output file may be truncated or incomplete.
#
#  Out of Memory Error (arena.cpp:168), pid=32008, tid=29620
#
# JRE version: Java(TM) SE Runtime Environment (21.0.3+7) (build 21.0.3+7-LTS-152)
# Java VM: Java HotSpot(TM) 64-Bit Server VM (21.0.3+7-LTS-152, mixed mode, sharing, tiered, compressed oops, compressed class ptrs, g1 gc, windows-amd64)
# No core dump will be written. Minidumps are not enabled by default on client versions of Windows
#

---------------  S U M M A R Y ------------

Command Line: -Dfile.encoding=UTF-8 --module-path=C:\Users\nikit\.m2\repository\org\openjfx\javafx-base\21\javafx-base-21-win.jar;C:\Users\nikit\.m2\repository\org\openjfx\javafx-base\21\javafx-base-21.jar;C:\Users\nikit\.m2\repository\org\openjfx\javafx-controls\21\javafx-controls-21-win.jar;C:\Users\nikit\.m2\repository\org\openjfx\javafx-controls\21\javafx-controls-21.jar;C:\Users\nikit\.m2\repository\org\openjfx\javafx-fxml\21\javafx-fxml-21-win.jar;C:\Users\nikit\.m2\repository\org\openjfx\javafx-graphics\21\javafx-graphics-21-win.jar;C:\Users\nikit\.m2\repository\org\openjfx\javafx-graphics\21\javafx-graphics-21.jar --add-modules=javafx.base,javafx.controls,javafx.fxml,javafx.graphics ru.finwax.mangabuffjob.MangaBuffJobFXApplication

Host: AMD Ryzen 5 3500U with Radeon Vega Mobile Gfx  , 8 cores, 6G,  Windows 11 , 64 bit Build 26100 (10.0.26100.3912)
Time: Tue May 27 12:56:26 2025 RTZ 2 (s 11 , 64 bit Build 26100 (10.0.26100.3912) elapsed time: 647.155895 seconds (0d 0h 10m 47s)

---------------  T H R E A D  ---------------

Current thread (0x000002693bd1e6a0):  JavaThread "C2 CompilerThread0" daemon [_thread_in_native, id=29620, stack(0x000000c8fae00000,0x000000c8faf00000) (1024K)]


Current CompileTask:
C2: 647156 19269       4       org.openqa.selenium.remote.codec.AbstractHttpCommandCodec::encode (198 bytes)

Stack: [0x000000c8fae00000,0x000000c8faf00000]
Native frames: (J=compiled Java code, j=interpreted, Vv=VM code, C=native code)
V  [jvm.dll+0x6c63b9]
V  [jvm.dll+0x84fa11]
V  [jvm.dll+0x851f3e]
V  [jvm.dll+0x852613]
V  [jvm.dll+0x27cd46]
V  [jvm.dll+0xc4aad]
V  [jvm.dll+0xc4fe3]
V  [jvm.dll+0x3b1d22]
V  [jvm.dll+0x37e485]
V  [jvm.dll+0x37d8fa]
V  [jvm.dll+0x245b40]
V  [jvm.dll+0x24511f]
V  [jvm.dll+0x1c689e]
V  [jvm.dll+0x254609]
V  [jvm.dll+0x252b9a]
V  [jvm.dll+0x3eb056]
V  [jvm.dll+0x7f9ffb]
V  [jvm.dll+0x6c4a9d]
C  [ucrtbase.dll+0x37b0]
C  [KERNEL32.DLL+0x2e8d7]
C  [ntdll.dll+0x9c5dc]


---------------  P R O C E S S  ---------------

Threads class SMR info:
_java_thread_list=0x00000269095aed60, length=53, elements={
0x000002691d636370, 0x000002693bcfe600, 0x000002693bd01070, 0x000002693bd10420,
0x000002693bd09e90, 0x000002693bd08450, 0x000002693bd0b8d0, 0x000002693bd1e6a0,
0x000002693bd227b0, 0x000002693bd0a520, 0x000002693bd08ae0, 0x000002693bd09170,
0x000002693bd09800, 0x000002693bd0abb0, 0x000002693bd0b240, 0x000002697db4a900,
0x000002697db4bcb0, 0x000002697db4d060, 0x000002697db4f130, 0x000002697f483b50,
0x000002697db4c340, 0x000002697db4dd80, 0x000002697db4b620, 0x000002697f4827a0,
0x000002697f485c20, 0x000002697f486940, 0x000002697f486fd0, 0x000002697f4862b0,
0x000002697f487660, 0x000002697db4c9d0, 0x000002697db51200, 0x000002697db504e0,
0x0000026909b8e130, 0x0000026909b8daa0, 0x0000026909b915b0, 0x0000026909b93680,
0x0000026909b922d0, 0x0000026909b92ff0, 0x0000026909b92960, 0x000002690890ee30,
0x0000026909b8d410, 0x0000026909b8f4e0, 0x0000026909b8c060, 0x0000026909b90f20,
0x0000026909b8fb70, 0x0000026909b90890, 0x000002690890cd60, 0x000002690890e110,
0x000002690890e7a0, 0x000002690890f4c0, 0x000002690890fb50, 0x00000269089101e0,
0x0000026908910870
}

Java Threads: ( => current thread )
  0x000002691d636370 JavaThread "main"                              [_thread_blocked, id=31816, stack(0x000000c8fa000000,0x000000c8fa100000) (1024K)]
  0x000002693bcfe600 JavaThread "Reference Handler"          daemon [_thread_blocked, id=37828, stack(0x000000c8fa800000,0x000000c8fa900000) (1024K)]
  0x000002693bd01070 JavaThread "Finalizer"                  daemon [_thread_blocked, id=36456, stack(0x000000c8fa900000,0x000000c8faa00000) (1024K)]
  0x000002693bd10420 JavaThread "Signal Dispatcher"          daemon [_thread_blocked, id=19696, stack(0x000000c8faa00000,0x000000c8fab00000) (1024K)]
  0x000002693bd09e90 JavaThread "Attach Listener"            daemon [_thread_blocked, id=31560, stack(0x000000c8fab00000,0x000000c8fac00000) (1024K)]
  0x000002693bd08450 JavaThread "Service Thread"             daemon [_thread_blocked, id=32608, stack(0x000000c8fac00000,0x000000c8fad00000) (1024K)]
  0x000002693bd0b8d0 JavaThread "Monitor Deflation Thread"   daemon [_thread_blocked, id=4820, stack(0x000000c8fad00000,0x000000c8fae00000) (1024K)]
=>0x000002693bd1e6a0 JavaThread "C2 CompilerThread0"         daemon [_thread_in_native, id=29620, stack(0x000000c8fae00000,0x000000c8faf00000) (1024K)]
  0x000002693bd227b0 JavaThread "C1 CompilerThread0"         daemon [_thread_blocked, id=37428, stack(0x000000c8faf00000,0x000000c8fb000000) (1024K)]
  0x000002693bd0a520 JavaThread "Common-Cleaner"             daemon [_thread_blocked, id=27996, stack(0x000000c8fb000000,0x000000c8fb100000) (1024K)]
  0x000002693bd08ae0 JavaThread "Notification Thread"        daemon [_thread_blocked, id=34024, stack(0x000000c8fb300000,0x000000c8fb400000) (1024K)]
  0x000002693bd09170 JavaThread "QuantumRenderer-0"          daemon [_thread_blocked, id=17696, stack(0x000000c8fb100000,0x000000c8fb200000) (1024K)]
  0x000002693bd09800 JavaThread "InvokeLaterDispatcher"      daemon [_thread_blocked, id=5504, stack(0x000000c8fb500000,0x000000c8fb600000) (1024K)]
  0x000002693bd0abb0 JavaThread "JavaFX Application Thread"         [_thread_in_native, id=10564, stack(0x000000c8fb600000,0x000000c8fb700000) (1024K)]
  0x000002693bd0b240 JavaThread "Thread-1"                   daemon [_thread_in_native, id=1148, stack(0x000000c8fbd00000,0x000000c8fbe00000) (1024K)]
  0x000002697db4a900 JavaThread "JavaFX-Launcher"                   [_thread_blocked, id=34716, stack(0x000000c8fbe00000,0x000000c8fbf00000) (1024K)]
  0x000002697db4bcb0 JavaThread "Prism Font Disposer"        daemon [_thread_blocked, id=13320, stack(0x000000c8fcd00000,0x000000c8fce00000) (1024K)]
  0x000002697db4d060 JavaThread "Cleaner-0"                  daemon [_thread_blocked, id=20824, stack(0x000000c8fcb00000,0x000000c8fcc00000) (1024K)]
  0x000002697db4f130 JavaThread "CompletableFutureDelayScheduler" daemon [_thread_blocked, id=35472, stack(0x000000c8fd200000,0x000000c8fd300000) (1024K)]
  0x000002697f483b50 JavaThread "Keep-Alive-Timer"           daemon [_thread_blocked, id=33596, stack(0x000000c8f9e00000,0x000000c8f9f00000) (1024K)]
  0x000002697db4c340 JavaThread "pool-5-thread-1"                   [_thread_blocked, id=33932, stack(0x000000c8f9f00000,0x000000c8fa000000) (1024K)]
  0x000002697db4dd80 JavaThread "Forwarding executeScript on session 47a43002d34c02ca5d81dd920c7631bb to remote"        [_thread_blocked, id=29672, stack(0x000000c8fb200000,0x000000c8fb300000) (1024K)]
  0x000002697db4b620 JavaThread "Forwarding executeScript on session dc63441d05bfe17fe94baf62182a89dd to remote"        [_thread_blocked, id=36320, stack(0x000000c8fca00000,0x000000c8fcb00000) (1024K)]
  0x000002697f4827a0 JavaThread "HttpClient-16-SelectorManager" daemon [_thread_in_native, id=37548, stack(0x000000c8fd800000,0x000000c8fd900000) (1024K)]
  0x000002697f485c20 JavaThread "External Process Output Forwarder - C:\Users\nikit\.cache\selenium\chromedriver\win64\136.0.7103.113\chromedriver.exe" daemon [_thread_in_native, id=31896, stack(0x000000c8fd900000,0x000000c8fda00000) (1024K)]
  0x000002697f486940 JavaThread "Driver Service Executor"    daemon [_thread_blocked, id=26792, stack(0x000000c8fda00000,0x000000c8fdb00000) (1024K)]
  0x000002697f486fd0 JavaThread "Driver Service Executor"    daemon [_thread_blocked, id=10236, stack(0x000000c8fdb00000,0x000000c8fdc00000) (1024K)]
  0x000002697f4862b0 JavaThread "JdkHttpClient-15-0"         daemon [_thread_blocked, id=16020, stack(0x000000c8fdc00000,0x000000c8fdd00000) (1024K)]
  0x000002697f487660 JavaThread "JdkHttpClient-15-1"         daemon [_thread_blocked, id=37436, stack(0x000000c8fdd00000,0x000000c8fde00000) (1024K)]
  0x000002697db4c9d0 JavaThread "JdkHttpClient-15-2"         daemon [_thread_blocked, id=37768, stack(0x000000c8fde00000,0x000000c8fdf00000) (1024K)]
  0x000002697db51200 JavaThread "pool-6-thread-1"                   [_thread_blocked, id=21008, stack(0x000000c8fdf00000,0x000000c8fe000000) (1024K)]
  0x000002697db504e0 JavaThread "HttpClient-17-SelectorManager" daemon [_thread_in_native, id=27872, stack(0x000000c8fe100000,0x000000c8fe200000) (1024K)]
  0x0000026909b8e130 JavaThread "HttpClient-19-SelectorManager" daemon [_thread_in_native, id=24844, stack(0x000000c8f9d00000,0x000000c8f9e00000) (1024K)]
  0x0000026909b8daa0 JavaThread "External Process Output Forwarder - C:\Users\nikit\.cache\selenium\chromedriver\win64\136.0.7103.113\chromedriver.exe" daemon [_thread_in_native, id=7944, stack(0x000000c8fb400000,0x000000c8fb500000) (1024K)]
  0x0000026909b915b0 JavaThread "Driver Service Executor"    daemon [_thread_blocked, id=7860, stack(0x000000c8fcc00000,0x000000c8fcd00000) (1024K)]
  0x0000026909b93680 JavaThread "Driver Service Executor"    daemon [_thread_blocked, id=26736, stack(0x000000c8fce00000,0x000000c8fcf00000) (1024K)]
  0x0000026909b922d0 JavaThread "JdkHttpClient-18-0"         daemon [_thread_blocked, id=15512, stack(0x000000c8fd000000,0x000000c8fd100000) (1024K)]
  0x0000026909b92ff0 JavaThread "JdkHttpClient-18-1"         daemon [_thread_blocked, id=29292, stack(0x000000c8fd100000,0x000000c8fd200000) (1024K)]
  0x0000026909b92960 JavaThread "JdkHttpClient-18-2"         daemon [_thread_blocked, id=30552, stack(0x000000c8fd300000,0x000000c8fd400000) (1024K)]
  0x000002690890ee30 JavaThread "HttpClient-20-SelectorManager" daemon [_thread_in_native, id=2072, stack(0x000000c8fd500000,0x000000c8fd600000) (1024K)]
  0x0000026909b8d410 JavaThread "HttpClient-21-SelectorManager" daemon [_thread_in_native, id=24780, stack(0x000000c8fe300000,0x000000c8fe400000) (1024K)]
  0x0000026909b8f4e0 JavaThread "External Process Output Forwarder - C:\Users\nikit\.cache\selenium\chromedriver\win64\136.0.7103.113\chromedriver.exe" daemon [_thread_in_native, id=24524, stack(0x000000c8fe400000,0x000000c8fe500000) (1024K)]
  0x0000026909b8c060 JavaThread "Driver Service Executor"    daemon [_thread_blocked, id=1284, stack(0x000000c8fe500000,0x000000c8fe600000) (1024K)]
  0x0000026909b90f20 JavaThread "Driver Service Executor"    daemon [_thread_blocked, id=23028, stack(0x000000c8fe600000,0x000000c8fe700000) (1024K)]
  0x0000026909b8fb70 JavaThread "UrlChecker-3"               daemon [_thread_blocked, id=33200, stack(0x000000c8fe700000,0x000000c8fe800000) (1024K)]
  0x0000026909b90890 JavaThread "JdkHttpClient-20-0"         daemon [_thread_blocked, id=5928, stack(0x000000c8fe800000,0x000000c8fe900000) (1024K)]
  0x000002690890cd60 JavaThread "JdkHttpClient-20-1"         daemon [_thread_blocked, id=28528, stack(0x000000c8fe900000,0x000000c8fea00000) (1024K)]
  0x000002690890e110 JavaThread "JdkHttpClient-20-2"         daemon [_thread_blocked, id=29028, stack(0x000000c8fea00000,0x000000c8feb00000) (1024K)]
  0x000002690890e7a0 JavaThread "ForkJoinPool.commonPool-worker-3" daemon [_thread_blocked, id=4404, stack(0x000000c8feb00000,0x000000c8fec00000) (1024K)]
  0x000002690890f4c0 JavaThread "HttpClient-22-SelectorManager" daemon [_thread_in_native, id=37644, stack(0x000000c8fec00000,0x000000c8fed00000) (1024K)]
  0x000002690890fb50 JavaThread "JdkHttpClient-21-0"         daemon [_thread_blocked, id=27072, stack(0x000000c8fed00000,0x000000c8fee00000) (1024K)]
  0x00000269089101e0 JavaThread "JdkHttpClient-21-1"         daemon [_thread_blocked, id=7480, stack(0x000000c8fee00000,0x000000c8fef00000) (1024K)]
  0x0000026908910870 JavaThread "JdkHttpClient-21-2"         daemon [_thread_blocked, id=33732, stack(0x000000c8fef00000,0x000000c8ff000000) (1024K)]
Total: 53

Other Threads:
  0x000002693bce0520 VMThread "VM Thread"                           [id=34724, stack(0x000000c8fa700000,0x000000c8fa800000) (1024K)]
  0x000002693bcc1e90 WatcherThread "VM Periodic Task Thread"        [id=1292, stack(0x000000c8fa600000,0x000000c8fa700000) (1024K)]
  0x000002691f099480 WorkerThread "GC Thread#0"                     [id=8108, stack(0x000000c8fa100000,0x000000c8fa200000) (1024K)]
  0x000002697dbf6a20 WorkerThread "GC Thread#1"                     [id=34728, stack(0x000000c8fbf00000,0x000000c8fc000000) (1024K)]
  0x000002697dbeb050 WorkerThread "GC Thread#2"                     [id=36964, stack(0x000000c8fc000000,0x000000c8fc100000) (1024K)]
  0x000002697dbeb3f0 WorkerThread "GC Thread#3"                     [id=20220, stack(0x000000c8fc100000,0x000000c8fc200000) (1024K)]
  0x000002697dbeb790 WorkerThread "GC Thread#4"                     [id=36448, stack(0x000000c8fc200000,0x000000c8fc300000) (1024K)]
  0x000002697e6f4150 WorkerThread "GC Thread#5"                     [id=33832, stack(0x000000c8fc300000,0x000000c8fc400000) (1024K)]
  0x000002697ee674f0 WorkerThread "GC Thread#6"                     [id=26460, stack(0x000000c8fc700000,0x000000c8fc800000) (1024K)]
  0x000002697ee67150 WorkerThread "GC Thread#7"                     [id=36780, stack(0x000000c8fc800000,0x000000c8fc900000) (1024K)]
  0x000002691f0a8ff0 ConcurrentGCThread "G1 Main Marker"            [id=37760, stack(0x000000c8fa200000,0x000000c8fa300000) (1024K)]
  0x000002691f0aa1a0 WorkerThread "G1 Conc#0"                       [id=13524, stack(0x000000c8fa300000,0x000000c8fa400000) (1024K)]
  0x000002697ee66670 WorkerThread "G1 Conc#1"                       [id=28296, stack(0x000000c8fc600000,0x000000c8fc700000) (1024K)]
  0x000002693bb8f150 ConcurrentGCThread "G1 Refine#0"               [id=26664, stack(0x000000c8fa400000,0x000000c8fa500000) (1024K)]
  0x000002693bb8fad0 ConcurrentGCThread "G1 Service"                [id=9456, stack(0x000000c8fa500000,0x000000c8fa600000) (1024K)]
Total: 15

Threads with active compile tasks:
C2 CompilerThread0   647225 19269       4       org.openqa.selenium.remote.codec.AbstractHttpCommandCodec::encode (198 bytes)
Total: 1

VM state: not at safepoint (normal execution)

VM Mutex/Monitor currently owned by a thread: None

Heap address: 0x0000000091000000, size: 1776 MB, Compressed Oops mode: 32-bit

CDS archive(s) mapped at: [0x000002693c000000-0x000002693cc90000-0x000002693cc90000), size 13172736, SharedBaseAddress: 0x000002693c000000, ArchiveRelocationMode: 1.
Compressed class space mapped at: 0x000002693d000000-0x000002697d000000, reserved size: 1073741824
Narrow klass base: 0x000002693c000000, Narrow klass shift: 0, Narrow klass range: 0x100000000

GC Precious Log:
 CardTable entry size: 512
 Card Set container configuration: InlinePtr #cards 5 size 8 Array Of Cards #cards 12 size 40 Howl #buckets 4 coarsen threshold 1843 Howl Bitmap #cards 512 size 80 coarsen threshold 460 Card regions per heap region 1 cards per card region 2048
 CPUs: 8 total, 8 available
 Memory: 7103M
 Large Page Support: Disabled
 NUMA Support: Disabled
 Compressed Oops: Enabled (32-bit)
 Heap Region Size: 1M
 Heap Min Capacity: 8M
 Heap Initial Capacity: 112M
 Heap Max Capacity: 1776M
 Pre-touch: Disabled
 Parallel Workers: 8
 Concurrent Workers: 2
 Concurrent Refinement Workers: 8
 Periodic GC: Disabled

Heap:
 garbage-first heap   total 147456K, used 102300K [0x0000000091000000, 0x0000000100000000)
  region size 1024K, 43 young (44032K), 2 survivors (2048K)
 Metaspace       used 98984K, committed 99968K, reserved 1179648K
  class space    used 13221K, committed 13696K, reserved 1048576K

Heap Regions: E=young(eden), S=young(survivor), O=old, HS=humongous(starts), HC=humongous(continues), CS=collection set, F=free, TAMS=top-at-mark-start, PB=parsable bottom
|   0|0x0000000091000000, 0x0000000091100000, 0x0000000091100000|100%|HS|  |TAMS 0x0000000091000000| PB 0x0000000091000000| Complete 
|   1|0x0000000091100000, 0x0000000091200000, 0x0000000091200000|100%| O|  |TAMS 0x0000000091100000| PB 0x0000000091100000| Untracked 
|   2|0x0000000091200000, 0x0000000091300000, 0x0000000091300000|100%|HS|  |TAMS 0x0000000091200000| PB 0x0000000091200000| Complete 
|   3|0x0000000091300000, 0x0000000091400000, 0x0000000091400000|100%| O|  |TAMS 0x0000000091300000| PB 0x0000000091300000| Untracked 
|   4|0x0000000091400000, 0x0000000091500000, 0x0000000091500000|100%|HS|  |TAMS 0x0000000091400000| PB 0x0000000091400000| Complete 
|   5|0x0000000091500000, 0x0000000091600000, 0x0000000091600000|100%| O|  |TAMS 0x0000000091500000| PB 0x0000000091500000| Untracked 
|   6|0x0000000091600000, 0x0000000091700000, 0x0000000091700000|100%| O|  |TAMS 0x0000000091600000| PB 0x0000000091600000| Untracked 
|   7|0x0000000091700000, 0x0000000091800000, 0x0000000091800000|100%| O|  |TAMS 0x0000000091700000| PB 0x0000000091700000| Untracked 
|   8|0x0000000091800000, 0x0000000091900000, 0x0000000091900000|100%| O|  |TAMS 0x0000000091800000| PB 0x0000000091800000| Untracked 
|   9|0x0000000091900000, 0x0000000091a00000, 0x0000000091a00000|100%| O|  |TAMS 0x0000000091900000| PB 0x0000000091900000| Untracked 
|  10|0x0000000091a00000, 0x0000000091b00000, 0x0000000091b00000|100%| O|  |TAMS 0x0000000091a00000| PB 0x0000000091a00000| Untracked 
|  11|0x0000000091b00000, 0x0000000091c00000, 0x0000000091c00000|100%| O|  |TAMS 0x0000000091b00000| PB 0x0000000091b00000| Untracked 
|  12|0x0000000091c00000, 0x0000000091d00000, 0x0000000091d00000|100%| O|  |TAMS 0x0000000091c00000| PB 0x0000000091c00000| Untracked 
|  13|0x0000000091d00000, 0x0000000091e00000, 0x0000000091e00000|100%| O|  |TAMS 0x0000000091d00000| PB 0x0000000091d00000| Untracked 
|  14|0x0000000091e00000, 0x0000000091f00000, 0x0000000091f00000|100%| O|  |TAMS 0x0000000091e00000| PB 0x0000000091e00000| Untracked 
|  15|0x0000000091f00000, 0x0000000092000000, 0x0000000092000000|100%| O|  |TAMS 0x0000000091f00000| PB 0x0000000091f00000| Untracked 
|  16|0x0000000092000000, 0x0000000092100000, 0x0000000092100000|100%| O|  |TAMS 0x0000000092000000| PB 0x0000000092000000| Untracked 
|  17|0x0000000092100000, 0x0000000092200000, 0x0000000092200000|100%| O|  |TAMS 0x0000000092100000| PB 0x0000000092100000| Untracked 
|  18|0x0000000092200000, 0x0000000092300000, 0x0000000092300000|100%| O|  |TAMS 0x0000000092200000| PB 0x0000000092200000| Untracked 
|  19|0x0000000092300000, 0x0000000092400000, 0x0000000092400000|100%| O|  |TAMS 0x0000000092300000| PB 0x0000000092300000| Untracked 
|  20|0x0000000092400000, 0x0000000092500000, 0x0000000092500000|100%| O|  |TAMS 0x0000000092400000| PB 0x0000000092400000| Untracked 
|  21|0x0000000092500000, 0x0000000092600000, 0x0000000092600000|100%| O|  |TAMS 0x0000000092500000| PB 0x0000000092500000| Untracked 
|  22|0x0000000092600000, 0x0000000092700000, 0x0000000092700000|100%| O|  |TAMS 0x0000000092600000| PB 0x0000000092600000| Untracked 
|  23|0x0000000092700000, 0x0000000092800000, 0x0000000092800000|100%| O|  |TAMS 0x0000000092700000| PB 0x0000000092700000| Untracked 
|  24|0x0000000092800000, 0x0000000092900000, 0x0000000092900000|100%| O|  |TAMS 0x0000000092800000| PB 0x0000000092800000| Untracked 
|  25|0x0000000092900000, 0x0000000092a00000, 0x0000000092a00000|100%| O|  |TAMS 0x0000000092900000| PB 0x0000000092900000| Untracked 
|  26|0x0000000092a00000, 0x0000000092b00000, 0x0000000092b00000|100%| O|  |TAMS 0x0000000092a00000| PB 0x0000000092a00000| Untracked 
|  27|0x0000000092b00000, 0x0000000092c00000, 0x0000000092c00000|100%| O|  |TAMS 0x0000000092b00000| PB 0x0000000092b00000| Untracked 
|  28|0x0000000092c00000, 0x0000000092d00000, 0x0000000092d00000|100%| O|  |TAMS 0x0000000092c00000| PB 0x0000000092c00000| Untracked 
|  29|0x0000000092d00000, 0x0000000092e00000, 0x0000000092e00000|100%| O|  |TAMS 0x0000000092d00000| PB 0x0000000092d00000| Untracked 
|  30|0x0000000092e00000, 0x0000000092f00000, 0x0000000092f00000|100%| O|  |TAMS 0x0000000092e00000| PB 0x0000000092e00000| Untracked 
|  31|0x0000000092f00000, 0x0000000093000000, 0x0000000093000000|100%| O|  |TAMS 0x0000000092f00000| PB 0x0000000092f00000| Untracked 
|  32|0x0000000093000000, 0x0000000093100000, 0x0000000093100000|100%| O|  |TAMS 0x0000000093000000| PB 0x0000000093000000| Untracked 
|  33|0x0000000093100000, 0x0000000093200000, 0x0000000093200000|100%|HS|  |TAMS 0x0000000093100000| PB 0x0000000093100000| Complete 
|  34|0x0000000093200000, 0x0000000093300000, 0x0000000093300000|100%| O|  |TAMS 0x0000000093200000| PB 0x0000000093200000| Untracked 
|  35|0x0000000093300000, 0x0000000093400000, 0x0000000093400000|100%| O|  |TAMS 0x0000000093300000| PB 0x0000000093300000| Untracked 
|  36|0x0000000093400000, 0x0000000093500000, 0x0000000093500000|100%| O|  |TAMS 0x0000000093400000| PB 0x0000000093400000| Untracked 
|  37|0x0000000093500000, 0x0000000093600000, 0x0000000093600000|100%| O|  |TAMS 0x0000000093500000| PB 0x0000000093500000| Untracked 
|  38|0x0000000093600000, 0x0000000093700000, 0x0000000093700000|100%| O|  |TAMS 0x0000000093600000| PB 0x0000000093600000| Untracked 
|  39|0x0000000093700000, 0x0000000093800000, 0x0000000093800000|100%|HS|  |TAMS 0x0000000093700000| PB 0x0000000093700000| Complete 
|  40|0x0000000093800000, 0x0000000093900000, 0x0000000093900000|100%|HS|  |TAMS 0x0000000093800000| PB 0x0000000093800000| Complete 
|  41|0x0000000093900000, 0x0000000093a00000, 0x0000000093a00000|100%|HC|  |TAMS 0x0000000093900000| PB 0x0000000093900000| Complete 
|  42|0x0000000093a00000, 0x0000000093a00000, 0x0000000093b00000|  0%| F|  |TAMS 0x0000000093a00000| PB 0x0000000093a00000| Untracked 
|  43|0x0000000093b00000, 0x0000000093c00000, 0x0000000093c00000|100%| O|  |TAMS 0x0000000093b00000| PB 0x0000000093b00000| Untracked 
|  44|0x0000000093c00000, 0x0000000093d00000, 0x0000000093d00000|100%| O|  |TAMS 0x0000000093c00000| PB 0x0000000093c00000| Untracked 
|  45|0x0000000093d00000, 0x0000000093e00000, 0x0000000093e00000|100%| O|  |TAMS 0x0000000093d00000| PB 0x0000000093d00000| Untracked 
|  46|0x0000000093e00000, 0x0000000093f00000, 0x0000000093f00000|100%| O|  |TAMS 0x0000000093e00000| PB 0x0000000093e00000| Untracked 
|  47|0x0000000093f00000, 0x0000000094000000, 0x0000000094000000|100%|HS|  |TAMS 0x0000000093f00000| PB 0x0000000093f00000| Complete 
|  48|0x0000000094000000, 0x0000000094100000, 0x0000000094100000|100%|HS|  |TAMS 0x0000000094000000| PB 0x0000000094000000| Complete 
|  49|0x0000000094100000, 0x0000000094200000, 0x0000000094200000|100%|HS|  |TAMS 0x0000000094100000| PB 0x0000000094100000| Complete 
|  50|0x0000000094200000, 0x0000000094300000, 0x0000000094300000|100%| O|  |TAMS 0x0000000094200000| PB 0x0000000094200000| Untracked 
|  51|0x0000000094300000, 0x0000000094400000, 0x0000000094400000|100%| O|  |TAMS 0x0000000094300000| PB 0x0000000094300000| Untracked 
|  52|0x0000000094400000, 0x0000000094500000, 0x0000000094500000|100%| O|  |TAMS 0x0000000094400000| PB 0x0000000094400000| Untracked 
|  53|0x0000000094500000, 0x0000000094600000, 0x0000000094600000|100%| O|  |TAMS 0x0000000094500000| PB 0x0000000094500000| Untracked 
|  54|0x0000000094600000, 0x000000009465f660, 0x0000000094700000| 37%| O|  |TAMS 0x0000000094600000| PB 0x0000000094600000| Untracked 
|  55|0x0000000094700000, 0x0000000094800000, 0x0000000094800000|100%|HS|  |TAMS 0x0000000094700000| PB 0x0000000094700000| Complete 
|  56|0x0000000094800000, 0x0000000094800000, 0x0000000094900000|  0%| F|  |TAMS 0x0000000094800000| PB 0x0000000094800000| Untracked 
|  57|0x0000000094900000, 0x0000000094900000, 0x0000000094a00000|  0%| F|  |TAMS 0x0000000094900000| PB 0x0000000094900000| Untracked 
|  58|0x0000000094a00000, 0x0000000094a00000, 0x0000000094b00000|  0%| F|  |TAMS 0x0000000094a00000| PB 0x0000000094a00000| Untracked 
|  59|0x0000000094b00000, 0x0000000094b00000, 0x0000000094c00000|  0%| F|  |TAMS 0x0000000094b00000| PB 0x0000000094b00000| Untracked 
|  60|0x0000000094c00000, 0x0000000094d00000, 0x0000000094d00000|100%| O|  |TAMS 0x0000000094c00000| PB 0x0000000094c00000| Untracked 
|  61|0x0000000094d00000, 0x0000000094e00000, 0x0000000094e00000|100%| O|  |TAMS 0x0000000094d00000| PB 0x0000000094d00000| Untracked 
|  62|0x0000000094e00000, 0x0000000094f00000, 0x0000000094f00000|100%| O|  |TAMS 0x0000000094e00000| PB 0x0000000094e00000| Untracked 
|  63|0x0000000094f00000, 0x0000000094f00000, 0x0000000095000000|  0%| F|  |TAMS 0x0000000094f00000| PB 0x0000000094f00000| Untracked 
|  64|0x0000000095000000, 0x0000000095100000, 0x0000000095100000|100%|HS|  |TAMS 0x0000000095000000| PB 0x0000000095000000| Complete 
|  65|0x0000000095100000, 0x0000000095100000, 0x0000000095200000|  0%| F|  |TAMS 0x0000000095100000| PB 0x0000000095100000| Untracked 
|  66|0x0000000095200000, 0x0000000095300000, 0x0000000095300000|100%| O|  |TAMS 0x0000000095200000| PB 0x0000000095200000| Untracked 
|  67|0x0000000095300000, 0x0000000095300000, 0x0000000095400000|  0%| F|  |TAMS 0x0000000095300000| PB 0x0000000095300000| Untracked 
|  68|0x0000000095400000, 0x0000000095400000, 0x0000000095500000|  0%| F|  |TAMS 0x0000000095400000| PB 0x0000000095400000| Untracked 
|  69|0x0000000095500000, 0x0000000095587bd8, 0x0000000095600000| 53%| S|CS|TAMS 0x0000000095500000| PB 0x0000000095500000| Complete 
|  70|0x0000000095600000, 0x0000000095700000, 0x0000000095700000|100%| S|CS|TAMS 0x0000000095600000| PB 0x0000000095600000| Complete 
|  71|0x0000000095700000, 0x0000000095700000, 0x0000000095800000|  0%| F|  |TAMS 0x0000000095700000| PB 0x0000000095700000| Untracked 
|  72|0x0000000095800000, 0x0000000095800000, 0x0000000095900000|  0%| F|  |TAMS 0x0000000095800000| PB 0x0000000095800000| Untracked 
|  73|0x0000000095900000, 0x0000000095900000, 0x0000000095a00000|  0%| F|  |TAMS 0x0000000095900000| PB 0x0000000095900000| Untracked 
|  74|0x0000000095a00000, 0x0000000095a00000, 0x0000000095b00000|  0%| F|  |TAMS 0x0000000095a00000| PB 0x0000000095a00000| Untracked 
|  75|0x0000000095b00000, 0x0000000095b00000, 0x0000000095c00000|  0%| F|  |TAMS 0x0000000095b00000| PB 0x0000000095b00000| Untracked 
|  76|0x0000000095c00000, 0x0000000095c00000, 0x0000000095d00000|  0%| F|  |TAMS 0x0000000095c00000| PB 0x0000000095c00000| Untracked 
|  77|0x0000000095d00000, 0x0000000095d00000, 0x0000000095e00000|  0%| F|  |TAMS 0x0000000095d00000| PB 0x0000000095d00000| Untracked 
|  78|0x0000000095e00000, 0x0000000095e00000, 0x0000000095f00000|  0%| F|  |TAMS 0x0000000095e00000| PB 0x0000000095e00000| Untracked 
|  79|0x0000000095f00000, 0x0000000095f00000, 0x0000000096000000|  0%| F|  |TAMS 0x0000000095f00000| PB 0x0000000095f00000| Untracked 
|  80|0x0000000096000000, 0x0000000096000000, 0x0000000096100000|  0%| F|  |TAMS 0x0000000096000000| PB 0x0000000096000000| Untracked 
|  81|0x0000000096100000, 0x0000000096100000, 0x0000000096200000|  0%| F|  |TAMS 0x0000000096100000| PB 0x0000000096100000| Untracked 
|  82|0x0000000096200000, 0x0000000096200000, 0x0000000096300000|  0%| F|  |TAMS 0x0000000096200000| PB 0x0000000096200000| Untracked 
|  83|0x0000000096300000, 0x0000000096300000, 0x0000000096400000|  0%| F|  |TAMS 0x0000000096300000| PB 0x0000000096300000| Untracked 
|  84|0x0000000096400000, 0x0000000096400000, 0x0000000096500000|  0%| F|  |TAMS 0x0000000096400000| PB 0x0000000096400000| Untracked 
|  85|0x0000000096500000, 0x0000000096500000, 0x0000000096600000|  0%| F|  |TAMS 0x0000000096500000| PB 0x0000000096500000| Untracked 
|  86|0x0000000096600000, 0x0000000096600000, 0x0000000096700000|  0%| F|  |TAMS 0x0000000096600000| PB 0x0000000096600000| Untracked 
|  87|0x0000000096700000, 0x0000000096700000, 0x0000000096800000|  0%| F|  |TAMS 0x0000000096700000| PB 0x0000000096700000| Untracked 
|  88|0x0000000096800000, 0x0000000096800000, 0x0000000096900000|  0%| F|  |TAMS 0x0000000096800000| PB 0x0000000096800000| Untracked 
|  89|0x0000000096900000, 0x0000000096900000, 0x0000000096a00000|  0%| F|  |TAMS 0x0000000096900000| PB 0x0000000096900000| Untracked 
|  90|0x0000000096a00000, 0x0000000096a00000, 0x0000000096b00000|  0%| F|  |TAMS 0x0000000096a00000| PB 0x0000000096a00000| Untracked 
|  91|0x0000000096b00000, 0x0000000096b00000, 0x0000000096c00000|  0%| F|  |TAMS 0x0000000096b00000| PB 0x0000000096b00000| Untracked 
|  92|0x0000000096c00000, 0x0000000096c00000, 0x0000000096d00000|  0%| F|  |TAMS 0x0000000096c00000| PB 0x0000000096c00000| Untracked 
|  93|0x0000000096d00000, 0x0000000096d00000, 0x0000000096e00000|  0%| F|  |TAMS 0x0000000096d00000| PB 0x0000000096d00000| Untracked 
|  94|0x0000000096e00000, 0x0000000096e00000, 0x0000000096f00000|  0%| F|  |TAMS 0x0000000096e00000| PB 0x0000000096e00000| Untracked 
|  95|0x0000000096f00000, 0x0000000096f00000, 0x0000000097000000|  0%| F|  |TAMS 0x0000000096f00000| PB 0x0000000096f00000| Untracked 
|  96|0x0000000097000000, 0x0000000097000000, 0x0000000097100000|  0%| F|  |TAMS 0x0000000097000000| PB 0x0000000097000000| Untracked 
|  97|0x0000000097100000, 0x0000000097100000, 0x0000000097200000|  0%| F|  |TAMS 0x0000000097100000| PB 0x0000000097100000| Untracked 
|  98|0x0000000097200000, 0x0000000097200000, 0x0000000097300000|  0%| F|  |TAMS 0x0000000097200000| PB 0x0000000097200000| Untracked 
|  99|0x0000000097300000, 0x0000000097300000, 0x0000000097400000|  0%| F|  |TAMS 0x0000000097300000| PB 0x0000000097300000| Untracked 
| 100|0x0000000097400000, 0x0000000097400000, 0x0000000097500000|  0%| F|  |TAMS 0x0000000097400000| PB 0x0000000097400000| Untracked 
| 101|0x0000000097500000, 0x0000000097500000, 0x0000000097600000|  0%| F|  |TAMS 0x0000000097500000| PB 0x0000000097500000| Untracked 
| 102|0x0000000097600000, 0x0000000097600000, 0x0000000097700000|  0%| F|  |TAMS 0x0000000097600000| PB 0x0000000097600000| Untracked 
| 103|0x0000000097700000, 0x00000000977fc110, 0x0000000097800000| 98%| E|  |TAMS 0x0000000097700000| PB 0x0000000097700000| Complete 
| 104|0x0000000097800000, 0x0000000097900000, 0x0000000097900000|100%| E|CS|TAMS 0x0000000097800000| PB 0x0000000097800000| Complete 
| 105|0x0000000097900000, 0x0000000097a00000, 0x0000000097a00000|100%| E|CS|TAMS 0x0000000097900000| PB 0x0000000097900000| Complete 
| 106|0x0000000097a00000, 0x0000000097b00000, 0x0000000097b00000|100%| E|CS|TAMS 0x0000000097a00000| PB 0x0000000097a00000| Complete 
| 107|0x0000000097b00000, 0x0000000097c00000, 0x0000000097c00000|100%| E|CS|TAMS 0x0000000097b00000| PB 0x0000000097b00000| Complete 
| 108|0x0000000097c00000, 0x0000000097d00000, 0x0000000097d00000|100%| E|CS|TAMS 0x0000000097c00000| PB 0x0000000097c00000| Complete 
| 109|0x0000000097d00000, 0x0000000097e00000, 0x0000000097e00000|100%| E|CS|TAMS 0x0000000097d00000| PB 0x0000000097d00000| Complete 
| 110|0x0000000097e00000, 0x0000000097f00000, 0x0000000097f00000|100%| E|CS|TAMS 0x0000000097e00000| PB 0x0000000097e00000| Complete 
| 111|0x0000000097f00000, 0x0000000098000000, 0x0000000098000000|100%| E|  |TAMS 0x0000000097f00000| PB 0x0000000097f00000| Complete 
| 112|0x0000000098000000, 0x0000000098100000, 0x0000000098100000|100%| E|CS|TAMS 0x0000000098000000| PB 0x0000000098000000| Complete 
| 113|0x0000000098100000, 0x0000000098200000, 0x0000000098200000|100%| E|CS|TAMS 0x0000000098100000| PB 0x0000000098100000| Complete 
| 114|0x0000000098200000, 0x0000000098300000, 0x0000000098300000|100%| E|CS|TAMS 0x0000000098200000| PB 0x0000000098200000| Complete 
| 115|0x0000000098300000, 0x0000000098400000, 0x0000000098400000|100%| E|CS|TAMS 0x0000000098300000| PB 0x0000000098300000| Complete 
| 116|0x0000000098400000, 0x0000000098500000, 0x0000000098500000|100%| E|CS|TAMS 0x0000000098400000| PB 0x0000000098400000| Complete 
| 117|0x0000000098500000, 0x0000000098600000, 0x0000000098600000|100%| E|CS|TAMS 0x0000000098500000| PB 0x0000000098500000| Complete 
| 118|0x0000000098600000, 0x0000000098700000, 0x0000000098700000|100%| E|CS|TAMS 0x0000000098600000| PB 0x0000000098600000| Complete 
| 119|0x0000000098700000, 0x0000000098800000, 0x0000000098800000|100%| E|CS|TAMS 0x0000000098700000| PB 0x0000000098700000| Complete 
| 120|0x0000000098800000, 0x0000000098900000, 0x0000000098900000|100%| E|CS|TAMS 0x0000000098800000| PB 0x0000000098800000| Complete 
| 121|0x0000000098900000, 0x0000000098a00000, 0x0000000098a00000|100%| E|CS|TAMS 0x0000000098900000| PB 0x0000000098900000| Complete 
| 122|0x0000000098a00000, 0x0000000098b00000, 0x0000000098b00000|100%| E|CS|TAMS 0x0000000098a00000| PB 0x0000000098a00000| Complete 
| 123|0x0000000098b00000, 0x0000000098c00000, 0x0000000098c00000|100%| E|CS|TAMS 0x0000000098b00000| PB 0x0000000098b00000| Complete 
| 124|0x0000000098c00000, 0x0000000098d00000, 0x0000000098d00000|100%| E|CS|TAMS 0x0000000098c00000| PB 0x0000000098c00000| Complete 
| 125|0x0000000098d00000, 0x0000000098e00000, 0x0000000098e00000|100%| E|CS|TAMS 0x0000000098d00000| PB 0x0000000098d00000| Complete 
| 126|0x0000000098e00000, 0x0000000098f00000, 0x0000000098f00000|100%| E|CS|TAMS 0x0000000098e00000| PB 0x0000000098e00000| Complete 
| 127|0x0000000098f00000, 0x0000000099000000, 0x0000000099000000|100%| E|CS|TAMS 0x0000000098f00000| PB 0x0000000098f00000| Complete 
| 128|0x0000000099000000, 0x0000000099100000, 0x0000000099100000|100%| E|CS|TAMS 0x0000000099000000| PB 0x0000000099000000| Complete 
| 129|0x0000000099100000, 0x0000000099200000, 0x0000000099200000|100%| E|CS|TAMS 0x0000000099100000| PB 0x0000000099100000| Complete 
| 130|0x0000000099200000, 0x0000000099300000, 0x0000000099300000|100%| E|CS|TAMS 0x0000000099200000| PB 0x0000000099200000| Complete 
|1763|0x00000000ff300000, 0x00000000ff400000, 0x00000000ff400000|100%| E|CS|TAMS 0x00000000ff300000| PB 0x00000000ff300000| Complete 
|1764|0x00000000ff400000, 0x00000000ff500000, 0x00000000ff500000|100%| E|CS|TAMS 0x00000000ff400000| PB 0x00000000ff400000| Complete 
|1765|0x00000000ff500000, 0x00000000ff600000, 0x00000000ff600000|100%| E|CS|TAMS 0x00000000ff500000| PB 0x00000000ff500000| Complete 
|1766|0x00000000ff600000, 0x00000000ff700000, 0x00000000ff700000|100%| E|CS|TAMS 0x00000000ff600000| PB 0x00000000ff600000| Complete 
|1767|0x00000000ff700000, 0x00000000ff800000, 0x00000000ff800000|100%| E|CS|TAMS 0x00000000ff700000| PB 0x00000000ff700000| Complete 
|1768|0x00000000ff800000, 0x00000000ff900000, 0x00000000ff900000|100%| E|CS|TAMS 0x00000000ff800000| PB 0x00000000ff800000| Complete 
|1769|0x00000000ff900000, 0x00000000ffa00000, 0x00000000ffa00000|100%| E|CS|TAMS 0x00000000ff900000| PB 0x00000000ff900000| Complete 
|1770|0x00000000ffa00000, 0x00000000ffb00000, 0x00000000ffb00000|100%| E|CS|TAMS 0x00000000ffa00000| PB 0x00000000ffa00000| Complete 
|1771|0x00000000ffb00000, 0x00000000ffc00000, 0x00000000ffc00000|100%| E|CS|TAMS 0x00000000ffb00000| PB 0x00000000ffb00000| Complete 
|1772|0x00000000ffc00000, 0x00000000ffd00000, 0x00000000ffd00000|100%| E|CS|TAMS 0x00000000ffc00000| PB 0x00000000ffc00000| Complete 
|1773|0x00000000ffd00000, 0x00000000ffe00000, 0x00000000ffe00000|100%| E|CS|TAMS 0x00000000ffd00000| PB 0x00000000ffd00000| Complete 
|1774|0x00000000ffe00000, 0x00000000fff00000, 0x00000000fff00000|100%| E|CS|TAMS 0x00000000ffe00000| PB 0x00000000ffe00000| Complete 
|1775|0x00000000fff00000, 0x0000000100000000, 0x0000000100000000|100%| E|CS|TAMS 0x00000000fff00000| PB 0x00000000fff00000| Complete 

Card table byte_map: [0x0000026937390000,0x0000026937710000] _byte_map_base: 0x0000026936f08000

Marking Bits: (CMBitMap*) 0x000002691f099a90
 Bits: [0x0000026937710000, 0x00000269392d0000)

Polling page: 0x000002691d830000

Metaspace:

Usage:
  Non-class:     83.75 MB used.
      Class:     12.91 MB used.
       Both:     96.66 MB used.

Virtual space:
  Non-class space:      128.00 MB reserved,      84.25 MB ( 66%) committed,  2 nodes.
      Class space:        1.00 GB reserved,      13.38 MB (  1%) committed,  1 nodes.
             Both:        1.12 GB reserved,      97.62 MB (  8%) committed. 

Chunk freelists:
   Non-Class:  11.79 MB
       Class:  2.67 MB
        Both:  14.46 MB

MaxMetaspaceSize: unlimited
CompressedClassSpaceSize: 1.00 GB
Initial GC threshold: 21.00 MB
Current GC threshold: 162.44 MB
CDS: on
 - commit_granule_bytes: 65536.
 - commit_granule_words: 8192.
 - virtual_space_node_default_size: 8388608.
 - enlarge_chunks_in_place: 1.
 - use_allocation_guard: 0.


Internal statistics:

num_allocs_failed_limit: 12.
num_arena_births: 1416.
num_arena_deaths: 0.
num_vsnodes_births: 3.
num_vsnodes_deaths: 0.
num_space_committed: 1562.
num_space_uncommitted: 0.
num_chunks_returned_to_freelist: 12.
num_chunks_taken_from_freelist: 5043.
num_chunk_merges: 12.
num_chunk_splits: 3571.
num_chunks_enlarged: 2683.
num_inconsistent_stats: 0.

CodeHeap 'non-profiled nmethods': size=120000Kb used=10430Kb max_used=10430Kb free=109569Kb
 bounds [0x000002692f080000, 0x000002692fac0000, 0x00000269365b0000]
CodeHeap 'profiled nmethods': size=120000Kb used=23216Kb max_used=24380Kb free=96783Kb
 bounds [0x00000269275b0000, 0x0000026928e40000, 0x000002692eae0000]
CodeHeap 'non-nmethods': size=5760Kb used=2182Kb max_used=2274Kb free=3577Kb
 bounds [0x000002692eae0000, 0x000002692ed50000, 0x000002692f080000]
 total_blobs=11808 nmethods=10705 adapters=1004
 compilation: enabled
              stopped_count=0, restarted_count=0
 full_count=0

Compilation events (20 events):
Event: 645.052 Thread 0x000002693bd227b0 nmethod 19258 0x000002692809fc10 code [0x000002692809fe60, 0x00000269280a0968]
Event: 645.059 Thread 0x000002693bd227b0 19260       3       org.hibernate.sql.results.graph.entity.internal.EntitySelectFetchInitializer::forEachSubInitializer (26 bytes)
Event: 645.060 Thread 0x000002693bd227b0 nmethod 19260 0x00000269282ea810 code [0x00000269282ea9e0, 0x00000269282ead68]
Event: 645.060 Thread 0x000002693bd227b0 19261       3       org.hibernate.engine.internal.EntityEntryContext::clearAllReferencesFromManagedEntities (40 bytes)
Event: 645.065 Thread 0x000002693bd227b0 nmethod 19261 0x0000026928291010 code [0x0000026928291260, 0x0000026928291e68]
Event: 645.088 Thread 0x000002693bd1e6a0 19262   !   4       org.openqa.selenium.remote.RemoteWebDriver::execute (379 bytes)
Event: 645.209 Thread 0x000002693bd1e6a0 nmethod 19262 0x000002692faae990 code [0x000002692faaef80, 0x000002692fab2760]
Event: 645.214 Thread 0x000002693bd1e6a0 19263       4       org.openqa.selenium.remote.codec.w3c.W3CHttpCommandCodec::amendParameters (1503 bytes)
Event: 645.241 Thread 0x000002693bd1e6a0 nmethod 19263 0x000002692fab4e10 code [0x000002692fab5160, 0x000002692fab6358]
Event: 645.292 Thread 0x000002693bd1e6a0 19264       4       jdk.internal.net.http.HttpRequestBuilderImpl::method0 (51 bytes)
Event: 645.294 Thread 0x000002693bd1e6a0 nmethod 19264 0x000002692fab6d10 code [0x000002692fab6ea0, 0x000002692fab70f8]
Event: 645.430 Thread 0x000002693bd1e6a0 19265       4       org.openqa.selenium.remote.http.jdk.JdkHttpClient$$Lambda/0x000002693dc26e00::<init> (20 bytes)
Event: 645.434 Thread 0x000002693bd1e6a0 nmethod 19265 0x000002692fab7190 code [0x000002692fab7320, 0x000002692fab7658]
Event: 645.695 Thread 0x000002693bd1e6a0 19266   !   4       org.openqa.selenium.json.JsonOutput::close (62 bytes)
Event: 645.699 Thread 0x000002693bd1e6a0 nmethod 19266 0x000002692fab7710 code [0x000002692fab78e0, 0x000002692fab7b48]
Event: 645.741 Thread 0x000002693bd1e6a0 19267       4       javafx.beans.value.WeakChangeListener::changed (38 bytes)
Event: 645.752 Thread 0x000002693bd1e6a0 nmethod 19267 0x000002692fab7d90 code [0x000002692fab7f80, 0x000002692fab84d0]
Event: 645.880 Thread 0x000002693bd1e6a0 19268       4       jdk.internal.net.http.ConnectionPool$ExpiryList::remove (83 bytes)
Event: 645.906 Thread 0x000002693bd1e6a0 nmethod 19268 0x000002692fab8990 code [0x000002692fab8b60, 0x000002692fab9458]
Event: 646.003 Thread 0x000002693bd1e6a0 19269       4       org.openqa.selenium.remote.codec.AbstractHttpCommandCodec::encode (198 bytes)

GC Heap History (20 events):
Event: 479.154 GC heap before
{Heap before GC invocations=52 (full 0):
 garbage-first heap   total 147456K, used 124632K [0x0000000091000000, 0x0000000100000000)
  region size 1024K, 51 young (52224K), 2 survivors (2048K)
 Metaspace       used 98627K, committed 99584K, reserved 1179648K
  class space    used 13219K, committed 13696K, reserved 1048576K
}
Event: 479.176 GC heap after
{Heap after GC invocations=53 (full 0):
 garbage-first heap   total 147456K, used 66258K [0x0000000091000000, 0x0000000100000000)
  region size 1024K, 2 young (2048K), 2 survivors (2048K)
 Metaspace       used 98627K, committed 99584K, reserved 1179648K
  class space    used 13219K, committed 13696K, reserved 1048576K
}
Event: 494.765 GC heap before
{Heap before GC invocations=53 (full 0):
 garbage-first heap   total 147456K, used 124626K [0x0000000091000000, 0x0000000100000000)
  region size 1024K, 60 young (61440K), 2 survivors (2048K)
 Metaspace       used 98658K, committed 99584K, reserved 1179648K
  class space    used 13219K, committed 13696K, reserved 1048576K
}
Event: 494.772 GC heap after
{Heap after GC invocations=54 (full 0):
 garbage-first heap   total 147456K, used 66200K [0x0000000091000000, 0x0000000100000000)
  region size 1024K, 2 young (2048K), 2 survivors (2048K)
 Metaspace       used 98658K, committed 99584K, reserved 1179648K
  class space    used 13219K, committed 13696K, reserved 1048576K
}
Event: 511.618 GC heap before
{Heap before GC invocations=55 (full 0):
 garbage-first heap   total 147456K, used 130712K [0x0000000091000000, 0x0000000100000000)
  region size 1024K, 66 young (67584K), 2 survivors (2048K)
 Metaspace       used 98664K, committed 99584K, reserved 1179648K
  class space    used 13219K, committed 13696K, reserved 1048576K
}
Event: 511.624 GC heap after
{Heap after GC invocations=56 (full 0):
 garbage-first heap   total 147456K, used 66240K [0x0000000091000000, 0x0000000100000000)
  region size 1024K, 2 young (2048K), 2 survivors (2048K)
 Metaspace       used 98664K, committed 99584K, reserved 1179648K
  class space    used 13219K, committed 13696K, reserved 1048576K
}
Event: 528.736 GC heap before
{Heap before GC invocations=56 (full 0):
 garbage-first heap   total 147456K, used 133824K [0x0000000091000000, 0x0000000100000000)
  region size 1024K, 69 young (70656K), 2 survivors (2048K)
 Metaspace       used 98735K, committed 99712K, reserved 1179648K
  class space    used 13220K, committed 13696K, reserved 1048576K
}
Event: 528.743 GC heap after
{Heap after GC invocations=57 (full 0):
 garbage-first heap   total 147456K, used 64074K [0x0000000091000000, 0x0000000100000000)
  region size 1024K, 2 young (2048K), 2 survivors (2048K)
 Metaspace       used 98735K, committed 99712K, reserved 1179648K
  class space    used 13220K, committed 13696K, reserved 1048576K
}
Event: 551.308 GC heap before
{Heap before GC invocations=57 (full 0):
 garbage-first heap   total 147456K, used 134730K [0x0000000091000000, 0x0000000100000000)
  region size 1024K, 72 young (73728K), 2 survivors (2048K)
 Metaspace       used 98776K, committed 99776K, reserved 1179648K
  class space    used 13220K, committed 13696K, reserved 1048576K
}
Event: 551.314 GC heap after
{Heap after GC invocations=58 (full 0):
 garbage-first heap   total 147456K, used 64095K [0x0000000091000000, 0x0000000100000000)
  region size 1024K, 2 young (2048K), 2 survivors (2048K)
 Metaspace       used 98776K, committed 99776K, reserved 1179648K
  class space    used 13220K, committed 13696K, reserved 1048576K
}
Event: 572.972 GC heap before
{Heap before GC invocations=59 (full 0):
 garbage-first heap   total 147456K, used 134751K [0x0000000091000000, 0x0000000100000000)
  region size 1024K, 72 young (73728K), 2 survivors (2048K)
 Metaspace       used 98877K, committed 99840K, reserved 1179648K
  class space    used 13220K, committed 13696K, reserved 1048576K
}
Event: 572.979 GC heap after
{Heap after GC invocations=60 (full 0):
 garbage-first heap   total 147456K, used 64152K [0x0000000091000000, 0x0000000100000000)
  region size 1024K, 2 young (2048K), 2 survivors (2048K)
 Metaspace       used 98877K, committed 99840K, reserved 1179648K
  class space    used 13220K, committed 13696K, reserved 1048576K
}
Event: 591.628 GC heap before
{Heap before GC invocations=60 (full 0):
 garbage-first heap   total 147456K, used 134808K [0x0000000091000000, 0x0000000100000000)
  region size 1024K, 72 young (73728K), 2 survivors (2048K)
 Metaspace       used 98892K, committed 99904K, reserved 1179648K
  class space    used 13220K, committed 13696K, reserved 1048576K
}
Event: 591.641 GC heap after
{Heap after GC invocations=61 (full 0):
 garbage-first heap   total 147456K, used 63020K [0x0000000091000000, 0x0000000100000000)
  region size 1024K, 2 young (2048K), 2 survivors (2048K)
 Metaspace       used 98892K, committed 99904K, reserved 1179648K
  class space    used 13220K, committed 13696K, reserved 1048576K
}
Event: 609.148 GC heap before
{Heap before GC invocations=61 (full 0):
 garbage-first heap   total 147456K, used 134700K [0x0000000091000000, 0x0000000100000000)
  region size 1024K, 73 young (74752K), 2 survivors (2048K)
 Metaspace       used 98911K, committed 99904K, reserved 1179648K
  class space    used 13220K, committed 13696K, reserved 1048576K
}
Event: 609.153 GC heap after
{Heap after GC invocations=62 (full 0):
 garbage-first heap   total 147456K, used 62992K [0x0000000091000000, 0x0000000100000000)
  region size 1024K, 2 young (2048K), 2 survivors (2048K)
 Metaspace       used 98911K, committed 99904K, reserved 1179648K
  class space    used 13220K, committed 13696K, reserved 1048576K
}
Event: 625.093 GC heap before
{Heap before GC invocations=63 (full 0):
 garbage-first heap   total 147456K, used 134672K [0x0000000091000000, 0x0000000100000000)
  region size 1024K, 73 young (74752K), 2 survivors (2048K)
 Metaspace       used 98934K, committed 99904K, reserved 1179648K
  class space    used 13220K, committed 13696K, reserved 1048576K
}
Event: 625.101 GC heap after
{Heap after GC invocations=64 (full 0):
 garbage-first heap   total 147456K, used 63134K [0x0000000091000000, 0x0000000100000000)
  region size 1024K, 2 young (2048K), 2 survivors (2048K)
 Metaspace       used 98934K, committed 99904K, reserved 1179648K
  class space    used 13220K, committed 13696K, reserved 1048576K
}
Event: 638.137 GC heap before
{Heap before GC invocations=64 (full 0):
 garbage-first heap   total 147456K, used 134814K [0x0000000091000000, 0x0000000100000000)
  region size 1024K, 73 young (74752K), 2 survivors (2048K)
 Metaspace       used 98971K, committed 99968K, reserved 1179648K
  class space    used 13220K, committed 13696K, reserved 1048576K
}
Event: 638.150 GC heap after
{Heap after GC invocations=65 (full 0):
 garbage-first heap   total 147456K, used 62364K [0x0000000091000000, 0x0000000100000000)
  region size 1024K, 2 young (2048K), 2 survivors (2048K)
 Metaspace       used 98971K, committed 99968K, reserved 1179648K
  class space    used 13220K, committed 13696K, reserved 1048576K
}

Dll operation events (20 events):
Event: 0.836 Loaded shared library C:\Users\nikit\.openjfx\cache\21+31\amd64\api-ms-win-crt-stdio-l1-1-0.dll
Event: 0.843 Loaded shared library C:\Users\nikit\.openjfx\cache\21+31\amd64\api-ms-win-crt-string-l1-1-0.dll
Event: 0.851 Loaded shared library C:\Users\nikit\.openjfx\cache\21+31\amd64\api-ms-win-crt-time-l1-1-0.dll
Event: 0.858 Loaded shared library C:\Users\nikit\.openjfx\cache\21+31\amd64\api-ms-win-crt-utility-l1-1-0.dll
Event: 0.887 Loaded shared library C:\Users\nikit\.openjfx\cache\21+31\amd64\ucrtbase.dll
Event: 0.895 Loaded shared library C:\Users\nikit\.openjfx\cache\21+31\amd64\vcruntime140.dll
Event: 0.902 Loaded shared library C:\Users\nikit\.openjfx\cache\21+31\amd64\vcruntime140_1.dll
Event: 0.922 Loaded shared library C:\Users\nikit\.openjfx\cache\21+31\amd64\msvcp140.dll
Event: 0.930 Loaded shared library C:\Users\nikit\.openjfx\cache\21+31\amd64\msvcp140_1.dll
Event: 0.940 Loaded shared library C:\Users\nikit\.openjfx\cache\21+31\amd64\msvcp140_2.dll
Event: 1.025 Loaded shared library C:\Users\nikit\.openjfx\cache\21+31\amd64\prism_d3d.dll
Event: 1.102 Loaded shared library C:\Users\nikit\.openjfx\cache\21+31\amd64\glass.dll
Event: 1.528 Loaded shared library C:\Program Files\Java\jdk-21\bin\jimage.dll
Event: 3.459 Loaded shared library C:\Program Files\Java\jdk-21\bin\sunmscapi.dll
Event: 5.871 Loaded shared library C:\Program Files\Java\jdk-21\bin\verify.dll
Event: 6.489 Loaded shared library C:\Program Files\Java\jdk-21\bin\extnet.dll
Event: 12.279 Loaded shared library C:\Program Files\Java\jdk-21\bin\management.dll
Event: 12.286 Loaded shared library C:\Program Files\Java\jdk-21\bin\management_ext.dll
Event: 12.602 Loaded shared library C:\Users\nikit\.openjfx\cache\21+31\amd64\javafx_font.dll
Event: 126.286 Loaded shared library C:\Users\nikit\.openjfx\cache\21+31\amd64\javafx_iio.dll

Deoptimization events (20 events):
Event: 644.485 Thread 0x000002697db4b620 Uncommon trap: trap_request=0xffffffd6 fr.pc=0x000002692fa97214 relative=0x00000000000018f4
Event: 644.485 Thread 0x000002697db4b620 Uncommon trap: reason=array_check action=maybe_recompile pc=0x000002692fa97214 method=java.util.concurrent.ScheduledThreadPoolExecutor$DelayedWorkQueue.offer(Ljava/lang/Runnable;)Z @ 65 c2
Event: 644.485 Thread 0x000002697db4b620 DEOPT PACKING pc=0x000002692fa97214 sp=0x000000c8fcafe360
Event: 644.485 Thread 0x000002697db4b620 DEOPT UNPACKING pc=0x000002692eb346a2 sp=0x000000c8fcafe078 mode 2
Event: 645.089 Thread 0x000002697db4c340 Uncommon trap: trap_request=0xffffffd6 fr.pc=0x000002692faaa5ac relative=0x000000000000248c
Event: 645.089 Thread 0x000002697db4c340 Uncommon trap: reason=array_check action=maybe_recompile pc=0x000002692faaa5ac method=java.util.concurrent.ScheduledThreadPoolExecutor$DelayedWorkQueue.siftUp(ILjava/util/concurrent/RunnableScheduledFuture;)V @ 57 c2
Event: 645.089 Thread 0x000002697db4c340 DEOPT PACKING pc=0x000002692faaa5ac sp=0x000000c8f9ffdd50
Event: 645.089 Thread 0x000002697db4c340 DEOPT UNPACKING pc=0x000002692eb346a2 sp=0x000000c8f9ffd990 mode 2
Event: 645.151 Thread 0x000002697db4c340 Uncommon trap: trap_request=0xffffffd6 fr.pc=0x000002692faaa5ac relative=0x000000000000248c
Event: 645.151 Thread 0x000002697db4c340 Uncommon trap: reason=array_check action=maybe_recompile pc=0x000002692faaa5ac method=java.util.concurrent.ScheduledThreadPoolExecutor$DelayedWorkQueue.siftUp(ILjava/util/concurrent/RunnableScheduledFuture;)V @ 57 c2
Event: 645.151 Thread 0x000002697db4c340 DEOPT PACKING pc=0x000002692faaa5ac sp=0x000000c8f9ffdd50
Event: 645.151 Thread 0x000002697db4c340 DEOPT UNPACKING pc=0x000002692eb346a2 sp=0x000000c8f9ffd990 mode 2
Event: 645.215 Thread 0x000002697db4c340 Uncommon trap: trap_request=0xffffffd6 fr.pc=0x000002692faaa5ac relative=0x000000000000248c
Event: 645.215 Thread 0x000002697db4c340 Uncommon trap: reason=array_check action=maybe_recompile pc=0x000002692faaa5ac method=java.util.concurrent.ScheduledThreadPoolExecutor$DelayedWorkQueue.siftUp(ILjava/util/concurrent/RunnableScheduledFuture;)V @ 57 c2
Event: 645.215 Thread 0x000002697db4c340 DEOPT PACKING pc=0x000002692faaa5ac sp=0x000000c8f9ffe010
Event: 645.215 Thread 0x000002697db4c340 DEOPT UNPACKING pc=0x000002692eb346a2 sp=0x000000c8f9ffdc50 mode 2
Event: 645.215 Thread 0x000002697db4b620 Uncommon trap: trap_request=0xffffffd6 fr.pc=0x000002692faaa5ac relative=0x000000000000248c
Event: 645.215 Thread 0x000002697db4b620 Uncommon trap: reason=array_check action=maybe_recompile pc=0x000002692faaa5ac method=java.util.concurrent.ScheduledThreadPoolExecutor$DelayedWorkQueue.siftUp(ILjava/util/concurrent/RunnableScheduledFuture;)V @ 57 c2
Event: 645.215 Thread 0x000002697db4b620 DEOPT PACKING pc=0x000002692faaa5ac sp=0x000000c8fcafe700
Event: 645.215 Thread 0x000002697db4b620 DEOPT UNPACKING pc=0x000002692eb346a2 sp=0x000000c8fcafe340 mode 2

Classes loaded (20 events):
Event: 381.915 Loading class java/util/concurrent/Executors$DelegatedScheduledExecutorService
Event: 381.918 Loading class java/util/concurrent/Executors$DelegatedExecutorService
Event: 381.919 Loading class java/util/concurrent/Executors$DelegatedExecutorService done
Event: 381.919 Loading class java/util/concurrent/Executors$DelegatedScheduledExecutorService done
Event: 381.920 Loading class java/lang/Math$RandomNumberGeneratorHolder
Event: 381.920 Loading class java/lang/Math$RandomNumberGeneratorHolder done
Event: 381.931 Loading class java/net/URLEncoder
Event: 381.933 Loading class java/net/URLEncoder done
Event: 382.813 Loading class sun/net/www/protocol/http/HttpURLConnection$StreamingOutputStream
Event: 382.814 Loading class sun/net/www/protocol/http/HttpURLConnection$StreamingOutputStream done
Event: 388.810 Loading class java/util/concurrent/CompletableFuture$UniExceptionally
Event: 388.812 Loading class java/util/concurrent/CompletableFuture$UniExceptionally done
Event: 388.905 Loading class java/util/concurrent/locks/ReentrantReadWriteLock$Sync$HoldCounter
Event: 388.905 Loading class java/util/concurrent/locks/ReentrantReadWriteLock$Sync$HoldCounter done
Event: 443.611 Loading class sun/security/ssl/Alert
Event: 443.613 Loading class sun/security/ssl/Alert done
Event: 443.614 Loading class sun/security/ssl/Alert$AlertConsumer
Event: 443.615 Loading class sun/security/ssl/Alert$AlertConsumer done
Event: 443.615 Loading class sun/security/ssl/Alert$Level
Event: 443.616 Loading class sun/security/ssl/Alert$Level done

Classes unloaded (0 events):
No events

Classes redefined (0 events):
No events

Internal exceptions (20 events):
Event: 381.450 Thread 0x000002697db4b620 Exception <a 'sun/nio/fs/WindowsException'{0x00000000975ae578}> (0x00000000975ae578) 
thrown [s\open\src\hotspot\share\prims\jni.cpp, line 520]
Event: 381.468 Thread 0x000002697db4eaa0 Exception <a 'java/net/ConnectException'{0x0000000097401628}: Connection refused: getsockopt> (0x0000000097401628) 
thrown [s\open\src\hotspot\share\prims\jni.cpp, line 539]
Event: 381.480 Thread 0x000002697db4eaa0 Exception <a 'java/net/ConnectException'{0x00000000974027d8}: Connection refused: getsockopt> (0x00000000974027d8) 
thrown [s\open\src\hotspot\share\prims\jni.cpp, line 539]
Event: 381.501 Thread 0x000002697db4eaa0 Exception <a 'java/net/ConnectException'{0x0000000097403bd0}: Connection refused: getsockopt> (0x0000000097403bd0) 
thrown [s\open\src\hotspot\share\prims\jni.cpp, line 539]
Event: 387.046 Thread 0x000002693bd0abb0 Implicit null exception at 0x000002692f2cbbc9 to 0x000002692f2cd134
Event: 388.783 Thread 0x0000026908910f00 Exception <a 'java/lang/NoSuchMethodError'{0x00000000985f0e60}: 'java.lang.Object java.lang.invoke.DirectMethodHandle$Holder.newInvokeSpecial(java.lang.Object, java.lang.Object, long, java.lang.Object)'> (0x00000000985f0e60) 
thrown [s\open\src\hotspot\share\interpreter\linkResolver.cpp, line 773]
Event: 388.804 Thread 0x000002690890cd60 Exception <a 'java/lang/NoSuchMethodError'{0x0000000098488470}: 'void java.lang.invoke.DirectMethodHandle$Holder.invokeStatic(java.lang.Object, java.lang.Object, long, java.lang.Object)'> (0x0000000098488470) 
thrown [s\open\src\hotspot\share\interpreter\linkResolver.cpp, line 773]
Event: 388.844 Thread 0x000002697db4b620 Exception <a 'java/lang/NoSuchMethodError'{0x00000000983d2300}: 'java.lang.Object java.lang.invoke.DirectMethodHandle$Holder.invokeInterface(java.lang.Object, java.lang.Object, int)'> (0x00000000983d2300) 
thrown [s\open\src\hotspot\share\interpreter\linkResolver.cpp, line 773]
Event: 391.899 Thread 0x000002697db4b620 Exception <a 'java/lang/IncompatibleClassChangeError'{0x0000000097a90a78}: Found class java.lang.Object, but interface was expected> (0x0000000097a90a78) 
thrown [s\open\src\hotspot\share\interpreter\linkResolver.cpp, line 840]
Event: 437.065 Thread 0x000002697db4eaa0 Exception <a 'java/io/IOException'{0x0000000098ded180}> (0x0000000098ded180) 
thrown [s\open\src\hotspot\share\prims\jni.cpp, line 520]
Event: 437.066 Thread 0x000002697db4eaa0 Exception <a 'java/net/ConnectException'{0x0000000098df0a28}: Connection refused: getsockopt> (0x0000000098df0a28) 
thrown [s\open\src\hotspot\share\prims\jni.cpp, line 539]
Event: 449.557 Thread 0x000002697db4c340 Exception <a 'sun/nio/fs/WindowsException'{0x0000000097f24968}> (0x0000000097f24968) 
thrown [s\open\src\hotspot\share\prims\jni.cpp, line 520]
Event: 450.710 Thread 0x000002697db4eaa0 Exception <a 'java/net/ConnectException'{0x00000000ffadcbc0}: Connection refused: getsockopt> (0x00000000ffadcbc0) 
thrown [s\open\src\hotspot\share\prims\jni.cpp, line 539]
Event: 450.732 Thread 0x000002697db4eaa0 Exception <a 'java/net/ConnectException'{0x00000000ffaddd10}: Connection refused: getsockopt> (0x00000000ffaddd10) 
thrown [s\open\src\hotspot\share\prims\jni.cpp, line 539]
Event: 450.763 Thread 0x000002697db4eaa0 Exception <a 'java/net/ConnectException'{0x00000000ffadf108}: Connection refused: getsockopt> (0x00000000ffadf108) 
thrown [s\open\src\hotspot\share\prims\jni.cpp, line 539]
Event: 475.543 Thread 0x000002697db4b620 Implicit null exception at 0x000002692f7558a2 to 0x000002692f756a6c
Event: 606.301 Thread 0x000002697f4862b0 Implicit null exception at 0x000002692fa319ed to 0x000002692fa32274
Event: 624.779 Thread 0x000002697db4dd80 Exception <a 'sun/nio/fs/WindowsException'{0x000000009678d620}> (0x000000009678d620) 
thrown [s\open\src\hotspot\share\prims\jni.cpp, line 520]
Event: 625.938 Thread 0x0000026909b8fb70 Exception <a 'java/net/ConnectException'{0x00000000ff4de4b8}: Connection refused: getsockopt> (0x00000000ff4de4b8) 
thrown [s\open\src\hotspot\share\prims\jni.cpp, line 539]
Event: 625.964 Thread 0x0000026909b8fb70 Exception <a 'java/net/ConnectException'{0x00000000ff4df3f0}: Connection refused: getsockopt> (0x00000000ff4df3f0) 
thrown [s\open\src\hotspot\share\prims\jni.cpp, line 539]

ZGC Phase Switch (0 events):
No events

VM Operations (20 events):
Event: 631.141 Executing VM operation: Cleanup
Event: 631.141 Executing VM operation: Cleanup done
Event: 633.163 Executing VM operation: Cleanup
Event: 633.163 Executing VM operation: Cleanup done
Event: 634.177 Executing VM operation: Cleanup
Event: 634.177 Executing VM operation: Cleanup done
Event: 635.185 Executing VM operation: Cleanup
Event: 635.185 Executing VM operation: Cleanup done
Event: 638.137 Executing VM operation: G1CollectForAllocation (G1 Evacuation Pause)
Event: 638.150 Executing VM operation: G1CollectForAllocation (G1 Evacuation Pause) done
Event: 640.162 Executing VM operation: Cleanup
Event: 640.163 Executing VM operation: Cleanup done
Event: 641.172 Executing VM operation: Cleanup
Event: 641.172 Executing VM operation: Cleanup done
Event: 642.180 Executing VM operation: Cleanup
Event: 642.180 Executing VM operation: Cleanup done
Event: 644.203 Executing VM operation: Cleanup
Event: 644.203 Executing VM operation: Cleanup done
Event: 645.214 Executing VM operation: Cleanup
Event: 645.214 Executing VM operation: Cleanup done

Events (20 events):
Event: 609.227 Thread 0x000002693bce0520 flushing nmethod 0x0000026927654a10
Event: 609.227 Thread 0x000002693bce0520 flushing nmethod 0x0000026927634590
Event: 609.227 Thread 0x000002693bce0520 flushing nmethod 0x000002692f92f690
Event: 609.227 Thread 0x000002693bce0520 flushing nmethod 0x00000269275c5390
Event: 609.227 Thread 0x000002693bce0520 flushing nmethod 0x00000269275c4490
Event: 609.227 Thread 0x000002693bce0520 flushing nmethod 0x000002692f8d7890
Event: 609.227 Thread 0x000002693bce0520 flushing nmethod 0x000002692f23f590
Event: 625.920 Thread 0x0000026909b8d410 Thread added: 0x0000026909b8d410
Event: 625.934 Thread 0x0000026909b8f4e0 Thread added: 0x0000026909b8f4e0
Event: 625.935 Thread 0x0000026909b8c060 Thread added: 0x0000026909b8c060
Event: 625.936 Thread 0x0000026909b90f20 Thread added: 0x0000026909b90f20
Event: 625.937 Thread 0x0000026909b8fb70 Thread added: 0x0000026909b8fb70
Event: 625.999 Thread 0x0000026909b90890 Thread added: 0x0000026909b90890
Event: 626.002 Thread 0x000002690890cd60 Thread added: 0x000002690890cd60
Event: 626.003 Thread 0x000002690890e110 Thread added: 0x000002690890e110
Event: 627.268 Thread 0x000002690890e7a0 Thread added: 0x000002690890e7a0
Event: 627.272 Thread 0x000002690890f4c0 Thread added: 0x000002690890f4c0
Event: 627.273 Thread 0x000002690890fb50 Thread added: 0x000002690890fb50
Event: 627.275 Thread 0x00000269089101e0 Thread added: 0x00000269089101e0
Event: 627.276 Thread 0x0000026908910870 Thread added: 0x0000026908910870


Dynamic libraries:
0x00007ff6b3d40000 - 0x00007ff6b3d50000 	C:\Program Files\Java\jdk-21\bin\java.exe
0x00007ff821fa0000 - 0x00007ff822206000 	C:\WINDOWS\SYSTEM32\ntdll.dll
0x00007ff820110000 - 0x00007ff8201d9000 	C:\WINDOWS\System32\KERNEL32.DLL
0x00007ff81f7b0000 - 0x00007ff81fb7c000 	C:\WINDOWS\System32\KERNELBASE.dll
0x00007ff81f460000 - 0x00007ff81f5ab000 	C:\WINDOWS\System32\ucrtbase.dll
0x00007ffff93b0000 - 0x00007ffff93c9000 	C:\Program Files\Java\jdk-21\bin\jli.dll
0x00007ff802bc0000 - 0x00007ff802bdb000 	C:\Program Files\Java\jdk-21\bin\VCRUNTIME140.dll
0x00007ff821e20000 - 0x00007ff821ed2000 	C:\WINDOWS\System32\ADVAPI32.dll
0x00007ff821d20000 - 0x00007ff821dc9000 	C:\WINDOWS\System32\msvcrt.dll
0x00007ff81fdf0000 - 0x00007ff81fe96000 	C:\WINDOWS\System32\sechost.dll
0x00007ff821450000 - 0x00007ff821566000 	C:\WINDOWS\System32\RPCRT4.dll
0x00007ff81ff40000 - 0x00007ff82010a000 	C:\WINDOWS\System32\USER32.dll
0x00007ff80ef90000 - 0x00007ff80f22a000 	C:\WINDOWS\WinSxS\amd64_microsoft.windows.common-controls_6595b64144ccf1df_6.0.26100.3912_none_3e07963ce335137e\COMCTL32.dll
0x00007ff81f130000 - 0x00007ff81f157000 	C:\WINDOWS\System32\win32u.dll
0x00007ff81ff10000 - 0x00007ff81ff3b000 	C:\WINDOWS\System32\GDI32.dll
0x00007ff81fb80000 - 0x00007ff81fcb2000 	C:\WINDOWS\System32\gdi32full.dll
0x00007ff81f700000 - 0x00007ff81f7a3000 	C:\WINDOWS\System32\msvcp_win.dll
0x00007ff8181a0000 - 0x00007ff8181ab000 	C:\WINDOWS\SYSTEM32\VERSION.dll
0x00007ff820e00000 - 0x00007ff820e30000 	C:\WINDOWS\System32\IMM32.DLL
0x00007ff819690000 - 0x00007ff81969c000 	C:\Program Files\Java\jdk-21\bin\vcruntime140_1.dll
0x00007fffe7d50000 - 0x00007fffe7dde000 	C:\Program Files\Java\jdk-21\bin\msvcp140.dll
0x00007fffdbcb0000 - 0x00007fffdc9bd000 	C:\Program Files\Java\jdk-21\bin\server\jvm.dll
0x00007ff821ee0000 - 0x00007ff821f54000 	C:\WINDOWS\System32\WS2_32.dll
0x00007ff81ef80000 - 0x00007ff81efde000 	C:\WINDOWS\SYSTEM32\POWRPROF.dll
0x00007ff8176c0000 - 0x00007ff8176f6000 	C:\WINDOWS\SYSTEM32\WINMM.dll
0x00007ff81ef60000 - 0x00007ff81ef74000 	C:\WINDOWS\SYSTEM32\UMPDC.dll
0x00007ff81def0000 - 0x00007ff81df0a000 	C:\WINDOWS\SYSTEM32\kernel.appcore.dll
0x00007ff819490000 - 0x00007ff81949a000 	C:\Program Files\Java\jdk-21\bin\jimage.dll
0x00007ff814ae0000 - 0x00007ff814d21000 	C:\WINDOWS\SYSTEM32\DBGHELP.DLL
0x00007ff8206a0000 - 0x00007ff820a24000 	C:\WINDOWS\System32\combase.dll
0x00007ff8212f0000 - 0x00007ff8213d0000 	C:\WINDOWS\System32\OLEAUT32.dll
0x00007ff80dc80000 - 0x00007ff80dcb9000 	C:\WINDOWS\SYSTEM32\dbgcore.DLL
0x00007ff81fcc0000 - 0x00007ff81fd59000 	C:\WINDOWS\System32\bcryptPrimitives.dll
0x00007ff802ba0000 - 0x00007ff802bbf000 	C:\Program Files\Java\jdk-21\bin\java.dll
0x00007ff8215f0000 - 0x00007ff821d1d000 	C:\WINDOWS\System32\SHELL32.dll
0x00007ff81f160000 - 0x00007ff81f2d4000 	C:\WINDOWS\System32\wintypes.dll
0x00007ff81cde0000 - 0x00007ff81d636000 	C:\WINDOWS\SYSTEM32\windows.storage.dll
0x00007ff8202e0000 - 0x00007ff8203cf000 	C:\WINDOWS\System32\SHCORE.dll
0x00007ff81fea0000 - 0x00007ff81ff09000 	C:\WINDOWS\System32\shlwapi.dll
0x00007ff81f040000 - 0x00007ff81f06f000 	C:\WINDOWS\SYSTEM32\profapi.dll
0x00007fffe5e40000 - 0x00007fffe5f17000 	C:\Program Files\Java\jdk-21\bin\jsvml.dll
0x00007ff819330000 - 0x00007ff819340000 	C:\Program Files\Java\jdk-21\bin\net.dll
0x00007ff817b50000 - 0x00007ff817c6e000 	C:\WINDOWS\SYSTEM32\WINHTTP.dll
0x00007ff81e460000 - 0x00007ff81e4ca000 	C:\WINDOWS\system32\mswsock.dll
0x00007ff802b80000 - 0x00007ff802b96000 	C:\Program Files\Java\jdk-21\bin\nio.dll
0x00007ffff9170000 - 0x00007ffff9188000 	C:\Program Files\Java\jdk-21\bin\zip.dll
0x000002691f1a0000 - 0x000002691f1a3000 	C:\Users\nikit\.openjfx\cache\21+31\amd64\api-ms-win-core-console-l1-1-0.dll
0x000002691f1b0000 - 0x000002691f1b3000 	C:\Users\nikit\.openjfx\cache\21+31\amd64\api-ms-win-core-console-l1-2-0.dll
0x000002691f1c0000 - 0x000002691f1c3000 	C:\Users\nikit\.openjfx\cache\21+31\amd64\api-ms-win-core-datetime-l1-1-0.dll
0x000002691f1d0000 - 0x000002691f1d3000 	C:\Users\nikit\.openjfx\cache\21+31\amd64\api-ms-win-core-debug-l1-1-0.dll
0x000002691f1e0000 - 0x000002691f1e3000 	C:\Users\nikit\.openjfx\cache\21+31\amd64\api-ms-win-core-errorhandling-l1-1-0.dll
0x000002693be70000 - 0x000002693be74000 	C:\Users\nikit\.openjfx\cache\21+31\amd64\api-ms-win-core-file-l1-1-0.dll
0x000002693be80000 - 0x000002693be83000 	C:\Users\nikit\.openjfx\cache\21+31\amd64\api-ms-win-core-file-l1-2-0.dll
0x000002693be90000 - 0x000002693be93000 	C:\Users\nikit\.openjfx\cache\21+31\amd64\api-ms-win-core-file-l2-1-0.dll
0x000002693bea0000 - 0x000002693bea3000 	C:\Users\nikit\.openjfx\cache\21+31\amd64\api-ms-win-core-handle-l1-1-0.dll
0x000002693beb0000 - 0x000002693beb3000 	C:\Users\nikit\.openjfx\cache\21+31\amd64\api-ms-win-core-heap-l1-1-0.dll
0x000002693bec0000 - 0x000002693bec3000 	C:\Users\nikit\.openjfx\cache\21+31\amd64\api-ms-win-core-interlocked-l1-1-0.dll
0x000002693bed0000 - 0x000002693bed3000 	C:\Users\nikit\.openjfx\cache\21+31\amd64\api-ms-win-core-libraryloader-l1-1-0.dll
0x000002693bee0000 - 0x000002693bee3000 	C:\Users\nikit\.openjfx\cache\21+31\amd64\api-ms-win-core-localization-l1-2-0.dll
0x000002693bef0000 - 0x000002693bef3000 	C:\Users\nikit\.openjfx\cache\21+31\amd64\api-ms-win-core-memory-l1-1-0.dll
0x000002693bf00000 - 0x000002693bf03000 	C:\Users\nikit\.openjfx\cache\21+31\amd64\api-ms-win-core-namedpipe-l1-1-0.dll
0x000002693bf10000 - 0x000002693bf13000 	C:\Users\nikit\.openjfx\cache\21+31\amd64\api-ms-win-core-processenvironment-l1-1-0.dll
0x000002693bf20000 - 0x000002693bf23000 	C:\Users\nikit\.openjfx\cache\21+31\amd64\api-ms-win-core-processthreads-l1-1-0.dll
0x000002693bf30000 - 0x000002693bf33000 	C:\Users\nikit\.openjfx\cache\21+31\amd64\api-ms-win-core-processthreads-l1-1-1.dll
0x000002693bf40000 - 0x000002693bf43000 	C:\Users\nikit\.openjfx\cache\21+31\amd64\api-ms-win-core-profile-l1-1-0.dll
0x000002693bf50000 - 0x000002693bf53000 	C:\Users\nikit\.openjfx\cache\21+31\amd64\api-ms-win-core-rtlsupport-l1-1-0.dll
0x000002693bf60000 - 0x000002693bf63000 	C:\Users\nikit\.openjfx\cache\21+31\amd64\api-ms-win-core-string-l1-1-0.dll
0x000002693bf70000 - 0x000002693bf73000 	C:\Users\nikit\.openjfx\cache\21+31\amd64\api-ms-win-core-synch-l1-1-0.dll
0x000002693bf80000 - 0x000002693bf83000 	C:\Users\nikit\.openjfx\cache\21+31\amd64\api-ms-win-core-synch-l1-2-0.dll
0x000002693bf90000 - 0x000002693bf93000 	C:\Users\nikit\.openjfx\cache\21+31\amd64\api-ms-win-core-sysinfo-l1-1-0.dll
0x000002693bfa0000 - 0x000002693bfa3000 	C:\Users\nikit\.openjfx\cache\21+31\amd64\api-ms-win-core-timezone-l1-1-0.dll
0x000002693bfb0000 - 0x000002693bfb3000 	C:\Users\nikit\.openjfx\cache\21+31\amd64\api-ms-win-core-util-l1-1-0.dll
0x000002693bfc0000 - 0x000002693bfc3000 	C:\Users\nikit\.openjfx\cache\21+31\amd64\api-ms-win-crt-conio-l1-1-0.dll
0x000002693bfd0000 - 0x000002693bfd4000 	C:\Users\nikit\.openjfx\cache\21+31\amd64\api-ms-win-crt-convert-l1-1-0.dll
0x000002693bfe0000 - 0x000002693bfe3000 	C:\Users\nikit\.openjfx\cache\21+31\amd64\api-ms-win-crt-environment-l1-1-0.dll
0x000002693bff0000 - 0x000002693bff3000 	C:\Users\nikit\.openjfx\cache\21+31\amd64\api-ms-win-crt-filesystem-l1-1-0.dll
0x000002697dc00000 - 0x000002697dc03000 	C:\Users\nikit\.openjfx\cache\21+31\amd64\api-ms-win-crt-heap-l1-1-0.dll
0x000002697dc10000 - 0x000002697dc13000 	C:\Users\nikit\.openjfx\cache\21+31\amd64\api-ms-win-crt-locale-l1-1-0.dll
0x000002697dc20000 - 0x000002697dc25000 	C:\Users\nikit\.openjfx\cache\21+31\amd64\api-ms-win-crt-math-l1-1-0.dll
0x000002697dc30000 - 0x000002697dc35000 	C:\Users\nikit\.openjfx\cache\21+31\amd64\api-ms-win-crt-multibyte-l1-1-0.dll
0x000002697dc40000 - 0x000002697dc50000 	C:\Users\nikit\.openjfx\cache\21+31\amd64\api-ms-win-crt-private-l1-1-0.dll
0x000002697dc50000 - 0x000002697dc53000 	C:\Users\nikit\.openjfx\cache\21+31\amd64\api-ms-win-crt-process-l1-1-0.dll
0x000002697dc60000 - 0x000002697dc64000 	C:\Users\nikit\.openjfx\cache\21+31\amd64\api-ms-win-crt-runtime-l1-1-0.dll
0x000002697dc70000 - 0x000002697dc74000 	C:\Users\nikit\.openjfx\cache\21+31\amd64\api-ms-win-crt-stdio-l1-1-0.dll
0x000002697dc80000 - 0x000002697dc84000 	C:\Users\nikit\.openjfx\cache\21+31\amd64\api-ms-win-crt-string-l1-1-0.dll
0x000002697dc90000 - 0x000002697dc93000 	C:\Users\nikit\.openjfx\cache\21+31\amd64\api-ms-win-crt-time-l1-1-0.dll
0x000002697dca0000 - 0x000002697dca3000 	C:\Users\nikit\.openjfx\cache\21+31\amd64\api-ms-win-crt-utility-l1-1-0.dll
0x00007fffe5ff0000 - 0x00007fffe60ec000 	C:\Users\nikit\.openjfx\cache\21+31\amd64\ucrtbase.dll
0x00007ff8192f0000 - 0x00007ff81930b000 	C:\Users\nikit\.openjfx\cache\21+31\amd64\vcruntime140.dll
0x00007ff81a390000 - 0x00007ff81a39c000 	C:\Users\nikit\.openjfx\cache\21+31\amd64\vcruntime140_1.dll
0x00007ff802c70000 - 0x00007ff802cfe000 	C:\Users\nikit\.openjfx\cache\21+31\amd64\msvcp140.dll
0x00007ff820ba0000 - 0x00007ff820d3f000 	C:\WINDOWS\System32\ole32.dll
0x00007ff8198e0000 - 0x00007ff8198e9000 	C:\Users\nikit\.openjfx\cache\21+31\amd64\msvcp140_1.dll
0x00007ff811740000 - 0x00007ff81176f000 	C:\Users\nikit\.openjfx\cache\21+31\amd64\msvcp140_2.dll
0x00007ff80c350000 - 0x00007ff80c37f000 	C:\Users\nikit\.openjfx\cache\21+31\amd64\prism_d3d.dll
0x00007fffc4260000 - 0x00007fffc4415000 	C:\WINDOWS\system32\d3d9.dll
0x00007ff81c700000 - 0x00007ff81c736000 	C:\WINDOWS\SYSTEM32\dwmapi.dll
0x00007ff81c740000 - 0x00007ff81c787000 	C:\WINDOWS\SYSTEM32\dxcore.dll
0x00007ff81c370000 - 0x00007ff81c41f000 	C:\WINDOWS\system32\uxtheme.dll
0x00007ff817700000 - 0x00007ff8178bb000 	C:\WINDOWS\System32\DriverStore\FileRepository\u0390451.inf_amd64_39377efdd62734d1\B390182\aticfx64.dll
0x00007ff81a440000 - 0x00007ff81a474000 	C:\WINDOWS\System32\DriverStore\FileRepository\u0390451.inf_amd64_39377efdd62734d1\B390182\atiu9p64.dll
0x00007fffd6390000 - 0x00007fffd70e5000 	C:\WINDOWS\System32\DriverStore\FileRepository\u0390451.inf_amd64_39377efdd62734d1\B390182\atiumd64.dll
0x0000000076290000 - 0x00000000771b7000 	C:\WINDOWS\System32\DriverStore\FileRepository\u0390451.inf_amd64_39377efdd62734d1\B390182\atiumd6a.dll
0x00007ff820e40000 - 0x00007ff8212c6000 	C:\WINDOWS\System32\SETUPAPI.dll
0x00007ff814900000 - 0x00007ff814935000 	C:\WINDOWS\SYSTEM32\amdihk64.dll
0x00007ff81c510000 - 0x00007ff81c570000 	C:\WINDOWS\SYSTEM32\directxdatabasehelper.dll
0x00007ffff7460000 - 0x00007ffff74a2000 	C:\Users\nikit\.openjfx\cache\21+31\amd64\glass.dll
0x00007ff8201e0000 - 0x00007ff8202d4000 	C:\WINDOWS\System32\COMDLG32.dll
0x00007ff820a30000 - 0x00007ff820b8f000 	C:\WINDOWS\System32\MSCTF.dll
0x00007ff8192e0000 - 0x00007ff8192ee000 	C:\Program Files\Java\jdk-21\bin\sunmscapi.dll
0x00007ff81f2e0000 - 0x00007ff81f457000 	C:\WINDOWS\System32\CRYPT32.dll
0x00007ff81e910000 - 0x00007ff81e940000 	C:\WINDOWS\SYSTEM32\ncrypt.dll
0x00007ff81e8c0000 - 0x00007ff81e8ff000 	C:\WINDOWS\SYSTEM32\NTASN1.dll
0x00007ff81e700000 - 0x00007ff81e71c000 	C:\WINDOWS\SYSTEM32\CRYPTSP.dll
0x00007ff81de50000 - 0x00007ff81de8a000 	C:\WINDOWS\system32\rsaenh.dll
0x00007ff81e500000 - 0x00007ff81e52b000 	C:\WINDOWS\SYSTEM32\USERENV.dll
0x00007ff81f010000 - 0x00007ff81f036000 	C:\WINDOWS\SYSTEM32\bcrypt.dll
0x00007ff81e720000 - 0x00007ff81e72c000 	C:\WINDOWS\SYSTEM32\CRYPTBASE.dll
0x00007ff81d930000 - 0x00007ff81d963000 	C:\WINDOWS\SYSTEM32\IPHLPAPI.DLL
0x00007ff821440000 - 0x00007ff82144a000 	C:\WINDOWS\System32\NSI.dll
0x00007ff813140000 - 0x00007ff813150000 	C:\Program Files\Java\jdk-21\bin\verify.dll
0x00007ff819360000 - 0x00007ff819369000 	C:\Program Files\Java\jdk-21\bin\extnet.dll
0x00007ff8192d0000 - 0x00007ff8192da000 	C:\Program Files\Java\jdk-21\bin\management.dll
0x00007ff817d90000 - 0x00007ff817d9b000 	C:\Program Files\Java\jdk-21\bin\management_ext.dll
0x00007ff8212d0000 - 0x00007ff8212d8000 	C:\WINDOWS\System32\PSAPI.DLL
0x00007ff811fb0000 - 0x00007ff811fc4000 	C:\Users\nikit\.openjfx\cache\21+31\amd64\javafx_font.dll
0x00007ff81abd0000 - 0x00007ff81ae39000 	C:\WINDOWS\SYSTEM32\dwrite.dll
0x00007ff820d50000 - 0x00007ff820df8000 	C:\WINDOWS\System32\clbcatq.dll

dbghelp: loaded successfully - version: 4.0.5 - missing functions: none
symbol engine: initialized successfully - sym options: 0x614 - pdb path: .;C:\Program Files\Java\jdk-21\bin;C:\WINDOWS\SYSTEM32;C:\WINDOWS\WinSxS\amd64_microsoft.windows.common-controls_6595b64144ccf1df_6.0.26100.3912_none_3e07963ce335137e;C:\Program Files\Java\jdk-21\bin\server;C:\Users\nikit\.openjfx\cache\21+31\amd64;C:\WINDOWS\System32\DriverStore\FileRepository\u0390451.inf_amd64_39377efdd62734d1\B390182;C:\Program Files\Common Files\Microsoft Shared\Ink

VM Arguments:
jvm_args: -Dfile.encoding=UTF-8 --module-path=C:\Users\nikit\.m2\repository\org\openjfx\javafx-base\21\javafx-base-21-win.jar;C:\Users\nikit\.m2\repository\org\openjfx\javafx-base\21\javafx-base-21.jar;C:\Users\nikit\.m2\repository\org\openjfx\javafx-controls\21\javafx-controls-21-win.jar;C:\Users\nikit\.m2\repository\org\openjfx\javafx-controls\21\javafx-controls-21.jar;C:\Users\nikit\.m2\repository\org\openjfx\javafx-fxml\21\javafx-fxml-21-win.jar;C:\Users\nikit\.m2\repository\org\openjfx\javafx-graphics\21\javafx-graphics-21-win.jar;C:\Users\nikit\.m2\repository\org\openjfx\javafx-graphics\21\javafx-graphics-21.jar --add-modules=javafx.base,javafx.controls,javafx.fxml,javafx.graphics 
java_command: ru.finwax.mangabuffjob.MangaBuffJobFXApplication
java_class_path (initial): C:\selsup\mangaBuffDesc\target\classes;C:\Users\nikit\.m2\repository\ch\qos\logback\logback-classic\1.5.18\logback-classic-1.5.18.jar;C:\Users\nikit\.m2\repository\ch\qos\logback\logback-core\1.5.18\logback-core-1.5.18.jar;C:\Users\nikit\.m2\repository\com\fasterxml\classmate\1.7.0\classmate-1.7.0.jar;C:\Users\nikit\.m2\repository\com\fasterxml\jackson\core\jackson-annotations\2.18.3\jackson-annotations-2.18.3.jar;C:\Users\nikit\.m2\repository\com\fasterxml\jackson\core\jackson-core\2.18.3\jackson-core-2.18.3.jar;C:\Users\nikit\.m2\repository\com\fasterxml\jackson\core\jackson-databind\2.15.2\jackson-databind-2.15.2.jar;C:\Users\nikit\.m2\repository\com\fasterxml\jackson\datatype\jackson-datatype-jdk8\2.18.3\jackson-datatype-jdk8-2.18.3.jar;C:\Users\nikit\.m2\repository\com\fasterxml\jackson\datatype\jackson-datatype-jsr310\2.18.3\jackson-datatype-jsr310-2.18.3.jar;C:\Users\nikit\.m2\repository\com\fasterxml\jackson\module\jackson-module-parameter-names\2.18.3\jackson-module-parameter-names-2.18.3.jar;C:\Users\nikit\.m2\repository\com\github\docker-java\docker-java\3.3.4\docker-java-3.3.4.jar;C:\Users\nikit\.m2\repository\com\github\docker-java\docker-java-api\3.3.4\docker-java-api-3.3.4.jar;C:\Users\nikit\.m2\repository\com\github\docker-java\docker-java-core\3.3.4\docker-java-core-3.3.4.jar;C:\Users\nikit\.m2\repository\com\github\docker-java\docker-java-transport\3.3.4\docker-java-transport-3.3.4.jar;C:\Users\nikit\.m2\repository\com\github\docker-java\docker-java-transport-httpclient5\3.3.4\docker-java-transport-httpclient5-3.3.4.jar;C:\Users\nikit\.m2\repository\com\google\auto\service\auto-service-annotations\1.1.1\auto-service-annotations-1.1.1.jar;C:\Users\nikit\.m2\repository\com\google\code\gson\gson\2.11.0\gson-2.11.0.jar;C:\Users\nikit\.m2\repository\com\google\errorprone\error_prone_annotations\2.27.0\error_prone_annotations-2.27.0.jar;C:\Users\nikit\.m2\repository\com\google\guava\failureaccess\1.0.3\failureaccess-1.0.3.jar;C:\Users\nikit\.m2\repository\com\google\guava\guava\33.4.8-jre\guava-33.4.8-jre.jar;C:\Users\nikit\.m2\repository\com\google\guava\listenablefuture\9999.0-empty-to-avoid-conflict-with-guava\listenablefuture-9999.0-empty-to-avoid-conflict-with-guava.jar;C:\Users\nikit\.m2\repository\com\google\j2objc\j2objc-annotations\3.0.0\j2objc-annotations-3.0.0.jar;C:\Users\nikit\.m2\repository\com\h2database\h2\2.3.232\h2-2.3.232.jar;C:\Users\nikit\.m2\repository\com\sun\istack\istack-commons-runtime\4.1.2\istack-commons-runtime-4.1.2.jar;C:\Users\nikit\.m2\repository\com\zaxxer\HikariCP\5.1.0\HikariCP-5.1.0.jar;C:\Users\nikit\.m2\repository\commons-io\commons-io\2.13.0\commons-io-2.13.0.jar;C:\Users\nikit\.m2\repository\io\github\bonigarcia\webdrivermanager\5.6.1\webdrivermanager-5.6.1.jar;C:\Users\nikit\.m2\repository\io\micrometer\micrometer-commons\1.14.5\micrometer-commons-1.14.5.jar;C:\Users\nikit\.m2\repository\io\micrometer\micrometer-observation\1.14.5\micrometer-observation-1.14.5.jar;C:\Users\nikit\.m2\repository\io\opentelemetry\opentelemetry-api\1.43.0\opentelemetry-api-1.43.0.jar;C:\Users\nikit\.m2\repository\io\opentelemetry\opentelemetry-api-incubator\1.43.0-alpha\opentelemetry-api-incubator-1.43.0-alpha.jar;C:\Users\nikit\.m2\repository\io\opentelemetry\opentelemetry-context\1.43.0\opentelemetry-context-1.43.0.jar;C:\Users\nikit\.m2\repository\io\opentelemetry\opentelemetry-exporter-logging\1.43.0\opentelemetry-exporter-logging-1.43.0.jar;C:\Users\nikit\.m2\repository\io\opentelemetry\opentelemetry-sdk\1.43.0\opentelemetry-sdk-1.43.0.jar;C:\Users\nikit\.m2\repository\io\opentelemetry\opentelemetry-sdk-common\1.43.0\opentelemetry-sdk-common-1.43.0.jar;C:\Users\nikit\.m2\repository\io\opentelemetry\opentelemetry-sdk-extension-autoconfigure\1.43.0\opentelemetry-sdk-extension-autoconfigure-1.43.0.jar;C:\Users\nikit\.m2\repository\io\opentelemetry\opentelemetry-sdk-extension-autoconfigure-spi\1.43.0\opentelemetry-sdk-extension-autoconfigure-spi-1.43.0.jar;C:\Users\nikit\.m2\repository\io\opentelemetry\opentelemetry-sdk-logs\1.43.0\opentelemetry-sdk-logs-1.43.0.jar;C:\Users\nikit\.m2\repository\io\opentelemetry\opentelemetry-sdk-metrics\1.43.0\opentelemetry-sdk-metrics-1.43.0.jar;C:\Users\nikit\.m2\repository\io\opentelemetry\opentelemetry-sdk-trace\1.43.0\opentelemetry-sdk-trace-1.43.0.jar;C:\Users\nikit\.m2\repository\io\smallrye\jandex\3.2.0\jandex-3.2.0.jar;C:\Users\nikit\.m2\repository\jakarta\activation\jakarta.activation-api\2.1.3\jakarta.activation-api-2.1.3.jar;C:\Users\nikit\.m2\repository\jakarta\annotation\jakarta.annotation-api\2.1.1\jakarta.annotation-api-2.1.1.jar;C:\Users\nikit\.m2\repository\jakarta\inject\jakarta.inject-api\2.0.1\jakarta.inject-api-2.0.1.jar;C:\Users\nikit\.m2\repository\jakarta\persistence\jakarta.persistence-api\3.1.0\jakarta.persistence-api-3.1.0.jar;C:\Users\nikit\.m2\repository\jakarta\transaction\jakarta.transaction-api\2.0.1\jakarta.transaction-api-2.0.1.jar;C:\Users\nikit\.m2\repository\jakarta\xml\bind\jakarta.xml.bind-api\4.0.2\jakarta.xml.bind-api-4.0.2.jar;C:\Users\nikit\.m2\repository\net\bytebuddy\byte-buddy\1.15.11\byte-buddy-1.15.11.jar;C:\Users\nikit\.m2\repository\net\java\dev\jna\jna\5.13.0\jna-5.13.0.jar;C:\Users\nikit\.m2\repository\org\antlr\antlr4-runtime\4.13.0\antlr4-runtime-4.13.0.jar;C:\Users\nikit\.m2\repository\org\apache\commons\commons-compress\1.24.0\commons-compress-1.24.0.jar;C:\Users\nikit\.m2\repository\org\apache\commons\commons-exec\1.4.0\commons-exec-1.4.0.jar;C:\Users\nikit\.m2\repository\org\apache\commons\commons-lang3\3.17.0\commons-lang3-3.17.0.jar;C:\Users\nikit\.m2\repository\org\apache\httpcomponents\client5\httpclient5\5.4.2\httpclient5-5.4.2.jar;C:\Users\nikit\.m2\repository\org\apache\httpcomponents\core5\httpcore5\5.3.3\httpcore5-5.3.3.jar;C:\Users\nikit\.m2\repository\org\apache\httpcomponents\core5\httpcore5-h2\5.3.3\httpcore5-h2-5.3.3.jar;C:\Users\nikit\.m2\repository\org\apache\logging\log4j\log4j-api\2.24.3\log4j-api-2.24.3.jar;C:\Users\nikit\.m2\repository\org\apache\logging\log4j\log4j-to-slf4j\2.24.3\log4j-to-slf4j-2.24.3.jar;C:\Users\nikit\.m2\repository\org\apache\tomcat\embed\tomcat-embed-core\10.1.39\tomcat-embed-core-10.1.39.jar;C:\Users\nikit\.m2\repository\org\apache\tomcat\embed\tomcat-embed-el\10.1.39\tomcat-embed-el-10.1.39.jar;C:\Users\nikit\.m2\repository\org\apache\tomcat\embed\tomcat-embed-websocket\10.1.39\tomcat-embed-websocket-10.1.39.jar;C:\Users\nikit\.m2\repository\org\aspectj\aspectjweaver\1.9.23\aspectjweaver-1.9.23.jar;C:\Users\nikit\.m2\repository\org\bouncycastle\bcpkix-jdk18on\1.76\bcpkix-jdk18on-1.76.jar;C:\Users\nikit\.m2\repository\org\bouncycastle\bcprov-jdk18on\1.76\bcprov-jdk18on-1.76.jar;C:\Users\nikit\.m2\repository\org\bouncycastle\bcutil-jdk18on\1.76\bcutil-jdk18on-1.76.jar;C:\Users\nikit\.m2\repository\org\brotli\dec\0.1.2\dec-0.1.2.jar;C:\Users\nikit\.m2\repository\org\eclipse\angus\angus-activation\2.0.2\angus-activation-2.0.2.jar;C:\Users\nikit\.m2\repository\org\glassfish\jaxb\jaxb-core\4.0.5\jaxb-core-4.0.5.jar;C:\Users\nikit\.m2\repository\org\glassfish\jaxb\jaxb-runtime\4.0.5\jaxb-runtime-4.0.5.jar;C:\Users\nikit\.m2\repository\org\glassfish\jaxb\txw2\4.0.5\txw2-4.0.5.jar;C:\Users\nikit\.m2\repository\org\hibernate\common\hibernate-commons-annotations\7.0.3.Final\hibernate-commons-annotations-7.0.3.Final.jar;C:\Users\nikit\.m2\repository\org\hibernate\orm\hibernate-core\6.6.11.Final\hibernate-core-6.6.11.Final.jar;C:\Users\nikit\.m2\repository\org\jboss\logging\jboss-logging\3.6.1.Final\jboss-logging-3.6.1.Final.jar;C:\Users\nikit\.m2\repository\org\jsoup\jsoup\1.15.3\jsoup-1.15.3.jar;C:\Users\nikit\.m2\repository\org\jspecify\jspecify\1.0.0\jspecify-1.0.0.jar;C:\Users\nikit\.m2\repository\org\seleniumhq\selenium\selenium-api\4.32.0\selenium-api-4.32.0.jar;C:\Users\nikit\.m2\repository\org\seleniumhq\selenium\selenium-chrome-driver\4.32.0\selenium-chrome-driver-4.32.0.jar;C:\Users\nikit\.m2\repository\org\seleniumhq\selenium\selenium-chromium-driver\4.32.0\selenium-chromium-driver-4.32.0.jar;C:\Users\nikit\.m2\repository\org\seleniumhq\selenium\selenium-devtools-v134\4.32.0\selenium-devtools-v134-4.32.0.jar;C:\Users\nikit\.m2\repository\org\seleniumhq\selenium\selenium-devtools-v135\4.32.0\selenium-devtools-v135-4.32.0.jar;C:\Users\nikit\.m2\repository\org\seleniumhq\selenium\selenium-devtools-v136\4.32.0\selenium-devtools-v136-4.32.0.jar;C:\Users\nikit\.m2\repository\org\seleniumhq\selenium\selenium-edge-driver\4.32.0\selenium-edge-driver-4.32.0.jar;C:\Users\nikit\.m2\repository\org\seleniumhq\selenium\selenium-firefox-driver\4.32.0\selenium-firefox-driver-4.32.0.jar;C:\Users\nikit\.m2\repository\org\seleniumhq\selenium\selenium-http\4.32.0\selenium-http-4.32.0.jar;C:\Users\nikit\.m2\repository\org\seleniumhq\selenium\selenium-ie-driver\4.32.0\selenium-ie-driver-4.32.0.jar;C:\Users\nikit\.m2\repository\org\seleniumhq\selenium\selenium-java\4.32.0\selenium-java-4.32.0.jar;C:\Users\nikit\.m2\repository\org\seleniumhq\selenium\selenium-json\4.32.0\selenium-json-4.32.0.jar;C:\Users\nikit\.m2\repository\org\seleniumhq\selenium\selenium-manager\4.32.0\selenium-manager-4.32.0.jar;C:\Users\nikit\.m2\repository\org\seleniumhq\selenium\selenium-os\4.32.0\selenium-os-4.32.0.jar;C:\Users\nikit\.m2\repository\org\seleniumhq\selenium\selenium-remote-driver\4.32.0\selenium-remote-driver-4.32.0.jar;C:\Users\nikit\.m2\repository\org\seleniumhq\selenium\selenium-safari-driver\4.32.0\selenium-safari-driver-4.32.0.jar;C:\Users\nikit\.m2\repository\org\seleniumhq\selenium\selenium-support\4.32.0\selenium-support-4.32.0.jar;C:\Users\nikit\.m2\repository\org\slf4j\jcl-over-slf4j\2.0.17\jcl-over-slf4j-2.0.17.jar;C:\Users\nikit\.m2\repository\org\slf4j\jul-to-slf4j\2.0.17\jul-to-slf4j-2.0.17.jar;C:\Users\nikit\.m2\repository\org\slf4j\slf4j-api\2.0.17\slf4j-api-2.0.17.jar;C:\Users\nikit\.m2\repository\org\springframework\spring-aop\6.2.5\spring-aop-6.2.5.jar;C:\Users\nikit\.m2\repository\org\springframework\spring-aspects\6.2.5\spring-aspects-6.2.5.jar;C:\Users\nikit\.m2\repository\org\springframework\spring-beans\6.2.5\spring-beans-6.2.5.jar;C:\Users\nikit\.m2\repository\org\springframework\spring-context\6.2.5\spring-context-6.2.5.jar;C:\Users\nikit\.m2\repository\org\springframework\spring-core\6.2.5\spring-core-6.2.5.jar;C:\Users\nikit\.m2\repository\org\springframework\spring-expression\6.2.5\spring-expression-6.2.5.jar;C:\Users\nikit\.m2\repository\org\springframework\spring-jcl\6.2.5\spring-jcl-6.2.5.jar;C:\Users\nikit\.m2\repository\org\springframework\spring-jdbc\6.2.5\spring-jdbc-6.2.5.jar;C:\Users\nikit\.m2\repository\org\springframework\spring-orm\6.2.5\spring-orm-6.2.5.jar;C:\Users\nikit\.m2\repository\org\springframework\spring-tx\6.2.5\spring-tx-6.2.5.jar;C:\Users\nikit\.m2\repository\org\springframework\spring-web\6.2.5\spring-web-6.2.5.jar;C:\Users\nikit\.m2\repository\org\springframework\spring-webmvc\6.2.5\spring-webmvc-6.2.5.jar;C:\Users\nikit\.m2\repository\org\springframework\boot\spring-boot\3.4.4\spring-boot-3.4.4.jar;C:\Users\nikit\.m2\repository\org\springframework\boot\spring-boot-autoconfigure\3.4.4\spring-boot-autoconfigure-3.4.4.jar;C:\Users\nikit\.m2\repository\org\springframework\boot\spring-boot-starter\3.4.4\spring-boot-starter-3.4.4.jar;C:\Users\nikit\.m2\repository\org\springframework\boot\spring-boot-starter-data-jpa\3.4.4\spring-boot-starter-data-jpa-3.4.4.jar;C:\Users\nikit\.m2\repository\org\springframework\boot\spring-boot-starter-jdbc\3.4.4\spring-boot-starter-jdbc-3.4.4.jar;C:\Users\nikit\.m2\repository\org\springframework\boot\spring-boot-starter-json\3.4.4\spring-boot-starter-json-3.4.4.jar;C:\Users\nikit\.m2\repository\org\springframework\boot\spring-boot-starter-logging\3.4.4\spring-boot-starter-logging-3.4.4.jar;C:\Users\nikit\.m2\repository\org\springframework\boot\spring-boot-starter-tomcat\3.4.4\spring-boot-starter-tomcat-3.4.4.jar;C:\Users\nikit\.m2\repository\org\springframework\boot\spring-boot-starter-web\3.4.4\spring-boot-starter-web-3.4.4.jar;C:\Users\nikit\.m2\repository\org\springframework\data\spring-data-commons\3.4.4\spring-data-commons-3.4.4.jar;C:\Users\nikit\.m2\repository\org\springframework\data\spring-data-jpa\3.4.4\spring-data-jpa-3.4.4.jar;C:\Users\nikit\.m2\repository\org\yaml\snakeyaml\2.3\snakeyaml-2.3.jar
Launcher Type: SUN_STANDARD

[Global flags]
     intx CICompilerCount                          = 4                                         {product} {ergonomic}
     uint ConcGCThreads                            = 2                                         {product} {ergonomic}
     uint G1ConcRefinementThreads                  = 8                                         {product} {ergonomic}
   size_t G1HeapRegionSize                         = 1048576                                   {product} {ergonomic}
    uintx GCDrainStackTargetSize                   = 64                                        {product} {ergonomic}
   size_t InitialHeapSize                          = 117440512                                 {product} {ergonomic}
   size_t MarkStackSize                            = 4194304                                   {product} {ergonomic}
   size_t MaxHeapSize                              = 1862270976                                {product} {ergonomic}
   size_t MaxNewSize                               = 1116733440                                {product} {ergonomic}
   size_t MinHeapDeltaBytes                        = 1048576                                   {product} {ergonomic}
   size_t MinHeapSize                              = 8388608                                   {product} {ergonomic}
    uintx NonNMethodCodeHeapSize                   = 5839372                                {pd product} {ergonomic}
    uintx NonProfiledCodeHeapSize                  = 122909434                              {pd product} {ergonomic}
    uintx ProfiledCodeHeapSize                     = 122909434                              {pd product} {ergonomic}
    uintx ReservedCodeCacheSize                    = 251658240                              {pd product} {ergonomic}
     bool SegmentedCodeCache                       = true                                      {product} {ergonomic}
   size_t SoftMaxHeapSize                          = 1862270976                             {manageable} {ergonomic}
     bool UseCompressedOops                        = true                           {product lp64_product} {ergonomic}
     bool UseG1GC                                  = true                                      {product} {ergonomic}
     bool UseLargePagesIndividualAllocation        = false                                  {pd product} {ergonomic}

Logging:
Log output configuration:
 #0: stdout all=warning uptime,level,tags foldmultilines=false
 #1: stderr all=off uptime,level,tags foldmultilines=false

Environment Variables:
PATH=C:\Program Files\Common Files\Oracle\Java\javapath;C:\WINDOWS\system32;C:\WINDOWS;C:\WINDOWS\System32\Wbem;C:\WINDOWS\System32\WindowsPowerShell\v1.0\;C:\WINDOWS\System32\OpenSSH\;C:\Program Files\Git\cmd;C:\Program Files (x86)\NoteBook FanControl\;C:\Program Files\nodejs\;C:\Program Files\Docker\Docker\resources\bin;C:\Program Files\PuTTY\;C:\Users\nikit\.config\herd\bin\nvm;C:\Program Files\nodejs;C:\Program Files\Apache\mavane\bin;C:\Users\nikit\.config\herd\bin;C:\Users\nikit\AppData\Local\Programs\Python\Python313\Scripts\;C:\Users\nikit\AppData\Local\Programs\Python\Python313\;C:\Users\nikit\AppData\Local\Microsoft\WindowsApps;C:\Users\nikit\AppData\Local\Programs\Microsoft VS Code\bin;C:\Users\nikit\AppData\Roaming\npm;C:\Users\nikit\AppData\Local\Microsoft\WinGet\Packages\cURL.cURL_Microsoft.Winget.Source_8wekyb3d8bbwe\curl-8.11.0_1-win64-mingw/bin
USERNAME=nikit
OS=Windows_NT
PROCESSOR_IDENTIFIER=AMD64 Family 23 Model 24 Stepping 1, AuthenticAMD
TMP=C:\Users\nikit\AppData\Local\Temp
TEMP=C:\Users\nikit\AppData\Local\Temp




Periodic native trim disabled

---------------  S Y S T E M  ---------------

OS:
 Windows 11 , 64 bit Build 26100 (10.0.26100.3912)
OS uptime: 8 days 17:57 hours

CPU: total 8 (initial active 8) (8 cores per cpu, 2 threads per core) family 23 model 24 stepping 1 microcode 0x8108109, cx8, cmov, fxsr, ht, mmx, 3dnowpref, sse, sse2, sse3, ssse3, sse4a, sse4.1, sse4.2, popcnt, lzcnt, tsc, tscinvbit, avx, avx2, aes, clmul, bmi1, bmi2, adx, sha, fma, vzeroupper, clflush, clflushopt, rdtscp, f16c
Processor Information for all 8 processors :
  Max Mhz: 2100, Current Mhz: 2100, Mhz Limit: 2100

Memory: 4k page, system-wide physical 7103M (489M free)
TotalPageFile size 23487M (AvailPageFile size 5M)
current process WorkingSet (physical memory assigned to process): 300M, peak: 354M
current process commit charge ("private bytes"): 517M, peak: 559M

vm_info: Java HotSpot(TM) 64-Bit Server VM (21.0.3+7-LTS-152) for windows-amd64 JRE (21.0.3+7-LTS-152), built on 2024-03-11T17:42:26Z by "mach5one" with MS VC++ 17.6 (VS2022)

END.
