#
# There is insufficient memory for the Java Runtime Environment to continue.
# Native memory allocation (malloc) failed to allocate 32744 bytes for Chunk::new
# Possible reasons:
#   The system is out of physical RAM or swap space
#   The process is running with CompressedOops enabled, and the Java Heap may be blocking the growth of the native heap
# Possible solutions:
#   Reduce memory load on the system
#   Increase physical memory or swap space
#   Check if swap backing store is full
#   Decrease Java heap size (-Xmx/-Xms)
#   Decrease number of Java threads
#   Decrease Java thread stack sizes (-Xss)
#   Set larger code cache with -XX:ReservedCodeCacheSize=
#   JVM is running with Unscaled Compressed Oops mode in which the Java heap is
#     placed in the first 4GB address space. The Java Heap base address is the
#     maximum limit for the native heap growth. Please use -XX:HeapBaseMinAddress
#     to set the Java Heap base and to place the Java Heap above 4GB virtual address.
# This output file may be truncated or incomplete.
#
#  Out of Memory Error (arena.cpp:168), pid=24876, tid=25080
#
# JRE version: Java(TM) SE Runtime Environment (21.0.3+7) (build 21.0.3+7-LTS-152)
# Java VM: Java HotSpot(TM) 64-Bit Server VM (21.0.3+7-LTS-152, mixed mode, sharing, tiered, compressed oops, compressed class ptrs, g1 gc, windows-amd64)
# No core dump will be written. Minidumps are not enabled by default on client versions of Windows
#

---------------  S U M M A R Y ------------

Command Line: -Dfile.encoding=UTF-8 --module-path=C:\Users\nikit\.m2\repository\org\openjfx\javafx-base\21\javafx-base-21-win.jar;C:\Users\nikit\.m2\repository\org\openjfx\javafx-base\21\javafx-base-21.jar;C:\Users\nikit\.m2\repository\org\openjfx\javafx-controls\21\javafx-controls-21-win.jar;C:\Users\nikit\.m2\repository\org\openjfx\javafx-controls\21\javafx-controls-21.jar;C:\Users\nikit\.m2\repository\org\openjfx\javafx-fxml\21\javafx-fxml-21-win.jar;C:\Users\nikit\.m2\repository\org\openjfx\javafx-graphics\21\javafx-graphics-21-win.jar;C:\Users\nikit\.m2\repository\org\openjfx\javafx-graphics\21\javafx-graphics-21.jar --add-modules=javafx.base,javafx.controls,javafx.fxml,javafx.graphics ru.finwax.mangabuffjob.MangaBuffJobFXApplication

Host: AMD Ryzen 5 3500U with Radeon Vega Mobile Gfx  , 8 cores, 6G,  Windows 11 , 64 bit Build 26100 (10.0.26100.3912)
Time: Tue May 27 16:08:11 2025 RTZ 2 (s 11 , 64 bit Build 26100 (10.0.26100.3912) elapsed time: 142.198429 seconds (0d 0h 2m 22s)

---------------  T H R E A D  ---------------

Current thread (0x000001ca77472230):  JavaThread "C2 CompilerThread0" daemon [_thread_in_native, id=25080, stack(0x0000004738d00000,0x0000004738e00000) (1024K)]


Current CompileTask:
C2: 142198 15380       4       jdk.internal.net.http.Http1HeaderParser::parse (194 bytes)

Stack: [0x0000004738d00000,0x0000004738e00000]
Native frames: (J=compiled Java code, j=interpreted, Vv=VM code, C=native code)
V  [jvm.dll+0x6c63b9]
V  [jvm.dll+0x84fa11]
V  [jvm.dll+0x851f3e]
V  [jvm.dll+0x852613]
V  [jvm.dll+0x27cd46]
V  [jvm.dll+0xc4aad]
V  [jvm.dll+0xc4fe3]
V  [jvm.dll+0x3b6da5]
V  [jvm.dll+0x5d1fa4]
V  [jvm.dll+0x37e4b4]
V  [jvm.dll+0x37d8fa]
V  [jvm.dll+0x245b40]
V  [jvm.dll+0x24511f]
V  [jvm.dll+0x1c689e]
V  [jvm.dll+0x254609]
V  [jvm.dll+0x252b9a]
V  [jvm.dll+0x3eb056]
V  [jvm.dll+0x7f9ffb]
V  [jvm.dll+0x6c4a9d]
C  [ucrtbase.dll+0x37b0]
C  [KERNEL32.DLL+0x2e8d7]
C  [ntdll.dll+0x9c5dc]


---------------  P R O C E S S  ---------------

Threads class SMR info:
_java_thread_list=0x000001ca54f5b9d0, length=47, elements={
0x000001ca67dd5d90, 0x000001ca7744ff00, 0x000001ca77450b60, 0x000001ca7745aa90,
0x000001ca7745c860, 0x000001ca7745d2c0, 0x000001ca7745e330, 0x000001ca77472230,
0x000001ca77475a10, 0x000001ca776a1040, 0x000001ca779bdc70, 0x000001ca7c224e80,
0x000001ca7c3c8220, 0x000001ca7c2ee500, 0x000001ca7c5f3050, 0x000001ca7c60d420,
0x000001ca54942d60, 0x000001ca54943a80, 0x000001ca549447a0, 0x000001ca54944e30,
0x000001ca54942040, 0x000001ca549426d0, 0x000001ca525797d0, 0x000001ca5257ab80,
0x000001ca52579e60, 0x000001ca5257b8a0, 0x000001ca5257a4f0, 0x000001ca5257b210,
0x000001ca5257bf30, 0x000001ca52578ab0, 0x000001ca5257c5c0, 0x000001ca52579140,
0x000001ca5257f3b0, 0x000001ca5257d970, 0x000001ca5257e000, 0x000001ca525800d0,
0x000001ca5257e690, 0x000001ca5257cc50, 0x000001ca52e142d0, 0x000001ca52e17750,
0x000001ca52e14ff0, 0x000001ca52e163a0, 0x000001ca52e170c0, 0x000001ca539c4a20,
0x000001ca539c4390, 0x000001ca539c22c0, 0x000001ca539c9250
}

Java Threads: ( => current thread )
  0x000001ca67dd5d90 JavaThread "main"                              [_thread_blocked, id=27988, stack(0x0000004737f00000,0x0000004738000000) (1024K)]
  0x000001ca7744ff00 JavaThread "Reference Handler"          daemon [_thread_blocked, id=3816, stack(0x0000004738700000,0x0000004738800000) (1024K)]
  0x000001ca77450b60 JavaThread "Finalizer"                  daemon [_thread_blocked, id=24572, stack(0x0000004738800000,0x0000004738900000) (1024K)]
  0x000001ca7745aa90 JavaThread "Signal Dispatcher"          daemon [_thread_blocked, id=14928, stack(0x0000004738900000,0x0000004738a00000) (1024K)]
  0x000001ca7745c860 JavaThread "Attach Listener"            daemon [_thread_blocked, id=31788, stack(0x0000004738a00000,0x0000004738b00000) (1024K)]
  0x000001ca7745d2c0 JavaThread "Service Thread"             daemon [_thread_blocked, id=37148, stack(0x0000004738b00000,0x0000004738c00000) (1024K)]
  0x000001ca7745e330 JavaThread "Monitor Deflation Thread"   daemon [_thread_blocked, id=35352, stack(0x0000004738c00000,0x0000004738d00000) (1024K)]
=>0x000001ca77472230 JavaThread "C2 CompilerThread0"         daemon [_thread_in_native, id=25080, stack(0x0000004738d00000,0x0000004738e00000) (1024K)]
  0x000001ca77475a10 JavaThread "C1 CompilerThread0"         daemon [_thread_blocked, id=35448, stack(0x0000004738e00000,0x0000004738f00000) (1024K)]
  0x000001ca776a1040 JavaThread "Common-Cleaner"             daemon [_thread_blocked, id=2404, stack(0x0000004738f00000,0x0000004739000000) (1024K)]
  0x000001ca779bdc70 JavaThread "Notification Thread"        daemon [_thread_blocked, id=35176, stack(0x0000004739100000,0x0000004739200000) (1024K)]
  0x000001ca7c224e80 JavaThread "QuantumRenderer-0"          daemon [_thread_blocked, id=16808, stack(0x0000004739000000,0x0000004739100000) (1024K)]
  0x000001ca7c3c8220 JavaThread "InvokeLaterDispatcher"      daemon [_thread_blocked, id=32928, stack(0x0000004739400000,0x0000004739500000) (1024K)]
  0x000001ca7c2ee500 JavaThread "JavaFX Application Thread"         [_thread_in_vm, id=36648, stack(0x0000004739500000,0x0000004739600000) (1024K)]
  0x000001ca7c5f3050 JavaThread "JavaFX-Launcher"                   [_thread_blocked, id=33640, stack(0x0000004739d00000,0x0000004739e00000) (1024K)]
  0x000001ca7c60d420 JavaThread "Thread-2"                   daemon [_thread_blocked, id=4588, stack(0x0000004739c00000,0x0000004739d00000) (1024K)]
  0x000001ca54942d60 JavaThread "Prism Font Disposer"        daemon [_thread_blocked, id=37824, stack(0x000000473ac00000,0x000000473ad00000) (1024K)]
  0x000001ca54943a80 JavaThread "Cleaner-0"                  daemon [_thread_blocked, id=9972, stack(0x000000473ad00000,0x000000473ae00000) (1024K)]
  0x000001ca549447a0 JavaThread "Keep-Alive-Timer"           daemon [_thread_blocked, id=37728, stack(0x000000473ae00000,0x000000473af00000) (1024K)]
  0x000001ca54944e30 JavaThread "Forwarding actions on session d1fe67152b1ce48bb5175afef1cd50fd to remote"        [_thread_blocked, id=9976, stack(0x000000473af00000,0x000000473b000000) (1024K)]
  0x000001ca54942040 JavaThread "Forwarding get on session febce8db3ebeb79aec4f5a8208493263 to remote"        [_thread_blocked, id=34840, stack(0x000000473b000000,0x000000473b100000) (1024K)]
  0x000001ca549426d0 JavaThread "pool-4-thread-3"                   [_thread_blocked, id=35652, stack(0x000000473b100000,0x000000473b200000) (1024K)]
  0x000001ca525797d0 JavaThread "pool-3-thread-1"                   [_thread_blocked, id=29572, stack(0x000000473b200000,0x000000473b300000) (1024K)]
  0x000001ca5257ab80 JavaThread "ForkJoinPool.commonPool-worker-1" daemon [_thread_blocked, id=29260, stack(0x000000473b300000,0x000000473b400000) (1024K)]
  0x000001ca52579e60 JavaThread "HttpClient-3-SelectorManager" daemon [_thread_in_native, id=36008, stack(0x000000473b400000,0x000000473b500000) (1024K)]
  0x000001ca5257b8a0 JavaThread "HttpClient-1-SelectorManager" daemon [_thread_blocked, id=7272, stack(0x000000473b500000,0x000000473b600000) (1024K)]
  0x000001ca5257a4f0 JavaThread "HttpClient-2-SelectorManager" daemon [_thread_blocked, id=34832, stack(0x000000473b600000,0x000000473b700000) (1024K)]
  0x000001ca5257b210 JavaThread "External Process Output Forwarder - C:\Users\nikit\.cache\selenium\chromedriver\win64\136.0.7103.113\chromedriver.exe" daemon [_thread_in_native, id=24628, stack(0x000000473b700000,0x000000473b800000) (1024K)]
  0x000001ca5257bf30 JavaThread "Driver Service Executor"    daemon [_thread_blocked, id=31560, stack(0x000000473b800000,0x000000473b900000) (1024K)]
  0x000001ca52578ab0 JavaThread "Driver Service Executor"    daemon [_thread_blocked, id=15156, stack(0x000000473b900000,0x000000473ba00000) (1024K)]
  0x000001ca5257c5c0 JavaThread "External Process Output Forwarder - C:\Users\nikit\.cache\selenium\chromedriver\win64\136.0.7103.113\chromedriver.exe" daemon [_thread_in_native, id=37032, stack(0x000000473ba00000,0x000000473bb00000) (1024K)]
  0x000001ca52579140 JavaThread "Driver Service Executor"    daemon [_thread_blocked, id=17112, stack(0x000000473bb00000,0x000000473bc00000) (1024K)]
  0x000001ca5257f3b0 JavaThread "Driver Service Executor"    daemon [_thread_blocked, id=36856, stack(0x000000473bd00000,0x000000473be00000) (1024K)]
  0x000001ca5257d970 JavaThread "External Process Output Forwarder - C:\Users\nikit\.cache\selenium\chromedriver\win64\136.0.7103.113\chromedriver.exe" daemon [_thread_in_native, id=36740, stack(0x000000473bf00000,0x000000473c000000) (1024K)]
  0x000001ca5257e000 JavaThread "Driver Service Executor"    daemon [_thread_blocked, id=35136, stack(0x000000473c000000,0x000000473c100000) (1024K)]
  0x000001ca525800d0 JavaThread "Driver Service Executor"    daemon [_thread_blocked, id=23556, stack(0x000000473c100000,0x000000473c200000) (1024K)]
  0x000001ca5257e690 JavaThread "JdkHttpClient-2-0"          daemon [_thread_blocked, id=8320, stack(0x000000473a300000,0x000000473a400000) (1024K)]
  0x000001ca5257cc50 JavaThread "JdkHttpClient-1-0"          daemon [_thread_blocked, id=5848, stack(0x000000473aa00000,0x000000473ab00000) (1024K)]
  0x000001ca52e142d0 JavaThread "JdkHttpClient-0-0"          daemon [_thread_blocked, id=14572, stack(0x000000473c300000,0x000000473c400000) (1024K)]
  0x000001ca52e17750 JavaThread "CompletableFutureDelayScheduler" daemon [_thread_blocked, id=34484, stack(0x000000473c400000,0x000000473c500000) (1024K)]
  0x000001ca52e14ff0 JavaThread "JdkHttpClient-1-1"          daemon [_thread_blocked, id=35648, stack(0x000000473c600000,0x000000473c700000) (1024K)]
  0x000001ca52e163a0 JavaThread "JdkHttpClient-0-1"          daemon [_thread_blocked, id=10632, stack(0x000000473c800000,0x000000473c900000) (1024K)]
  0x000001ca52e170c0 JavaThread "JdkHttpClient-1-2"          daemon [_thread_blocked, id=30888, stack(0x000000473cb00000,0x000000473cc00000) (1024K)]
  0x000001ca539c4a20 JavaThread "JdkHttpClient-0-3"          daemon [_thread_blocked, id=19916, stack(0x000000473ce00000,0x000000473cf00000) (1024K)]
  0x000001ca539c4390 JavaThread "HttpClient-4-SelectorManager" daemon [_thread_blocked, id=31712, stack(0x000000473cf00000,0x000000473d000000) (1024K)]
  0x000001ca539c22c0 JavaThread "HttpClient-5-SelectorManager" daemon [_thread_blocked, id=35832, stack(0x000000473d000000,0x000000473d100000) (1024K)]
  0x000001ca539c9250 JavaThread "HttpClient-6-SelectorManager" daemon [_thread_blocked, id=35024, stack(0x000000473d700000,0x000000473d800000) (1024K)]
Total: 47

Other Threads:
  0x000001ca7742e190 VMThread "VM Thread"                           [id=30420, stack(0x0000004738600000,0x0000004738700000) (1024K)] _threads_hazard_ptr=0x000001ca54f5b9d0
  0x000001ca77410cb0 WatcherThread "VM Periodic Task Thread"        [id=35232, stack(0x0000004738500000,0x0000004738600000) (1024K)]
  0x000001ca6a008be0 WorkerThread "GC Thread#0"                     [id=4368, stack(0x0000004738000000,0x0000004738100000) (1024K)]
  0x000001ca7c6fa160 WorkerThread "GC Thread#1"                     [id=23080, stack(0x0000004739e00000,0x0000004739f00000) (1024K)]
  0x000001ca7ee9a140 WorkerThread "GC Thread#2"                     [id=37820, stack(0x0000004739f00000,0x000000473a000000) (1024K)]
  0x000001ca7ee9a8f0 WorkerThread "GC Thread#3"                     [id=30052, stack(0x000000473a000000,0x000000473a100000) (1024K)]
  0x000001ca7c78be70 WorkerThread "GC Thread#4"                     [id=29128, stack(0x000000473a100000,0x000000473a200000) (1024K)]
  0x000001ca7c78c210 WorkerThread "GC Thread#5"                     [id=1492, stack(0x000000473a200000,0x000000473a300000) (1024K)]
  0x000001ca7f5bb140 WorkerThread "GC Thread#6"                     [id=32784, stack(0x000000473a500000,0x000000473a600000) (1024K)]
  0x000001ca7f5bb880 WorkerThread "GC Thread#7"                     [id=30200, stack(0x000000473a600000,0x000000473a700000) (1024K)]
  0x000001ca6a017b20 ConcurrentGCThread "G1 Main Marker"            [id=20916, stack(0x0000004738100000,0x0000004738200000) (1024K)]
  0x000001ca6a01a990 WorkerThread "G1 Conc#0"                       [id=24584, stack(0x0000004738200000,0x0000004738300000) (1024K)]
  0x000001ca7f5bbc20 WorkerThread "G1 Conc#1"                       [id=33764, stack(0x000000473a400000,0x000000473a500000) (1024K)]
  0x000001ca772e4500 ConcurrentGCThread "G1 Refine#0"               [id=37668, stack(0x0000004738300000,0x0000004738400000) (1024K)]
  0x000001ca6a0698e0 ConcurrentGCThread "G1 Service"                [id=37564, stack(0x0000004738400000,0x0000004738500000) (1024K)]
Total: 15

Threads with active compile tasks:
C2 CompilerThread0   142237 15380       4       jdk.internal.net.http.Http1HeaderParser::parse (194 bytes)
Total: 1

VM state: synchronizing (normal execution)

VM Mutex/Monitor currently owned by a thread:  ([mutex/lock_event])
[0x00007fffdc8e2da8] Threads_lock - owner thread: 0x000001ca7742e190

Heap address: 0x0000000091000000, size: 1776 MB, Compressed Oops mode: 32-bit

CDS archive(s) mapped at: [0x000001ca0f000000-0x000001ca0fc90000-0x000001ca0fc90000), size 13172736, SharedBaseAddress: 0x000001ca0f000000, ArchiveRelocationMode: 1.
Compressed class space mapped at: 0x000001ca10000000-0x000001ca50000000, reserved size: 1073741824
Narrow klass base: 0x000001ca0f000000, Narrow klass shift: 0, Narrow klass range: 0x100000000

GC Precious Log:
 CardTable entry size: 512
 Card Set container configuration: InlinePtr #cards 5 size 8 Array Of Cards #cards 12 size 40 Howl #buckets 4 coarsen threshold 1843 Howl Bitmap #cards 512 size 80 coarsen threshold 460 Card regions per heap region 1 cards per card region 2048
 CPUs: 8 total, 8 available
 Memory: 7103M
 Large Page Support: Disabled
 NUMA Support: Disabled
 Compressed Oops: Enabled (32-bit)
 Heap Region Size: 1M
 Heap Min Capacity: 8M
 Heap Initial Capacity: 112M
 Heap Max Capacity: 1776M
 Pre-touch: Disabled
 Parallel Workers: 8
 Concurrent Workers: 2
 Concurrent Refinement Workers: 8
 Periodic GC: Disabled

Heap:
 garbage-first heap   total 148480K, used 98395K [0x0000000091000000, 0x0000000100000000)
  region size 1024K, 37 young (37888K), 3 survivors (3072K)
 Metaspace       used 95091K, committed 96000K, reserved 1179648K
  class space    used 12911K, committed 13312K, reserved 1048576K

Heap Regions: E=young(eden), S=young(survivor), O=old, HS=humongous(starts), HC=humongous(continues), CS=collection set, F=free, TAMS=top-at-mark-start, PB=parsable bottom
|   0|0x0000000091000000, 0x0000000091100000, 0x0000000091100000|100%|HS|  |TAMS 0x0000000091000000| PB 0x0000000091000000| Complete 
|   1|0x0000000091100000, 0x0000000091200000, 0x0000000091200000|100%| O|  |TAMS 0x0000000091100000| PB 0x0000000091100000| Untracked 
|   2|0x0000000091200000, 0x0000000091300000, 0x0000000091300000|100%|HS|  |TAMS 0x0000000091200000| PB 0x0000000091200000| Complete 
|   3|0x0000000091300000, 0x0000000091400000, 0x0000000091400000|100%| O|  |TAMS 0x0000000091300000| PB 0x0000000091300000| Untracked 
|   4|0x0000000091400000, 0x0000000091500000, 0x0000000091500000|100%|HS|  |TAMS 0x0000000091400000| PB 0x0000000091400000| Complete 
|   5|0x0000000091500000, 0x0000000091600000, 0x0000000091600000|100%| O|  |TAMS 0x0000000091500000| PB 0x0000000091500000| Untracked 
|   6|0x0000000091600000, 0x0000000091700000, 0x0000000091700000|100%| O|  |TAMS 0x0000000091600000| PB 0x0000000091600000| Untracked 
|   7|0x0000000091700000, 0x0000000091800000, 0x0000000091800000|100%| O|  |TAMS 0x0000000091700000| PB 0x0000000091700000| Untracked 
|   8|0x0000000091800000, 0x0000000091900000, 0x0000000091900000|100%| O|  |TAMS 0x0000000091800000| PB 0x0000000091800000| Untracked 
|   9|0x0000000091900000, 0x0000000091a00000, 0x0000000091a00000|100%| O|  |TAMS 0x0000000091900000| PB 0x0000000091900000| Untracked 
|  10|0x0000000091a00000, 0x0000000091b00000, 0x0000000091b00000|100%| O|  |TAMS 0x0000000091a00000| PB 0x0000000091a00000| Untracked 
|  11|0x0000000091b00000, 0x0000000091c00000, 0x0000000091c00000|100%| O|  |TAMS 0x0000000091b00000| PB 0x0000000091b00000| Untracked 
|  12|0x0000000091c00000, 0x0000000091d00000, 0x0000000091d00000|100%| O|  |TAMS 0x0000000091c00000| PB 0x0000000091c00000| Untracked 
|  13|0x0000000091d00000, 0x0000000091e00000, 0x0000000091e00000|100%| O|  |TAMS 0x0000000091d00000| PB 0x0000000091d00000| Untracked 
|  14|0x0000000091e00000, 0x0000000091f00000, 0x0000000091f00000|100%| O|  |TAMS 0x0000000091e00000| PB 0x0000000091e00000| Untracked 
|  15|0x0000000091f00000, 0x0000000092000000, 0x0000000092000000|100%| O|  |TAMS 0x0000000091f00000| PB 0x0000000091f00000| Untracked 
|  16|0x0000000092000000, 0x0000000092100000, 0x0000000092100000|100%| O|  |TAMS 0x0000000092000000| PB 0x0000000092000000| Untracked 
|  17|0x0000000092100000, 0x0000000092200000, 0x0000000092200000|100%| O|  |TAMS 0x0000000092100000| PB 0x0000000092100000| Untracked 
|  18|0x0000000092200000, 0x0000000092300000, 0x0000000092300000|100%| O|  |TAMS 0x0000000092200000| PB 0x0000000092200000| Untracked 
|  19|0x0000000092300000, 0x0000000092400000, 0x0000000092400000|100%| O|  |TAMS 0x0000000092300000| PB 0x0000000092300000| Untracked 
|  20|0x0000000092400000, 0x0000000092500000, 0x0000000092500000|100%| O|  |TAMS 0x0000000092400000| PB 0x0000000092400000| Untracked 
|  21|0x0000000092500000, 0x0000000092600000, 0x0000000092600000|100%| O|  |TAMS 0x0000000092500000| PB 0x0000000092500000| Untracked 
|  22|0x0000000092600000, 0x0000000092700000, 0x0000000092700000|100%| O|  |TAMS 0x0000000092600000| PB 0x0000000092600000| Untracked 
|  23|0x0000000092700000, 0x0000000092800000, 0x0000000092800000|100%| O|  |TAMS 0x0000000092700000| PB 0x0000000092700000| Untracked 
|  24|0x0000000092800000, 0x0000000092900000, 0x0000000092900000|100%| O|  |TAMS 0x0000000092800000| PB 0x0000000092800000| Untracked 
|  25|0x0000000092900000, 0x0000000092a00000, 0x0000000092a00000|100%| O|  |TAMS 0x0000000092900000| PB 0x0000000092900000| Untracked 
|  26|0x0000000092a00000, 0x0000000092b00000, 0x0000000092b00000|100%| O|  |TAMS 0x0000000092a00000| PB 0x0000000092a00000| Untracked 
|  27|0x0000000092b00000, 0x0000000092c00000, 0x0000000092c00000|100%| O|  |TAMS 0x0000000092b00000| PB 0x0000000092b00000| Untracked 
|  28|0x0000000092c00000, 0x0000000092d00000, 0x0000000092d00000|100%| O|  |TAMS 0x0000000092c00000| PB 0x0000000092c00000| Untracked 
|  29|0x0000000092d00000, 0x0000000092e00000, 0x0000000092e00000|100%| O|  |TAMS 0x0000000092d00000| PB 0x0000000092d00000| Untracked 
|  30|0x0000000092e00000, 0x0000000092f00000, 0x0000000092f00000|100%| O|  |TAMS 0x0000000092e00000| PB 0x0000000092e00000| Untracked 
|  31|0x0000000092f00000, 0x0000000093000000, 0x0000000093000000|100%| O|  |TAMS 0x0000000092f00000| PB 0x0000000092f00000| Untracked 
|  32|0x0000000093000000, 0x0000000093016fc8, 0x0000000093100000|  8%| O|  |TAMS 0x0000000093000000| PB 0x0000000093000000| Untracked 
|  33|0x0000000093100000, 0x0000000093200000, 0x0000000093200000|100%| O|  |TAMS 0x0000000093100000| PB 0x0000000093100000| Untracked 
|  34|0x0000000093200000, 0x0000000093200000, 0x0000000093300000|  0%| F|  |TAMS 0x0000000093200000| PB 0x0000000093200000| Untracked 
|  35|0x0000000093300000, 0x0000000093400000, 0x0000000093400000|100%|HS|  |TAMS 0x0000000093300000| PB 0x0000000093300000| Complete 
|  36|0x0000000093400000, 0x0000000093500000, 0x0000000093500000|100%| O|  |TAMS 0x0000000093400000| PB 0x0000000093400000| Untracked 
|  37|0x0000000093500000, 0x0000000093600000, 0x0000000093600000|100%| O|  |TAMS 0x0000000093500000| PB 0x0000000093500000| Untracked 
|  38|0x0000000093600000, 0x0000000093700000, 0x0000000093700000|100%| O|  |TAMS 0x0000000093600000| PB 0x0000000093600000| Untracked 
|  39|0x0000000093700000, 0x0000000093800000, 0x0000000093800000|100%| O|  |TAMS 0x0000000093700000| PB 0x0000000093700000| Untracked 
|  40|0x0000000093800000, 0x0000000093900000, 0x0000000093900000|100%| O|  |TAMS 0x0000000093800000| PB 0x0000000093800000| Untracked 
|  41|0x0000000093900000, 0x0000000093900000, 0x0000000093a00000|  0%| F|  |TAMS 0x0000000093900000| PB 0x0000000093900000| Untracked 
|  42|0x0000000093a00000, 0x0000000093b00000, 0x0000000093b00000|100%| O|  |TAMS 0x0000000093a00000| PB 0x0000000093a00000| Untracked 
|  43|0x0000000093b00000, 0x0000000093c00000, 0x0000000093c00000|100%|HS|  |TAMS 0x0000000093b00000| PB 0x0000000093b00000| Complete 
|  44|0x0000000093c00000, 0x0000000093d00000, 0x0000000093d00000|100%|HC|  |TAMS 0x0000000093c00000| PB 0x0000000093c00000| Complete 
|  45|0x0000000093d00000, 0x0000000093e00000, 0x0000000093e00000|100%| O|  |TAMS 0x0000000093d00000| PB 0x0000000093d00000| Untracked 
|  46|0x0000000093e00000, 0x0000000093f00000, 0x0000000093f00000|100%| O|  |TAMS 0x0000000093e00000| PB 0x0000000093e00000| Untracked 
|  47|0x0000000093f00000, 0x0000000094000000, 0x0000000094000000|100%| O|  |TAMS 0x0000000093f00000| PB 0x0000000093f00000| Untracked 
|  48|0x0000000094000000, 0x0000000094100000, 0x0000000094100000|100%| O|  |TAMS 0x0000000094000000| PB 0x0000000094000000| Untracked 
|  49|0x0000000094100000, 0x0000000094200000, 0x0000000094200000|100%| O|  |TAMS 0x0000000094100000| PB 0x0000000094100000| Untracked 
|  50|0x0000000094200000, 0x0000000094200000, 0x0000000094300000|  0%| F|  |TAMS 0x0000000094200000| PB 0x0000000094200000| Untracked 
|  51|0x0000000094300000, 0x0000000094300000, 0x0000000094400000|  0%| F|  |TAMS 0x0000000094300000| PB 0x0000000094300000| Untracked 
|  52|0x0000000094400000, 0x0000000094400000, 0x0000000094500000|  0%| F|  |TAMS 0x0000000094400000| PB 0x0000000094400000| Untracked 
|  53|0x0000000094500000, 0x0000000094600000, 0x0000000094600000|100%| O|  |TAMS 0x0000000094500000| PB 0x0000000094500000| Untracked 
|  54|0x0000000094600000, 0x0000000094700000, 0x0000000094700000|100%| O|  |TAMS 0x0000000094600000| PB 0x0000000094600000| Untracked 
|  55|0x0000000094700000, 0x0000000094800000, 0x0000000094800000|100%| O|  |TAMS 0x0000000094700000| PB 0x0000000094700000| Untracked 
|  56|0x0000000094800000, 0x0000000094900000, 0x0000000094900000|100%| O|  |TAMS 0x0000000094800000| PB 0x0000000094800000| Untracked 
|  57|0x0000000094900000, 0x0000000094900000, 0x0000000094a00000|  0%| F|  |TAMS 0x0000000094900000| PB 0x0000000094900000| Untracked 
|  58|0x0000000094a00000, 0x0000000094a00000, 0x0000000094b00000|  0%| F|  |TAMS 0x0000000094a00000| PB 0x0000000094a00000| Untracked 
|  59|0x0000000094b00000, 0x0000000094b00000, 0x0000000094c00000|  0%| F|  |TAMS 0x0000000094b00000| PB 0x0000000094b00000| Untracked 
|  60|0x0000000094c00000, 0x0000000094c00000, 0x0000000094d00000|  0%| F|  |TAMS 0x0000000094c00000| PB 0x0000000094c00000| Untracked 
|  61|0x0000000094d00000, 0x0000000094d00000, 0x0000000094e00000|  0%| F|  |TAMS 0x0000000094d00000| PB 0x0000000094d00000| Untracked 
|  62|0x0000000094e00000, 0x0000000094e00000, 0x0000000094f00000|  0%| F|  |TAMS 0x0000000094e00000| PB 0x0000000094e00000| Untracked 
|  63|0x0000000094f00000, 0x0000000094f00000, 0x0000000095000000|  0%| F|  |TAMS 0x0000000094f00000| PB 0x0000000094f00000| Untracked 
|  64|0x0000000095000000, 0x0000000095100000, 0x0000000095100000|100%| O|  |TAMS 0x0000000095000000| PB 0x0000000095000000| Untracked 
|  65|0x0000000095100000, 0x0000000095200000, 0x0000000095200000|100%| O|  |TAMS 0x0000000095100000| PB 0x0000000095100000| Untracked 
|  66|0x0000000095200000, 0x0000000095200000, 0x0000000095300000|  0%| F|  |TAMS 0x0000000095200000| PB 0x0000000095200000| Untracked 
|  67|0x0000000095300000, 0x0000000095300000, 0x0000000095400000|  0%| F|  |TAMS 0x0000000095300000| PB 0x0000000095300000| Untracked 
|  68|0x0000000095400000, 0x00000000954ffe28, 0x0000000095500000| 99%| S|CS|TAMS 0x0000000095400000| PB 0x0000000095400000| Complete 
|  69|0x0000000095500000, 0x0000000095600000, 0x0000000095600000|100%| S|CS|TAMS 0x0000000095500000| PB 0x0000000095500000| Complete 
|  70|0x0000000095600000, 0x0000000095700000, 0x0000000095700000|100%| S|CS|TAMS 0x0000000095600000| PB 0x0000000095600000| Complete 
|  71|0x0000000095700000, 0x0000000095700000, 0x0000000095800000|  0%| F|  |TAMS 0x0000000095700000| PB 0x0000000095700000| Untracked 
|  72|0x0000000095800000, 0x0000000095800000, 0x0000000095900000|  0%| F|  |TAMS 0x0000000095800000| PB 0x0000000095800000| Untracked 
|  73|0x0000000095900000, 0x0000000095a00000, 0x0000000095a00000|100%| O|  |TAMS 0x0000000095900000| PB 0x0000000095900000| Untracked 
|  74|0x0000000095a00000, 0x0000000095a00000, 0x0000000095b00000|  0%| F|  |TAMS 0x0000000095a00000| PB 0x0000000095a00000| Untracked 
|  75|0x0000000095b00000, 0x0000000095c00000, 0x0000000095c00000|100%| O|  |TAMS 0x0000000095b00000| PB 0x0000000095b00000| Untracked 
|  76|0x0000000095c00000, 0x0000000095c00000, 0x0000000095d00000|  0%| F|  |TAMS 0x0000000095c00000| PB 0x0000000095c00000| Untracked 
|  77|0x0000000095d00000, 0x0000000095d00000, 0x0000000095e00000|  0%| F|  |TAMS 0x0000000095d00000| PB 0x0000000095d00000| Untracked 
|  78|0x0000000095e00000, 0x0000000095e00000, 0x0000000095f00000|  0%| F|  |TAMS 0x0000000095e00000| PB 0x0000000095e00000| Untracked 
|  79|0x0000000095f00000, 0x0000000096000000, 0x0000000096000000|100%|HS|  |TAMS 0x0000000095f00000| PB 0x0000000095f00000| Complete 
|  80|0x0000000096000000, 0x0000000096100000, 0x0000000096100000|100%|HS|  |TAMS 0x0000000096000000| PB 0x0000000096000000| Complete 
|  81|0x0000000096100000, 0x0000000096100000, 0x0000000096200000|  0%| F|  |TAMS 0x0000000096100000| PB 0x0000000096100000| Untracked 
|  82|0x0000000096200000, 0x0000000096200000, 0x0000000096300000|  0%| F|  |TAMS 0x0000000096200000| PB 0x0000000096200000| Untracked 
|  83|0x0000000096300000, 0x0000000096300000, 0x0000000096400000|  0%| F|  |TAMS 0x0000000096300000| PB 0x0000000096300000| Untracked 
|  84|0x0000000096400000, 0x0000000096400000, 0x0000000096500000|  0%| F|  |TAMS 0x0000000096400000| PB 0x0000000096400000| Untracked 
|  85|0x0000000096500000, 0x0000000096500000, 0x0000000096600000|  0%| F|  |TAMS 0x0000000096500000| PB 0x0000000096500000| Untracked 
|  86|0x0000000096600000, 0x0000000096600000, 0x0000000096700000|  0%| F|  |TAMS 0x0000000096600000| PB 0x0000000096600000| Untracked 
|  87|0x0000000096700000, 0x0000000096700000, 0x0000000096800000|  0%| F|  |TAMS 0x0000000096700000| PB 0x0000000096700000| Untracked 
|  88|0x0000000096800000, 0x0000000096800000, 0x0000000096900000|  0%| F|  |TAMS 0x0000000096800000| PB 0x0000000096800000| Untracked 
|  89|0x0000000096900000, 0x0000000096900000, 0x0000000096a00000|  0%| F|  |TAMS 0x0000000096900000| PB 0x0000000096900000| Untracked 
|  90|0x0000000096a00000, 0x0000000096a00000, 0x0000000096b00000|  0%| F|  |TAMS 0x0000000096a00000| PB 0x0000000096a00000| Untracked 
|  91|0x0000000096b00000, 0x0000000096b00000, 0x0000000096c00000|  0%| F|  |TAMS 0x0000000096b00000| PB 0x0000000096b00000| Untracked 
|  92|0x0000000096c00000, 0x0000000096c00000, 0x0000000096d00000|  0%| F|  |TAMS 0x0000000096c00000| PB 0x0000000096c00000| Untracked 
|  93|0x0000000096d00000, 0x0000000096d00000, 0x0000000096e00000|  0%| F|  |TAMS 0x0000000096d00000| PB 0x0000000096d00000| Untracked 
|  94|0x0000000096e00000, 0x0000000096e00000, 0x0000000096f00000|  0%| F|  |TAMS 0x0000000096e00000| PB 0x0000000096e00000| Untracked 
|  95|0x0000000096f00000, 0x0000000096f00000, 0x0000000097000000|  0%| F|  |TAMS 0x0000000096f00000| PB 0x0000000096f00000| Untracked 
|  96|0x0000000097000000, 0x0000000097100000, 0x0000000097100000|100%|HS|  |TAMS 0x0000000097000000| PB 0x0000000097000000| Complete 
|  97|0x0000000097100000, 0x0000000097200000, 0x0000000097200000|100%|HS|  |TAMS 0x0000000097100000| PB 0x0000000097100000| Complete 
|  98|0x0000000097200000, 0x0000000097300000, 0x0000000097300000|100%|HS|  |TAMS 0x0000000097200000| PB 0x0000000097200000| Complete 
|  99|0x0000000097300000, 0x0000000097400000, 0x0000000097400000|100%|HS|  |TAMS 0x0000000097300000| PB 0x0000000097300000| Complete 
| 100|0x0000000097400000, 0x0000000097400000, 0x0000000097500000|  0%| F|  |TAMS 0x0000000097400000| PB 0x0000000097400000| Untracked 
| 101|0x0000000097500000, 0x0000000097500000, 0x0000000097600000|  0%| F|  |TAMS 0x0000000097500000| PB 0x0000000097500000| Untracked 
| 102|0x0000000097600000, 0x0000000097600000, 0x0000000097700000|  0%| F|  |TAMS 0x0000000097600000| PB 0x0000000097600000| Untracked 
| 103|0x0000000097700000, 0x0000000097700000, 0x0000000097800000|  0%| F|  |TAMS 0x0000000097700000| PB 0x0000000097700000| Untracked 
| 104|0x0000000097800000, 0x0000000097800000, 0x0000000097900000|  0%| F|  |TAMS 0x0000000097800000| PB 0x0000000097800000| Untracked 
| 105|0x0000000097900000, 0x0000000097900000, 0x0000000097a00000|  0%| F|  |TAMS 0x0000000097900000| PB 0x0000000097900000| Untracked 
| 106|0x0000000097a00000, 0x0000000097a00000, 0x0000000097b00000|  0%| F|  |TAMS 0x0000000097a00000| PB 0x0000000097a00000| Untracked 
| 107|0x0000000097b00000, 0x0000000097b00000, 0x0000000097c00000|  0%| F|  |TAMS 0x0000000097b00000| PB 0x0000000097b00000| Untracked 
| 108|0x0000000097c00000, 0x0000000097c00000, 0x0000000097d00000|  0%| F|  |TAMS 0x0000000097c00000| PB 0x0000000097c00000| Untracked 
| 109|0x0000000097d00000, 0x0000000097d00000, 0x0000000097e00000|  0%| F|  |TAMS 0x0000000097d00000| PB 0x0000000097d00000| Untracked 
| 110|0x0000000097e00000, 0x0000000097e00000, 0x0000000097f00000|  0%| F|  |TAMS 0x0000000097e00000| PB 0x0000000097e00000| Untracked 
| 111|0x0000000097f00000, 0x0000000098000000, 0x0000000098000000|100%| E|  |TAMS 0x0000000097f00000| PB 0x0000000097f00000| Complete 
| 112|0x0000000098000000, 0x0000000098100000, 0x0000000098100000|100%| E|CS|TAMS 0x0000000098000000| PB 0x0000000098000000| Complete 
| 113|0x0000000098100000, 0x0000000098200000, 0x0000000098200000|100%| E|  |TAMS 0x0000000098100000| PB 0x0000000098100000| Complete 
| 114|0x0000000098200000, 0x0000000098300000, 0x0000000098300000|100%| E|CS|TAMS 0x0000000098200000| PB 0x0000000098200000| Complete 
| 115|0x0000000098300000, 0x0000000098400000, 0x0000000098400000|100%| E|CS|TAMS 0x0000000098300000| PB 0x0000000098300000| Complete 
| 116|0x0000000098400000, 0x0000000098500000, 0x0000000098500000|100%| E|CS|TAMS 0x0000000098400000| PB 0x0000000098400000| Complete 
| 117|0x0000000098500000, 0x0000000098600000, 0x0000000098600000|100%| E|CS|TAMS 0x0000000098500000| PB 0x0000000098500000| Complete 
| 118|0x0000000098600000, 0x0000000098700000, 0x0000000098700000|100%| E|CS|TAMS 0x0000000098600000| PB 0x0000000098600000| Complete 
| 119|0x0000000098700000, 0x0000000098800000, 0x0000000098800000|100%| E|CS|TAMS 0x0000000098700000| PB 0x0000000098700000| Complete 
| 120|0x0000000098800000, 0x0000000098900000, 0x0000000098900000|100%| E|CS|TAMS 0x0000000098800000| PB 0x0000000098800000| Complete 
| 121|0x0000000098900000, 0x0000000098a00000, 0x0000000098a00000|100%| E|CS|TAMS 0x0000000098900000| PB 0x0000000098900000| Complete 
| 122|0x0000000098a00000, 0x0000000098b00000, 0x0000000098b00000|100%| E|CS|TAMS 0x0000000098a00000| PB 0x0000000098a00000| Complete 
| 123|0x0000000098b00000, 0x0000000098c00000, 0x0000000098c00000|100%| E|CS|TAMS 0x0000000098b00000| PB 0x0000000098b00000| Complete 
| 124|0x0000000098c00000, 0x0000000098d00000, 0x0000000098d00000|100%| E|CS|TAMS 0x0000000098c00000| PB 0x0000000098c00000| Complete 
| 125|0x0000000098d00000, 0x0000000098e00000, 0x0000000098e00000|100%| E|CS|TAMS 0x0000000098d00000| PB 0x0000000098d00000| Complete 
| 126|0x0000000098e00000, 0x0000000098f00000, 0x0000000098f00000|100%| E|CS|TAMS 0x0000000098e00000| PB 0x0000000098e00000| Complete 
| 127|0x0000000098f00000, 0x0000000099000000, 0x0000000099000000|100%| E|CS|TAMS 0x0000000098f00000| PB 0x0000000098f00000| Complete 
| 128|0x0000000099000000, 0x0000000099100000, 0x0000000099100000|100%| E|CS|TAMS 0x0000000099000000| PB 0x0000000099000000| Complete 
| 129|0x0000000099100000, 0x0000000099200000, 0x0000000099200000|100%| E|CS|TAMS 0x0000000099100000| PB 0x0000000099100000| Complete 
| 130|0x0000000099200000, 0x0000000099300000, 0x0000000099300000|100%| E|CS|TAMS 0x0000000099200000| PB 0x0000000099200000| Complete 
| 131|0x0000000099300000, 0x0000000099400000, 0x0000000099400000|100%| E|CS|TAMS 0x0000000099300000| PB 0x0000000099300000| Complete 
| 132|0x0000000099400000, 0x0000000099500000, 0x0000000099500000|100%| E|CS|TAMS 0x0000000099400000| PB 0x0000000099400000| Complete 
| 133|0x0000000099500000, 0x0000000099600000, 0x0000000099600000|100%| E|CS|TAMS 0x0000000099500000| PB 0x0000000099500000| Complete 
| 134|0x0000000099600000, 0x0000000099700000, 0x0000000099700000|100%| E|CS|TAMS 0x0000000099600000| PB 0x0000000099600000| Complete 
| 135|0x0000000099700000, 0x0000000099800000, 0x0000000099800000|100%| E|CS|TAMS 0x0000000099700000| PB 0x0000000099700000| Complete 
| 136|0x0000000099800000, 0x0000000099900000, 0x0000000099900000|100%| E|CS|TAMS 0x0000000099800000| PB 0x0000000099800000| Complete 
| 137|0x0000000099900000, 0x0000000099a00000, 0x0000000099a00000|100%| E|CS|TAMS 0x0000000099900000| PB 0x0000000099900000| Complete 
|1769|0x00000000ff900000, 0x00000000ffa00000, 0x00000000ffa00000|100%| E|CS|TAMS 0x00000000ff900000| PB 0x00000000ff900000| Complete 
|1770|0x00000000ffa00000, 0x00000000ffb00000, 0x00000000ffb00000|100%| E|CS|TAMS 0x00000000ffa00000| PB 0x00000000ffa00000| Complete 
|1771|0x00000000ffb00000, 0x00000000ffc00000, 0x00000000ffc00000|100%| E|CS|TAMS 0x00000000ffb00000| PB 0x00000000ffb00000| Complete 
|1772|0x00000000ffc00000, 0x00000000ffd00000, 0x00000000ffd00000|100%| E|CS|TAMS 0x00000000ffc00000| PB 0x00000000ffc00000| Complete 
|1773|0x00000000ffd00000, 0x00000000ffe00000, 0x00000000ffe00000|100%| E|CS|TAMS 0x00000000ffd00000| PB 0x00000000ffd00000| Complete 
|1774|0x00000000ffe00000, 0x00000000fff00000, 0x00000000fff00000|100%| E|CS|TAMS 0x00000000ffe00000| PB 0x00000000ffe00000| Complete 
|1775|0x00000000fff00000, 0x0000000100000000, 0x0000000100000000|100%| E|CS|TAMS 0x00000000fff00000| PB 0x00000000fff00000| Complete 

Card table byte_map: [0x000001ca72ad0000,0x000001ca72e50000] _byte_map_base: 0x000001ca72648000

Marking Bits: (CMBitMap*) 0x000001ca6a0092e0
 Bits: [0x000001ca72e50000, 0x000001ca74a10000)

Polling page: 0x000001ca69730000

Metaspace:

Usage:
  Non-class:     80.25 MB used.
      Class:     12.61 MB used.
       Both:     92.86 MB used.

Virtual space:
  Non-class space:      128.00 MB reserved,      80.75 MB ( 63%) committed,  2 nodes.
      Class space:        1.00 GB reserved,      13.00 MB (  1%) committed,  1 nodes.
             Both:        1.12 GB reserved,      93.75 MB (  8%) committed. 

Chunk freelists:
   Non-Class:  14.48 MB
       Class:  2.95 MB
        Both:  17.44 MB

MaxMetaspaceSize: unlimited
CompressedClassSpaceSize: 1.00 GB
Initial GC threshold: 21.00 MB
Current GC threshold: 155.00 MB
CDS: on
 - commit_granule_bytes: 65536.
 - commit_granule_words: 8192.
 - virtual_space_node_default_size: 8388608.
 - enlarge_chunks_in_place: 1.
 - use_allocation_guard: 0.


Internal statistics:

num_allocs_failed_limit: 12.
num_arena_births: 1398.
num_arena_deaths: 8.
num_vsnodes_births: 3.
num_vsnodes_deaths: 0.
num_space_committed: 1500.
num_space_uncommitted: 0.
num_chunks_returned_to_freelist: 24.
num_chunks_taken_from_freelist: 4908.
num_chunk_merges: 16.
num_chunk_splits: 3439.
num_chunks_enlarged: 2538.
num_inconsistent_stats: 0.

CodeHeap 'non-profiled nmethods': size=120000Kb used=8307Kb max_used=8307Kb free=111692Kb
 bounds [0x000001ca07ad0000, 0x000001ca082f0000, 0x000001ca0f000000]
CodeHeap 'profiled nmethods': size=120000Kb used=27166Kb max_used=27166Kb free=92833Kb
 bounds [0x000001ca00000000, 0x000001ca01a90000, 0x000001ca07530000]
CodeHeap 'non-nmethods': size=5760Kb used=2157Kb max_used=2195Kb free=3603Kb
 bounds [0x000001ca07530000, 0x000001ca077a0000, 0x000001ca07ad0000]
 total_blobs=14344 nmethods=13260 adapters=986
 compilation: enabled
              stopped_count=0, restarted_count=0
 full_count=0

Compilation events (20 events):
Event: 135.240 Thread 0x000001ca77475a10 nmethod 15370 0x000001ca01a85390 code [0x000001ca01a85540, 0x000001ca01a85680]
Event: 135.635 Thread 0x000001ca77475a10 15371       3       java.util.ArrayList::shiftTailOverGap (53 bytes)
Event: 135.635 Thread 0x000001ca77475a10 nmethod 15371 0x000001ca01a85710 code [0x000001ca01a858e0, 0x000001ca01a85d38]
Event: 135.746 Thread 0x000001ca77475a10 15372   !   3       java.util.concurrent.LinkedBlockingDeque::takeFirst (47 bytes)
Event: 135.746 Thread 0x000001ca77475a10 nmethod 15372 0x000001ca01a85e90 code [0x000001ca01a86100, 0x000001ca01a86b88]
Event: 136.189 Thread 0x000001ca77472230 15373       4       org.openqa.selenium.json.JsonOutput::asString (41 bytes)
Event: 136.215 Thread 0x000001ca77472230 nmethod 15373 0x000001ca082e8510 code [0x000001ca082e8820, 0x000001ca082e9fa8]
Event: 136.473 Thread 0x000001ca77475a10 15374       3       java.time.Duration::create (23 bytes)
Event: 136.473 Thread 0x000001ca77475a10 nmethod 15374 0x000001ca01a86f90 code [0x000001ca01a87140, 0x000001ca01a873c0]
Event: 136.860 Thread 0x000001ca77472230 15375       4       jdk.internal.net.http.Http1Request$$Lambda/0x000001ca10ca4bb0::test (16 bytes)
Event: 136.879 Thread 0x000001ca77472230 nmethod 15375 0x000001ca082eab90 code [0x000001ca082eae60, 0x000001ca082eb9a0]
Event: 137.138 Thread 0x000001ca77475a10 15376       3       javafx.event.ActionEvent::<init> (10 bytes)
Event: 137.138 Thread 0x000001ca77475a10 nmethod 15376 0x000001ca01a87510 code [0x000001ca01a876c0, 0x000001ca01a87808]
Event: 137.142 Thread 0x000001ca77472230 15377       4       java.util.function.Function$$Lambda/0x000001ca100f8b70::apply (5 bytes)
Event: 137.142 Thread 0x000001ca77472230 nmethod 15377 0x000001ca082ec510 code [0x000001ca082ec6a0, 0x000001ca082ec728]
Event: 137.270 Thread 0x000001ca77472230 15378       4       org.openqa.selenium.json.JsonOutput$$Lambda/0x000001ca10c48d00::test (8 bytes)
Event: 137.271 Thread 0x000001ca77472230 nmethod 15378 0x000001ca082ec810 code [0x000001ca082ec9a0, 0x000001ca082eca60]
Event: 137.271 Thread 0x000001ca77472230 15379       4       jdk.internal.net.http.common.SequentialScheduler$SchedulableTask::run (20 bytes)
Event: 137.271 Thread 0x000001ca77472230 nmethod 15379 0x000001ca082ecb10 code [0x000001ca082ecca0, 0x000001ca082ecd70]
Event: 137.980 Thread 0x000001ca77472230 15380       4       jdk.internal.net.http.Http1HeaderParser::parse (194 bytes)

GC Heap History (20 events):
Event: 28.500 GC heap before
{Heap before GC invocations=32 (full 0):
 garbage-first heap   total 137216K, used 124414K [0x0000000091000000, 0x0000000100000000)
  region size 1024K, 33 young (33792K), 3 survivors (3072K)
 Metaspace       used 83018K, committed 83840K, reserved 1179648K
  class space    used 11347K, committed 11712K, reserved 1048576K
}
Event: 28.507 GC heap after
{Heap after GC invocations=33 (full 0):
 garbage-first heap   total 137216K, used 97123K [0x0000000091000000, 0x0000000100000000)
  region size 1024K, 5 young (5120K), 5 survivors (5120K)
 Metaspace       used 83018K, committed 83840K, reserved 1179648K
  class space    used 11347K, committed 11712K, reserved 1048576K
}
Event: 33.013 GC heap before
{Heap before GC invocations=33 (full 0):
 garbage-first heap   total 137216K, used 102243K [0x0000000091000000, 0x0000000100000000)
  region size 1024K, 12 young (12288K), 5 survivors (5120K)
 Metaspace       used 83079K, committed 83840K, reserved 1179648K
  class space    used 11347K, committed 11712K, reserved 1048576K
}
Event: 33.017 GC heap after
{Heap after GC invocations=34 (full 0):
 garbage-first heap   total 137216K, used 97716K [0x0000000091000000, 0x0000000100000000)
  region size 1024K, 1 young (1024K), 1 survivors (1024K)
 Metaspace       used 83079K, committed 83840K, reserved 1179648K
  class space    used 11347K, committed 11712K, reserved 1048576K
}
Event: 38.940 GC heap before
{Heap before GC invocations=35 (full 0):
 garbage-first heap   total 145408K, used 115124K [0x0000000091000000, 0x0000000100000000)
  region size 1024K, 26 young (26624K), 1 survivors (1024K)
 Metaspace       used 83270K, committed 84096K, reserved 1179648K
  class space    used 11351K, committed 11712K, reserved 1048576K
}
Event: 38.945 GC heap after
{Heap after GC invocations=36 (full 0):
 garbage-first heap   total 145408K, used 94713K [0x0000000091000000, 0x0000000100000000)
  region size 1024K, 4 young (4096K), 4 survivors (4096K)
 Metaspace       used 83270K, committed 84096K, reserved 1179648K
  class space    used 11351K, committed 11712K, reserved 1048576K
}
Event: 41.937 GC heap before
{Heap before GC invocations=36 (full 0):
 garbage-first heap   total 145408K, used 136697K [0x0000000091000000, 0x0000000100000000)
  region size 1024K, 35 young (35840K), 4 survivors (4096K)
 Metaspace       used 83517K, committed 84288K, reserved 1179648K
  class space    used 11358K, committed 11712K, reserved 1048576K
}
Event: 41.945 GC heap after
{Heap after GC invocations=37 (full 0):
 garbage-first heap   total 148480K, used 102335K [0x0000000091000000, 0x0000000100000000)
  region size 1024K, 5 young (5120K), 5 survivors (5120K)
 Metaspace       used 83517K, committed 84288K, reserved 1179648K
  class space    used 11358K, committed 11712K, reserved 1048576K
}
Event: 41.970 GC heap before
{Heap before GC invocations=37 (full 0):
 garbage-first heap   total 148480K, used 102335K [0x0000000091000000, 0x0000000100000000)
  region size 1024K, 6 young (6144K), 5 survivors (5120K)
 Metaspace       used 83519K, committed 84288K, reserved 1179648K
  class space    used 11358K, committed 11712K, reserved 1048576K
}
Event: 41.973 GC heap after
{Heap after GC invocations=38 (full 0):
 garbage-first heap   total 148480K, used 103182K [0x0000000091000000, 0x0000000100000000)
  region size 1024K, 1 young (1024K), 1 survivors (1024K)
 Metaspace       used 83519K, committed 84288K, reserved 1179648K
  class space    used 11358K, committed 11712K, reserved 1048576K
}
Event: 47.073 GC heap before
{Heap before GC invocations=39 (full 0):
 garbage-first heap   total 148480K, used 112398K [0x0000000091000000, 0x0000000100000000)
  region size 1024K, 29 young (29696K), 1 survivors (1024K)
 Metaspace       used 86716K, committed 87552K, reserved 1179648K
  class space    used 11721K, committed 12096K, reserved 1048576K
}
Event: 47.078 GC heap after
{Heap after GC invocations=40 (full 0):
 garbage-first heap   total 148480K, used 87102K [0x0000000091000000, 0x0000000100000000)
  region size 1024K, 4 young (4096K), 4 survivors (4096K)
 Metaspace       used 86716K, committed 87552K, reserved 1179648K
  class space    used 11721K, committed 12096K, reserved 1048576K
}
Event: 49.049 GC heap before
{Heap before GC invocations=40 (full 0):
 garbage-first heap   total 148480K, used 126014K [0x0000000091000000, 0x0000000100000000)
  region size 1024K, 42 young (43008K), 4 survivors (4096K)
 Metaspace       used 91002K, committed 91904K, reserved 1179648K
  class space    used 12480K, committed 12928K, reserved 1048576K
}
Event: 49.057 GC heap after
{Heap after GC invocations=41 (full 0):
 garbage-first heap   total 148480K, used 75767K [0x0000000091000000, 0x0000000100000000)
  region size 1024K, 2 young (2048K), 2 survivors (2048K)
 Metaspace       used 91002K, committed 91904K, reserved 1179648K
  class space    used 12480K, committed 12928K, reserved 1048576K
}
Event: 99.133 GC heap before
{Heap before GC invocations=41 (full 0):
 garbage-first heap   total 148480K, used 122871K [0x0000000091000000, 0x0000000100000000)
  region size 1024K, 49 young (50176K), 2 survivors (2048K)
 Metaspace       used 94287K, committed 95232K, reserved 1179648K
  class space    used 12882K, committed 13312K, reserved 1048576K
}
Event: 99.140 GC heap after
{Heap after GC invocations=42 (full 0):
 garbage-first heap   total 148480K, used 77036K [0x0000000091000000, 0x0000000100000000)
  region size 1024K, 3 young (3072K), 3 survivors (3072K)
 Metaspace       used 94287K, committed 95232K, reserved 1179648K
  class space    used 12882K, committed 13312K, reserved 1048576K
}
Event: 112.029 GC heap before
{Heap before GC invocations=43 (full 0):
 garbage-first heap   total 148480K, used 119020K [0x0000000091000000, 0x0000000100000000)
  region size 1024K, 52 young (53248K), 3 survivors (3072K)
 Metaspace       used 94992K, committed 95872K, reserved 1179648K
  class space    used 12911K, committed 13312K, reserved 1048576K
}
Event: 112.036 GC heap after
{Heap after GC invocations=44 (full 0):
 garbage-first heap   total 148480K, used 69956K [0x0000000091000000, 0x0000000100000000)
  region size 1024K, 3 young (3072K), 3 survivors (3072K)
 Metaspace       used 94992K, committed 95872K, reserved 1179648K
  class space    used 12911K, committed 13312K, reserved 1048576K
}
Event: 128.759 GC heap before
{Heap before GC invocations=44 (full 0):
 garbage-first heap   total 148480K, used 131396K [0x0000000091000000, 0x0000000100000000)
  region size 1024K, 64 young (65536K), 3 survivors (3072K)
 Metaspace       used 95033K, committed 95936K, reserved 1179648K
  class space    used 12911K, committed 13312K, reserved 1048576K
}
Event: 128.767 GC heap after
{Heap after GC invocations=45 (full 0):
 garbage-first heap   total 148480K, used 65627K [0x0000000091000000, 0x0000000100000000)
  region size 1024K, 3 young (3072K), 3 survivors (3072K)
 Metaspace       used 95033K, committed 95936K, reserved 1179648K
  class space    used 12911K, committed 13312K, reserved 1048576K
}

Dll operation events (20 events):
Event: 0.742 Loaded shared library C:\Users\nikit\.openjfx\cache\21+31\amd64\api-ms-win-crt-stdio-l1-1-0.dll
Event: 0.747 Loaded shared library C:\Users\nikit\.openjfx\cache\21+31\amd64\api-ms-win-crt-string-l1-1-0.dll
Event: 0.752 Loaded shared library C:\Users\nikit\.openjfx\cache\21+31\amd64\api-ms-win-crt-time-l1-1-0.dll
Event: 0.758 Loaded shared library C:\Users\nikit\.openjfx\cache\21+31\amd64\api-ms-win-crt-utility-l1-1-0.dll
Event: 0.777 Loaded shared library C:\Users\nikit\.openjfx\cache\21+31\amd64\ucrtbase.dll
Event: 0.783 Loaded shared library C:\Users\nikit\.openjfx\cache\21+31\amd64\vcruntime140.dll
Event: 0.789 Loaded shared library C:\Users\nikit\.openjfx\cache\21+31\amd64\vcruntime140_1.dll
Event: 0.801 Loaded shared library C:\Users\nikit\.openjfx\cache\21+31\amd64\msvcp140.dll
Event: 0.807 Loaded shared library C:\Users\nikit\.openjfx\cache\21+31\amd64\msvcp140_1.dll
Event: 0.815 Loaded shared library C:\Users\nikit\.openjfx\cache\21+31\amd64\msvcp140_2.dll
Event: 0.888 Loaded shared library C:\Users\nikit\.openjfx\cache\21+31\amd64\prism_d3d.dll
Event: 0.984 Loaded shared library C:\Users\nikit\.openjfx\cache\21+31\amd64\glass.dll
Event: 1.340 Loaded shared library C:\Program Files\Java\jdk-21\bin\jimage.dll
Event: 3.040 Loaded shared library C:\Program Files\Java\jdk-21\bin\sunmscapi.dll
Event: 5.266 Loaded shared library C:\Program Files\Java\jdk-21\bin\verify.dll
Event: 5.830 Loaded shared library C:\Program Files\Java\jdk-21\bin\extnet.dll
Event: 10.562 Loaded shared library C:\Program Files\Java\jdk-21\bin\management.dll
Event: 10.568 Loaded shared library C:\Program Files\Java\jdk-21\bin\management_ext.dll
Event: 10.848 Loaded shared library C:\Users\nikit\.openjfx\cache\21+31\amd64\javafx_font.dll
Event: 12.703 Loaded shared library C:\Users\nikit\.openjfx\cache\21+31\amd64\javafx_iio.dll

Deoptimization events (20 events):
Event: 115.611 Thread 0x000001ca52e14ff0 Uncommon trap: trap_request=0xffffff45 fr.pc=0x000001ca08271950 relative=0x0000000000000e10
Event: 115.611 Thread 0x000001ca52e14ff0 Uncommon trap: reason=unstable_if action=reinterpret pc=0x000001ca08271950 method=java.util.concurrent.LinkedTransferQueue$DualNode.await(Ljava/lang/Object;JLjava/lang/Object;Z)Ljava/lang/Object; @ 234 c2
Event: 115.611 Thread 0x000001ca52e14ff0 DEOPT PACKING pc=0x000001ca08271950 sp=0x000000473c6ff190
Event: 115.611 Thread 0x000001ca52e14ff0 DEOPT UNPACKING pc=0x000001ca075846a2 sp=0x000000473c6feff8 mode 2
Event: 121.139 Thread 0x000001ca7c224e80 Uncommon trap: trap_request=0xffffff6e fr.pc=0x000001ca0828f4e0 relative=0x00000000000009c0
Event: 121.139 Thread 0x000001ca7c224e80 Uncommon trap: reason=loop_limit_check action=maybe_recompile pc=0x000001ca0828f4e0 method=com.sun.javafx.sg.prism.NGGroup.computeRenderRoot(Lcom/sun/javafx/sg/prism/NodePath;Lcom/sun/javafx/geom/RectBounds;ILcom/sun/javafx/geom/transform/BaseTransform;Lc
Event: 121.139 Thread 0x000001ca7c224e80 DEOPT PACKING pc=0x000001ca0828f4e0 sp=0x00000047390feaa0
Event: 121.139 Thread 0x000001ca7c224e80 DEOPT UNPACKING pc=0x000001ca075846a2 sp=0x00000047390fe9d0 mode 2
Event: 123.408 Thread 0x000001ca5257cc50 Uncommon trap: trap_request=0xffffff45 fr.pc=0x000001ca08264eec relative=0x000000000000068c
Event: 123.408 Thread 0x000001ca5257cc50 Uncommon trap: reason=unstable_if action=reinterpret pc=0x000001ca08264eec method=java.util.concurrent.LinkedTransferQueue$DualNode.await(Ljava/lang/Object;JLjava/lang/Object;Z)Ljava/lang/Object; @ 234 c2
Event: 123.408 Thread 0x000001ca5257cc50 DEOPT PACKING pc=0x000001ca08264eec sp=0x000000473aafee70
Event: 123.408 Thread 0x000001ca5257cc50 DEOPT UNPACKING pc=0x000001ca075846a2 sp=0x000000473aafee00 mode 2
Event: 124.147 Thread 0x000001ca7c224e80 Uncommon trap: trap_request=0xffffff6e fr.pc=0x000001ca082a1cdc relative=0x000000000000059c
Event: 124.147 Thread 0x000001ca7c224e80 Uncommon trap: reason=loop_limit_check action=maybe_recompile pc=0x000001ca082a1cdc method=com.sun.javafx.geom.transform.AffineBase.doTransform([FI[FIII)V @ 590 c2
Event: 124.147 Thread 0x000001ca7c224e80 DEOPT PACKING pc=0x000001ca082a1cdc sp=0x00000047390fdd30
Event: 124.147 Thread 0x000001ca7c224e80 DEOPT UNPACKING pc=0x000001ca075846a2 sp=0x00000047390fdc68 mode 2
Event: 133.926 Thread 0x000001ca7c3c8220 Uncommon trap: trap_request=0xffffff45 fr.pc=0x000001ca082abc14 relative=0x00000000000014b4
Event: 133.926 Thread 0x000001ca7c3c8220 Uncommon trap: reason=unstable_if action=reinterpret pc=0x000001ca082abc14 method=java.util.concurrent.LinkedBlockingDeque.unlinkFirst()Ljava/lang/Object; @ 37 c2
Event: 133.926 Thread 0x000001ca7c3c8220 DEOPT PACKING pc=0x000001ca082abc14 sp=0x00000047394ff2f0
Event: 133.926 Thread 0x000001ca7c3c8220 DEOPT UNPACKING pc=0x000001ca075846a2 sp=0x00000047394ff248 mode 2

Classes loaded (20 events):
Event: 103.078 Loading class sun/security/ssl/Alert$AlertConsumer
Event: 103.078 Loading class sun/security/ssl/Alert$AlertConsumer done
Event: 103.078 Loading class sun/security/ssl/Alert$Level
Event: 103.078 Loading class sun/security/ssl/Alert$Level done
Event: 105.672 Loading class sun/security/ssl/PreSharedKeyExtension$PskIdentity
Event: 105.672 Loading class sun/security/ssl/PreSharedKeyExtension$PskIdentity done
Event: 105.673 Loading class sun/security/ssl/PreSharedKeyExtension$CHPreSharedKeySpec
Event: 105.673 Loading class sun/security/ssl/PreSharedKeyExtension$CHPreSharedKeySpec done
Event: 105.673 Loading class sun/security/ssl/PreSharedKeyExtension$PartialClientHelloMessage
Event: 105.673 Loading class sun/security/ssl/PreSharedKeyExtension$PartialClientHelloMessage done
Event: 105.674 Loading class sun/security/ssl/SSLEngineOutputRecord
Event: 105.674 Loading class sun/security/ssl/SSLEngineOutputRecord done
Event: 105.676 Loading class sun/security/ssl/SSLEngineOutputRecord$HandshakeFragment
Event: 105.677 Loading class sun/security/ssl/SSLEngineOutputRecord$HandshakeFragment done
Event: 105.677 Loading class sun/security/ssl/SSLEngineOutputRecord$HandshakeMemo
Event: 105.677 Loading class sun/security/ssl/SSLEngineOutputRecord$RecordMemo
Event: 105.677 Loading class sun/security/ssl/SSLEngineOutputRecord$RecordMemo done
Event: 105.677 Loading class sun/security/ssl/SSLEngineOutputRecord$HandshakeMemo done
Event: 105.722 Loading class sun/security/ssl/PreSharedKeyExtension$SHPreSharedKeySpec
Event: 105.723 Loading class sun/security/ssl/PreSharedKeyExtension$SHPreSharedKeySpec done

Classes unloaded (4 events):
Event: 99.193 Thread 0x000001ca7742e190 Unloading class 0x000001ca10bdd400 'java/lang/invoke/LambdaForm$DMH+0x000001ca10bdd400'
Event: 99.193 Thread 0x000001ca7742e190 Unloading class 0x000001ca10bdd000 'java/lang/invoke/LambdaForm$DMH+0x000001ca10bdd000'
Event: 99.193 Thread 0x000001ca7742e190 Unloading class 0x000001ca10bdc800 'java/lang/invoke/LambdaForm$DMH+0x000001ca10bdc800'
Event: 99.193 Thread 0x000001ca7742e190 Unloading class 0x000001ca10bdc000 'java/lang/invoke/LambdaForm$DMH+0x000001ca10bdc000'

Classes redefined (0 events):
No events

Internal exceptions (20 events):
Event: 48.819 Thread 0x000001ca5257d2e0 Exception <a 'java/net/ConnectException'{0x0000000097a002d8}: Connection refused: getsockopt> (0x0000000097a002d8) 
thrown [s\open\src\hotspot\share\prims\jni.cpp, line 539]
Event: 48.832 Thread 0x000001ca5257ed20 Exception <a 'java/net/ConnectException'{0x0000000097b763a0}: Connection refused: getsockopt> (0x0000000097b763a0) 
thrown [s\open\src\hotspot\share\prims\jni.cpp, line 539]
Event: 48.832 Thread 0x000001ca5257fa40 Exception <a 'java/net/ConnectException'{0x0000000097bada18}: Connection refused: getsockopt> (0x0000000097bada18) 
thrown [s\open\src\hotspot\share\prims\jni.cpp, line 539]
Event: 48.841 Thread 0x000001ca5257d2e0 Exception <a 'java/net/ConnectException'{0x0000000097a014f0}: Connection refused: getsockopt> (0x0000000097a014f0) 
thrown [s\open\src\hotspot\share\prims\jni.cpp, line 539]
Event: 48.895 Thread 0x000001ca54942040 Exception <a 'java/lang/NoSuchMethodError'{0x0000000097a6f900}: 'double java.lang.invoke.DirectMethodHandle$Holder.invokeVirtual(java.lang.Object, java.lang.Object)'> (0x0000000097a6f900) 
thrown [s\open\src\hotspot\share\interpreter\linkResolver.cpp, line 773]
Event: 48.895 Thread 0x000001ca54942040 Exception <a 'java/lang/NoSuchMethodError'{0x0000000097a756f0}: 'float java.lang.invoke.DirectMethodHandle$Holder.invokeVirtual(java.lang.Object, java.lang.Object)'> (0x0000000097a756f0) 
thrown [s\open\src\hotspot\share\interpreter\linkResolver.cpp, line 773]
Event: 48.923 Thread 0x000001ca54942040 Exception <a 'java/lang/NoSuchMethodError'{0x0000000097817d40}: 'java.lang.Object java.lang.invoke.DirectMethodHandle$Holder.newInvokeSpecial(java.lang.Object, java.lang.Object, int, int)'> (0x0000000097817d40) 
thrown [s\open\src\hotspot\share\interpreter\linkResolver.cpp, line 773]
Event: 48.924 Thread 0x000001ca54944e30 Exception <a 'java/lang/NoSuchMethodError'{0x00000000979fdd40}: 'java.lang.Object java.lang.invoke.DirectMethodHandle$Holder.newInvokeSpecial(java.lang.Object, java.lang.Object, int, int)'> (0x00000000979fdd40) 
thrown [s\open\src\hotspot\share\interpreter\linkResolver.cpp, line 773]
Event: 48.924 Thread 0x000001ca549426d0 Exception <a 'java/lang/NoSuchMethodError'{0x000000009780ce98}: 'java.lang.Object java.lang.invoke.DirectMethodHandle$Holder.newInvokeSpecial(java.lang.Object, java.lang.Object, int, int)'> (0x000000009780ce98) 
thrown [s\open\src\hotspot\share\interpreter\linkResolver.cpp, line 773]
Event: 48.924 Thread 0x000001ca54942040 Exception <a 'java/lang/NoSuchMethodError'{0x000000009781b8f0}: 'java.lang.Object java.lang.invoke.DirectMethodHandle$Holder.invokeSpecial(java.lang.Object, java.lang.Object, java.lang.Object, int, int)'> (0x000000009781b8f0) 
thrown [s\open\src\hotspot\share\interpreter\linkResolver.cpp, line 773]
Event: 48.924 Thread 0x000001ca54944e30 Exception <a 'java/lang/NoSuchMethodError'{0x0000000097847508}: 'java.lang.Object java.lang.invoke.DirectMethodHandle$Holder.invokeSpecial(java.lang.Object, java.lang.Object, java.lang.Object, int, int)'> (0x0000000097847508) 
thrown [s\open\src\hotspot\share\interpreter\linkResolver.cpp, line 773]
Event: 48.924 Thread 0x000001ca549426d0 Exception <a 'java/lang/NoSuchMethodError'{0x0000000097833400}: 'java.lang.Object java.lang.invoke.DirectMethodHandle$Holder.invokeSpecial(java.lang.Object, java.lang.Object, java.lang.Object, int, int)'> (0x0000000097833400) 
thrown [s\open\src\hotspot\share\interpreter\linkResolver.cpp, line 773]
Event: 48.924 Thread 0x000001ca549426d0 Exception <a 'java/lang/NoSuchMethodError'{0x0000000097836a18}: 'java.lang.Object java.lang.invoke.Invokers$Holder.linkToTargetMethod(java.lang.Object, int, int, java.lang.Object)'> (0x0000000097836a18) 
thrown [s\open\src\hotspot\share\interpreter\linkResolver.cpp, line 773]
Event: 48.964 Thread 0x000001ca52e142d0 Exception <a 'java/lang/NoSuchMethodError'{0x0000000097632a48}: 'void java.lang.invoke.DirectMethodHandle$Holder.invokeStatic(java.lang.Object, java.lang.Object, java.lang.Object, java.lang.Object, java.lang.Object, java.lang.Object, java.lang.Object)'> (0x0000000097632a48) 
thrown [s\open\src\hotspot\share\interpreter\linkResolver.cpp, line 773]
Event: 48.964 Thread 0x000001ca5257cc50 Exception <a 'java/lang/NoSuchMethodError'{0x00000000976146a0}: 'void java.lang.invoke.DirectMethodHandle$Holder.invokeStatic(java.lang.Object, java.lang.Object, java.lang.Object, java.lang.Object, java.lang.Object, java.lang.Object, java.lang.Object)'> (0x00000000976146a0) 
thrown [s\open\src\hotspot\share\interpreter\linkResolver.cpp, line 773]
Event: 48.964 Thread 0x000001ca5257e690 Exception <a 'java/lang/NoSuchMethodError'{0x000000009764aa08}: 'void java.lang.invoke.DirectMethodHandle$Holder.invokeStatic(java.lang.Object, java.lang.Object, java.lang.Object, java.lang.Object, java.lang.Object, java.lang.Object, java.lang.Object)'> (0x000000009764aa08) 
thrown [s\open\src\hotspot\share\interpreter\linkResolver.cpp, line 773]
Event: 51.306 Thread 0x000001ca52e15d10 Exception <a 'java/lang/NoSuchMethodError'{0x00000000ffea6110}: 'java.lang.Object java.lang.invoke.DirectMethodHandle$Holder.newInvokeSpecial(java.lang.Object, java.lang.Object, long, java.lang.Object, java.lang.Object, java.lang.Object)'> (0x00000000ffea6110) 
thrown [s\open\src\hotspot\share\interpreter\linkResolver.cpp, line 773]
Event: 51.319 Thread 0x000001ca52e15d10 Implicit null exception at 0x000001ca07c802fc to 0x000001ca07c803b4
Event: 80.056 Thread 0x000001ca549426d0 Exception <a 'java/lang/NoSuchMethodError'{0x00000000989f70e0}: 'java.lang.Object java.lang.invoke.DirectMethodHandle$Holder.invokeInterface(java.lang.Object, java.lang.Object, int)'> (0x00000000989f70e0) 
thrown [s\open\src\hotspot\share\interpreter\linkResolver.cpp, line 773]
Event: 106.135 Thread 0x000001ca54944e30 Exception <a 'java/lang/NoSuchMethodError'{0x0000000098563cc8}: 'int java.lang.invoke.DirectMethodHandle$Holder.invokeStatic(java.lang.Object, java.lang.Object, int, int)'> (0x0000000098563cc8) 
thrown [s\open\src\hotspot\share\interpreter\linkResolver.cpp, line 773]

ZGC Phase Switch (0 events):
No events

VM Operations (20 events):
Event: 123.317 Executing VM operation: Cleanup done
Event: 125.317 Executing VM operation: Cleanup
Event: 125.317 Executing VM operation: Cleanup done
Event: 126.318 Executing VM operation: Cleanup
Event: 126.318 Executing VM operation: Cleanup done
Event: 128.319 Executing VM operation: Cleanup
Event: 128.319 Executing VM operation: Cleanup done
Event: 128.759 Executing VM operation: G1CollectForAllocation (G1 Evacuation Pause)
Event: 128.767 Executing VM operation: G1CollectForAllocation (G1 Evacuation Pause) done
Event: 129.767 Executing VM operation: Cleanup
Event: 129.767 Executing VM operation: Cleanup done
Event: 132.768 Executing VM operation: Cleanup
Event: 132.768 Executing VM operation: Cleanup done
Event: 133.769 Executing VM operation: Cleanup
Event: 133.770 Executing VM operation: Cleanup done
Event: 135.769 Executing VM operation: Cleanup
Event: 135.769 Executing VM operation: Cleanup done
Event: 137.769 Executing VM operation: Cleanup
Event: 137.769 Executing VM operation: Cleanup done
Event: 139.770 Executing VM operation: Cleanup

Events (20 events):
Event: 108.881 Thread 0x000001ca5257fa40 Thread exited: 0x000001ca5257fa40
Event: 108.883 Thread 0x000001ca5257d2e0 Thread exited: 0x000001ca5257d2e0
Event: 109.060 Thread 0x000001ca52e15680 Thread exited: 0x000001ca52e15680
Event: 109.060 Thread 0x000001ca52e14960 Thread exited: 0x000001ca52e14960
Event: 109.060 Thread 0x000001ca52e16a30 Thread exited: 0x000001ca52e16a30
Event: 111.428 Thread 0x000001ca539c3d00 Thread exited: 0x000001ca539c3d00
Event: 111.428 Thread 0x000001ca539c5dd0 Thread exited: 0x000001ca539c5dd0
Event: 111.428 Thread 0x000001ca539c98e0 Thread exited: 0x000001ca539c98e0
Event: 111.428 Thread 0x000001ca539c5740 Thread exited: 0x000001ca539c5740
Event: 111.436 Thread 0x000001ca539c50b0 Thread exited: 0x000001ca539c50b0
Event: 111.436 Thread 0x000001ca539c2950 Thread exited: 0x000001ca539c2950
Event: 111.499 Thread 0x000001ca539c3670 Thread exited: 0x000001ca539c3670
Event: 111.499 Thread 0x000001ca52e15d10 Thread exited: 0x000001ca52e15d10
Event: 111.629 Thread 0x000001ca539c7ea0 Thread exited: 0x000001ca539c7ea0
Event: 111.633 Thread 0x000001ca539c6af0 Thread exited: 0x000001ca539c6af0
Event: 111.634 Thread 0x000001ca539c6460 Thread exited: 0x000001ca539c6460
Event: 111.636 Thread 0x000001ca539c2fe0 Thread exited: 0x000001ca539c2fe0
Event: 111.637 Thread 0x000001ca539c7810 Thread exited: 0x000001ca539c7810
Event: 132.701 Thread 0x000001ca77473800 Thread added: 0x000001ca77473800
Event: 132.886 Thread 0x000001ca77473800 Thread exited: 0x000001ca77473800


Dynamic libraries:
0x00007ff6b3d40000 - 0x00007ff6b3d50000 	C:\Program Files\Java\jdk-21\bin\java.exe
0x00007ff821fa0000 - 0x00007ff822206000 	C:\WINDOWS\SYSTEM32\ntdll.dll
0x00007ff820110000 - 0x00007ff8201d9000 	C:\WINDOWS\System32\KERNEL32.DLL
0x00007ff81f7b0000 - 0x00007ff81fb7c000 	C:\WINDOWS\System32\KERNELBASE.dll
0x00007ff81f460000 - 0x00007ff81f5ab000 	C:\WINDOWS\System32\ucrtbase.dll
0x00007ff802bc0000 - 0x00007ff802bdb000 	C:\Program Files\Java\jdk-21\bin\VCRUNTIME140.dll
0x00007ffff93b0000 - 0x00007ffff93c9000 	C:\Program Files\Java\jdk-21\bin\jli.dll
0x00007ff821e20000 - 0x00007ff821ed2000 	C:\WINDOWS\System32\ADVAPI32.dll
0x00007ff821d20000 - 0x00007ff821dc9000 	C:\WINDOWS\System32\msvcrt.dll
0x00007ff81fdf0000 - 0x00007ff81fe96000 	C:\WINDOWS\System32\sechost.dll
0x00007ff821450000 - 0x00007ff821566000 	C:\WINDOWS\System32\RPCRT4.dll
0x00007ff81ff40000 - 0x00007ff82010a000 	C:\WINDOWS\System32\USER32.dll
0x00007ff81f130000 - 0x00007ff81f157000 	C:\WINDOWS\System32\win32u.dll
0x00007ff80ef90000 - 0x00007ff80f22a000 	C:\WINDOWS\WinSxS\amd64_microsoft.windows.common-controls_6595b64144ccf1df_6.0.26100.3912_none_3e07963ce335137e\COMCTL32.dll
0x00007ff81ff10000 - 0x00007ff81ff3b000 	C:\WINDOWS\System32\GDI32.dll
0x00007ff81fb80000 - 0x00007ff81fcb2000 	C:\WINDOWS\System32\gdi32full.dll
0x00007ff81f700000 - 0x00007ff81f7a3000 	C:\WINDOWS\System32\msvcp_win.dll
0x00007ff8181a0000 - 0x00007ff8181ab000 	C:\WINDOWS\SYSTEM32\VERSION.dll
0x00007ff820e00000 - 0x00007ff820e30000 	C:\WINDOWS\System32\IMM32.DLL
0x00007ff819690000 - 0x00007ff81969c000 	C:\Program Files\Java\jdk-21\bin\vcruntime140_1.dll
0x00007fffe7d50000 - 0x00007fffe7dde000 	C:\Program Files\Java\jdk-21\bin\msvcp140.dll
0x00007fffdbcb0000 - 0x00007fffdc9bd000 	C:\Program Files\Java\jdk-21\bin\server\jvm.dll
0x00007ff821ee0000 - 0x00007ff821f54000 	C:\WINDOWS\System32\WS2_32.dll
0x00007ff81ef80000 - 0x00007ff81efde000 	C:\WINDOWS\SYSTEM32\POWRPROF.dll
0x00007ff8176c0000 - 0x00007ff8176f6000 	C:\WINDOWS\SYSTEM32\WINMM.dll
0x00007ff81ef60000 - 0x00007ff81ef74000 	C:\WINDOWS\SYSTEM32\UMPDC.dll
0x00007ff81def0000 - 0x00007ff81df0a000 	C:\WINDOWS\SYSTEM32\kernel.appcore.dll
0x00007ff819490000 - 0x00007ff81949a000 	C:\Program Files\Java\jdk-21\bin\jimage.dll
0x00007ff814ae0000 - 0x00007ff814d21000 	C:\WINDOWS\SYSTEM32\DBGHELP.DLL
0x00007ff8206a0000 - 0x00007ff820a24000 	C:\WINDOWS\System32\combase.dll
0x00007ff8212f0000 - 0x00007ff8213d0000 	C:\WINDOWS\System32\OLEAUT32.dll
0x00007ff80dc80000 - 0x00007ff80dcb9000 	C:\WINDOWS\SYSTEM32\dbgcore.DLL
0x00007ff81fcc0000 - 0x00007ff81fd59000 	C:\WINDOWS\System32\bcryptPrimitives.dll
0x00007ff802ba0000 - 0x00007ff802bbf000 	C:\Program Files\Java\jdk-21\bin\java.dll
0x00007ff8215f0000 - 0x00007ff821d1d000 	C:\WINDOWS\System32\SHELL32.dll
0x00007ff81f160000 - 0x00007ff81f2d4000 	C:\WINDOWS\System32\wintypes.dll
0x00007ff81cde0000 - 0x00007ff81d636000 	C:\WINDOWS\SYSTEM32\windows.storage.dll
0x00007ff8202e0000 - 0x00007ff8203cf000 	C:\WINDOWS\System32\SHCORE.dll
0x00007ff81fea0000 - 0x00007ff81ff09000 	C:\WINDOWS\System32\shlwapi.dll
0x00007ff81f040000 - 0x00007ff81f06f000 	C:\WINDOWS\SYSTEM32\profapi.dll
0x00007fffe5e40000 - 0x00007fffe5f17000 	C:\Program Files\Java\jdk-21\bin\jsvml.dll
0x00007ff819330000 - 0x00007ff819340000 	C:\Program Files\Java\jdk-21\bin\net.dll
0x00007ff817b50000 - 0x00007ff817c6e000 	C:\WINDOWS\SYSTEM32\WINHTTP.dll
0x00007ff81e460000 - 0x00007ff81e4ca000 	C:\WINDOWS\system32\mswsock.dll
0x00007ff802b80000 - 0x00007ff802b96000 	C:\Program Files\Java\jdk-21\bin\nio.dll
0x00007ffff9170000 - 0x00007ffff9188000 	C:\Program Files\Java\jdk-21\bin\zip.dll
0x000001ca69f40000 - 0x000001ca69f43000 	C:\Users\nikit\.openjfx\cache\21+31\amd64\api-ms-win-core-console-l1-1-0.dll
0x000001ca69f50000 - 0x000001ca69f53000 	C:\Users\nikit\.openjfx\cache\21+31\amd64\api-ms-win-core-console-l1-2-0.dll
0x000001ca69f60000 - 0x000001ca69f63000 	C:\Users\nikit\.openjfx\cache\21+31\amd64\api-ms-win-core-datetime-l1-1-0.dll
0x000001ca779c0000 - 0x000001ca779c3000 	C:\Users\nikit\.openjfx\cache\21+31\amd64\api-ms-win-core-debug-l1-1-0.dll
0x000001ca779d0000 - 0x000001ca779d3000 	C:\Users\nikit\.openjfx\cache\21+31\amd64\api-ms-win-core-errorhandling-l1-1-0.dll
0x000001ca779e0000 - 0x000001ca779e4000 	C:\Users\nikit\.openjfx\cache\21+31\amd64\api-ms-win-core-file-l1-1-0.dll
0x000001ca779f0000 - 0x000001ca779f3000 	C:\Users\nikit\.openjfx\cache\21+31\amd64\api-ms-win-core-file-l1-2-0.dll
0x000001ca77a00000 - 0x000001ca77a03000 	C:\Users\nikit\.openjfx\cache\21+31\amd64\api-ms-win-core-file-l2-1-0.dll
0x000001ca77a10000 - 0x000001ca77a13000 	C:\Users\nikit\.openjfx\cache\21+31\amd64\api-ms-win-core-handle-l1-1-0.dll
0x000001ca77a20000 - 0x000001ca77a23000 	C:\Users\nikit\.openjfx\cache\21+31\amd64\api-ms-win-core-heap-l1-1-0.dll
0x000001ca77a30000 - 0x000001ca77a33000 	C:\Users\nikit\.openjfx\cache\21+31\amd64\api-ms-win-core-interlocked-l1-1-0.dll
0x000001ca77a40000 - 0x000001ca77a43000 	C:\Users\nikit\.openjfx\cache\21+31\amd64\api-ms-win-core-libraryloader-l1-1-0.dll
0x000001ca77a50000 - 0x000001ca77a53000 	C:\Users\nikit\.openjfx\cache\21+31\amd64\api-ms-win-core-localization-l1-2-0.dll
0x000001ca77a60000 - 0x000001ca77a63000 	C:\Users\nikit\.openjfx\cache\21+31\amd64\api-ms-win-core-memory-l1-1-0.dll
0x000001ca77a70000 - 0x000001ca77a73000 	C:\Users\nikit\.openjfx\cache\21+31\amd64\api-ms-win-core-namedpipe-l1-1-0.dll
0x000001ca77a80000 - 0x000001ca77a83000 	C:\Users\nikit\.openjfx\cache\21+31\amd64\api-ms-win-core-processenvironment-l1-1-0.dll
0x000001ca77a90000 - 0x000001ca77a93000 	C:\Users\nikit\.openjfx\cache\21+31\amd64\api-ms-win-core-processthreads-l1-1-0.dll
0x000001ca77aa0000 - 0x000001ca77aa3000 	C:\Users\nikit\.openjfx\cache\21+31\amd64\api-ms-win-core-processthreads-l1-1-1.dll
0x000001ca77ab0000 - 0x000001ca77ab3000 	C:\Users\nikit\.openjfx\cache\21+31\amd64\api-ms-win-core-profile-l1-1-0.dll
0x000001ca77ac0000 - 0x000001ca77ac3000 	C:\Users\nikit\.openjfx\cache\21+31\amd64\api-ms-win-core-rtlsupport-l1-1-0.dll
0x000001ca77ad0000 - 0x000001ca77ad3000 	C:\Users\nikit\.openjfx\cache\21+31\amd64\api-ms-win-core-string-l1-1-0.dll
0x000001ca77ae0000 - 0x000001ca77ae3000 	C:\Users\nikit\.openjfx\cache\21+31\amd64\api-ms-win-core-synch-l1-1-0.dll
0x000001ca77af0000 - 0x000001ca77af3000 	C:\Users\nikit\.openjfx\cache\21+31\amd64\api-ms-win-core-synch-l1-2-0.dll
0x000001ca77b00000 - 0x000001ca77b03000 	C:\Users\nikit\.openjfx\cache\21+31\amd64\api-ms-win-core-sysinfo-l1-1-0.dll
0x000001ca77b10000 - 0x000001ca77b13000 	C:\Users\nikit\.openjfx\cache\21+31\amd64\api-ms-win-core-timezone-l1-1-0.dll
0x000001ca77b20000 - 0x000001ca77b23000 	C:\Users\nikit\.openjfx\cache\21+31\amd64\api-ms-win-core-util-l1-1-0.dll
0x000001ca77b30000 - 0x000001ca77b33000 	C:\Users\nikit\.openjfx\cache\21+31\amd64\api-ms-win-crt-conio-l1-1-0.dll
0x000001ca77b40000 - 0x000001ca77b44000 	C:\Users\nikit\.openjfx\cache\21+31\amd64\api-ms-win-crt-convert-l1-1-0.dll
0x000001ca77b50000 - 0x000001ca77b53000 	C:\Users\nikit\.openjfx\cache\21+31\amd64\api-ms-win-crt-environment-l1-1-0.dll
0x000001ca77b60000 - 0x000001ca77b63000 	C:\Users\nikit\.openjfx\cache\21+31\amd64\api-ms-win-crt-filesystem-l1-1-0.dll
0x000001ca77b70000 - 0x000001ca77b73000 	C:\Users\nikit\.openjfx\cache\21+31\amd64\api-ms-win-crt-heap-l1-1-0.dll
0x000001ca77b80000 - 0x000001ca77b83000 	C:\Users\nikit\.openjfx\cache\21+31\amd64\api-ms-win-crt-locale-l1-1-0.dll
0x000001ca77b90000 - 0x000001ca77b95000 	C:\Users\nikit\.openjfx\cache\21+31\amd64\api-ms-win-crt-math-l1-1-0.dll
0x000001ca77ba0000 - 0x000001ca77ba5000 	C:\Users\nikit\.openjfx\cache\21+31\amd64\api-ms-win-crt-multibyte-l1-1-0.dll
0x000001ca77bb0000 - 0x000001ca77bc0000 	C:\Users\nikit\.openjfx\cache\21+31\amd64\api-ms-win-crt-private-l1-1-0.dll
0x000001ca77bc0000 - 0x000001ca77bc3000 	C:\Users\nikit\.openjfx\cache\21+31\amd64\api-ms-win-crt-process-l1-1-0.dll
0x000001ca77bd0000 - 0x000001ca77bd4000 	C:\Users\nikit\.openjfx\cache\21+31\amd64\api-ms-win-crt-runtime-l1-1-0.dll
0x000001ca77be0000 - 0x000001ca77be4000 	C:\Users\nikit\.openjfx\cache\21+31\amd64\api-ms-win-crt-stdio-l1-1-0.dll
0x000001ca77bf0000 - 0x000001ca77bf4000 	C:\Users\nikit\.openjfx\cache\21+31\amd64\api-ms-win-crt-string-l1-1-0.dll
0x000001ca77c00000 - 0x000001ca77c03000 	C:\Users\nikit\.openjfx\cache\21+31\amd64\api-ms-win-crt-time-l1-1-0.dll
0x000001ca77c10000 - 0x000001ca77c13000 	C:\Users\nikit\.openjfx\cache\21+31\amd64\api-ms-win-crt-utility-l1-1-0.dll
0x00007fffe5ff0000 - 0x00007fffe60ec000 	C:\Users\nikit\.openjfx\cache\21+31\amd64\ucrtbase.dll
0x00007ff8192f0000 - 0x00007ff81930b000 	C:\Users\nikit\.openjfx\cache\21+31\amd64\vcruntime140.dll
0x00007ff81a390000 - 0x00007ff81a39c000 	C:\Users\nikit\.openjfx\cache\21+31\amd64\vcruntime140_1.dll
0x00007ff802c70000 - 0x00007ff802cfe000 	C:\Users\nikit\.openjfx\cache\21+31\amd64\msvcp140.dll
0x00007ff820ba0000 - 0x00007ff820d3f000 	C:\WINDOWS\System32\ole32.dll
0x00007ff8198e0000 - 0x00007ff8198e9000 	C:\Users\nikit\.openjfx\cache\21+31\amd64\msvcp140_1.dll
0x00007ff811740000 - 0x00007ff81176f000 	C:\Users\nikit\.openjfx\cache\21+31\amd64\msvcp140_2.dll
0x00007ff80c350000 - 0x00007ff80c37f000 	C:\Users\nikit\.openjfx\cache\21+31\amd64\prism_d3d.dll
0x00007fffc4260000 - 0x00007fffc4415000 	C:\WINDOWS\system32\d3d9.dll
0x00007ff81c700000 - 0x00007ff81c736000 	C:\WINDOWS\SYSTEM32\dwmapi.dll
0x00007ff81c740000 - 0x00007ff81c787000 	C:\WINDOWS\SYSTEM32\dxcore.dll
0x00007ff81c370000 - 0x00007ff81c41f000 	C:\WINDOWS\system32\uxtheme.dll
0x00007ff817700000 - 0x00007ff8178bb000 	C:\WINDOWS\System32\DriverStore\FileRepository\u0390451.inf_amd64_39377efdd62734d1\B390182\aticfx64.dll
0x00007ff819570000 - 0x00007ff8195a4000 	C:\WINDOWS\System32\DriverStore\FileRepository\u0390451.inf_amd64_39377efdd62734d1\B390182\atiu9p64.dll
0x00007fffd6390000 - 0x00007fffd70e5000 	C:\WINDOWS\System32\DriverStore\FileRepository\u0390451.inf_amd64_39377efdd62734d1\B390182\atiumd64.dll
0x0000000076290000 - 0x00000000771b7000 	C:\WINDOWS\System32\DriverStore\FileRepository\u0390451.inf_amd64_39377efdd62734d1\B390182\atiumd6a.dll
0x00007ff820e40000 - 0x00007ff8212c6000 	C:\WINDOWS\System32\SETUPAPI.dll
0x00007ff814900000 - 0x00007ff814935000 	C:\WINDOWS\SYSTEM32\amdihk64.dll
0x00007ff81c510000 - 0x00007ff81c570000 	C:\WINDOWS\SYSTEM32\directxdatabasehelper.dll
0x00007ffff7460000 - 0x00007ffff74a2000 	C:\Users\nikit\.openjfx\cache\21+31\amd64\glass.dll
0x00007ff8201e0000 - 0x00007ff8202d4000 	C:\WINDOWS\System32\COMDLG32.dll
0x00007ff820a30000 - 0x00007ff820b8f000 	C:\WINDOWS\System32\MSCTF.dll
0x00007ff8192e0000 - 0x00007ff8192ee000 	C:\Program Files\Java\jdk-21\bin\sunmscapi.dll
0x00007ff81f2e0000 - 0x00007ff81f457000 	C:\WINDOWS\System32\CRYPT32.dll
0x00007ff81e910000 - 0x00007ff81e940000 	C:\WINDOWS\SYSTEM32\ncrypt.dll
0x00007ff81e8c0000 - 0x00007ff81e8ff000 	C:\WINDOWS\SYSTEM32\NTASN1.dll
0x00007ff81e700000 - 0x00007ff81e71c000 	C:\WINDOWS\SYSTEM32\CRYPTSP.dll
0x00007ff81de50000 - 0x00007ff81de8a000 	C:\WINDOWS\system32\rsaenh.dll
0x00007ff81e500000 - 0x00007ff81e52b000 	C:\WINDOWS\SYSTEM32\USERENV.dll
0x00007ff81f010000 - 0x00007ff81f036000 	C:\WINDOWS\SYSTEM32\bcrypt.dll
0x00007ff81e720000 - 0x00007ff81e72c000 	C:\WINDOWS\SYSTEM32\CRYPTBASE.dll
0x00007ff81d930000 - 0x00007ff81d963000 	C:\WINDOWS\SYSTEM32\IPHLPAPI.DLL
0x00007ff821440000 - 0x00007ff82144a000 	C:\WINDOWS\System32\NSI.dll
0x00007ff813140000 - 0x00007ff813150000 	C:\Program Files\Java\jdk-21\bin\verify.dll
0x00007ff819360000 - 0x00007ff819369000 	C:\Program Files\Java\jdk-21\bin\extnet.dll
0x00007ff8192d0000 - 0x00007ff8192da000 	C:\Program Files\Java\jdk-21\bin\management.dll
0x00007ff817d90000 - 0x00007ff817d9b000 	C:\Program Files\Java\jdk-21\bin\management_ext.dll
0x00007ff8212d0000 - 0x00007ff8212d8000 	C:\WINDOWS\System32\PSAPI.DLL
0x00007ff811fb0000 - 0x00007ff811fc4000 	C:\Users\nikit\.openjfx\cache\21+31\amd64\javafx_font.dll
0x00007ff81abd0000 - 0x00007ff81ae39000 	C:\WINDOWS\SYSTEM32\dwrite.dll
0x00007ff820d50000 - 0x00007ff820df8000 	C:\WINDOWS\System32\clbcatq.dll

dbghelp: loaded successfully - version: 4.0.5 - missing functions: none
symbol engine: initialized successfully - sym options: 0x614 - pdb path: .;C:\Program Files\Java\jdk-21\bin;C:\WINDOWS\SYSTEM32;C:\WINDOWS\WinSxS\amd64_microsoft.windows.common-controls_6595b64144ccf1df_6.0.26100.3912_none_3e07963ce335137e;C:\Program Files\Java\jdk-21\bin\server;C:\Users\nikit\.openjfx\cache\21+31\amd64;C:\WINDOWS\System32\DriverStore\FileRepository\u0390451.inf_amd64_39377efdd62734d1\B390182;C:\Program Files\Common Files\Microsoft Shared\Ink

VM Arguments:
jvm_args: -Dfile.encoding=UTF-8 --module-path=C:\Users\nikit\.m2\repository\org\openjfx\javafx-base\21\javafx-base-21-win.jar;C:\Users\nikit\.m2\repository\org\openjfx\javafx-base\21\javafx-base-21.jar;C:\Users\nikit\.m2\repository\org\openjfx\javafx-controls\21\javafx-controls-21-win.jar;C:\Users\nikit\.m2\repository\org\openjfx\javafx-controls\21\javafx-controls-21.jar;C:\Users\nikit\.m2\repository\org\openjfx\javafx-fxml\21\javafx-fxml-21-win.jar;C:\Users\nikit\.m2\repository\org\openjfx\javafx-graphics\21\javafx-graphics-21-win.jar;C:\Users\nikit\.m2\repository\org\openjfx\javafx-graphics\21\javafx-graphics-21.jar --add-modules=javafx.base,javafx.controls,javafx.fxml,javafx.graphics 
java_command: ru.finwax.mangabuffjob.MangaBuffJobFXApplication
java_class_path (initial): C:\selsup\mangaBuffDesc\target\classes;C:\Users\nikit\.m2\repository\ch\qos\logback\logback-classic\1.5.18\logback-classic-1.5.18.jar;C:\Users\nikit\.m2\repository\ch\qos\logback\logback-core\1.5.18\logback-core-1.5.18.jar;C:\Users\nikit\.m2\repository\com\fasterxml\classmate\1.7.0\classmate-1.7.0.jar;C:\Users\nikit\.m2\repository\com\fasterxml\jackson\core\jackson-annotations\2.18.3\jackson-annotations-2.18.3.jar;C:\Users\nikit\.m2\repository\com\fasterxml\jackson\core\jackson-core\2.18.3\jackson-core-2.18.3.jar;C:\Users\nikit\.m2\repository\com\fasterxml\jackson\core\jackson-databind\2.15.2\jackson-databind-2.15.2.jar;C:\Users\nikit\.m2\repository\com\fasterxml\jackson\datatype\jackson-datatype-jdk8\2.18.3\jackson-datatype-jdk8-2.18.3.jar;C:\Users\nikit\.m2\repository\com\fasterxml\jackson\datatype\jackson-datatype-jsr310\2.18.3\jackson-datatype-jsr310-2.18.3.jar;C:\Users\nikit\.m2\repository\com\fasterxml\jackson\module\jackson-module-parameter-names\2.18.3\jackson-module-parameter-names-2.18.3.jar;C:\Users\nikit\.m2\repository\com\github\docker-java\docker-java\3.3.4\docker-java-3.3.4.jar;C:\Users\nikit\.m2\repository\com\github\docker-java\docker-java-api\3.3.4\docker-java-api-3.3.4.jar;C:\Users\nikit\.m2\repository\com\github\docker-java\docker-java-core\3.3.4\docker-java-core-3.3.4.jar;C:\Users\nikit\.m2\repository\com\github\docker-java\docker-java-transport\3.3.4\docker-java-transport-3.3.4.jar;C:\Users\nikit\.m2\repository\com\github\docker-java\docker-java-transport-httpclient5\3.3.4\docker-java-transport-httpclient5-3.3.4.jar;C:\Users\nikit\.m2\repository\com\google\auto\service\auto-service-annotations\1.1.1\auto-service-annotations-1.1.1.jar;C:\Users\nikit\.m2\repository\com\google\code\gson\gson\2.11.0\gson-2.11.0.jar;C:\Users\nikit\.m2\repository\com\google\errorprone\error_prone_annotations\2.27.0\error_prone_annotations-2.27.0.jar;C:\Users\nikit\.m2\repository\com\google\guava\failureaccess\1.0.3\failureaccess-1.0.3.jar;C:\Users\nikit\.m2\repository\com\google\guava\guava\33.4.8-jre\guava-33.4.8-jre.jar;C:\Users\nikit\.m2\repository\com\google\guava\listenablefuture\9999.0-empty-to-avoid-conflict-with-guava\listenablefuture-9999.0-empty-to-avoid-conflict-with-guava.jar;C:\Users\nikit\.m2\repository\com\google\j2objc\j2objc-annotations\3.0.0\j2objc-annotations-3.0.0.jar;C:\Users\nikit\.m2\repository\com\h2database\h2\2.3.232\h2-2.3.232.jar;C:\Users\nikit\.m2\repository\com\sun\istack\istack-commons-runtime\4.1.2\istack-commons-runtime-4.1.2.jar;C:\Users\nikit\.m2\repository\com\zaxxer\HikariCP\5.1.0\HikariCP-5.1.0.jar;C:\Users\nikit\.m2\repository\commons-io\commons-io\2.13.0\commons-io-2.13.0.jar;C:\Users\nikit\.m2\repository\io\github\bonigarcia\webdrivermanager\5.6.1\webdrivermanager-5.6.1.jar;C:\Users\nikit\.m2\repository\io\micrometer\micrometer-commons\1.14.5\micrometer-commons-1.14.5.jar;C:\Users\nikit\.m2\repository\io\micrometer\micrometer-observation\1.14.5\micrometer-observation-1.14.5.jar;C:\Users\nikit\.m2\repository\io\opentelemetry\opentelemetry-api\1.43.0\opentelemetry-api-1.43.0.jar;C:\Users\nikit\.m2\repository\io\opentelemetry\opentelemetry-api-incubator\1.43.0-alpha\opentelemetry-api-incubator-1.43.0-alpha.jar;C:\Users\nikit\.m2\repository\io\opentelemetry\opentelemetry-context\1.43.0\opentelemetry-context-1.43.0.jar;C:\Users\nikit\.m2\repository\io\opentelemetry\opentelemetry-exporter-logging\1.43.0\opentelemetry-exporter-logging-1.43.0.jar;C:\Users\nikit\.m2\repository\io\opentelemetry\opentelemetry-sdk\1.43.0\opentelemetry-sdk-1.43.0.jar;C:\Users\nikit\.m2\repository\io\opentelemetry\opentelemetry-sdk-common\1.43.0\opentelemetry-sdk-common-1.43.0.jar;C:\Users\nikit\.m2\repository\io\opentelemetry\opentelemetry-sdk-extension-autoconfigure\1.43.0\opentelemetry-sdk-extension-autoconfigure-1.43.0.jar;C:\Users\nikit\.m2\repository\io\opentelemetry\opentelemetry-sdk-extension-autoconfigure-spi\1.43.0\opentelemetry-sdk-extension-autoconfigure-spi-1.43.0.jar;C:\Users\nikit\.m2\repository\io\opentelemetry\opentelemetry-sdk-logs\1.43.0\opentelemetry-sdk-logs-1.43.0.jar;C:\Users\nikit\.m2\repository\io\opentelemetry\opentelemetry-sdk-metrics\1.43.0\opentelemetry-sdk-metrics-1.43.0.jar;C:\Users\nikit\.m2\repository\io\opentelemetry\opentelemetry-sdk-trace\1.43.0\opentelemetry-sdk-trace-1.43.0.jar;C:\Users\nikit\.m2\repository\io\smallrye\jandex\3.2.0\jandex-3.2.0.jar;C:\Users\nikit\.m2\repository\jakarta\activation\jakarta.activation-api\2.1.3\jakarta.activation-api-2.1.3.jar;C:\Users\nikit\.m2\repository\jakarta\annotation\jakarta.annotation-api\2.1.1\jakarta.annotation-api-2.1.1.jar;C:\Users\nikit\.m2\repository\jakarta\inject\jakarta.inject-api\2.0.1\jakarta.inject-api-2.0.1.jar;C:\Users\nikit\.m2\repository\jakarta\persistence\jakarta.persistence-api\3.1.0\jakarta.persistence-api-3.1.0.jar;C:\Users\nikit\.m2\repository\jakarta\transaction\jakarta.transaction-api\2.0.1\jakarta.transaction-api-2.0.1.jar;C:\Users\nikit\.m2\repository\jakarta\xml\bind\jakarta.xml.bind-api\4.0.2\jakarta.xml.bind-api-4.0.2.jar;C:\Users\nikit\.m2\repository\net\bytebuddy\byte-buddy\1.15.11\byte-buddy-1.15.11.jar;C:\Users\nikit\.m2\repository\net\java\dev\jna\jna\5.13.0\jna-5.13.0.jar;C:\Users\nikit\.m2\repository\org\antlr\antlr4-runtime\4.13.0\antlr4-runtime-4.13.0.jar;C:\Users\nikit\.m2\repository\org\apache\commons\commons-compress\1.24.0\commons-compress-1.24.0.jar;C:\Users\nikit\.m2\repository\org\apache\commons\commons-exec\1.4.0\commons-exec-1.4.0.jar;C:\Users\nikit\.m2\repository\org\apache\commons\commons-lang3\3.17.0\commons-lang3-3.17.0.jar;C:\Users\nikit\.m2\repository\org\apache\httpcomponents\client5\httpclient5\5.4.2\httpclient5-5.4.2.jar;C:\Users\nikit\.m2\repository\org\apache\httpcomponents\core5\httpcore5\5.3.3\httpcore5-5.3.3.jar;C:\Users\nikit\.m2\repository\org\apache\httpcomponents\core5\httpcore5-h2\5.3.3\httpcore5-h2-5.3.3.jar;C:\Users\nikit\.m2\repository\org\apache\logging\log4j\log4j-api\2.24.3\log4j-api-2.24.3.jar;C:\Users\nikit\.m2\repository\org\apache\logging\log4j\log4j-to-slf4j\2.24.3\log4j-to-slf4j-2.24.3.jar;C:\Users\nikit\.m2\repository\org\apache\tomcat\embed\tomcat-embed-core\10.1.39\tomcat-embed-core-10.1.39.jar;C:\Users\nikit\.m2\repository\org\apache\tomcat\embed\tomcat-embed-el\10.1.39\tomcat-embed-el-10.1.39.jar;C:\Users\nikit\.m2\repository\org\apache\tomcat\embed\tomcat-embed-websocket\10.1.39\tomcat-embed-websocket-10.1.39.jar;C:\Users\nikit\.m2\repository\org\aspectj\aspectjweaver\1.9.23\aspectjweaver-1.9.23.jar;C:\Users\nikit\.m2\repository\org\bouncycastle\bcpkix-jdk18on\1.76\bcpkix-jdk18on-1.76.jar;C:\Users\nikit\.m2\repository\org\bouncycastle\bcprov-jdk18on\1.76\bcprov-jdk18on-1.76.jar;C:\Users\nikit\.m2\repository\org\bouncycastle\bcutil-jdk18on\1.76\bcutil-jdk18on-1.76.jar;C:\Users\nikit\.m2\repository\org\brotli\dec\0.1.2\dec-0.1.2.jar;C:\Users\nikit\.m2\repository\org\eclipse\angus\angus-activation\2.0.2\angus-activation-2.0.2.jar;C:\Users\nikit\.m2\repository\org\glassfish\jaxb\jaxb-core\4.0.5\jaxb-core-4.0.5.jar;C:\Users\nikit\.m2\repository\org\glassfish\jaxb\jaxb-runtime\4.0.5\jaxb-runtime-4.0.5.jar;C:\Users\nikit\.m2\repository\org\glassfish\jaxb\txw2\4.0.5\txw2-4.0.5.jar;C:\Users\nikit\.m2\repository\org\hibernate\common\hibernate-commons-annotations\7.0.3.Final\hibernate-commons-annotations-7.0.3.Final.jar;C:\Users\nikit\.m2\repository\org\hibernate\orm\hibernate-core\6.6.11.Final\hibernate-core-6.6.11.Final.jar;C:\Users\nikit\.m2\repository\org\jboss\logging\jboss-logging\3.6.1.Final\jboss-logging-3.6.1.Final.jar;C:\Users\nikit\.m2\repository\org\jsoup\jsoup\1.15.3\jsoup-1.15.3.jar;C:\Users\nikit\.m2\repository\org\jspecify\jspecify\1.0.0\jspecify-1.0.0.jar;C:\Users\nikit\.m2\repository\org\seleniumhq\selenium\selenium-api\4.32.0\selenium-api-4.32.0.jar;C:\Users\nikit\.m2\repository\org\seleniumhq\selenium\selenium-chrome-driver\4.32.0\selenium-chrome-driver-4.32.0.jar;C:\Users\nikit\.m2\repository\org\seleniumhq\selenium\selenium-chromium-driver\4.32.0\selenium-chromium-driver-4.32.0.jar;C:\Users\nikit\.m2\repository\org\seleniumhq\selenium\selenium-devtools-v134\4.32.0\selenium-devtools-v134-4.32.0.jar;C:\Users\nikit\.m2\repository\org\seleniumhq\selenium\selenium-devtools-v135\4.32.0\selenium-devtools-v135-4.32.0.jar;C:\Users\nikit\.m2\repository\org\seleniumhq\selenium\selenium-devtools-v136\4.32.0\selenium-devtools-v136-4.32.0.jar;C:\Users\nikit\.m2\repository\org\seleniumhq\selenium\selenium-edge-driver\4.32.0\selenium-edge-driver-4.32.0.jar;C:\Users\nikit\.m2\repository\org\seleniumhq\selenium\selenium-firefox-driver\4.32.0\selenium-firefox-driver-4.32.0.jar;C:\Users\nikit\.m2\repository\org\seleniumhq\selenium\selenium-http\4.32.0\selenium-http-4.32.0.jar;C:\Users\nikit\.m2\repository\org\seleniumhq\selenium\selenium-ie-driver\4.32.0\selenium-ie-driver-4.32.0.jar;C:\Users\nikit\.m2\repository\org\seleniumhq\selenium\selenium-java\4.32.0\selenium-java-4.32.0.jar;C:\Users\nikit\.m2\repository\org\seleniumhq\selenium\selenium-json\4.32.0\selenium-json-4.32.0.jar;C:\Users\nikit\.m2\repository\org\seleniumhq\selenium\selenium-manager\4.32.0\selenium-manager-4.32.0.jar;C:\Users\nikit\.m2\repository\org\seleniumhq\selenium\selenium-os\4.32.0\selenium-os-4.32.0.jar;C:\Users\nikit\.m2\repository\org\seleniumhq\selenium\selenium-remote-driver\4.32.0\selenium-remote-driver-4.32.0.jar;C:\Users\nikit\.m2\repository\org\seleniumhq\selenium\selenium-safari-driver\4.32.0\selenium-safari-driver-4.32.0.jar;C:\Users\nikit\.m2\repository\org\seleniumhq\selenium\selenium-support\4.32.0\selenium-support-4.32.0.jar;C:\Users\nikit\.m2\repository\org\slf4j\jcl-over-slf4j\2.0.17\jcl-over-slf4j-2.0.17.jar;C:\Users\nikit\.m2\repository\org\slf4j\jul-to-slf4j\2.0.17\jul-to-slf4j-2.0.17.jar;C:\Users\nikit\.m2\repository\org\slf4j\slf4j-api\2.0.17\slf4j-api-2.0.17.jar;C:\Users\nikit\.m2\repository\org\springframework\spring-aop\6.2.5\spring-aop-6.2.5.jar;C:\Users\nikit\.m2\repository\org\springframework\spring-aspects\6.2.5\spring-aspects-6.2.5.jar;C:\Users\nikit\.m2\repository\org\springframework\spring-beans\6.2.5\spring-beans-6.2.5.jar;C:\Users\nikit\.m2\repository\org\springframework\spring-context\6.2.5\spring-context-6.2.5.jar;C:\Users\nikit\.m2\repository\org\springframework\spring-core\6.2.5\spring-core-6.2.5.jar;C:\Users\nikit\.m2\repository\org\springframework\spring-expression\6.2.5\spring-expression-6.2.5.jar;C:\Users\nikit\.m2\repository\org\springframework\spring-jcl\6.2.5\spring-jcl-6.2.5.jar;C:\Users\nikit\.m2\repository\org\springframework\spring-jdbc\6.2.5\spring-jdbc-6.2.5.jar;C:\Users\nikit\.m2\repository\org\springframework\spring-orm\6.2.5\spring-orm-6.2.5.jar;C:\Users\nikit\.m2\repository\org\springframework\spring-tx\6.2.5\spring-tx-6.2.5.jar;C:\Users\nikit\.m2\repository\org\springframework\spring-web\6.2.5\spring-web-6.2.5.jar;C:\Users\nikit\.m2\repository\org\springframework\spring-webmvc\6.2.5\spring-webmvc-6.2.5.jar;C:\Users\nikit\.m2\repository\org\springframework\boot\spring-boot\3.4.4\spring-boot-3.4.4.jar;C:\Users\nikit\.m2\repository\org\springframework\boot\spring-boot-autoconfigure\3.4.4\spring-boot-autoconfigure-3.4.4.jar;C:\Users\nikit\.m2\repository\org\springframework\boot\spring-boot-starter\3.4.4\spring-boot-starter-3.4.4.jar;C:\Users\nikit\.m2\repository\org\springframework\boot\spring-boot-starter-data-jpa\3.4.4\spring-boot-starter-data-jpa-3.4.4.jar;C:\Users\nikit\.m2\repository\org\springframework\boot\spring-boot-starter-jdbc\3.4.4\spring-boot-starter-jdbc-3.4.4.jar;C:\Users\nikit\.m2\repository\org\springframework\boot\spring-boot-starter-json\3.4.4\spring-boot-starter-json-3.4.4.jar;C:\Users\nikit\.m2\repository\org\springframework\boot\spring-boot-starter-logging\3.4.4\spring-boot-starter-logging-3.4.4.jar;C:\Users\nikit\.m2\repository\org\springframework\boot\spring-boot-starter-tomcat\3.4.4\spring-boot-starter-tomcat-3.4.4.jar;C:\Users\nikit\.m2\repository\org\springframework\boot\spring-boot-starter-web\3.4.4\spring-boot-starter-web-3.4.4.jar;C:\Users\nikit\.m2\repository\org\springframework\data\spring-data-commons\3.4.4\spring-data-commons-3.4.4.jar;C:\Users\nikit\.m2\repository\org\springframework\data\spring-data-jpa\3.4.4\spring-data-jpa-3.4.4.jar;C:\Users\nikit\.m2\repository\org\yaml\snakeyaml\2.3\snakeyaml-2.3.jar
Launcher Type: SUN_STANDARD

[Global flags]
     intx CICompilerCount                          = 4                                         {product} {ergonomic}
     uint ConcGCThreads                            = 2                                         {product} {ergonomic}
     uint G1ConcRefinementThreads                  = 8                                         {product} {ergonomic}
   size_t G1HeapRegionSize                         = 1048576                                   {product} {ergonomic}
    uintx GCDrainStackTargetSize                   = 64                                        {product} {ergonomic}
   size_t InitialHeapSize                          = 117440512                                 {product} {ergonomic}
   size_t MarkStackSize                            = 4194304                                   {product} {ergonomic}
   size_t MaxHeapSize                              = 1862270976                                {product} {ergonomic}
   size_t MaxNewSize                               = 1116733440                                {product} {ergonomic}
   size_t MinHeapDeltaBytes                        = 1048576                                   {product} {ergonomic}
   size_t MinHeapSize                              = 8388608                                   {product} {ergonomic}
    uintx NonNMethodCodeHeapSize                   = 5839372                                {pd product} {ergonomic}
    uintx NonProfiledCodeHeapSize                  = 122909434                              {pd product} {ergonomic}
    uintx ProfiledCodeHeapSize                     = 122909434                              {pd product} {ergonomic}
    uintx ReservedCodeCacheSize                    = 251658240                              {pd product} {ergonomic}
     bool SegmentedCodeCache                       = true                                      {product} {ergonomic}
   size_t SoftMaxHeapSize                          = 1862270976                             {manageable} {ergonomic}
     bool UseCompressedOops                        = true                           {product lp64_product} {ergonomic}
     bool UseG1GC                                  = true                                      {product} {ergonomic}
     bool UseLargePagesIndividualAllocation        = false                                  {pd product} {ergonomic}

Logging:
Log output configuration:
 #0: stdout all=warning uptime,level,tags foldmultilines=false
 #1: stderr all=off uptime,level,tags foldmultilines=false

Environment Variables:
PATH=C:\Program Files\Common Files\Oracle\Java\javapath;C:\WINDOWS\system32;C:\WINDOWS;C:\WINDOWS\System32\Wbem;C:\WINDOWS\System32\WindowsPowerShell\v1.0\;C:\WINDOWS\System32\OpenSSH\;C:\Program Files\Git\cmd;C:\Program Files (x86)\NoteBook FanControl\;C:\Program Files\nodejs\;C:\Program Files\Docker\Docker\resources\bin;C:\Program Files\PuTTY\;C:\Users\nikit\.config\herd\bin\nvm;C:\Program Files\nodejs;C:\Program Files\Apache\mavane\bin;C:\Users\nikit\.config\herd\bin;C:\Users\nikit\AppData\Local\Programs\Python\Python313\Scripts\;C:\Users\nikit\AppData\Local\Programs\Python\Python313\;C:\Users\nikit\AppData\Local\Microsoft\WindowsApps;C:\Users\nikit\AppData\Local\Programs\Microsoft VS Code\bin;C:\Users\nikit\AppData\Roaming\npm;C:\Users\nikit\AppData\Local\Microsoft\WinGet\Packages\cURL.cURL_Microsoft.Winget.Source_8wekyb3d8bbwe\curl-8.11.0_1-win64-mingw/bin
USERNAME=nikit
OS=Windows_NT
PROCESSOR_IDENTIFIER=AMD64 Family 23 Model 24 Stepping 1, AuthenticAMD
TMP=C:\Users\nikit\AppData\Local\Temp
TEMP=C:\Users\nikit\AppData\Local\Temp




Periodic native trim disabled

---------------  S Y S T E M  ---------------

OS:
 Windows 11 , 64 bit Build 26100 (10.0.26100.3912)
OS uptime: 8 days 21:09 hours

CPU: total 8 (initial active 8) (8 cores per cpu, 2 threads per core) family 23 model 24 stepping 1 microcode 0x8108109, cx8, cmov, fxsr, ht, mmx, 3dnowpref, sse, sse2, sse3, ssse3, sse4a, sse4.1, sse4.2, popcnt, lzcnt, tsc, tscinvbit, avx, avx2, aes, clmul, bmi1, bmi2, adx, sha, fma, vzeroupper, clflush, clflushopt, rdtscp, f16c
Processor Information for all 8 processors :
  Max Mhz: 2100, Current Mhz: 2100, Mhz Limit: 2100

Memory: 4k page, system-wide physical 7103M (767M free)
TotalPageFile size 23487M (AvailPageFile size 40M)
current process WorkingSet (physical memory assigned to process): 418M, peak: 423M
current process commit charge ("private bytes"): 544M, peak: 544M

vm_info: Java HotSpot(TM) 64-Bit Server VM (21.0.3+7-LTS-152) for windows-amd64 JRE (21.0.3+7-LTS-152), built on 2024-03-11T17:42:26Z by "mach5one" with MS VC++ 17.6 (VS2022)

END.
