#
# There is insufficient memory for the Java Runtime Environment to continue.
# Native memory allocation (malloc) failed to allocate 1749616 bytes for Chunk::new
# Possible reasons:
#   The system is out of physical RAM or swap space
#   The process is running with CompressedOops enabled, and the Java Heap may be blocking the growth of the native heap
# Possible solutions:
#   Reduce memory load on the system
#   Increase physical memory or swap space
#   Check if swap backing store is full
#   Decrease Java heap size (-Xmx/-Xms)
#   Decrease number of Java threads
#   Decrease Java thread stack sizes (-Xss)
#   Set larger code cache with -XX:ReservedCodeCacheSize=
#   JVM is running with Unscaled Compressed Oops mode in which the Java heap is
#     placed in the first 4GB address space. The Java Heap base address is the
#     maximum limit for the native heap growth. Please use -XX:HeapBaseMinAddress
#     to set the Java Heap base and to place the Java Heap above 4GB virtual address.
# This output file may be truncated or incomplete.
#
#  Out of Memory Error (arena.cpp:168), pid=33888, tid=1572
#
# JRE version: Java(TM) SE Runtime Environment (21.0.3+7) (build 21.0.3+7-LTS-152)
# Java VM: Java HotSpot(TM) 64-Bit Server VM (21.0.3+7-LTS-152, mixed mode, sharing, tiered, compressed oops, compressed class ptrs, g1 gc, windows-amd64)
# No core dump will be written. Minidumps are not enabled by default on client versions of Windows
#

---------------  S U M M A R Y ------------

Command Line: -Dfile.encoding=UTF-8 --module-path=C:\Users\nikit\.m2\repository\org\openjfx\javafx-base\21\javafx-base-21-win.jar;C:\Users\nikit\.m2\repository\org\openjfx\javafx-base\21\javafx-base-21.jar;C:\Users\nikit\.m2\repository\org\openjfx\javafx-controls\21\javafx-controls-21-win.jar;C:\Users\nikit\.m2\repository\org\openjfx\javafx-controls\21\javafx-controls-21.jar;C:\Users\nikit\.m2\repository\org\openjfx\javafx-fxml\21\javafx-fxml-21-win.jar;C:\Users\nikit\.m2\repository\org\openjfx\javafx-graphics\21\javafx-graphics-21-win.jar;C:\Users\nikit\.m2\repository\org\openjfx\javafx-graphics\21\javafx-graphics-21.jar --add-modules=javafx.base,javafx.controls,javafx.fxml,javafx.graphics ru.finwax.mangabuffjob.MangaBuffJobFXApplication

Host: AMD Ryzen 5 3500U with Radeon Vega Mobile Gfx  , 8 cores, 6G,  Windows 11 , 64 bit Build 26100 (10.0.26100.3912)
Time: Tue May 27 16:07:04 2025 RTZ 2 (s 11 , 64 bit Build 26100 (10.0.26100.3912) elapsed time: 22037.764445 seconds (0d 6h 7m 17s)

---------------  T H R E A D  ---------------

Current thread (0x000001d70802a4d0):  JavaThread "C2 CompilerThread1" daemon [_thread_in_native, id=1572, stack(0x0000000806c00000,0x0000000806d00000) (1024K)]


Current CompileTask:
C2:22037764 16764   !   4       jdk.internal.net.http.HttpClientImpl::sendAsync (352 bytes)

Stack: [0x0000000806c00000,0x0000000806d00000]
Native frames: (J=compiled Java code, j=interpreted, Vv=VM code, C=native code)
V  [jvm.dll+0x6c63b9]
V  [jvm.dll+0x84fa11]
V  [jvm.dll+0x851f3e]
V  [jvm.dll+0x852613]
V  [jvm.dll+0x27cd46]
V  [jvm.dll+0xc4aad]
V  [jvm.dll+0xc4fe3]
V  [jvm.dll+0x3b1d22]
V  [jvm.dll+0x37e485]
V  [jvm.dll+0x37d8fa]
V  [jvm.dll+0x245b40]
V  [jvm.dll+0x24511f]
V  [jvm.dll+0x1c689e]
V  [jvm.dll+0x254609]
V  [jvm.dll+0x252b9a]
V  [jvm.dll+0x3eb056]
V  [jvm.dll+0x7f9ffb]
V  [jvm.dll+0x6c4a9d]
C  [ucrtbase.dll+0x37b0]
C  [KERNEL32.DLL+0x2e8d7]
C  [ntdll.dll+0x9c5dc]


---------------  P R O C E S S  ---------------

Threads class SMR info:
_java_thread_list=0x000001d709967a60, length=24, elements={
0x000001d73a936b30, 0x000001d73a9396a0, 0x000001d73a949950, 0x000001d73a94a610,
0x000001d73a93f890, 0x000001d73a95bf00, 0x000001d73a949110, 0x000001d73a97daa0,
0x000001d73a8ffbb0, 0x000001d73ad1cfa0, 0x000001d70066aef0, 0x000001d7007c15e0,
0x000001d708aacce0, 0x000001d708aac650, 0x000001d708aada00, 0x000001d70917d690,
0x000001d70917b5c0, 0x000001d70917d000, 0x000001d70917dd20, 0x000001d709cefec0,
0x000001d709cf0550, 0x000001d709cef1a0, 0x000001d709cef830, 0x000001d70802a4d0
}

Java Threads: ( => current thread )
  0x000001d73a936b30 JavaThread "Reference Handler"          daemon [_thread_blocked, id=9596, stack(0x0000000807700000,0x0000000807800000) (1024K)]
  0x000001d73a9396a0 JavaThread "Finalizer"                  daemon [_thread_blocked, id=15656, stack(0x0000000807800000,0x0000000807900000) (1024K)]
  0x000001d73a949950 JavaThread "Signal Dispatcher"          daemon [_thread_blocked, id=35960, stack(0x0000000807900000,0x0000000807a00000) (1024K)]
  0x000001d73a94a610 JavaThread "Attach Listener"            daemon [_thread_blocked, id=6268, stack(0x0000000807a00000,0x0000000807b00000) (1024K)]
  0x000001d73a93f890 JavaThread "Service Thread"             daemon [_thread_blocked, id=35884, stack(0x0000000807b00000,0x0000000807c00000) (1024K)]
  0x000001d73a95bf00 JavaThread "Monitor Deflation Thread"   daemon [_thread_blocked, id=36352, stack(0x0000000807c00000,0x0000000807d00000) (1024K)]
  0x000001d73a949110 JavaThread "C2 CompilerThread0"         daemon [_thread_blocked, id=25320, stack(0x0000000807d00000,0x0000000807e00000) (1024K)]
  0x000001d73a97daa0 JavaThread "C1 CompilerThread0"         daemon [_thread_blocked, id=37736, stack(0x0000000807e00000,0x0000000807f00000) (1024K)]
  0x000001d73a8ffbb0 JavaThread "Common-Cleaner"             daemon [_thread_blocked, id=34688, stack(0x0000000807f00000,0x0000000808000000) (1024K)]
  0x000001d73ad1cfa0 JavaThread "Notification Thread"        daemon [_thread_blocked, id=36432, stack(0x0000000808200000,0x0000000808300000) (1024K)]
  0x000001d70066aef0 JavaThread "InvokeLaterDispatcher"      daemon [_thread_blocked, id=34912, stack(0x0000000808600000,0x0000000808700000) (1024K)]
  0x000001d7007c15e0 JavaThread "Thread-2"                   daemon [_thread_in_native, id=29648, stack(0x0000000808c00000,0x0000000808d00000) (1024K)]
  0x000001d708aacce0 JavaThread "Prism Font Disposer"        daemon [_thread_blocked, id=36756, stack(0x0000000809c00000,0x0000000809d00000) (1024K)]
  0x000001d708aac650 JavaThread "Cleaner-0"                  daemon [_thread_blocked, id=29580, stack(0x0000000809e00000,0x0000000809f00000) (1024K)]
  0x000001d708aada00 JavaThread "Forwarding clickElement on session 8c513d9d6a3d8b2c59ab239650fb0524 to remote"        [_thread_in_Java, id=20732, stack(0x0000000809300000,0x0000000809400000) (1024K)]
  0x000001d70917d690 JavaThread "Driver Service Executor"    daemon [_thread_blocked, id=37832, stack(0x000000080a100000,0x000000080a200000) (1024K)]
  0x000001d70917b5c0 JavaThread "Driver Service Executor"    daemon [_thread_blocked, id=33636, stack(0x000000080a200000,0x000000080a300000) (1024K)]
  0x000001d70917d000 JavaThread "CompletableFutureDelayScheduler" daemon [_thread_blocked, id=18032, stack(0x000000080a500000,0x000000080a600000) (1024K)]
  0x000001d70917dd20 JavaThread "HttpClient-2-SelectorManager" daemon [_thread_in_native, id=22544, stack(0x000000080a900000,0x000000080aa00000) (1024K)]
  0x000001d709cefec0 JavaThread "DestroyJavaVM"                     [_thread_blocked, id=11428, stack(0x0000000806f00000,0x0000000807000000) (1024K)]
  0x000001d709cf0550 JavaThread "JdkHttpClient-0-98"         daemon [_thread_blocked, id=20452, stack(0x0000000806d00000,0x0000000806e00000) (1024K)]
  0x000001d709cef1a0 JavaThread "JdkHttpClient-0-99"         daemon [_thread_blocked, id=22532, stack(0x0000000806e00000,0x0000000806f00000) (1024K)]
  0x000001d709cef830 JavaThread "JdkHttpClient-0-103"        daemon [_thread_blocked, id=22292, stack(0x0000000808000000,0x0000000808100000) (1024K)]
=>0x000001d70802a4d0 JavaThread "C2 CompilerThread1"         daemon [_thread_in_native, id=1572, stack(0x0000000806c00000,0x0000000806d00000) (1024K)]
Total: 24

Other Threads:
  0x000001d73a918270 VMThread "VM Thread"                           [id=33368, stack(0x0000000807600000,0x0000000807700000) (1024K)]
  0x000001d73a8ff220 WatcherThread "VM Periodic Task Thread"        [id=32224, stack(0x0000000807500000,0x0000000807600000) (1024K)]
  0x000001d71dd87c80 WorkerThread "GC Thread#0"                     [id=31760, stack(0x0000000807000000,0x0000000807100000) (1024K)]
  0x000001d7054c66a0 WorkerThread "GC Thread#1"                     [id=14388, stack(0x0000000808e00000,0x0000000808f00000) (1024K)]
  0x000001d705468990 WorkerThread "GC Thread#2"                     [id=30532, stack(0x0000000808f00000,0x0000000809000000) (1024K)]
  0x000001d7054d8c50 WorkerThread "GC Thread#3"                     [id=30716, stack(0x0000000809000000,0x0000000809100000) (1024K)]
  0x000001d7054d8ff0 WorkerThread "GC Thread#4"                     [id=28992, stack(0x0000000809100000,0x0000000809200000) (1024K)]
  0x000001d7007f5910 WorkerThread "GC Thread#5"                     [id=28516, stack(0x0000000809200000,0x0000000809300000) (1024K)]
  0x000001d705be55c0 WorkerThread "GC Thread#6"                     [id=15908, stack(0x0000000809500000,0x0000000809600000) (1024K)]
  0x000001d705be4e80 WorkerThread "GC Thread#7"                     [id=33168, stack(0x0000000809600000,0x0000000809700000) (1024K)]
  0x000001d71dd978e0 ConcurrentGCThread "G1 Main Marker"            [id=17176, stack(0x0000000807100000,0x0000000807200000) (1024K)]
  0x000001d71dd983e0 WorkerThread "G1 Conc#0"                       [id=12400, stack(0x0000000807200000,0x0000000807300000) (1024K)]
  0x000001d705be43a0 WorkerThread "G1 Conc#1"                       [id=23788, stack(0x0000000809400000,0x0000000809500000) (1024K)]
  0x000001d73a7d4500 ConcurrentGCThread "G1 Refine#0"               [id=28556, stack(0x0000000807300000,0x0000000807400000) (1024K)]
  0x000001d71ddeccf0 ConcurrentGCThread "G1 Service"                [id=30976, stack(0x0000000807400000,0x0000000807500000) (1024K)]
Total: 15

Threads with active compile tasks:
C2 CompilerThread1  22037832 16764   !   4       jdk.internal.net.http.HttpClientImpl::sendAsync (352 bytes)
Total: 1

VM state: not at safepoint (normal execution)

VM Mutex/Monitor currently owned by a thread: None

Heap address: 0x0000000091000000, size: 1776 MB, Compressed Oops mode: 32-bit

CDS archive(s) mapped at: [0x000001d73b000000-0x000001d73bc90000-0x000001d73bc90000), size 13172736, SharedBaseAddress: 0x000001d73b000000, ArchiveRelocationMode: 1.
Compressed class space mapped at: 0x000001d73c000000-0x000001d77c000000, reserved size: 1073741824
Narrow klass base: 0x000001d73b000000, Narrow klass shift: 0, Narrow klass range: 0x100000000

GC Precious Log:
 CardTable entry size: 512
 Card Set container configuration: InlinePtr #cards 5 size 8 Array Of Cards #cards 12 size 40 Howl #buckets 4 coarsen threshold 1843 Howl Bitmap #cards 512 size 80 coarsen threshold 460 Card regions per heap region 1 cards per card region 2048
 CPUs: 8 total, 8 available
 Memory: 7103M
 Large Page Support: Disabled
 NUMA Support: Disabled
 Compressed Oops: Enabled (32-bit)
 Heap Region Size: 1M
 Heap Min Capacity: 8M
 Heap Initial Capacity: 112M
 Heap Max Capacity: 1776M
 Pre-touch: Disabled
 Parallel Workers: 8
 Concurrent Workers: 2
 Concurrent Refinement Workers: 8
 Periodic GC: Disabled

Heap:
 garbage-first heap   total 171008K, used 106794K [0x0000000091000000, 0x0000000100000000)
  region size 1024K, 49 young (50176K), 1 survivors (1024K)
 Metaspace       used 93634K, committed 94912K, reserved 1179648K
  class space    used 12493K, committed 12992K, reserved 1048576K

Heap Regions: E=young(eden), S=young(survivor), O=old, HS=humongous(starts), HC=humongous(continues), CS=collection set, F=free, TAMS=top-at-mark-start, PB=parsable bottom
|   0|0x0000000091000000, 0x0000000091100000, 0x0000000091100000|100%|HS|  |TAMS 0x0000000091000000| PB 0x0000000091000000| Complete 
|   1|0x0000000091100000, 0x0000000091200000, 0x0000000091200000|100%|HS|  |TAMS 0x0000000091100000| PB 0x0000000091100000| Complete 
|   2|0x0000000091200000, 0x0000000091244880, 0x0000000091300000| 26%| O|  |TAMS 0x0000000091200000| PB 0x0000000091200000| Untracked 
|   3|0x0000000091300000, 0x0000000091400000, 0x0000000091400000|100%| O|  |TAMS 0x0000000091300000| PB 0x0000000091300000| Untracked 
|   4|0x0000000091400000, 0x0000000091500000, 0x0000000091500000|100%| O|  |TAMS 0x0000000091400000| PB 0x0000000091400000| Untracked 
|   5|0x0000000091500000, 0x0000000091600000, 0x0000000091600000|100%|HS|  |TAMS 0x0000000091500000| PB 0x0000000091500000| Complete 
|   6|0x0000000091600000, 0x0000000091700000, 0x0000000091700000|100%| O|  |TAMS 0x0000000091600000| PB 0x0000000091600000| Untracked 
|   7|0x0000000091700000, 0x0000000091800000, 0x0000000091800000|100%| O|  |TAMS 0x0000000091700000| PB 0x0000000091700000| Untracked 
|   8|0x0000000091800000, 0x0000000091900000, 0x0000000091900000|100%| O|  |TAMS 0x0000000091800000| PB 0x0000000091800000| Untracked 
|   9|0x0000000091900000, 0x0000000091a00000, 0x0000000091a00000|100%| O|  |TAMS 0x0000000091900000| PB 0x0000000091900000| Untracked 
|  10|0x0000000091a00000, 0x0000000091b00000, 0x0000000091b00000|100%| O|  |TAMS 0x0000000091a00000| PB 0x0000000091a00000| Untracked 
|  11|0x0000000091b00000, 0x0000000091c00000, 0x0000000091c00000|100%| O|  |TAMS 0x0000000091b00000| PB 0x0000000091b00000| Untracked 
|  12|0x0000000091c00000, 0x0000000091d00000, 0x0000000091d00000|100%| O|  |TAMS 0x0000000091c00000| PB 0x0000000091c00000| Untracked 
|  13|0x0000000091d00000, 0x0000000091e00000, 0x0000000091e00000|100%| O|  |TAMS 0x0000000091d00000| PB 0x0000000091d00000| Untracked 
|  14|0x0000000091e00000, 0x0000000091f00000, 0x0000000091f00000|100%| O|  |TAMS 0x0000000091e00000| PB 0x0000000091e00000| Untracked 
|  15|0x0000000091f00000, 0x0000000092000000, 0x0000000092000000|100%| O|  |TAMS 0x0000000091f00000| PB 0x0000000091f00000| Untracked 
|  16|0x0000000092000000, 0x0000000092100000, 0x0000000092100000|100%| O|  |TAMS 0x0000000092000000| PB 0x0000000092000000| Untracked 
|  17|0x0000000092100000, 0x0000000092200000, 0x0000000092200000|100%| O|  |TAMS 0x0000000092100000| PB 0x0000000092100000| Untracked 
|  18|0x0000000092200000, 0x0000000092300000, 0x0000000092300000|100%| O|  |TAMS 0x0000000092200000| PB 0x0000000092200000| Untracked 
|  19|0x0000000092300000, 0x0000000092400000, 0x0000000092400000|100%| O|  |TAMS 0x0000000092300000| PB 0x0000000092300000| Untracked 
|  20|0x0000000092400000, 0x0000000092500000, 0x0000000092500000|100%| O|  |TAMS 0x0000000092400000| PB 0x0000000092400000| Untracked 
|  21|0x0000000092500000, 0x0000000092600000, 0x0000000092600000|100%| O|  |TAMS 0x0000000092500000| PB 0x0000000092500000| Untracked 
|  22|0x0000000092600000, 0x0000000092600000, 0x0000000092700000|  0%| F|  |TAMS 0x0000000092600000| PB 0x0000000092600000| Untracked 
|  23|0x0000000092700000, 0x0000000092800000, 0x0000000092800000|100%| O|  |TAMS 0x0000000092700000| PB 0x0000000092700000| Untracked 
|  24|0x0000000092800000, 0x0000000092900000, 0x0000000092900000|100%| O|  |TAMS 0x0000000092800000| PB 0x0000000092800000| Untracked 
|  25|0x0000000092900000, 0x0000000092a00000, 0x0000000092a00000|100%| O|  |TAMS 0x0000000092900000| PB 0x0000000092900000| Untracked 
|  26|0x0000000092a00000, 0x0000000092b00000, 0x0000000092b00000|100%| O|  |TAMS 0x0000000092a00000| PB 0x0000000092a00000| Untracked 
|  27|0x0000000092b00000, 0x0000000092c00000, 0x0000000092c00000|100%| O|  |TAMS 0x0000000092b00000| PB 0x0000000092b00000| Untracked 
|  28|0x0000000092c00000, 0x0000000092d00000, 0x0000000092d00000|100%| O|  |TAMS 0x0000000092c00000| PB 0x0000000092c00000| Untracked 
|  29|0x0000000092d00000, 0x0000000092e00000, 0x0000000092e00000|100%| O|  |TAMS 0x0000000092d00000| PB 0x0000000092d00000| Untracked 
|  30|0x0000000092e00000, 0x0000000092f00000, 0x0000000092f00000|100%| O|  |TAMS 0x0000000092e00000| PB 0x0000000092e00000| Untracked 
|  31|0x0000000092f00000, 0x0000000093000000, 0x0000000093000000|100%| O|  |TAMS 0x0000000092f00000| PB 0x0000000092f00000| Untracked 
|  32|0x0000000093000000, 0x0000000093100000, 0x0000000093100000|100%| O|  |TAMS 0x0000000093000000| PB 0x0000000093000000| Untracked 
|  33|0x0000000093100000, 0x0000000093200000, 0x0000000093200000|100%| O|  |TAMS 0x0000000093100000| PB 0x0000000093100000| Untracked 
|  34|0x0000000093200000, 0x0000000093300000, 0x0000000093300000|100%| O|  |TAMS 0x0000000093200000| PB 0x0000000093200000| Untracked 
|  35|0x0000000093300000, 0x0000000093400000, 0x0000000093400000|100%| O|  |TAMS 0x0000000093300000| PB 0x0000000093300000| Untracked 
|  36|0x0000000093400000, 0x0000000093500000, 0x0000000093500000|100%| O|  |TAMS 0x0000000093400000| PB 0x0000000093400000| Untracked 
|  37|0x0000000093500000, 0x0000000093600000, 0x0000000093600000|100%| O|  |TAMS 0x0000000093500000| PB 0x0000000093500000| Untracked 
|  38|0x0000000093600000, 0x0000000093700000, 0x0000000093700000|100%| O|  |TAMS 0x0000000093600000| PB 0x0000000093600000| Untracked 
|  39|0x0000000093700000, 0x0000000093800000, 0x0000000093800000|100%| O|  |TAMS 0x0000000093700000| PB 0x0000000093700000| Untracked 
|  40|0x0000000093800000, 0x0000000093900000, 0x0000000093900000|100%| O|  |TAMS 0x0000000093800000| PB 0x0000000093800000| Untracked 
|  41|0x0000000093900000, 0x0000000093a00000, 0x0000000093a00000|100%| O|  |TAMS 0x0000000093900000| PB 0x0000000093900000| Untracked 
|  42|0x0000000093a00000, 0x0000000093b00000, 0x0000000093b00000|100%| O|  |TAMS 0x0000000093a00000| PB 0x0000000093a00000| Untracked 
|  43|0x0000000093b00000, 0x0000000093c00000, 0x0000000093c00000|100%|HS|  |TAMS 0x0000000093b00000| PB 0x0000000093b00000| Complete 
|  44|0x0000000093c00000, 0x0000000093d00000, 0x0000000093d00000|100%|HC|  |TAMS 0x0000000093c00000| PB 0x0000000093c00000| Complete 
|  45|0x0000000093d00000, 0x0000000093e00000, 0x0000000093e00000|100%| O|  |TAMS 0x0000000093d00000| PB 0x0000000093d00000| Untracked 
|  46|0x0000000093e00000, 0x0000000093f00000, 0x0000000093f00000|100%| O|  |TAMS 0x0000000093e00000| PB 0x0000000093e00000| Untracked 
|  47|0x0000000093f00000, 0x0000000094000000, 0x0000000094000000|100%| O|  |TAMS 0x0000000093f00000| PB 0x0000000093f00000| Untracked 
|  48|0x0000000094000000, 0x0000000094000000, 0x0000000094100000|  0%| F|  |TAMS 0x0000000094000000| PB 0x0000000094000000| Untracked 
|  49|0x0000000094100000, 0x0000000094100000, 0x0000000094200000|  0%| F|  |TAMS 0x0000000094100000| PB 0x0000000094100000| Untracked 
|  50|0x0000000094200000, 0x0000000094200000, 0x0000000094300000|  0%| F|  |TAMS 0x0000000094200000| PB 0x0000000094200000| Untracked 
|  51|0x0000000094300000, 0x0000000094300000, 0x0000000094400000|  0%| F|  |TAMS 0x0000000094300000| PB 0x0000000094300000| Untracked 
|  52|0x0000000094400000, 0x0000000094400000, 0x0000000094500000|  0%| F|  |TAMS 0x0000000094400000| PB 0x0000000094400000| Untracked 
|  53|0x0000000094500000, 0x0000000094600000, 0x0000000094600000|100%| O|  |TAMS 0x0000000094500000| PB 0x0000000094500000| Untracked 
|  54|0x0000000094600000, 0x0000000094600000, 0x0000000094700000|  0%| F|  |TAMS 0x0000000094600000| PB 0x0000000094600000| Untracked 
|  55|0x0000000094700000, 0x0000000094800000, 0x0000000094800000|100%| O|  |TAMS 0x0000000094700000| PB 0x0000000094700000| Untracked 
|  56|0x0000000094800000, 0x0000000094800000, 0x0000000094900000|  0%| F|  |TAMS 0x0000000094800000| PB 0x0000000094800000| Untracked 
|  57|0x0000000094900000, 0x0000000094900000, 0x0000000094a00000|  0%| F|  |TAMS 0x0000000094900000| PB 0x0000000094900000| Untracked 
|  58|0x0000000094a00000, 0x0000000094a062e0, 0x0000000094b00000|  2%| S|CS|TAMS 0x0000000094a00000| PB 0x0000000094a00000| Complete 
|  59|0x0000000094b00000, 0x0000000094b00000, 0x0000000094c00000|  0%| F|  |TAMS 0x0000000094b00000| PB 0x0000000094b00000| Untracked 
|  60|0x0000000094c00000, 0x0000000094c00000, 0x0000000094d00000|  0%| F|  |TAMS 0x0000000094c00000| PB 0x0000000094c00000| Untracked 
|  61|0x0000000094d00000, 0x0000000094d00000, 0x0000000094e00000|  0%| F|  |TAMS 0x0000000094d00000| PB 0x0000000094d00000| Untracked 
|  62|0x0000000094e00000, 0x0000000094e00000, 0x0000000094f00000|  0%| F|  |TAMS 0x0000000094e00000| PB 0x0000000094e00000| Untracked 
|  63|0x0000000094f00000, 0x0000000094f00000, 0x0000000095000000|  0%| F|  |TAMS 0x0000000094f00000| PB 0x0000000094f00000| Untracked 
|  64|0x0000000095000000, 0x0000000095000000, 0x0000000095100000|  0%| F|  |TAMS 0x0000000095000000| PB 0x0000000095000000| Untracked 
|  65|0x0000000095100000, 0x0000000095100000, 0x0000000095200000|  0%| F|  |TAMS 0x0000000095100000| PB 0x0000000095100000| Untracked 
|  66|0x0000000095200000, 0x0000000095200000, 0x0000000095300000|  0%| F|  |TAMS 0x0000000095200000| PB 0x0000000095200000| Untracked 
|  67|0x0000000095300000, 0x0000000095300000, 0x0000000095400000|  0%| F|  |TAMS 0x0000000095300000| PB 0x0000000095300000| Untracked 
|  68|0x0000000095400000, 0x0000000095400000, 0x0000000095500000|  0%| F|  |TAMS 0x0000000095400000| PB 0x0000000095400000| Untracked 
|  69|0x0000000095500000, 0x0000000095600000, 0x0000000095600000|100%|HS|  |TAMS 0x0000000095500000| PB 0x0000000095500000| Complete 
|  70|0x0000000095600000, 0x0000000095700000, 0x0000000095700000|100%|HS|  |TAMS 0x0000000095600000| PB 0x0000000095600000| Complete 
|  71|0x0000000095700000, 0x0000000095700000, 0x0000000095800000|  0%| F|  |TAMS 0x0000000095700000| PB 0x0000000095700000| Untracked 
|  72|0x0000000095800000, 0x0000000095800000, 0x0000000095900000|  0%| F|  |TAMS 0x0000000095800000| PB 0x0000000095800000| Untracked 
|  73|0x0000000095900000, 0x0000000095900000, 0x0000000095a00000|  0%| F|  |TAMS 0x0000000095900000| PB 0x0000000095900000| Untracked 
|  74|0x0000000095a00000, 0x0000000095a00000, 0x0000000095b00000|  0%| F|  |TAMS 0x0000000095a00000| PB 0x0000000095a00000| Untracked 
|  75|0x0000000095b00000, 0x0000000095c00000, 0x0000000095c00000|100%|HS|  |TAMS 0x0000000095b00000| PB 0x0000000095b00000| Complete 
|  76|0x0000000095c00000, 0x0000000095d00000, 0x0000000095d00000|100%|HS|  |TAMS 0x0000000095c00000| PB 0x0000000095c00000| Complete 
|  77|0x0000000095d00000, 0x0000000095d00000, 0x0000000095e00000|  0%| F|  |TAMS 0x0000000095d00000| PB 0x0000000095d00000| Untracked 
|  78|0x0000000095e00000, 0x0000000095e00000, 0x0000000095f00000|  0%| F|  |TAMS 0x0000000095e00000| PB 0x0000000095e00000| Untracked 
|  79|0x0000000095f00000, 0x0000000095f00000, 0x0000000096000000|  0%| F|  |TAMS 0x0000000095f00000| PB 0x0000000095f00000| Untracked 
|  80|0x0000000096000000, 0x0000000096000000, 0x0000000096100000|  0%| F|  |TAMS 0x0000000096000000| PB 0x0000000096000000| Untracked 
|  81|0x0000000096100000, 0x0000000096100000, 0x0000000096200000|  0%| F|  |TAMS 0x0000000096100000| PB 0x0000000096100000| Untracked 
|  82|0x0000000096200000, 0x0000000096300000, 0x0000000096300000|100%|HS|  |TAMS 0x0000000096200000| PB 0x0000000096200000| Complete 
|  83|0x0000000096300000, 0x0000000096400000, 0x0000000096400000|100%|HS|  |TAMS 0x0000000096300000| PB 0x0000000096300000| Complete 
|  84|0x0000000096400000, 0x0000000096500000, 0x0000000096500000|100%|HS|  |TAMS 0x0000000096400000| PB 0x0000000096400000| Complete 
|  85|0x0000000096500000, 0x0000000096500000, 0x0000000096600000|  0%| F|  |TAMS 0x0000000096500000| PB 0x0000000096500000| Untracked 
|  86|0x0000000096600000, 0x0000000096600000, 0x0000000096700000|  0%| F|  |TAMS 0x0000000096600000| PB 0x0000000096600000| Untracked 
|  87|0x0000000096700000, 0x0000000096700000, 0x0000000096800000|  0%| F|  |TAMS 0x0000000096700000| PB 0x0000000096700000| Untracked 
|  88|0x0000000096800000, 0x0000000096800000, 0x0000000096900000|  0%| F|  |TAMS 0x0000000096800000| PB 0x0000000096800000| Untracked 
|  89|0x0000000096900000, 0x0000000096900000, 0x0000000096a00000|  0%| F|  |TAMS 0x0000000096900000| PB 0x0000000096900000| Untracked 
|  90|0x0000000096a00000, 0x0000000096a00000, 0x0000000096b00000|  0%| F|  |TAMS 0x0000000096a00000| PB 0x0000000096a00000| Untracked 
|  91|0x0000000096b00000, 0x0000000096b00000, 0x0000000096c00000|  0%| F|  |TAMS 0x0000000096b00000| PB 0x0000000096b00000| Untracked 
|  92|0x0000000096c00000, 0x0000000096c00000, 0x0000000096d00000|  0%| F|  |TAMS 0x0000000096c00000| PB 0x0000000096c00000| Untracked 
|  93|0x0000000096d00000, 0x0000000096d00000, 0x0000000096e00000|  0%| F|  |TAMS 0x0000000096d00000| PB 0x0000000096d00000| Untracked 
|  94|0x0000000096e00000, 0x0000000096e00000, 0x0000000096f00000|  0%| F|  |TAMS 0x0000000096e00000| PB 0x0000000096e00000| Untracked 
|  95|0x0000000096f00000, 0x0000000096f00000, 0x0000000097000000|  0%| F|  |TAMS 0x0000000096f00000| PB 0x0000000096f00000| Untracked 
|  96|0x0000000097000000, 0x0000000097000000, 0x0000000097100000|  0%| F|  |TAMS 0x0000000097000000| PB 0x0000000097000000| Untracked 
|  97|0x0000000097100000, 0x0000000097100000, 0x0000000097200000|  0%| F|  |TAMS 0x0000000097100000| PB 0x0000000097100000| Untracked 
|  98|0x0000000097200000, 0x0000000097200000, 0x0000000097300000|  0%| F|  |TAMS 0x0000000097200000| PB 0x0000000097200000| Untracked 
|  99|0x0000000097300000, 0x0000000097300000, 0x0000000097400000|  0%| F|  |TAMS 0x0000000097300000| PB 0x0000000097300000| Untracked 
| 100|0x0000000097400000, 0x0000000097400000, 0x0000000097500000|  0%| F|  |TAMS 0x0000000097400000| PB 0x0000000097400000| Untracked 
| 101|0x0000000097500000, 0x0000000097500000, 0x0000000097600000|  0%| F|  |TAMS 0x0000000097500000| PB 0x0000000097500000| Untracked 
| 102|0x0000000097600000, 0x0000000097600000, 0x0000000097700000|  0%| F|  |TAMS 0x0000000097600000| PB 0x0000000097600000| Untracked 
| 103|0x0000000097700000, 0x0000000097700000, 0x0000000097800000|  0%| F|  |TAMS 0x0000000097700000| PB 0x0000000097700000| Untracked 
| 104|0x0000000097800000, 0x0000000097800000, 0x0000000097900000|  0%| F|  |TAMS 0x0000000097800000| PB 0x0000000097800000| Untracked 
| 105|0x0000000097900000, 0x0000000097900000, 0x0000000097a00000|  0%| F|  |TAMS 0x0000000097900000| PB 0x0000000097900000| Untracked 
| 106|0x0000000097a00000, 0x0000000097a00000, 0x0000000097b00000|  0%| F|  |TAMS 0x0000000097a00000| PB 0x0000000097a00000| Untracked 
| 107|0x0000000097b00000, 0x0000000097b00000, 0x0000000097c00000|  0%| F|  |TAMS 0x0000000097b00000| PB 0x0000000097b00000| Untracked 
| 108|0x0000000097c00000, 0x0000000097c00000, 0x0000000097d00000|  0%| F|  |TAMS 0x0000000097c00000| PB 0x0000000097c00000| Untracked 
| 109|0x0000000097d00000, 0x0000000097d00000, 0x0000000097e00000|  0%| F|  |TAMS 0x0000000097d00000| PB 0x0000000097d00000| Untracked 
| 110|0x0000000097e00000, 0x0000000097e00000, 0x0000000097f00000|  0%| F|  |TAMS 0x0000000097e00000| PB 0x0000000097e00000| Untracked 
| 111|0x0000000097f00000, 0x0000000097f00000, 0x0000000098000000|  0%| F|  |TAMS 0x0000000097f00000| PB 0x0000000097f00000| Untracked 
| 112|0x0000000098000000, 0x0000000098000000, 0x0000000098100000|  0%| F|  |TAMS 0x0000000098000000| PB 0x0000000098000000| Untracked 
| 113|0x0000000098100000, 0x0000000098100000, 0x0000000098200000|  0%| F|  |TAMS 0x0000000098100000| PB 0x0000000098100000| Untracked 
| 114|0x0000000098200000, 0x0000000098236ae8, 0x0000000098300000| 21%| E|  |TAMS 0x0000000098200000| PB 0x0000000098200000| Complete 
| 115|0x0000000098300000, 0x0000000098400000, 0x0000000098400000|100%| E|CS|TAMS 0x0000000098300000| PB 0x0000000098300000| Complete 
| 116|0x0000000098400000, 0x0000000098500000, 0x0000000098500000|100%| E|CS|TAMS 0x0000000098400000| PB 0x0000000098400000| Complete 
| 117|0x0000000098500000, 0x0000000098600000, 0x0000000098600000|100%| E|CS|TAMS 0x0000000098500000| PB 0x0000000098500000| Complete 
| 118|0x0000000098600000, 0x0000000098700000, 0x0000000098700000|100%| E|CS|TAMS 0x0000000098600000| PB 0x0000000098600000| Complete 
| 119|0x0000000098700000, 0x0000000098800000, 0x0000000098800000|100%| E|CS|TAMS 0x0000000098700000| PB 0x0000000098700000| Complete 
| 120|0x0000000098800000, 0x0000000098900000, 0x0000000098900000|100%| E|CS|TAMS 0x0000000098800000| PB 0x0000000098800000| Complete 
| 121|0x0000000098900000, 0x0000000098a00000, 0x0000000098a00000|100%| E|CS|TAMS 0x0000000098900000| PB 0x0000000098900000| Complete 
| 122|0x0000000098a00000, 0x0000000098b00000, 0x0000000098b00000|100%| E|CS|TAMS 0x0000000098a00000| PB 0x0000000098a00000| Complete 
| 123|0x0000000098b00000, 0x0000000098c00000, 0x0000000098c00000|100%| E|CS|TAMS 0x0000000098b00000| PB 0x0000000098b00000| Complete 
| 124|0x0000000098c00000, 0x0000000098d00000, 0x0000000098d00000|100%| E|CS|TAMS 0x0000000098c00000| PB 0x0000000098c00000| Complete 
| 125|0x0000000098d00000, 0x0000000098e00000, 0x0000000098e00000|100%| E|CS|TAMS 0x0000000098d00000| PB 0x0000000098d00000| Complete 
| 126|0x0000000098e00000, 0x0000000098f00000, 0x0000000098f00000|100%| E|CS|TAMS 0x0000000098e00000| PB 0x0000000098e00000| Complete 
| 127|0x0000000098f00000, 0x0000000099000000, 0x0000000099000000|100%| E|CS|TAMS 0x0000000098f00000| PB 0x0000000098f00000| Complete 
| 128|0x0000000099000000, 0x0000000099100000, 0x0000000099100000|100%| E|CS|TAMS 0x0000000099000000| PB 0x0000000099000000| Complete 
| 129|0x0000000099100000, 0x0000000099200000, 0x0000000099200000|100%| E|CS|TAMS 0x0000000099100000| PB 0x0000000099100000| Complete 
| 130|0x0000000099200000, 0x0000000099300000, 0x0000000099300000|100%| E|CS|TAMS 0x0000000099200000| PB 0x0000000099200000| Complete 
| 131|0x0000000099300000, 0x0000000099400000, 0x0000000099400000|100%| E|CS|TAMS 0x0000000099300000| PB 0x0000000099300000| Complete 
| 132|0x0000000099400000, 0x0000000099500000, 0x0000000099500000|100%| E|CS|TAMS 0x0000000099400000| PB 0x0000000099400000| Complete 
| 133|0x0000000099500000, 0x0000000099600000, 0x0000000099600000|100%| E|CS|TAMS 0x0000000099500000| PB 0x0000000099500000| Complete 
| 134|0x0000000099600000, 0x0000000099700000, 0x0000000099700000|100%| E|CS|TAMS 0x0000000099600000| PB 0x0000000099600000| Complete 
| 135|0x0000000099700000, 0x0000000099800000, 0x0000000099800000|100%| E|CS|TAMS 0x0000000099700000| PB 0x0000000099700000| Complete 
| 136|0x0000000099800000, 0x0000000099900000, 0x0000000099900000|100%| E|CS|TAMS 0x0000000099800000| PB 0x0000000099800000| Complete 
| 137|0x0000000099900000, 0x0000000099a00000, 0x0000000099a00000|100%| E|CS|TAMS 0x0000000099900000| PB 0x0000000099900000| Complete 
| 138|0x0000000099a00000, 0x0000000099b00000, 0x0000000099b00000|100%| E|CS|TAMS 0x0000000099a00000| PB 0x0000000099a00000| Complete 
| 139|0x0000000099b00000, 0x0000000099c00000, 0x0000000099c00000|100%| E|CS|TAMS 0x0000000099b00000| PB 0x0000000099b00000| Complete 
| 140|0x0000000099c00000, 0x0000000099d00000, 0x0000000099d00000|100%| E|CS|TAMS 0x0000000099c00000| PB 0x0000000099c00000| Complete 
| 141|0x0000000099d00000, 0x0000000099e00000, 0x0000000099e00000|100%| E|CS|TAMS 0x0000000099d00000| PB 0x0000000099d00000| Complete 
| 142|0x0000000099e00000, 0x0000000099f00000, 0x0000000099f00000|100%| E|CS|TAMS 0x0000000099e00000| PB 0x0000000099e00000| Complete 
| 143|0x0000000099f00000, 0x000000009a000000, 0x000000009a000000|100%| E|CS|TAMS 0x0000000099f00000| PB 0x0000000099f00000| Complete 
| 144|0x000000009a000000, 0x000000009a100000, 0x000000009a100000|100%| E|CS|TAMS 0x000000009a000000| PB 0x000000009a000000| Complete 
| 145|0x000000009a100000, 0x000000009a200000, 0x000000009a200000|100%| E|CS|TAMS 0x000000009a100000| PB 0x000000009a100000| Complete 
| 146|0x000000009a200000, 0x000000009a300000, 0x000000009a300000|100%| E|CS|TAMS 0x000000009a200000| PB 0x000000009a200000| Complete 
| 147|0x000000009a300000, 0x000000009a400000, 0x000000009a400000|100%| E|CS|TAMS 0x000000009a300000| PB 0x000000009a300000| Complete 
| 148|0x000000009a400000, 0x000000009a500000, 0x000000009a500000|100%| E|CS|TAMS 0x000000009a400000| PB 0x000000009a400000| Complete 
| 149|0x000000009a500000, 0x000000009a600000, 0x000000009a600000|100%| E|CS|TAMS 0x000000009a500000| PB 0x000000009a500000| Complete 
| 150|0x000000009a600000, 0x000000009a700000, 0x000000009a700000|100%| E|CS|TAMS 0x000000009a600000| PB 0x000000009a600000| Complete 
| 151|0x000000009a700000, 0x000000009a800000, 0x000000009a800000|100%| E|CS|TAMS 0x000000009a700000| PB 0x000000009a700000| Complete 
| 152|0x000000009a800000, 0x000000009a900000, 0x000000009a900000|100%| E|CS|TAMS 0x000000009a800000| PB 0x000000009a800000| Complete 
| 153|0x000000009a900000, 0x000000009aa00000, 0x000000009aa00000|100%| E|CS|TAMS 0x000000009a900000| PB 0x000000009a900000| Complete 
| 154|0x000000009aa00000, 0x000000009ab00000, 0x000000009ab00000|100%| E|CS|TAMS 0x000000009aa00000| PB 0x000000009aa00000| Complete 
|1764|0x00000000ff400000, 0x00000000ff500000, 0x00000000ff500000|100%| E|CS|TAMS 0x00000000ff400000| PB 0x00000000ff400000| Complete 
|1765|0x00000000ff500000, 0x00000000ff600000, 0x00000000ff600000|100%| E|CS|TAMS 0x00000000ff500000| PB 0x00000000ff500000| Complete 
|1766|0x00000000ff600000, 0x00000000ff700000, 0x00000000ff700000|100%| E|CS|TAMS 0x00000000ff600000| PB 0x00000000ff600000| Complete 
|1767|0x00000000ff700000, 0x00000000ff800000, 0x00000000ff800000|100%| E|CS|TAMS 0x00000000ff700000| PB 0x00000000ff700000| Complete 
|1768|0x00000000ff800000, 0x00000000ff900000, 0x00000000ff900000|100%| E|CS|TAMS 0x00000000ff800000| PB 0x00000000ff800000| Complete 
|1769|0x00000000ff900000, 0x00000000ffa00000, 0x00000000ffa00000|100%| E|CS|TAMS 0x00000000ff900000| PB 0x00000000ff900000| Complete 
|1770|0x00000000ffa00000, 0x00000000ffb00000, 0x00000000ffb00000|100%| E|CS|TAMS 0x00000000ffa00000| PB 0x00000000ffa00000| Complete 
|1771|0x00000000ffb00000, 0x00000000ffc00000, 0x00000000ffc00000|100%| E|CS|TAMS 0x00000000ffb00000| PB 0x00000000ffb00000| Complete 
|1772|0x00000000ffc00000, 0x00000000ffd00000, 0x00000000ffd00000|100%| E|CS|TAMS 0x00000000ffc00000| PB 0x00000000ffc00000| Complete 
|1773|0x00000000ffd00000, 0x00000000ffe00000, 0x00000000ffe00000|100%| O|  |TAMS 0x00000000ffd00000| PB 0x00000000ffd00000| Untracked 
|1774|0x00000000ffe00000, 0x00000000fff00000, 0x00000000fff00000|100%| O|  |TAMS 0x00000000ffe00000| PB 0x00000000ffe00000| Untracked 
|1775|0x00000000fff00000, 0x0000000100000000, 0x0000000100000000|100%| E|CS|TAMS 0x00000000fff00000| PB 0x00000000fff00000| Complete 

Card table byte_map: [0x000001d735fb0000,0x000001d736330000] _byte_map_base: 0x000001d735b28000

Marking Bits: (CMBitMap*) 0x000001d71dd88380
 Bits: [0x000001d736330000, 0x000001d737ef0000)

Polling page: 0x000001d71c460000

Metaspace:

Usage:
  Non-class:     79.24 MB used.
      Class:     12.20 MB used.
       Both:     91.44 MB used.

Virtual space:
  Non-class space:      128.00 MB reserved,      80.00 MB ( 62%) committed,  2 nodes.
      Class space:        1.00 GB reserved,      12.69 MB (  1%) committed,  1 nodes.
             Both:        1.12 GB reserved,      92.69 MB (  8%) committed. 

Chunk freelists:
   Non-Class:  16.16 MB
       Class:  3.49 MB
        Both:  19.65 MB

MaxMetaspaceSize: unlimited
CompressedClassSpaceSize: 1.00 GB
Initial GC threshold: 21.00 MB
Current GC threshold: 154.50 MB
CDS: on
 - commit_granule_bytes: 65536.
 - commit_granule_words: 8192.
 - virtual_space_node_default_size: 8388608.
 - enlarge_chunks_in_place: 1.
 - use_allocation_guard: 0.


Internal statistics:

num_allocs_failed_limit: 12.
num_arena_births: 1306.
num_arena_deaths: 476.
num_vsnodes_births: 3.
num_vsnodes_deaths: 0.
num_space_committed: 1483.
num_space_uncommitted: 0.
num_chunks_returned_to_freelist: 577.
num_chunks_taken_from_freelist: 4702.
num_chunk_merges: 166.
num_chunk_splits: 3326.
num_chunks_enlarged: 2511.
num_inconsistent_stats: 0.

CodeHeap 'non-profiled nmethods': size=120000Kb used=2731Kb max_used=10405Kb free=117268Kb
 bounds [0x000001d72dca0000, 0x000001d72e700000, 0x000001d7351d0000]
CodeHeap 'profiled nmethods': size=120000Kb used=313Kb max_used=27152Kb free=119687Kb
 bounds [0x000001d7261d0000, 0x000001d727cd0000, 0x000001d72d700000]
CodeHeap 'non-nmethods': size=5760Kb used=2169Kb max_used=2252Kb free=3590Kb
 bounds [0x000001d72d700000, 0x000001d72d970000, 0x000001d72dca0000]
 total_blobs=2248 nmethods=1156 adapters=994
 compilation: enabled
              stopped_count=0, restarted_count=0
 full_count=0

Compilation events (20 events):
Event: 22034.879 Thread 0x000001d73a949110 16728       4       java.lang.Throwable::toString (45 bytes)
Event: 22034.879 Thread 0x000001d70802b270 nmethod 16674 0x000001d72ddc4690 code [0x000001d72ddc4840, 0x000001d72ddc4c10]
Event: 22034.879 Thread 0x000001d70802b270 16760       4       java.io.UncheckedIOException::getCause (5 bytes)
Event: 22034.882 Thread 0x000001d70802b270 nmethod 16760 0x000001d72de9f510 code [0x000001d72de9f6a0, 0x000001d72de9f928]
Event: 22034.882 Thread 0x000001d70802b270 16720       4       jdk.internal.org.objectweb.asm.Handler::getExceptionTableLength (21 bytes)
Event: 22034.884 Thread 0x000001d70802b270 nmethod 16720 0x000001d72dd3e110 code [0x000001d72dd3e2a0, 0x000001d72dd3e338]
Event: 22034.884 Thread 0x000001d70802b270 16743       4       java.lang.invoke.MemberName::allFlagsSet (16 bytes)
Event: 22034.884 Thread 0x000001d70802b270 nmethod 16743 0x000001d72dd3f110 code [0x000001d72dd3f2a0, 0x000001d72dd3f338]
Event: 22034.885 Thread 0x000001d70802b270 16712       4       java.util.Arrays::copyOfRangeByte (33 bytes)
Event: 22034.887 Thread 0x000001d73a949110 nmethod 16728 0x000001d72dce0210 code [0x000001d72dce03c0, 0x000001d72dce08f0]
Event: 22034.888 Thread 0x000001d70802b270 nmethod 16712 0x000001d72dca0010 code [0x000001d72dca01a0, 0x000001d72dca04c0]
Event: 22034.920 Thread 0x000001d70802b270 16761       4       java.lang.Throwable::<init> (34 bytes)
Event: 22034.925 Thread 0x000001d70802b270 nmethod 16761 0x000001d72de18a10 code [0x000001d72de18bc0, 0x000001d72de18f90]
Event: 22034.968 Thread 0x000001d70802b270 16762       4       java.io.IOException::<init> (6 bytes)
Event: 22034.970 Thread 0x000001d70802b270 nmethod 16762 0x000001d72e121d10 code [0x000001d72e121ec0, 0x000001d72e122290]
Event: 22034.995 Thread 0x000001d73a97daa0 16763       3       jdk.internal.net.http.HttpClientImpl$SelectorManager::selectorClosedException (33 bytes)
Event: 22034.996 Thread 0x000001d73a97daa0 nmethod 16763 0x000001d727a42990 code [0x000001d727a42b60, 0x000001d727a42f30]
Event: 22036.316 Thread 0x000001d70802a4d0 16764   !   4       jdk.internal.net.http.HttpClientImpl::sendAsync (352 bytes)
Event: 22036.694 Thread 0x000001d73a949110 16765       4       jdk.internal.net.http.HttpClientImpl$SelectorManager::selectorClosedException (33 bytes)
Event: 22036.701 Thread 0x000001d73a949110 nmethod 16765 0x000001d72dd19910 code [0x000001d72dd19ae0, 0x000001d72dd19f18]

GC Heap History (20 events):
Event: 22032.727 GC heap before
{Heap before GC invocations=17350 (full 0):
 garbage-first heap   total 171008K, used 159002K [0x0000000091000000, 0x0000000100000000)
  region size 1024K, 99 young (101376K), 1 survivors (1024K)
 Metaspace       used 93618K, committed 94912K, reserved 1179648K
  class space    used 12489K, committed 12992K, reserved 1048576K
}
Event: 22032.734 GC heap after
{Heap after GC invocations=17351 (full 0):
 garbage-first heap   total 171008K, used 58670K [0x0000000091000000, 0x0000000100000000)
  region size 1024K, 1 young (1024K), 1 survivors (1024K)
 Metaspace       used 93618K, committed 94912K, reserved 1179648K
  class space    used 12489K, committed 12992K, reserved 1048576K
}
Event: 22034.801 GC heap before
{Heap before GC invocations=17351 (full 0):
 garbage-first heap   total 171008K, used 159022K [0x0000000091000000, 0x0000000100000000)
  region size 1024K, 99 young (101376K), 1 survivors (1024K)
 Metaspace       used 93634K, committed 94912K, reserved 1179648K
  class space    used 12493K, committed 12992K, reserved 1048576K
}
Event: 22034.814 GC heap after
{Heap after GC invocations=17352 (full 0):
 garbage-first heap   total 171008K, used 58671K [0x0000000091000000, 0x0000000100000000)
  region size 1024K, 1 young (1024K), 1 survivors (1024K)
 Metaspace       used 93634K, committed 94912K, reserved 1179648K
  class space    used 12493K, committed 12992K, reserved 1048576K
}
Event: 22035.854 GC heap before
{Heap before GC invocations=17352 (full 0):
 garbage-first heap   total 171008K, used 159023K [0x0000000091000000, 0x0000000100000000)
  region size 1024K, 99 young (101376K), 1 survivors (1024K)
 Metaspace       used 93634K, committed 94912K, reserved 1179648K
  class space    used 12493K, committed 12992K, reserved 1048576K
}
Event: 22035.855 GC heap after
{Heap after GC invocations=17353 (full 0):
 garbage-first heap   total 171008K, used 58668K [0x0000000091000000, 0x0000000100000000)
  region size 1024K, 1 young (1024K), 1 survivors (1024K)
 Metaspace       used 93634K, committed 94912K, reserved 1179648K
  class space    used 12493K, committed 12992K, reserved 1048576K
}
Event: 22036.105 GC heap before
{Heap before GC invocations=17353 (full 0):
 garbage-first heap   total 171008K, used 159020K [0x0000000091000000, 0x0000000100000000)
  region size 1024K, 99 young (101376K), 1 survivors (1024K)
 Metaspace       used 93634K, committed 94912K, reserved 1179648K
  class space    used 12493K, committed 12992K, reserved 1048576K
}
Event: 22036.106 GC heap after
{Heap after GC invocations=17354 (full 0):
 garbage-first heap   total 171008K, used 58666K [0x0000000091000000, 0x0000000100000000)
  region size 1024K, 1 young (1024K), 1 survivors (1024K)
 Metaspace       used 93634K, committed 94912K, reserved 1179648K
  class space    used 12493K, committed 12992K, reserved 1048576K
}
Event: 22036.351 GC heap before
{Heap before GC invocations=17354 (full 0):
 garbage-first heap   total 171008K, used 159018K [0x0000000091000000, 0x0000000100000000)
  region size 1024K, 99 young (101376K), 1 survivors (1024K)
 Metaspace       used 93634K, committed 94912K, reserved 1179648K
  class space    used 12493K, committed 12992K, reserved 1048576K
}
Event: 22036.352 GC heap after
{Heap after GC invocations=17355 (full 0):
 garbage-first heap   total 171008K, used 58670K [0x0000000091000000, 0x0000000100000000)
  region size 1024K, 1 young (1024K), 1 survivors (1024K)
 Metaspace       used 93634K, committed 94912K, reserved 1179648K
  class space    used 12493K, committed 12992K, reserved 1048576K
}
Event: 22036.725 GC heap before
{Heap before GC invocations=17355 (full 0):
 garbage-first heap   total 171008K, used 159022K [0x0000000091000000, 0x0000000100000000)
  region size 1024K, 99 young (101376K), 1 survivors (1024K)
 Metaspace       used 93634K, committed 94912K, reserved 1179648K
  class space    used 12493K, committed 12992K, reserved 1048576K
}
Event: 22036.727 GC heap after
{Heap after GC invocations=17356 (full 0):
 garbage-first heap   total 171008K, used 58672K [0x0000000091000000, 0x0000000100000000)
  region size 1024K, 1 young (1024K), 1 survivors (1024K)
 Metaspace       used 93634K, committed 94912K, reserved 1179648K
  class space    used 12493K, committed 12992K, reserved 1048576K
}
Event: 22036.972 GC heap before
{Heap before GC invocations=17356 (full 0):
 garbage-first heap   total 171008K, used 159024K [0x0000000091000000, 0x0000000100000000)
  region size 1024K, 99 young (101376K), 1 survivors (1024K)
 Metaspace       used 93634K, committed 94912K, reserved 1179648K
  class space    used 12493K, committed 12992K, reserved 1048576K
}
Event: 22036.974 GC heap after
{Heap after GC invocations=17357 (full 0):
 garbage-first heap   total 171008K, used 58668K [0x0000000091000000, 0x0000000100000000)
  region size 1024K, 1 young (1024K), 1 survivors (1024K)
 Metaspace       used 93634K, committed 94912K, reserved 1179648K
  class space    used 12493K, committed 12992K, reserved 1048576K
}
Event: 22037.212 GC heap before
{Heap before GC invocations=17357 (full 0):
 garbage-first heap   total 171008K, used 159020K [0x0000000091000000, 0x0000000100000000)
  region size 1024K, 99 young (101376K), 1 survivors (1024K)
 Metaspace       used 93634K, committed 94912K, reserved 1179648K
  class space    used 12493K, committed 12992K, reserved 1048576K
}
Event: 22037.213 GC heap after
{Heap after GC invocations=17358 (full 0):
 garbage-first heap   total 171008K, used 58669K [0x0000000091000000, 0x0000000100000000)
  region size 1024K, 1 young (1024K), 1 survivors (1024K)
 Metaspace       used 93634K, committed 94912K, reserved 1179648K
  class space    used 12493K, committed 12992K, reserved 1048576K
}
Event: 22037.459 GC heap before
{Heap before GC invocations=17358 (full 0):
 garbage-first heap   total 171008K, used 159021K [0x0000000091000000, 0x0000000100000000)
  region size 1024K, 99 young (101376K), 1 survivors (1024K)
 Metaspace       used 93634K, committed 94912K, reserved 1179648K
  class space    used 12493K, committed 12992K, reserved 1048576K
}
Event: 22037.460 GC heap after
{Heap after GC invocations=17359 (full 0):
 garbage-first heap   total 171008K, used 58668K [0x0000000091000000, 0x0000000100000000)
  region size 1024K, 1 young (1024K), 1 survivors (1024K)
 Metaspace       used 93634K, committed 94912K, reserved 1179648K
  class space    used 12493K, committed 12992K, reserved 1048576K
}
Event: 22037.700 GC heap before
{Heap before GC invocations=17359 (full 0):
 garbage-first heap   total 171008K, used 159020K [0x0000000091000000, 0x0000000100000000)
  region size 1024K, 99 young (101376K), 1 survivors (1024K)
 Metaspace       used 93634K, committed 94912K, reserved 1179648K
  class space    used 12493K, committed 12992K, reserved 1048576K
}
Event: 22037.702 GC heap after
{Heap after GC invocations=17360 (full 0):
 garbage-first heap   total 171008K, used 58666K [0x0000000091000000, 0x0000000100000000)
  region size 1024K, 1 young (1024K), 1 survivors (1024K)
 Metaspace       used 93634K, committed 94912K, reserved 1179648K
  class space    used 12493K, committed 12992K, reserved 1048576K
}

Dll operation events (20 events):
Event: 0.553 Loaded shared library C:\Users\nikit\.openjfx\cache\21+31\amd64\api-ms-win-crt-stdio-l1-1-0.dll
Event: 0.557 Loaded shared library C:\Users\nikit\.openjfx\cache\21+31\amd64\api-ms-win-crt-string-l1-1-0.dll
Event: 0.562 Loaded shared library C:\Users\nikit\.openjfx\cache\21+31\amd64\api-ms-win-crt-time-l1-1-0.dll
Event: 0.566 Loaded shared library C:\Users\nikit\.openjfx\cache\21+31\amd64\api-ms-win-crt-utility-l1-1-0.dll
Event: 0.582 Loaded shared library C:\Users\nikit\.openjfx\cache\21+31\amd64\ucrtbase.dll
Event: 0.587 Loaded shared library C:\Users\nikit\.openjfx\cache\21+31\amd64\vcruntime140.dll
Event: 0.591 Loaded shared library C:\Users\nikit\.openjfx\cache\21+31\amd64\vcruntime140_1.dll
Event: 0.601 Loaded shared library C:\Users\nikit\.openjfx\cache\21+31\amd64\msvcp140.dll
Event: 0.607 Loaded shared library C:\Users\nikit\.openjfx\cache\21+31\amd64\msvcp140_1.dll
Event: 0.614 Loaded shared library C:\Users\nikit\.openjfx\cache\21+31\amd64\msvcp140_2.dll
Event: 0.667 Loaded shared library C:\Users\nikit\.openjfx\cache\21+31\amd64\prism_d3d.dll
Event: 0.729 Loaded shared library C:\Users\nikit\.openjfx\cache\21+31\amd64\glass.dll
Event: 1.019 Loaded shared library C:\Program Files\Java\jdk-21\bin\jimage.dll
Event: 2.411 Loaded shared library C:\Program Files\Java\jdk-21\bin\sunmscapi.dll
Event: 4.418 Loaded shared library C:\Program Files\Java\jdk-21\bin\verify.dll
Event: 4.857 Loaded shared library C:\Program Files\Java\jdk-21\bin\extnet.dll
Event: 9.205 Loaded shared library C:\Program Files\Java\jdk-21\bin\management.dll
Event: 9.212 Loaded shared library C:\Program Files\Java\jdk-21\bin\management_ext.dll
Event: 9.535 Loaded shared library C:\Users\nikit\.openjfx\cache\21+31\amd64\javafx_font.dll
Event: 11.013 Loaded shared library C:\Users\nikit\.openjfx\cache\21+31\amd64\javafx_iio.dll

Deoptimization events (20 events):
Event: 22032.684 Thread 0x000001d708aada00 Uncommon trap: trap_request=0xffffffde fr.pc=0x000001d72e2c1a54 relative=0x00000000000001b4
Event: 22032.684 Thread 0x000001d708aada00 Uncommon trap: reason=class_check action=maybe_recompile pc=0x000001d72e2c1a54 method=java.io.UncheckedIOException.getCause()Ljava/io/IOException; @ 4 c2
Event: 22032.684 Thread 0x000001d708aada00 DEOPT PACKING pc=0x000001d72e2c1a54 sp=0x00000008093feba0
Event: 22032.685 Thread 0x000001d708aada00 DEOPT UNPACKING pc=0x000001d72d7546a2 sp=0x00000008093feaf8 mode 2
Event: 22032.685 Thread 0x000001d709cef830 Uncommon trap: trap_request=0xffffff45 fr.pc=0x000001d72e606828 relative=0x00000000000079c8
Event: 22032.687 Thread 0x000001d709cef830 Uncommon trap: reason=unstable_if action=reinterpret pc=0x000001d72e606828 method=jdk.internal.net.http.HttpClientImpl.sendAsync(Ljava/net/http/HttpRequest;Ljava/net/http/HttpResponse$BodyHandler;Ljava/net/http/HttpResponse$PushPromiseHandler;Ljava/util/c
Event: 22032.687 Thread 0x000001d709cef830 DEOPT PACKING pc=0x000001d72e606828 sp=0x00000008080ff100
Event: 22032.687 Thread 0x000001d709cef830 DEOPT UNPACKING pc=0x000001d72d7546a2 sp=0x00000008080ff100 mode 2
Event: 22032.690 Thread 0x000001d708aada00 Uncommon trap: trap_request=0xffffffde fr.pc=0x000001d72e2c1a54 relative=0x00000000000001b4
Event: 22032.690 Thread 0x000001d708aada00 Uncommon trap: reason=class_check action=maybe_recompile pc=0x000001d72e2c1a54 method=java.io.UncheckedIOException.getCause()Ljava/io/IOException; @ 4 c2
Event: 22032.690 Thread 0x000001d708aada00 DEOPT PACKING pc=0x000001d72e2c1a54 sp=0x00000008093feba0
Event: 22032.690 Thread 0x000001d708aada00 DEOPT UNPACKING pc=0x000001d72d7546a2 sp=0x00000008093feaf8 mode 2
Event: 22032.691 Thread 0x000001d708aada00 Uncommon trap: trap_request=0xffffffde fr.pc=0x000001d72e2c1a54 relative=0x00000000000001b4
Event: 22032.691 Thread 0x000001d708aada00 Uncommon trap: reason=class_check action=maybe_recompile pc=0x000001d72e2c1a54 method=java.io.UncheckedIOException.getCause()Ljava/io/IOException; @ 4 c2
Event: 22032.691 Thread 0x000001d708aada00 DEOPT PACKING pc=0x000001d72e2c1a54 sp=0x00000008093feba0
Event: 22032.691 Thread 0x000001d708aada00 DEOPT UNPACKING pc=0x000001d72d7546a2 sp=0x00000008093feaf8 mode 2
Event: 22032.691 Thread 0x000001d708aada00 Uncommon trap: trap_request=0xffffffde fr.pc=0x000001d72e2c1a54 relative=0x00000000000001b4
Event: 22032.691 Thread 0x000001d708aada00 Uncommon trap: reason=class_check action=maybe_recompile pc=0x000001d72e2c1a54 method=java.io.UncheckedIOException.getCause()Ljava/io/IOException; @ 4 c2
Event: 22032.691 Thread 0x000001d708aada00 DEOPT PACKING pc=0x000001d72e2c1a54 sp=0x00000008093feba0
Event: 22032.691 Thread 0x000001d708aada00 DEOPT UNPACKING pc=0x000001d72d7546a2 sp=0x00000008093feaf8 mode 2

Classes loaded (20 events):
Event: 56.043 Loading class java/net/URLEncoder
Event: 56.044 Loading class java/net/URLEncoder done
Event: 64.405 Loading class java/util/TreeMap$EntrySpliterator
Event: 64.406 Loading class java/util/TreeMap$EntrySpliterator done
Event: 64.410 Loading class java/util/concurrent/ConcurrentHashMap$EntrySpliterator
Event: 64.410 Loading class java/util/concurrent/ConcurrentHashMap$EntrySpliterator done
Event: 91.373 Loading class sun/security/ssl/Alert
Event: 91.375 Loading class sun/security/ssl/Alert done
Event: 91.376 Loading class sun/security/ssl/Alert$AlertConsumer
Event: 91.376 Loading class sun/security/ssl/Alert$AlertConsumer done
Event: 91.376 Loading class sun/security/ssl/Alert$Level
Event: 91.376 Loading class sun/security/ssl/Alert$Level done
Event: 134.037 Loading class sun/net/ConnectionResetException
Event: 134.037 Loading class sun/net/ConnectionResetException done
Event: 22032.702 Loading class java/lang/Throwable$WrappedPrintStream
Event: 22032.713 Loading class java/lang/Throwable$PrintStreamOrWriter
Event: 22032.717 Loading class java/lang/Throwable$PrintStreamOrWriter done
Event: 22032.734 Loading class java/lang/Throwable$WrappedPrintStream done
Event: 22032.846 Loading class java/util/LinkedList$LLSpliterator
Event: 22032.866 Loading class java/util/LinkedList$LLSpliterator done

Classes unloaded (20 events):
Event: 4264.123 Thread 0x000001d73a918270 Unloading class 0x000001d73c025000 'java/lang/invoke/LambdaForm$MH+0x000001d73c025000'
Event: 4264.123 Thread 0x000001d73a918270 Unloading class 0x000001d73c024c00 'java/lang/invoke/LambdaForm$MH+0x000001d73c024c00'
Event: 4264.123 Thread 0x000001d73a918270 Unloading class 0x000001d73c024400 'java/lang/invoke/LambdaForm$MH+0x000001d73c024400'
Event: 4264.123 Thread 0x000001d73a918270 Unloading class 0x000001d73c019c00 'java/lang/invoke/LambdaForm$MH+0x000001d73c019c00'
Event: 4264.124 Thread 0x000001d73a918270 Unloading class 0x000001d73c019400 'java/lang/invoke/LambdaForm$MH+0x000001d73c019400'
Event: 4264.124 Thread 0x000001d73a918270 Unloading class 0x000001d73c019000 'java/lang/invoke/LambdaForm$MH+0x000001d73c019000'
Event: 4264.124 Thread 0x000001d73a918270 Unloading class 0x000001d73c018c00 'java/lang/invoke/LambdaForm$MH+0x000001d73c018c00'
Event: 4264.124 Thread 0x000001d73a918270 Unloading class 0x000001d73c018800 'java/lang/invoke/LambdaForm$MH+0x000001d73c018800'
Event: 4264.124 Thread 0x000001d73a918270 Unloading class 0x000001d73c018000 'java/lang/invoke/LambdaForm$MH+0x000001d73c018000'
Event: 4264.124 Thread 0x000001d73a918270 Unloading class 0x000001d73c017c00 'java/lang/invoke/LambdaForm$MH+0x000001d73c017c00'
Event: 4264.124 Thread 0x000001d73a918270 Unloading class 0x000001d73c017800 'java/lang/invoke/LambdaForm$MH+0x000001d73c017800'
Event: 4264.124 Thread 0x000001d73a918270 Unloading class 0x000001d73c017000 'java/lang/invoke/LambdaForm$MH+0x000001d73c017000'
Event: 4264.124 Thread 0x000001d73a918270 Unloading class 0x000001d73c016400 'java/lang/invoke/LambdaForm$MH+0x000001d73c016400'
Event: 4264.124 Thread 0x000001d73a918270 Unloading class 0x000001d73c016000 'java/lang/invoke/LambdaForm$MH+0x000001d73c016000'
Event: 4264.124 Thread 0x000001d73a918270 Unloading class 0x000001d73c015c00 'java/lang/invoke/LambdaForm$MH+0x000001d73c015c00'
Event: 4264.124 Thread 0x000001d73a918270 Unloading class 0x000001d73c015400 'java/lang/invoke/LambdaForm$MH+0x000001d73c015400'
Event: 4264.124 Thread 0x000001d73a918270 Unloading class 0x000001d73c014400 'java/lang/invoke/LambdaForm$MH+0x000001d73c014400'
Event: 4264.124 Thread 0x000001d73a918270 Unloading class 0x000001d73c004400 'java/lang/invoke/LambdaForm$MH+0x000001d73c004400'
Event: 4264.124 Thread 0x000001d73a918270 Unloading class 0x000001d73c004000 'java/lang/invoke/LambdaForm$MH+0x000001d73c004000'
Event: 4264.124 Thread 0x000001d73a918270 Unloading class 0x000001d73c003800 'java/lang/invoke/LambdaForm$MH+0x000001d73c003800'

Classes redefined (0 events):
No events

Internal exceptions (20 events):
Event: 22032.906 Thread 0x000001d708aae090 Exception <a 'java/io/IOException'{0x00000000fff10bb0}> (0x00000000fff10bb0) 
thrown [s\open\src\hotspot\share\prims\jni.cpp, line 520]
Event: 22032.906 Thread 0x000001d708aae090 Exception <a 'java/io/IOException'{0x0000000098a80b00}> (0x0000000098a80b00) 
thrown [s\open\src\hotspot\share\prims\jni.cpp, line 520]
Event: 22032.909 Thread 0x000001d708aae090 Exception <a 'java/io/IOException'{0x0000000098a81288}> (0x0000000098a81288) 
thrown [s\open\src\hotspot\share\prims\jni.cpp, line 520]
Event: 22032.909 Thread 0x000001d708aae090 Exception <a 'java/io/IOException'{0x0000000098a815b0}> (0x0000000098a815b0) 
thrown [s\open\src\hotspot\share\prims\jni.cpp, line 520]
Event: 22032.909 Thread 0x000001d708aae090 Exception <a 'java/io/IOException'{0x0000000098a81b20}> (0x0000000098a81b20) 
thrown [s\open\src\hotspot\share\prims\jni.cpp, line 520]
Event: 22032.909 Thread 0x000001d708aae090 Exception <a 'java/io/IOException'{0x0000000098a81e48}> (0x0000000098a81e48) 
thrown [s\open\src\hotspot\share\prims\jni.cpp, line 520]
Event: 22032.909 Thread 0x000001d708aae090 Exception <a 'java/io/IOException'{0x0000000098a823d8}> (0x0000000098a823d8) 
thrown [s\open\src\hotspot\share\prims\jni.cpp, line 520]
Event: 22032.910 Thread 0x000001d708aae090 Exception <a 'java/io/IOException'{0x0000000098a82700}> (0x0000000098a82700) 
thrown [s\open\src\hotspot\share\prims\jni.cpp, line 520]
Event: 22032.910 Thread 0x000001d708aae090 Exception <a 'java/io/IOException'{0x0000000098a82ce8}> (0x0000000098a82ce8) 
thrown [s\open\src\hotspot\share\prims\jni.cpp, line 520]
Event: 22032.910 Thread 0x000001d708aae090 Exception <a 'java/io/IOException'{0x0000000098a83010}> (0x0000000098a83010) 
thrown [s\open\src\hotspot\share\prims\jni.cpp, line 520]
Event: 22032.910 Thread 0x000001d708aae090 Exception <a 'java/io/IOException'{0x0000000098a835d8}> (0x0000000098a835d8) 
thrown [s\open\src\hotspot\share\prims\jni.cpp, line 520]
Event: 22032.910 Thread 0x000001d708aae090 Exception <a 'java/io/IOException'{0x0000000098a83900}> (0x0000000098a83900) 
thrown [s\open\src\hotspot\share\prims\jni.cpp, line 520]
Event: 22032.911 Thread 0x000001d708aae090 Exception <a 'java/io/IOException'{0x0000000098a842e8}> (0x0000000098a842e8) 
thrown [s\open\src\hotspot\share\prims\jni.cpp, line 520]
Event: 22032.911 Thread 0x000001d708aae090 Exception <a 'java/io/IOException'{0x0000000098a84610}> (0x0000000098a84610) 
thrown [s\open\src\hotspot\share\prims\jni.cpp, line 520]
Event: 22032.912 Thread 0x000001d708aae090 Exception <a 'java/io/IOException'{0x0000000098a84b20}> (0x0000000098a84b20) 
thrown [s\open\src\hotspot\share\prims\jni.cpp, line 520]
Event: 22032.912 Thread 0x000001d708aae090 Exception <a 'java/io/IOException'{0x0000000098a84e48}> (0x0000000098a84e48) 
thrown [s\open\src\hotspot\share\prims\jni.cpp, line 520]
Event: 22032.912 Thread 0x000001d708aae090 Exception <a 'java/io/IOException'{0x0000000098a853b8}> (0x0000000098a853b8) 
thrown [s\open\src\hotspot\share\prims\jni.cpp, line 520]
Event: 22032.912 Thread 0x000001d708aae090 Exception <a 'java/io/IOException'{0x0000000098a856e0}> (0x0000000098a856e0) 
thrown [s\open\src\hotspot\share\prims\jni.cpp, line 520]
Event: 22032.912 Thread 0x000001d708aae090 Exception <a 'java/io/IOException'{0x0000000098a85ab0}> (0x0000000098a85ab0) 
thrown [s\open\src\hotspot\share\prims\jni.cpp, line 520]
Event: 22032.912 Thread 0x000001d708aae090 Exception <a 'java/io/IOException'{0x0000000098a85dd8}> (0x0000000098a85dd8) 
thrown [s\open\src\hotspot\share\prims\jni.cpp, line 520]

ZGC Phase Switch (0 events):
No events

VM Operations (20 events):
Event: 22032.719 Executing VM operation: G1CollectForAllocation (G1 Evacuation Pause)
Event: 22032.734 Executing VM operation: G1CollectForAllocation (G1 Evacuation Pause) done
Event: 22033.041 Executing VM operation: G1CollectForAllocation (G1 Evacuation Pause)
Event: 22034.814 Executing VM operation: G1CollectForAllocation (G1 Evacuation Pause) done
Event: 22035.083 Executing VM operation: G1CollectForAllocation (G1 Evacuation Pause)
Event: 22035.855 Executing VM operation: G1CollectForAllocation (G1 Evacuation Pause) done
Event: 22036.105 Executing VM operation: G1CollectForAllocation (G1 Evacuation Pause)
Event: 22036.106 Executing VM operation: G1CollectForAllocation (G1 Evacuation Pause) done
Event: 22036.351 Executing VM operation: G1CollectForAllocation (G1 Evacuation Pause)
Event: 22036.352 Executing VM operation: G1CollectForAllocation (G1 Evacuation Pause) done
Event: 22036.724 Executing VM operation: G1CollectForAllocation (G1 Evacuation Pause)
Event: 22036.727 Executing VM operation: G1CollectForAllocation (G1 Evacuation Pause) done
Event: 22036.972 Executing VM operation: G1CollectForAllocation (G1 Evacuation Pause)
Event: 22036.974 Executing VM operation: G1CollectForAllocation (G1 Evacuation Pause) done
Event: 22037.212 Executing VM operation: G1CollectForAllocation (G1 Evacuation Pause)
Event: 22037.213 Executing VM operation: G1CollectForAllocation (G1 Evacuation Pause) done
Event: 22037.459 Executing VM operation: G1CollectForAllocation (G1 Evacuation Pause)
Event: 22037.460 Executing VM operation: G1CollectForAllocation (G1 Evacuation Pause) done
Event: 22037.700 Executing VM operation: G1CollectForAllocation (G1 Evacuation Pause)
Event: 22037.702 Executing VM operation: G1CollectForAllocation (G1 Evacuation Pause) done

Events (20 events):
Event: 20664.391 Thread 0x000001d709cf0550 Thread exited: 0x000001d709cf0550
Event: 20758.889 Thread 0x000001d709cee480 Thread added: 0x000001d709cee480
Event: 20944.295 Thread 0x000001d709cee480 Thread exited: 0x000001d709cee480
Event: 20973.272 Thread 0x000001d709ceddf0 Thread added: 0x000001d709ceddf0
Event: 21033.285 Thread 0x000001d709cef830 Thread exited: 0x000001d709cef830
Event: 21048.994 Thread 0x000001d709cf0550 Thread added: 0x000001d709cf0550
Event: 21109.000 Thread 0x000001d709ced760 Thread exited: 0x000001d709ced760
Event: 21128.233 Thread 0x000001d709cef1a0 Thread added: 0x000001d709cef1a0
Event: 21188.241 Thread 0x000001d709ceddf0 Thread exited: 0x000001d709ceddf0
Event: 21272.566 Thread 0x000001d709cf0be0 Thread added: 0x000001d709cf0be0
Event: 21401.978 Thread 0x000001d709cf0be0 Thread exited: 0x000001d709cf0be0
Event: 21532.500 Thread 0x000001d709cf0be0 Thread added: 0x000001d709cf0be0
Event: 21618.376 Thread 0x000001d709cf0be0 Thread exited: 0x000001d709cf0be0
Event: 21896.384 Thread 0x000001d709ceddf0 Thread added: 0x000001d709ceddf0
Event: 21897.122 Thread 0x000001d709cef830 Thread added: 0x000001d709cef830
Event: 21957.127 Thread 0x000001d709ceddf0 Thread exited: 0x000001d709ceddf0
Event: 22032.916 Thread 0x000001d708aae090 Thread exited: 0x000001d708aae090
Event: 22034.814 Thread 0x000001d70802a4d0 Thread added: 0x000001d70802a4d0
Event: 22034.815 Thread 0x000001d70802b270 Thread added: 0x000001d70802b270
Event: 22036.316 Thread 0x000001d70802b270 Thread exited: 0x000001d70802b270


Dynamic libraries:
0x00007ff6b3d40000 - 0x00007ff6b3d50000 	C:\Program Files\Java\jdk-21\bin\java.exe
0x00007ff821fa0000 - 0x00007ff822206000 	C:\WINDOWS\SYSTEM32\ntdll.dll
0x00007ff820110000 - 0x00007ff8201d9000 	C:\WINDOWS\System32\KERNEL32.DLL
0x00007ff81f7b0000 - 0x00007ff81fb7c000 	C:\WINDOWS\System32\KERNELBASE.dll
0x00007ff81f460000 - 0x00007ff81f5ab000 	C:\WINDOWS\System32\ucrtbase.dll
0x00007ffff93b0000 - 0x00007ffff93c9000 	C:\Program Files\Java\jdk-21\bin\jli.dll
0x00007ff802bc0000 - 0x00007ff802bdb000 	C:\Program Files\Java\jdk-21\bin\VCRUNTIME140.dll
0x00007ff821e20000 - 0x00007ff821ed2000 	C:\WINDOWS\System32\ADVAPI32.dll
0x00007ff821d20000 - 0x00007ff821dc9000 	C:\WINDOWS\System32\msvcrt.dll
0x00007ff81fdf0000 - 0x00007ff81fe96000 	C:\WINDOWS\System32\sechost.dll
0x00007ff821450000 - 0x00007ff821566000 	C:\WINDOWS\System32\RPCRT4.dll
0x00007ff81ff40000 - 0x00007ff82010a000 	C:\WINDOWS\System32\USER32.dll
0x00007ff80ef90000 - 0x00007ff80f22a000 	C:\WINDOWS\WinSxS\amd64_microsoft.windows.common-controls_6595b64144ccf1df_6.0.26100.3912_none_3e07963ce335137e\COMCTL32.dll
0x00007ff81f130000 - 0x00007ff81f157000 	C:\WINDOWS\System32\win32u.dll
0x00007ff81ff10000 - 0x00007ff81ff3b000 	C:\WINDOWS\System32\GDI32.dll
0x00007ff81fb80000 - 0x00007ff81fcb2000 	C:\WINDOWS\System32\gdi32full.dll
0x00007ff81f700000 - 0x00007ff81f7a3000 	C:\WINDOWS\System32\msvcp_win.dll
0x00007ff8181a0000 - 0x00007ff8181ab000 	C:\WINDOWS\SYSTEM32\VERSION.dll
0x00007ff820e00000 - 0x00007ff820e30000 	C:\WINDOWS\System32\IMM32.DLL
0x00007ff819690000 - 0x00007ff81969c000 	C:\Program Files\Java\jdk-21\bin\vcruntime140_1.dll
0x00007fffe7d50000 - 0x00007fffe7dde000 	C:\Program Files\Java\jdk-21\bin\msvcp140.dll
0x00007fffdbcb0000 - 0x00007fffdc9bd000 	C:\Program Files\Java\jdk-21\bin\server\jvm.dll
0x00007ff821ee0000 - 0x00007ff821f54000 	C:\WINDOWS\System32\WS2_32.dll
0x00007ff81ef80000 - 0x00007ff81efde000 	C:\WINDOWS\SYSTEM32\POWRPROF.dll
0x00007ff8176c0000 - 0x00007ff8176f6000 	C:\WINDOWS\SYSTEM32\WINMM.dll
0x00007ff81ef60000 - 0x00007ff81ef74000 	C:\WINDOWS\SYSTEM32\UMPDC.dll
0x00007ff81def0000 - 0x00007ff81df0a000 	C:\WINDOWS\SYSTEM32\kernel.appcore.dll
0x00007ff819490000 - 0x00007ff81949a000 	C:\Program Files\Java\jdk-21\bin\jimage.dll
0x00007ff814ae0000 - 0x00007ff814d21000 	C:\WINDOWS\SYSTEM32\DBGHELP.DLL
0x00007ff8206a0000 - 0x00007ff820a24000 	C:\WINDOWS\System32\combase.dll
0x00007ff8212f0000 - 0x00007ff8213d0000 	C:\WINDOWS\System32\OLEAUT32.dll
0x00007ff80dc80000 - 0x00007ff80dcb9000 	C:\WINDOWS\SYSTEM32\dbgcore.DLL
0x00007ff81fcc0000 - 0x00007ff81fd59000 	C:\WINDOWS\System32\bcryptPrimitives.dll
0x00007ff802ba0000 - 0x00007ff802bbf000 	C:\Program Files\Java\jdk-21\bin\java.dll
0x00007ff8215f0000 - 0x00007ff821d1d000 	C:\WINDOWS\System32\SHELL32.dll
0x00007ff81f160000 - 0x00007ff81f2d4000 	C:\WINDOWS\System32\wintypes.dll
0x00007ff81cde0000 - 0x00007ff81d636000 	C:\WINDOWS\SYSTEM32\windows.storage.dll
0x00007ff8202e0000 - 0x00007ff8203cf000 	C:\WINDOWS\System32\SHCORE.dll
0x00007ff81fea0000 - 0x00007ff81ff09000 	C:\WINDOWS\System32\shlwapi.dll
0x00007ff81f040000 - 0x00007ff81f06f000 	C:\WINDOWS\SYSTEM32\profapi.dll
0x00007fffe5e40000 - 0x00007fffe5f17000 	C:\Program Files\Java\jdk-21\bin\jsvml.dll
0x00007ff819330000 - 0x00007ff819340000 	C:\Program Files\Java\jdk-21\bin\net.dll
0x00007ff817b50000 - 0x00007ff817c6e000 	C:\WINDOWS\SYSTEM32\WINHTTP.dll
0x00007ff81e460000 - 0x00007ff81e4ca000 	C:\WINDOWS\system32\mswsock.dll
0x00007ff802b80000 - 0x00007ff802b96000 	C:\Program Files\Java\jdk-21\bin\nio.dll
0x00007ffff9170000 - 0x00007ffff9188000 	C:\Program Files\Java\jdk-21\bin\zip.dll
0x000001d71c520000 - 0x000001d71c523000 	C:\Users\nikit\.openjfx\cache\21+31\amd64\api-ms-win-core-console-l1-1-0.dll
0x000001d71c530000 - 0x000001d71c533000 	C:\Users\nikit\.openjfx\cache\21+31\amd64\api-ms-win-core-console-l1-2-0.dll
0x000001d71ddf0000 - 0x000001d71ddf3000 	C:\Users\nikit\.openjfx\cache\21+31\amd64\api-ms-win-core-datetime-l1-1-0.dll
0x000001d71de00000 - 0x000001d71de03000 	C:\Users\nikit\.openjfx\cache\21+31\amd64\api-ms-win-core-debug-l1-1-0.dll
0x000001d73aeb0000 - 0x000001d73aeb3000 	C:\Users\nikit\.openjfx\cache\21+31\amd64\api-ms-win-core-errorhandling-l1-1-0.dll
0x000001d73aec0000 - 0x000001d73aec4000 	C:\Users\nikit\.openjfx\cache\21+31\amd64\api-ms-win-core-file-l1-1-0.dll
0x000001d73aed0000 - 0x000001d73aed3000 	C:\Users\nikit\.openjfx\cache\21+31\amd64\api-ms-win-core-file-l1-2-0.dll
0x000001d73aee0000 - 0x000001d73aee3000 	C:\Users\nikit\.openjfx\cache\21+31\amd64\api-ms-win-core-file-l2-1-0.dll
0x000001d73aef0000 - 0x000001d73aef3000 	C:\Users\nikit\.openjfx\cache\21+31\amd64\api-ms-win-core-handle-l1-1-0.dll
0x000001d73af00000 - 0x000001d73af03000 	C:\Users\nikit\.openjfx\cache\21+31\amd64\api-ms-win-core-heap-l1-1-0.dll
0x000001d73af10000 - 0x000001d73af13000 	C:\Users\nikit\.openjfx\cache\21+31\amd64\api-ms-win-core-interlocked-l1-1-0.dll
0x000001d73af20000 - 0x000001d73af23000 	C:\Users\nikit\.openjfx\cache\21+31\amd64\api-ms-win-core-libraryloader-l1-1-0.dll
0x000001d73af30000 - 0x000001d73af33000 	C:\Users\nikit\.openjfx\cache\21+31\amd64\api-ms-win-core-localization-l1-2-0.dll
0x000001d73af40000 - 0x000001d73af43000 	C:\Users\nikit\.openjfx\cache\21+31\amd64\api-ms-win-core-memory-l1-1-0.dll
0x000001d73af50000 - 0x000001d73af53000 	C:\Users\nikit\.openjfx\cache\21+31\amd64\api-ms-win-core-namedpipe-l1-1-0.dll
0x000001d73af60000 - 0x000001d73af63000 	C:\Users\nikit\.openjfx\cache\21+31\amd64\api-ms-win-core-processenvironment-l1-1-0.dll
0x000001d73af70000 - 0x000001d73af73000 	C:\Users\nikit\.openjfx\cache\21+31\amd64\api-ms-win-core-processthreads-l1-1-0.dll
0x000001d73af80000 - 0x000001d73af83000 	C:\Users\nikit\.openjfx\cache\21+31\amd64\api-ms-win-core-processthreads-l1-1-1.dll
0x000001d73af90000 - 0x000001d73af93000 	C:\Users\nikit\.openjfx\cache\21+31\amd64\api-ms-win-core-profile-l1-1-0.dll
0x000001d73afa0000 - 0x000001d73afa3000 	C:\Users\nikit\.openjfx\cache\21+31\amd64\api-ms-win-core-rtlsupport-l1-1-0.dll
0x000001d73afb0000 - 0x000001d73afb3000 	C:\Users\nikit\.openjfx\cache\21+31\amd64\api-ms-win-core-string-l1-1-0.dll
0x000001d73afc0000 - 0x000001d73afc3000 	C:\Users\nikit\.openjfx\cache\21+31\amd64\api-ms-win-core-synch-l1-1-0.dll
0x000001d73afd0000 - 0x000001d73afd3000 	C:\Users\nikit\.openjfx\cache\21+31\amd64\api-ms-win-core-synch-l1-2-0.dll
0x000001d73afe0000 - 0x000001d73afe3000 	C:\Users\nikit\.openjfx\cache\21+31\amd64\api-ms-win-core-sysinfo-l1-1-0.dll
0x000001d73aff0000 - 0x000001d73aff3000 	C:\Users\nikit\.openjfx\cache\21+31\amd64\api-ms-win-core-timezone-l1-1-0.dll
0x000001d700800000 - 0x000001d700803000 	C:\Users\nikit\.openjfx\cache\21+31\amd64\api-ms-win-core-util-l1-1-0.dll
0x000001d700810000 - 0x000001d700813000 	C:\Users\nikit\.openjfx\cache\21+31\amd64\api-ms-win-crt-conio-l1-1-0.dll
0x000001d700820000 - 0x000001d700824000 	C:\Users\nikit\.openjfx\cache\21+31\amd64\api-ms-win-crt-convert-l1-1-0.dll
0x000001d700830000 - 0x000001d700833000 	C:\Users\nikit\.openjfx\cache\21+31\amd64\api-ms-win-crt-environment-l1-1-0.dll
0x000001d700840000 - 0x000001d700843000 	C:\Users\nikit\.openjfx\cache\21+31\amd64\api-ms-win-crt-filesystem-l1-1-0.dll
0x000001d700850000 - 0x000001d700853000 	C:\Users\nikit\.openjfx\cache\21+31\amd64\api-ms-win-crt-heap-l1-1-0.dll
0x000001d700860000 - 0x000001d700863000 	C:\Users\nikit\.openjfx\cache\21+31\amd64\api-ms-win-crt-locale-l1-1-0.dll
0x000001d700870000 - 0x000001d700875000 	C:\Users\nikit\.openjfx\cache\21+31\amd64\api-ms-win-crt-math-l1-1-0.dll
0x000001d700880000 - 0x000001d700885000 	C:\Users\nikit\.openjfx\cache\21+31\amd64\api-ms-win-crt-multibyte-l1-1-0.dll
0x000001d700890000 - 0x000001d7008a0000 	C:\Users\nikit\.openjfx\cache\21+31\amd64\api-ms-win-crt-private-l1-1-0.dll
0x000001d7008a0000 - 0x000001d7008a3000 	C:\Users\nikit\.openjfx\cache\21+31\amd64\api-ms-win-crt-process-l1-1-0.dll
0x000001d7008b0000 - 0x000001d7008b4000 	C:\Users\nikit\.openjfx\cache\21+31\amd64\api-ms-win-crt-runtime-l1-1-0.dll
0x000001d7008c0000 - 0x000001d7008c4000 	C:\Users\nikit\.openjfx\cache\21+31\amd64\api-ms-win-crt-stdio-l1-1-0.dll
0x000001d7008d0000 - 0x000001d7008d4000 	C:\Users\nikit\.openjfx\cache\21+31\amd64\api-ms-win-crt-string-l1-1-0.dll
0x000001d7008e0000 - 0x000001d7008e3000 	C:\Users\nikit\.openjfx\cache\21+31\amd64\api-ms-win-crt-time-l1-1-0.dll
0x000001d7008f0000 - 0x000001d7008f3000 	C:\Users\nikit\.openjfx\cache\21+31\amd64\api-ms-win-crt-utility-l1-1-0.dll
0x00007fffe5ff0000 - 0x00007fffe60ec000 	C:\Users\nikit\.openjfx\cache\21+31\amd64\ucrtbase.dll
0x00007ff8192f0000 - 0x00007ff81930b000 	C:\Users\nikit\.openjfx\cache\21+31\amd64\vcruntime140.dll
0x00007ff81a390000 - 0x00007ff81a39c000 	C:\Users\nikit\.openjfx\cache\21+31\amd64\vcruntime140_1.dll
0x00007ff802c70000 - 0x00007ff802cfe000 	C:\Users\nikit\.openjfx\cache\21+31\amd64\msvcp140.dll
0x00007ff820ba0000 - 0x00007ff820d3f000 	C:\WINDOWS\System32\ole32.dll
0x00007ff8198e0000 - 0x00007ff8198e9000 	C:\Users\nikit\.openjfx\cache\21+31\amd64\msvcp140_1.dll
0x00007ff811740000 - 0x00007ff81176f000 	C:\Users\nikit\.openjfx\cache\21+31\amd64\msvcp140_2.dll
0x00007ff80c350000 - 0x00007ff80c37f000 	C:\Users\nikit\.openjfx\cache\21+31\amd64\prism_d3d.dll
0x00007fffc4260000 - 0x00007fffc4415000 	C:\WINDOWS\system32\d3d9.dll
0x00007ff81c700000 - 0x00007ff81c736000 	C:\WINDOWS\SYSTEM32\dwmapi.dll
0x00007ff81c740000 - 0x00007ff81c787000 	C:\WINDOWS\SYSTEM32\dxcore.dll
0x00007ff81c370000 - 0x00007ff81c41f000 	C:\WINDOWS\system32\uxtheme.dll
0x00007ff81c510000 - 0x00007ff81c570000 	C:\WINDOWS\SYSTEM32\directxdatabasehelper.dll
0x00007ffff7460000 - 0x00007ffff74a2000 	C:\Users\nikit\.openjfx\cache\21+31\amd64\glass.dll
0x00007ff8201e0000 - 0x00007ff8202d4000 	C:\WINDOWS\System32\COMDLG32.dll
0x00007ff820a30000 - 0x00007ff820b8f000 	C:\WINDOWS\System32\MSCTF.dll
0x00007ff8192e0000 - 0x00007ff8192ee000 	C:\Program Files\Java\jdk-21\bin\sunmscapi.dll
0x00007ff81f2e0000 - 0x00007ff81f457000 	C:\WINDOWS\System32\CRYPT32.dll
0x00007ff81e910000 - 0x00007ff81e940000 	C:\WINDOWS\SYSTEM32\ncrypt.dll
0x00007ff81e8c0000 - 0x00007ff81e8ff000 	C:\WINDOWS\SYSTEM32\NTASN1.dll
0x00007ff81e700000 - 0x00007ff81e71c000 	C:\WINDOWS\SYSTEM32\CRYPTSP.dll
0x00007ff81de50000 - 0x00007ff81de8a000 	C:\WINDOWS\system32\rsaenh.dll
0x00007ff81e500000 - 0x00007ff81e52b000 	C:\WINDOWS\SYSTEM32\USERENV.dll
0x00007ff81f010000 - 0x00007ff81f036000 	C:\WINDOWS\SYSTEM32\bcrypt.dll
0x00007ff81e720000 - 0x00007ff81e72c000 	C:\WINDOWS\SYSTEM32\CRYPTBASE.dll
0x00007ff81d930000 - 0x00007ff81d963000 	C:\WINDOWS\SYSTEM32\IPHLPAPI.DLL
0x00007ff821440000 - 0x00007ff82144a000 	C:\WINDOWS\System32\NSI.dll
0x00007ff813140000 - 0x00007ff813150000 	C:\Program Files\Java\jdk-21\bin\verify.dll
0x00007ff819360000 - 0x00007ff819369000 	C:\Program Files\Java\jdk-21\bin\extnet.dll
0x00007ff8192d0000 - 0x00007ff8192da000 	C:\Program Files\Java\jdk-21\bin\management.dll
0x00007ff817d90000 - 0x00007ff817d9b000 	C:\Program Files\Java\jdk-21\bin\management_ext.dll
0x00007ff8212d0000 - 0x00007ff8212d8000 	C:\WINDOWS\System32\PSAPI.DLL
0x00007ff811fb0000 - 0x00007ff811fc4000 	C:\Users\nikit\.openjfx\cache\21+31\amd64\javafx_font.dll
0x00007ff81abd0000 - 0x00007ff81ae39000 	C:\WINDOWS\SYSTEM32\dwrite.dll
0x00007ff820d50000 - 0x00007ff820df8000 	C:\WINDOWS\System32\clbcatq.dll
0x00007ff81a990000 - 0x00007ff81abca000 	C:\WINDOWS\SYSTEM32\WindowsCodecs.dll
0x00007ff81d9c0000 - 0x00007ff81dae7000 	C:\WINDOWS\SYSTEM32\DNSAPI.dll
0x00007ff814880000 - 0x00007ff81488b000 	C:\Windows\System32\rasadhlp.dll
0x00007ff814750000 - 0x00007ff8147d6000 	C:\WINDOWS\System32\fwpuclnt.dll
0x00007ff810850000 - 0x00007ff81099d000 	C:\WINDOWS\SYSTEM32\textinputframework.dll
0x00007ff81bd80000 - 0x00007ff81bea6000 	C:\WINDOWS\SYSTEM32\CoreMessaging.dll

dbghelp: loaded successfully - version: 4.0.5 - missing functions: none
symbol engine: initialized successfully - sym options: 0x614 - pdb path: .;C:\Program Files\Java\jdk-21\bin;C:\WINDOWS\SYSTEM32;C:\WINDOWS\WinSxS\amd64_microsoft.windows.common-controls_6595b64144ccf1df_6.0.26100.3912_none_3e07963ce335137e;C:\Program Files\Java\jdk-21\bin\server;C:\Users\nikit\.openjfx\cache\21+31\amd64;C:\WINDOWS\System32\DriverStore\FileRepository\u0390451.inf_amd64_39377efdd62734d1\B390182;C:\Program Files\Common Files\Microsoft Shared\Ink

VM Arguments:
jvm_args: -Dfile.encoding=UTF-8 --module-path=C:\Users\nikit\.m2\repository\org\openjfx\javafx-base\21\javafx-base-21-win.jar;C:\Users\nikit\.m2\repository\org\openjfx\javafx-base\21\javafx-base-21.jar;C:\Users\nikit\.m2\repository\org\openjfx\javafx-controls\21\javafx-controls-21-win.jar;C:\Users\nikit\.m2\repository\org\openjfx\javafx-controls\21\javafx-controls-21.jar;C:\Users\nikit\.m2\repository\org\openjfx\javafx-fxml\21\javafx-fxml-21-win.jar;C:\Users\nikit\.m2\repository\org\openjfx\javafx-graphics\21\javafx-graphics-21-win.jar;C:\Users\nikit\.m2\repository\org\openjfx\javafx-graphics\21\javafx-graphics-21.jar --add-modules=javafx.base,javafx.controls,javafx.fxml,javafx.graphics 
java_command: ru.finwax.mangabuffjob.MangaBuffJobFXApplication
java_class_path (initial): C:\selsup\mangaBuffDesc\target\classes;C:\Users\nikit\.m2\repository\ch\qos\logback\logback-classic\1.5.18\logback-classic-1.5.18.jar;C:\Users\nikit\.m2\repository\ch\qos\logback\logback-core\1.5.18\logback-core-1.5.18.jar;C:\Users\nikit\.m2\repository\com\fasterxml\classmate\1.7.0\classmate-1.7.0.jar;C:\Users\nikit\.m2\repository\com\fasterxml\jackson\core\jackson-annotations\2.18.3\jackson-annotations-2.18.3.jar;C:\Users\nikit\.m2\repository\com\fasterxml\jackson\core\jackson-core\2.18.3\jackson-core-2.18.3.jar;C:\Users\nikit\.m2\repository\com\fasterxml\jackson\core\jackson-databind\2.15.2\jackson-databind-2.15.2.jar;C:\Users\nikit\.m2\repository\com\fasterxml\jackson\datatype\jackson-datatype-jdk8\2.18.3\jackson-datatype-jdk8-2.18.3.jar;C:\Users\nikit\.m2\repository\com\fasterxml\jackson\datatype\jackson-datatype-jsr310\2.18.3\jackson-datatype-jsr310-2.18.3.jar;C:\Users\nikit\.m2\repository\com\fasterxml\jackson\module\jackson-module-parameter-names\2.18.3\jackson-module-parameter-names-2.18.3.jar;C:\Users\nikit\.m2\repository\com\github\docker-java\docker-java\3.3.4\docker-java-3.3.4.jar;C:\Users\nikit\.m2\repository\com\github\docker-java\docker-java-api\3.3.4\docker-java-api-3.3.4.jar;C:\Users\nikit\.m2\repository\com\github\docker-java\docker-java-core\3.3.4\docker-java-core-3.3.4.jar;C:\Users\nikit\.m2\repository\com\github\docker-java\docker-java-transport\3.3.4\docker-java-transport-3.3.4.jar;C:\Users\nikit\.m2\repository\com\github\docker-java\docker-java-transport-httpclient5\3.3.4\docker-java-transport-httpclient5-3.3.4.jar;C:\Users\nikit\.m2\repository\com\google\auto\service\auto-service-annotations\1.1.1\auto-service-annotations-1.1.1.jar;C:\Users\nikit\.m2\repository\com\google\code\gson\gson\2.11.0\gson-2.11.0.jar;C:\Users\nikit\.m2\repository\com\google\errorprone\error_prone_annotations\2.27.0\error_prone_annotations-2.27.0.jar;C:\Users\nikit\.m2\repository\com\google\guava\failureaccess\1.0.3\failureaccess-1.0.3.jar;C:\Users\nikit\.m2\repository\com\google\guava\guava\33.4.8-jre\guava-33.4.8-jre.jar;C:\Users\nikit\.m2\repository\com\google\guava\listenablefuture\9999.0-empty-to-avoid-conflict-with-guava\listenablefuture-9999.0-empty-to-avoid-conflict-with-guava.jar;C:\Users\nikit\.m2\repository\com\google\j2objc\j2objc-annotations\3.0.0\j2objc-annotations-3.0.0.jar;C:\Users\nikit\.m2\repository\com\h2database\h2\2.3.232\h2-2.3.232.jar;C:\Users\nikit\.m2\repository\com\sun\istack\istack-commons-runtime\4.1.2\istack-commons-runtime-4.1.2.jar;C:\Users\nikit\.m2\repository\com\zaxxer\HikariCP\5.1.0\HikariCP-5.1.0.jar;C:\Users\nikit\.m2\repository\commons-io\commons-io\2.13.0\commons-io-2.13.0.jar;C:\Users\nikit\.m2\repository\io\github\bonigarcia\webdrivermanager\5.6.1\webdrivermanager-5.6.1.jar;C:\Users\nikit\.m2\repository\io\micrometer\micrometer-commons\1.14.5\micrometer-commons-1.14.5.jar;C:\Users\nikit\.m2\repository\io\micrometer\micrometer-observation\1.14.5\micrometer-observation-1.14.5.jar;C:\Users\nikit\.m2\repository\io\opentelemetry\opentelemetry-api\1.43.0\opentelemetry-api-1.43.0.jar;C:\Users\nikit\.m2\repository\io\opentelemetry\opentelemetry-api-incubator\1.43.0-alpha\opentelemetry-api-incubator-1.43.0-alpha.jar;C:\Users\nikit\.m2\repository\io\opentelemetry\opentelemetry-context\1.43.0\opentelemetry-context-1.43.0.jar;C:\Users\nikit\.m2\repository\io\opentelemetry\opentelemetry-exporter-logging\1.43.0\opentelemetry-exporter-logging-1.43.0.jar;C:\Users\nikit\.m2\repository\io\opentelemetry\opentelemetry-sdk\1.43.0\opentelemetry-sdk-1.43.0.jar;C:\Users\nikit\.m2\repository\io\opentelemetry\opentelemetry-sdk-common\1.43.0\opentelemetry-sdk-common-1.43.0.jar;C:\Users\nikit\.m2\repository\io\opentelemetry\opentelemetry-sdk-extension-autoconfigure\1.43.0\opentelemetry-sdk-extension-autoconfigure-1.43.0.jar;C:\Users\nikit\.m2\repository\io\opentelemetry\opentelemetry-sdk-extension-autoconfigure-spi\1.43.0\opentelemetry-sdk-extension-autoconfigure-spi-1.43.0.jar;C:\Users\nikit\.m2\repository\io\opentelemetry\opentelemetry-sdk-logs\1.43.0\opentelemetry-sdk-logs-1.43.0.jar;C:\Users\nikit\.m2\repository\io\opentelemetry\opentelemetry-sdk-metrics\1.43.0\opentelemetry-sdk-metrics-1.43.0.jar;C:\Users\nikit\.m2\repository\io\opentelemetry\opentelemetry-sdk-trace\1.43.0\opentelemetry-sdk-trace-1.43.0.jar;C:\Users\nikit\.m2\repository\io\smallrye\jandex\3.2.0\jandex-3.2.0.jar;C:\Users\nikit\.m2\repository\jakarta\activation\jakarta.activation-api\2.1.3\jakarta.activation-api-2.1.3.jar;C:\Users\nikit\.m2\repository\jakarta\annotation\jakarta.annotation-api\2.1.1\jakarta.annotation-api-2.1.1.jar;C:\Users\nikit\.m2\repository\jakarta\inject\jakarta.inject-api\2.0.1\jakarta.inject-api-2.0.1.jar;C:\Users\nikit\.m2\repository\jakarta\persistence\jakarta.persistence-api\3.1.0\jakarta.persistence-api-3.1.0.jar;C:\Users\nikit\.m2\repository\jakarta\transaction\jakarta.transaction-api\2.0.1\jakarta.transaction-api-2.0.1.jar;C:\Users\nikit\.m2\repository\jakarta\xml\bind\jakarta.xml.bind-api\4.0.2\jakarta.xml.bind-api-4.0.2.jar;C:\Users\nikit\.m2\repository\net\bytebuddy\byte-buddy\1.15.11\byte-buddy-1.15.11.jar;C:\Users\nikit\.m2\repository\net\java\dev\jna\jna\5.13.0\jna-5.13.0.jar;C:\Users\nikit\.m2\repository\org\antlr\antlr4-runtime\4.13.0\antlr4-runtime-4.13.0.jar;C:\Users\nikit\.m2\repository\org\apache\commons\commons-compress\1.24.0\commons-compress-1.24.0.jar;C:\Users\nikit\.m2\repository\org\apache\commons\commons-exec\1.4.0\commons-exec-1.4.0.jar;C:\Users\nikit\.m2\repository\org\apache\commons\commons-lang3\3.17.0\commons-lang3-3.17.0.jar;C:\Users\nikit\.m2\repository\org\apache\httpcomponents\client5\httpclient5\5.4.2\httpclient5-5.4.2.jar;C:\Users\nikit\.m2\repository\org\apache\httpcomponents\core5\httpcore5\5.3.3\httpcore5-5.3.3.jar;C:\Users\nikit\.m2\repository\org\apache\httpcomponents\core5\httpcore5-h2\5.3.3\httpcore5-h2-5.3.3.jar;C:\Users\nikit\.m2\repository\org\apache\logging\log4j\log4j-api\2.24.3\log4j-api-2.24.3.jar;C:\Users\nikit\.m2\repository\org\apache\logging\log4j\log4j-to-slf4j\2.24.3\log4j-to-slf4j-2.24.3.jar;C:\Users\nikit\.m2\repository\org\apache\tomcat\embed\tomcat-embed-core\10.1.39\tomcat-embed-core-10.1.39.jar;C:\Users\nikit\.m2\repository\org\apache\tomcat\embed\tomcat-embed-el\10.1.39\tomcat-embed-el-10.1.39.jar;C:\Users\nikit\.m2\repository\org\apache\tomcat\embed\tomcat-embed-websocket\10.1.39\tomcat-embed-websocket-10.1.39.jar;C:\Users\nikit\.m2\repository\org\aspectj\aspectjweaver\1.9.23\aspectjweaver-1.9.23.jar;C:\Users\nikit\.m2\repository\org\bouncycastle\bcpkix-jdk18on\1.76\bcpkix-jdk18on-1.76.jar;C:\Users\nikit\.m2\repository\org\bouncycastle\bcprov-jdk18on\1.76\bcprov-jdk18on-1.76.jar;C:\Users\nikit\.m2\repository\org\bouncycastle\bcutil-jdk18on\1.76\bcutil-jdk18on-1.76.jar;C:\Users\nikit\.m2\repository\org\brotli\dec\0.1.2\dec-0.1.2.jar;C:\Users\nikit\.m2\repository\org\eclipse\angus\angus-activation\2.0.2\angus-activation-2.0.2.jar;C:\Users\nikit\.m2\repository\org\glassfish\jaxb\jaxb-core\4.0.5\jaxb-core-4.0.5.jar;C:\Users\nikit\.m2\repository\org\glassfish\jaxb\jaxb-runtime\4.0.5\jaxb-runtime-4.0.5.jar;C:\Users\nikit\.m2\repository\org\glassfish\jaxb\txw2\4.0.5\txw2-4.0.5.jar;C:\Users\nikit\.m2\repository\org\hibernate\common\hibernate-commons-annotations\7.0.3.Final\hibernate-commons-annotations-7.0.3.Final.jar;C:\Users\nikit\.m2\repository\org\hibernate\orm\hibernate-core\6.6.11.Final\hibernate-core-6.6.11.Final.jar;C:\Users\nikit\.m2\repository\org\jboss\logging\jboss-logging\3.6.1.Final\jboss-logging-3.6.1.Final.jar;C:\Users\nikit\.m2\repository\org\jsoup\jsoup\1.15.3\jsoup-1.15.3.jar;C:\Users\nikit\.m2\repository\org\jspecify\jspecify\1.0.0\jspecify-1.0.0.jar;C:\Users\nikit\.m2\repository\org\seleniumhq\selenium\selenium-api\4.32.0\selenium-api-4.32.0.jar;C:\Users\nikit\.m2\repository\org\seleniumhq\selenium\selenium-chrome-driver\4.32.0\selenium-chrome-driver-4.32.0.jar;C:\Users\nikit\.m2\repository\org\seleniumhq\selenium\selenium-chromium-driver\4.32.0\selenium-chromium-driver-4.32.0.jar;C:\Users\nikit\.m2\repository\org\seleniumhq\selenium\selenium-devtools-v134\4.32.0\selenium-devtools-v134-4.32.0.jar;C:\Users\nikit\.m2\repository\org\seleniumhq\selenium\selenium-devtools-v135\4.32.0\selenium-devtools-v135-4.32.0.jar;C:\Users\nikit\.m2\repository\org\seleniumhq\selenium\selenium-devtools-v136\4.32.0\selenium-devtools-v136-4.32.0.jar;C:\Users\nikit\.m2\repository\org\seleniumhq\selenium\selenium-edge-driver\4.32.0\selenium-edge-driver-4.32.0.jar;C:\Users\nikit\.m2\repository\org\seleniumhq\selenium\selenium-firefox-driver\4.32.0\selenium-firefox-driver-4.32.0.jar;C:\Users\nikit\.m2\repository\org\seleniumhq\selenium\selenium-http\4.32.0\selenium-http-4.32.0.jar;C:\Users\nikit\.m2\repository\org\seleniumhq\selenium\selenium-ie-driver\4.32.0\selenium-ie-driver-4.32.0.jar;C:\Users\nikit\.m2\repository\org\seleniumhq\selenium\selenium-java\4.32.0\selenium-java-4.32.0.jar;C:\Users\nikit\.m2\repository\org\seleniumhq\selenium\selenium-json\4.32.0\selenium-json-4.32.0.jar;C:\Users\nikit\.m2\repository\org\seleniumhq\selenium\selenium-manager\4.32.0\selenium-manager-4.32.0.jar;C:\Users\nikit\.m2\repository\org\seleniumhq\selenium\selenium-os\4.32.0\selenium-os-4.32.0.jar;C:\Users\nikit\.m2\repository\org\seleniumhq\selenium\selenium-remote-driver\4.32.0\selenium-remote-driver-4.32.0.jar;C:\Users\nikit\.m2\repository\org\seleniumhq\selenium\selenium-safari-driver\4.32.0\selenium-safari-driver-4.32.0.jar;C:\Users\nikit\.m2\repository\org\seleniumhq\selenium\selenium-support\4.32.0\selenium-support-4.32.0.jar;C:\Users\nikit\.m2\repository\org\slf4j\jcl-over-slf4j\2.0.17\jcl-over-slf4j-2.0.17.jar;C:\Users\nikit\.m2\repository\org\slf4j\jul-to-slf4j\2.0.17\jul-to-slf4j-2.0.17.jar;C:\Users\nikit\.m2\repository\org\slf4j\slf4j-api\2.0.17\slf4j-api-2.0.17.jar;C:\Users\nikit\.m2\repository\org\springframework\spring-aop\6.2.5\spring-aop-6.2.5.jar;C:\Users\nikit\.m2\repository\org\springframework\spring-aspects\6.2.5\spring-aspects-6.2.5.jar;C:\Users\nikit\.m2\repository\org\springframework\spring-beans\6.2.5\spring-beans-6.2.5.jar;C:\Users\nikit\.m2\repository\org\springframework\spring-context\6.2.5\spring-context-6.2.5.jar;C:\Users\nikit\.m2\repository\org\springframework\spring-core\6.2.5\spring-core-6.2.5.jar;C:\Users\nikit\.m2\repository\org\springframework\spring-expression\6.2.5\spring-expression-6.2.5.jar;C:\Users\nikit\.m2\repository\org\springframework\spring-jcl\6.2.5\spring-jcl-6.2.5.jar;C:\Users\nikit\.m2\repository\org\springframework\spring-jdbc\6.2.5\spring-jdbc-6.2.5.jar;C:\Users\nikit\.m2\repository\org\springframework\spring-orm\6.2.5\spring-orm-6.2.5.jar;C:\Users\nikit\.m2\repository\org\springframework\spring-tx\6.2.5\spring-tx-6.2.5.jar;C:\Users\nikit\.m2\repository\org\springframework\spring-web\6.2.5\spring-web-6.2.5.jar;C:\Users\nikit\.m2\repository\org\springframework\spring-webmvc\6.2.5\spring-webmvc-6.2.5.jar;C:\Users\nikit\.m2\repository\org\springframework\boot\spring-boot\3.4.4\spring-boot-3.4.4.jar;C:\Users\nikit\.m2\repository\org\springframework\boot\spring-boot-autoconfigure\3.4.4\spring-boot-autoconfigure-3.4.4.jar;C:\Users\nikit\.m2\repository\org\springframework\boot\spring-boot-starter\3.4.4\spring-boot-starter-3.4.4.jar;C:\Users\nikit\.m2\repository\org\springframework\boot\spring-boot-starter-data-jpa\3.4.4\spring-boot-starter-data-jpa-3.4.4.jar;C:\Users\nikit\.m2\repository\org\springframework\boot\spring-boot-starter-jdbc\3.4.4\spring-boot-starter-jdbc-3.4.4.jar;C:\Users\nikit\.m2\repository\org\springframework\boot\spring-boot-starter-json\3.4.4\spring-boot-starter-json-3.4.4.jar;C:\Users\nikit\.m2\repository\org\springframework\boot\spring-boot-starter-logging\3.4.4\spring-boot-starter-logging-3.4.4.jar;C:\Users\nikit\.m2\repository\org\springframework\boot\spring-boot-starter-tomcat\3.4.4\spring-boot-starter-tomcat-3.4.4.jar;C:\Users\nikit\.m2\repository\org\springframework\boot\spring-boot-starter-web\3.4.4\spring-boot-starter-web-3.4.4.jar;C:\Users\nikit\.m2\repository\org\springframework\data\spring-data-commons\3.4.4\spring-data-commons-3.4.4.jar;C:\Users\nikit\.m2\repository\org\springframework\data\spring-data-jpa\3.4.4\spring-data-jpa-3.4.4.jar;C:\Users\nikit\.m2\repository\org\yaml\snakeyaml\2.3\snakeyaml-2.3.jar
Launcher Type: SUN_STANDARD

[Global flags]
     intx CICompilerCount                          = 4                                         {product} {ergonomic}
     uint ConcGCThreads                            = 2                                         {product} {ergonomic}
     uint G1ConcRefinementThreads                  = 8                                         {product} {ergonomic}
   size_t G1HeapRegionSize                         = 1048576                                   {product} {ergonomic}
    uintx GCDrainStackTargetSize                   = 64                                        {product} {ergonomic}
   size_t InitialHeapSize                          = 117440512                                 {product} {ergonomic}
   size_t MarkStackSize                            = 4194304                                   {product} {ergonomic}
   size_t MaxHeapSize                              = 1862270976                                {product} {ergonomic}
   size_t MaxNewSize                               = 1116733440                                {product} {ergonomic}
   size_t MinHeapDeltaBytes                        = 1048576                                   {product} {ergonomic}
   size_t MinHeapSize                              = 8388608                                   {product} {ergonomic}
    uintx NonNMethodCodeHeapSize                   = 5839372                                {pd product} {ergonomic}
    uintx NonProfiledCodeHeapSize                  = 122909434                              {pd product} {ergonomic}
    uintx ProfiledCodeHeapSize                     = 122909434                              {pd product} {ergonomic}
    uintx ReservedCodeCacheSize                    = 251658240                              {pd product} {ergonomic}
     bool SegmentedCodeCache                       = true                                      {product} {ergonomic}
   size_t SoftMaxHeapSize                          = 1862270976                             {manageable} {ergonomic}
     bool UseCompressedOops                        = true                           {product lp64_product} {ergonomic}
     bool UseG1GC                                  = true                                      {product} {ergonomic}
     bool UseLargePagesIndividualAllocation        = false                                  {pd product} {ergonomic}

Logging:
Log output configuration:
 #0: stdout all=warning uptime,level,tags foldmultilines=false
 #1: stderr all=off uptime,level,tags foldmultilines=false

Environment Variables:
PATH=C:\Program Files\Common Files\Oracle\Java\javapath;C:\WINDOWS\system32;C:\WINDOWS;C:\WINDOWS\System32\Wbem;C:\WINDOWS\System32\WindowsPowerShell\v1.0\;C:\WINDOWS\System32\OpenSSH\;C:\Program Files\Git\cmd;C:\Program Files (x86)\NoteBook FanControl\;C:\Program Files\nodejs\;C:\Program Files\Docker\Docker\resources\bin;C:\Program Files\PuTTY\;C:\Users\nikit\.config\herd\bin\nvm;C:\Program Files\nodejs;C:\Program Files\Apache\mavane\bin;C:\Users\nikit\.config\herd\bin;C:\Users\nikit\AppData\Local\Programs\Python\Python313\Scripts\;C:\Users\nikit\AppData\Local\Programs\Python\Python313\;C:\Users\nikit\AppData\Local\Microsoft\WindowsApps;C:\Users\nikit\AppData\Local\Programs\Microsoft VS Code\bin;C:\Users\nikit\AppData\Roaming\npm;C:\Users\nikit\AppData\Local\Microsoft\WinGet\Packages\cURL.cURL_Microsoft.Winget.Source_8wekyb3d8bbwe\curl-8.11.0_1-win64-mingw/bin
USERNAME=nikit
OS=Windows_NT
PROCESSOR_IDENTIFIER=AMD64 Family 23 Model 24 Stepping 1, AuthenticAMD
TMP=C:\Users\nikit\AppData\Local\Temp
TEMP=C:\Users\nikit\AppData\Local\Temp




Periodic native trim disabled

---------------  S Y S T E M  ---------------

OS:
 Windows 11 , 64 bit Build 26100 (10.0.26100.3912)
OS uptime: 8 days 21:08 hours

CPU: total 8 (initial active 8) (8 cores per cpu, 2 threads per core) family 23 model 24 stepping 1 microcode 0x8108109, cx8, cmov, fxsr, ht, mmx, 3dnowpref, sse, sse2, sse3, ssse3, sse4a, sse4.1, sse4.2, popcnt, lzcnt, tsc, tscinvbit, avx, avx2, aes, clmul, bmi1, bmi2, adx, sha, fma, vzeroupper, clflush, clflushopt, rdtscp, f16c
Processor Information for all 8 processors :
  Max Mhz: 2100, Current Mhz: 2100, Mhz Limit: 2100

Memory: 4k page, system-wide physical 7103M (933M free)
TotalPageFile size 23487M (AvailPageFile size 3M)
current process WorkingSet (physical memory assigned to process): 164M, peak: 483M
current process commit charge ("private bytes"): 472M, peak: 529M

vm_info: Java HotSpot(TM) 64-Bit Server VM (21.0.3+7-LTS-152) for windows-amd64 JRE (21.0.3+7-LTS-152), built on 2024-03-11T17:42:26Z by "mach5one" with MS VC++ 17.6 (VS2022)

END.
