#
# There is insufficient memory for the Java Runtime Environment to continue.
# Native memory allocation (malloc) failed to allocate 1051056 bytes for Chunk::new
# Possible reasons:
#   The system is out of physical RAM or swap space
#   The process is running with CompressedOops enabled, and the Java Heap may be blocking the growth of the native heap
# Possible solutions:
#   Reduce memory load on the system
#   Increase physical memory or swap space
#   Check if swap backing store is full
#   Decrease Java heap size (-Xmx/-Xms)
#   Decrease number of Java threads
#   Decrease Java thread stack sizes (-Xss)
#   Set larger code cache with -XX:ReservedCodeCacheSize=
#   JVM is running with Unscaled Compressed Oops mode in which the Java heap is
#     placed in the first 4GB address space. The Java Heap base address is the
#     maximum limit for the native heap growth. Please use -XX:HeapBaseMinAddress
#     to set the Java Heap base and to place the Java Heap above 4GB virtual address.
# This output file may be truncated or incomplete.
#
#  Out of Memory Error (arena.cpp:168), pid=32260, tid=28712
#
# JRE version: Java(TM) SE Runtime Environment (21.0.3+7) (build 21.0.3+7-LTS-152)
# Java VM: Java HotSpot(TM) 64-Bit Server VM (21.0.3+7-LTS-152, mixed mode, sharing, tiered, compressed oops, compressed class ptrs, g1 gc, windows-amd64)
# No core dump will be written. Minidumps are not enabled by default on client versions of Windows
#

---------------  S U M M A R Y ------------

Command Line: -Dfile.encoding=UTF-8 --module-path=C:\Users\nikit\.m2\repository\org\openjfx\javafx-base\21\javafx-base-21-win.jar;C:\Users\nikit\.m2\repository\org\openjfx\javafx-base\21\javafx-base-21.jar;C:\Users\nikit\.m2\repository\org\openjfx\javafx-controls\21\javafx-controls-21-win.jar;C:\Users\nikit\.m2\repository\org\openjfx\javafx-controls\21\javafx-controls-21.jar;C:\Users\nikit\.m2\repository\org\openjfx\javafx-fxml\21\javafx-fxml-21-win.jar;C:\Users\nikit\.m2\repository\org\openjfx\javafx-graphics\21\javafx-graphics-21-win.jar;C:\Users\nikit\.m2\repository\org\openjfx\javafx-graphics\21\javafx-graphics-21.jar --add-modules=javafx.base,javafx.controls,javafx.fxml,javafx.graphics ru.finwax.mangabuffjob.MangaBuffJobFXApplication

Host: AMD Ryzen 5 3500U with Radeon Vega Mobile Gfx  , 8 cores, 6G,  Windows 11 , 64 bit Build 26100 (10.0.26100.3912)
Time: Tue May 27 10:18:50 2025 RTZ 2 (s 11 , 64 bit Build 26100 (10.0.26100.3912) elapsed time: 431.831909 seconds (0d 0h 7m 11s)

---------------  T H R E A D  ---------------

Current thread (0x000001795a7b7f00):  JavaThread "C2 CompilerThread0" daemon [_thread_in_native, id=28712, stack(0x000000390e200000,0x000000390e300000) (1024K)]


Current CompileTask:
C2: 431832 17936       4       java.lang.String::format (16 bytes)

Stack: [0x000000390e200000,0x000000390e300000]
Native frames: (J=compiled Java code, j=interpreted, Vv=VM code, C=native code)
V  [jvm.dll+0x6c63b9]
V  [jvm.dll+0x84fa11]
V  [jvm.dll+0x851f3e]
V  [jvm.dll+0x852613]
V  [jvm.dll+0x27cd46]
V  [jvm.dll+0xc4aad]
V  [jvm.dll+0xc4fe3]
V  [jvm.dll+0x3b1d22]
V  [jvm.dll+0x37e485]
V  [jvm.dll+0x37d8fa]
V  [jvm.dll+0x245b40]
V  [jvm.dll+0x24511f]
V  [jvm.dll+0x1c689e]
V  [jvm.dll+0x254609]
V  [jvm.dll+0x252b9a]
V  [jvm.dll+0x3eb056]
V  [jvm.dll+0x7f9ffb]
V  [jvm.dll+0x6c4a9d]
C  [ucrtbase.dll+0x37b0]
C  [KERNEL32.DLL+0x2e8d7]
C  [ntdll.dll+0x9c5dc]


---------------  P R O C E S S  ---------------

Threads class SMR info:
_java_thread_list=0x00000179a85a3030, length=45, elements={
0x000001793bea4300, 0x000001795a7a0f80, 0x000001795a7a3af0, 0x000001795a7a4b40,
0x000001795a7a5a30, 0x000001795a7ac5c0, 0x000001795a7af030, 0x000001795a7b7f00,
0x000001795a7bc230, 0x000001795a9b8170, 0x00000179a01d19e0, 0x00000179a023f0d0,
0x00000179a047a5c0, 0x00000179a04add10, 0x00000179a06c5180, 0x00000179a070c8a0,
0x00000179a66329a0, 0x00000179a998d830, 0x00000179a93d3330, 0x00000179a5777e00,
0x00000179a93d39c0, 0x00000179a93d2610, 0x00000179a93d4050, 0x00000179a5778b20,
0x00000179a5777770, 0x00000179a577b910, 0x00000179a577e700, 0x00000179a577c630,
0x00000179a577ccc0, 0x00000179a577b280, 0x00000179a577d9e0, 0x00000179a55fb320,
0x00000179a55f9f70, 0x00000179aa759420, 0x00000179aa7579e0, 0x00000179aa758d90,
0x00000179aa75cf30, 0x00000179aa75a7d0, 0x00000179aa759ab0, 0x00000179aa757350,
0x00000179aa75ae60, 0x00000179aa75b4f0, 0x00000179aa75dc50, 0x00000179aa75bb80,
0x00000179aa75c210
}

Java Threads: ( => current thread )
  0x000001793bea4300 JavaThread "main"                              [_thread_blocked, id=27636, stack(0x000000390d400000,0x000000390d500000) (1024K)]
  0x000001795a7a0f80 JavaThread "Reference Handler"          daemon [_thread_blocked, id=5072, stack(0x000000390dc00000,0x000000390dd00000) (1024K)]
  0x000001795a7a3af0 JavaThread "Finalizer"                  daemon [_thread_blocked, id=24560, stack(0x000000390dd00000,0x000000390de00000) (1024K)]
  0x000001795a7a4b40 JavaThread "Signal Dispatcher"          daemon [_thread_blocked, id=9236, stack(0x000000390de00000,0x000000390df00000) (1024K)]
  0x000001795a7a5a30 JavaThread "Attach Listener"            daemon [_thread_blocked, id=34120, stack(0x000000390df00000,0x000000390e000000) (1024K)]
  0x000001795a7ac5c0 JavaThread "Service Thread"             daemon [_thread_blocked, id=36492, stack(0x000000390e000000,0x000000390e100000) (1024K)]
  0x000001795a7af030 JavaThread "Monitor Deflation Thread"   daemon [_thread_blocked, id=37276, stack(0x000000390e100000,0x000000390e200000) (1024K)]
=>0x000001795a7b7f00 JavaThread "C2 CompilerThread0"         daemon [_thread_in_native, id=28712, stack(0x000000390e200000,0x000000390e300000) (1024K)]
  0x000001795a7bc230 JavaThread "C1 CompilerThread0"         daemon [_thread_blocked, id=488, stack(0x000000390e300000,0x000000390e400000) (1024K)]
  0x000001795a9b8170 JavaThread "Common-Cleaner"             daemon [_thread_blocked, id=36904, stack(0x000000390e400000,0x000000390e500000) (1024K)]
  0x00000179a01d19e0 JavaThread "Notification Thread"        daemon [_thread_blocked, id=29548, stack(0x000000390e700000,0x000000390e800000) (1024K)]
  0x00000179a023f0d0 JavaThread "QuantumRenderer-0"          daemon [_thread_blocked, id=25100, stack(0x000000390e500000,0x000000390e600000) (1024K)]
  0x00000179a047a5c0 JavaThread "InvokeLaterDispatcher"      daemon [_thread_blocked, id=26184, stack(0x000000390e900000,0x000000390ea00000) (1024K)]
  0x00000179a04add10 JavaThread "JavaFX Application Thread"         [_thread_in_native, id=31920, stack(0x000000390ea00000,0x000000390eb00000) (1024K)]
  0x00000179a06c5180 JavaThread "JavaFX-Launcher"                   [_thread_blocked, id=32308, stack(0x000000390f200000,0x000000390f300000) (1024K)]
  0x00000179a070c8a0 JavaThread "Thread-2"                   daemon [_thread_in_native, id=17028, stack(0x000000390f100000,0x000000390f200000) (1024K)]
  0x00000179a66329a0 JavaThread "Prism Font Disposer"        daemon [_thread_blocked, id=34872, stack(0x0000003910000000,0x0000003910100000) (1024K)]
  0x00000179a998d830 JavaThread "Cleaner-0"                  daemon [_thread_blocked, id=36168, stack(0x0000003910100000,0x0000003910200000) (1024K)]
  0x00000179a93d3330 JavaThread "CompletableFutureDelayScheduler" daemon [_thread_blocked, id=15252, stack(0x0000003910900000,0x0000003910a00000) (1024K)]
  0x00000179a5777e00 JavaThread "Keep-Alive-Timer"           daemon [_thread_blocked, id=36892, stack(0x000000390d300000,0x000000390d400000) (1024K)]
  0x00000179a93d39c0 JavaThread "Forwarding clickElement on session 12c5bcd5625bc005646343b4251bd693 to remote"        [_thread_blocked, id=35240, stack(0x000000390d200000,0x000000390d300000) (1024K)]
  0x00000179a93d2610 JavaThread "Forwarding executeScript on session 023eb0d11aeb873cf200e7eb70c2129b to remote"        [_thread_blocked, id=2344, stack(0x000000390e600000,0x000000390e700000) (1024K)]
  0x00000179a93d4050 JavaThread "pool-5-thread-3"                   [_thread_blocked, id=31244, stack(0x000000390e800000,0x000000390e900000) (1024K)]
  0x00000179a5778b20 JavaThread "HttpClient-16-SelectorManager" daemon [_thread_in_native, id=27188, stack(0x0000003910300000,0x0000003910400000) (1024K)]
  0x00000179a5777770 JavaThread "pool-6-thread-1"                   [_thread_blocked, id=7284, stack(0x0000003910400000,0x0000003910500000) (1024K)]
  0x00000179a577b910 JavaThread "External Process Output Forwarder - C:\Users\nikit\.cache\selenium\chromedriver\win64\136.0.7103.113\chromedriver.exe" daemon [_thread_in_native, id=30036, stack(0x0000003910a00000,0x0000003910b00000) (1024K)]
  0x00000179a577e700 JavaThread "Driver Service Executor"    daemon [_thread_blocked, id=31432, stack(0x0000003910b00000,0x0000003910c00000) (1024K)]
  0x00000179a577c630 JavaThread "Driver Service Executor"    daemon [_thread_blocked, id=13212, stack(0x0000003910c00000,0x0000003910d00000) (1024K)]
  0x00000179a577ccc0 JavaThread "JdkHttpClient-15-0"         daemon [_thread_blocked, id=24844, stack(0x0000003910e00000,0x0000003910f00000) (1024K)]
  0x00000179a577b280 JavaThread "JdkHttpClient-15-1"         daemon [_thread_blocked, id=9036, stack(0x0000003910f00000,0x0000003911000000) (1024K)]
  0x00000179a577d9e0 JavaThread "JdkHttpClient-15-2"         daemon [_thread_blocked, id=5856, stack(0x0000003911000000,0x0000003911100000) (1024K)]
  0x00000179a55fb320 JavaThread "HttpClient-17-SelectorManager" daemon [_thread_in_native, id=34524, stack(0x0000003911100000,0x0000003911200000) (1024K)]
  0x00000179a55f9f70 JavaThread "JdkHttpClient-16-0"         daemon [_thread_blocked, id=30020, stack(0x0000003911500000,0x0000003911600000) (1024K)]
  0x00000179aa759420 JavaThread "CDP Connection"             daemon [_thread_blocked, id=18380, stack(0x0000003912000000,0x0000003912100000) (1024K)]
  0x00000179aa7579e0 JavaThread "CDP Connection"             daemon [_thread_blocked, id=29260, stack(0x0000003912300000,0x0000003912400000) (1024K)]
  0x00000179aa758d90 JavaThread "CDP Connection"             daemon [_thread_blocked, id=16004, stack(0x0000003912700000,0x0000003912800000) (1024K)]
  0x00000179aa75cf30 JavaThread "CDP Connection"             daemon [_thread_blocked, id=33188, stack(0x0000003912800000,0x0000003912900000) (1024K)]
  0x00000179aa75a7d0 JavaThread "HttpClient-19-SelectorManager" daemon [_thread_in_native, id=7380, stack(0x0000003910500000,0x0000003910600000) (1024K)]
  0x00000179aa759ab0 JavaThread "External Process Output Forwarder - C:\Users\nikit\.cache\selenium\chromedriver\win64\136.0.7103.113\chromedriver.exe" daemon [_thread_in_native, id=25036, stack(0x0000003910600000,0x0000003910700000) (1024K)]
  0x00000179aa757350 JavaThread "Driver Service Executor"    daemon [_thread_blocked, id=35012, stack(0x0000003910700000,0x0000003910800000) (1024K)]
  0x00000179aa75ae60 JavaThread "Driver Service Executor"    daemon [_thread_blocked, id=32380, stack(0x0000003910800000,0x0000003910900000) (1024K)]
  0x00000179aa75b4f0 JavaThread "JdkHttpClient-18-0"         daemon [_thread_blocked, id=31728, stack(0x000000390ff00000,0x0000003910000000) (1024K)]
  0x00000179aa75dc50 JavaThread "JdkHttpClient-18-1"         daemon [_thread_blocked, id=18720, stack(0x0000003910d00000,0x0000003910e00000) (1024K)]
  0x00000179aa75bb80 JavaThread "JdkHttpClient-18-2"         daemon [_thread_blocked, id=37824, stack(0x0000003911200000,0x0000003911300000) (1024K)]
  0x00000179aa75c210 JavaThread "HttpClient-20-SelectorManager" daemon [_thread_in_native, id=28108, stack(0x0000003911400000,0x0000003911500000) (1024K)]
Total: 45

Other Threads:
  0x000001795a780260 VMThread "VM Thread"                           [id=14832, stack(0x000000390db00000,0x000000390dc00000) (1024K)]
  0x000001795a76a260 WatcherThread "VM Periodic Task Thread"        [id=34056, stack(0x000000390da00000,0x000000390db00000) (1024K)]
  0x000001793e338ac0 WorkerThread "GC Thread#0"                     [id=26160, stack(0x000000390d500000,0x000000390d600000) (1024K)]
  0x00000179a5142a50 WorkerThread "GC Thread#1"                     [id=36508, stack(0x000000390f400000,0x000000390f500000) (1024K)]
  0x00000179a51b3630 WorkerThread "GC Thread#2"                     [id=10592, stack(0x000000390f500000,0x000000390f600000) (1024K)]
  0x00000179a51b3de0 WorkerThread "GC Thread#3"                     [id=26040, stack(0x000000390f600000,0x000000390f700000) (1024K)]
  0x00000179a0783580 WorkerThread "GC Thread#4"                     [id=25340, stack(0x000000390f700000,0x000000390f800000) (1024K)]
  0x00000179a07831e0 WorkerThread "GC Thread#5"                     [id=4912, stack(0x000000390f800000,0x000000390f900000) (1024K)]
  0x00000179a0784060 WorkerThread "GC Thread#6"                     [id=22696, stack(0x000000390fa00000,0x000000390fb00000) (1024K)]
  0x00000179a0783920 WorkerThread "GC Thread#7"                     [id=37620, stack(0x000000390fb00000,0x000000390fc00000) (1024K)]
  0x000001793e347a00 ConcurrentGCThread "G1 Main Marker"            [id=37732, stack(0x000000390d600000,0x000000390d700000) (1024K)]
  0x000001793e34a880 WorkerThread "G1 Conc#0"                       [id=26096, stack(0x000000390d700000,0x000000390d800000) (1024K)]
  0x00000179a0782700 WorkerThread "G1 Conc#1"                       [id=29464, stack(0x000000390f900000,0x000000390fa00000) (1024K)]
  0x000001795a634100 ConcurrentGCThread "G1 Refine#0"               [id=33532, stack(0x000000390d800000,0x000000390d900000) (1024K)]
  0x000001795a634b10 ConcurrentGCThread "G1 Service"                [id=25928, stack(0x000000390d900000,0x000000390da00000) (1024K)]
Total: 15

Threads with active compile tasks:
C2 CompilerThread0   431899 17936       4       java.lang.String::format (16 bytes)
Total: 1

VM state: not at safepoint (normal execution)

VM Mutex/Monitor currently owned by a thread: None

Heap address: 0x0000000091000000, size: 1776 MB, Compressed Oops mode: 32-bit

CDS archive(s) mapped at: [0x000001795b000000-0x000001795bc90000-0x000001795bc90000), size 13172736, SharedBaseAddress: 0x000001795b000000, ArchiveRelocationMode: 1.
Compressed class space mapped at: 0x000001795c000000-0x000001799c000000, reserved size: 1073741824
Narrow klass base: 0x000001795b000000, Narrow klass shift: 0, Narrow klass range: 0x100000000

GC Precious Log:
 CardTable entry size: 512
 Card Set container configuration: InlinePtr #cards 5 size 8 Array Of Cards #cards 12 size 40 Howl #buckets 4 coarsen threshold 1843 Howl Bitmap #cards 512 size 80 coarsen threshold 460 Card regions per heap region 1 cards per card region 2048
 CPUs: 8 total, 8 available
 Memory: 7103M
 Large Page Support: Disabled
 NUMA Support: Disabled
 Compressed Oops: Enabled (32-bit)
 Heap Region Size: 1M
 Heap Min Capacity: 8M
 Heap Initial Capacity: 112M
 Heap Max Capacity: 1776M
 Pre-touch: Disabled
 Parallel Workers: 8
 Concurrent Workers: 2
 Concurrent Refinement Workers: 8
 Periodic GC: Disabled

Heap:
 garbage-first heap   total 158720K, used 81750K [0x0000000091000000, 0x0000000100000000)
  region size 1024K, 11 young (11264K), 4 survivors (4096K)
 Metaspace       used 98755K, committed 99648K, reserved 1179648K
  class space    used 13249K, committed 13696K, reserved 1048576K

Heap Regions: E=young(eden), S=young(survivor), O=old, HS=humongous(starts), HC=humongous(continues), CS=collection set, F=free, TAMS=top-at-mark-start, PB=parsable bottom
|   0|0x0000000091000000, 0x0000000091100000, 0x0000000091100000|100%|HS|  |TAMS 0x0000000091000000| PB 0x0000000091000000| Complete 
|   1|0x0000000091100000, 0x0000000091200000, 0x0000000091200000|100%| O|  |TAMS 0x0000000091100000| PB 0x0000000091100000| Untracked 
|   2|0x0000000091200000, 0x0000000091300000, 0x0000000091300000|100%| O|  |TAMS 0x0000000091200000| PB 0x0000000091200000| Untracked 
|   3|0x0000000091300000, 0x0000000091400000, 0x0000000091400000|100%|HS|  |TAMS 0x0000000091300000| PB 0x0000000091300000| Complete 
|   4|0x0000000091400000, 0x0000000091500000, 0x0000000091500000|100%| O|  |TAMS 0x0000000091400000| PB 0x0000000091400000| Untracked 
|   5|0x0000000091500000, 0x0000000091600000, 0x0000000091600000|100%|HS|  |TAMS 0x0000000091500000| PB 0x0000000091500000| Complete 
|   6|0x0000000091600000, 0x0000000091700000, 0x0000000091700000|100%| O|  |TAMS 0x0000000091600000| PB 0x0000000091600000| Untracked 
|   7|0x0000000091700000, 0x0000000091800000, 0x0000000091800000|100%| O|  |TAMS 0x0000000091700000| PB 0x0000000091700000| Untracked 
|   8|0x0000000091800000, 0x0000000091900000, 0x0000000091900000|100%| O|  |TAMS 0x0000000091800000| PB 0x0000000091800000| Untracked 
|   9|0x0000000091900000, 0x0000000091a00000, 0x0000000091a00000|100%| O|  |TAMS 0x0000000091900000| PB 0x0000000091900000| Untracked 
|  10|0x0000000091a00000, 0x0000000091b00000, 0x0000000091b00000|100%| O|  |TAMS 0x0000000091a00000| PB 0x0000000091a00000| Untracked 
|  11|0x0000000091b00000, 0x0000000091c00000, 0x0000000091c00000|100%| O|  |TAMS 0x0000000091b00000| PB 0x0000000091b00000| Untracked 
|  12|0x0000000091c00000, 0x0000000091d00000, 0x0000000091d00000|100%| O|  |TAMS 0x0000000091c00000| PB 0x0000000091c00000| Untracked 
|  13|0x0000000091d00000, 0x0000000091e00000, 0x0000000091e00000|100%| O|  |TAMS 0x0000000091d00000| PB 0x0000000091d00000| Untracked 
|  14|0x0000000091e00000, 0x0000000091f00000, 0x0000000091f00000|100%| O|  |TAMS 0x0000000091e00000| PB 0x0000000091e00000| Untracked 
|  15|0x0000000091f00000, 0x0000000092000000, 0x0000000092000000|100%| O|  |TAMS 0x0000000091f00000| PB 0x0000000091f00000| Untracked 
|  16|0x0000000092000000, 0x0000000092100000, 0x0000000092100000|100%| O|  |TAMS 0x0000000092000000| PB 0x0000000092000000| Untracked 
|  17|0x0000000092100000, 0x0000000092200000, 0x0000000092200000|100%| O|  |TAMS 0x0000000092100000| PB 0x0000000092100000| Untracked 
|  18|0x0000000092200000, 0x0000000092300000, 0x0000000092300000|100%| O|  |TAMS 0x0000000092200000| PB 0x0000000092200000| Untracked 
|  19|0x0000000092300000, 0x0000000092400000, 0x0000000092400000|100%| O|  |TAMS 0x0000000092300000| PB 0x0000000092300000| Untracked 
|  20|0x0000000092400000, 0x0000000092500000, 0x0000000092500000|100%| O|  |TAMS 0x0000000092400000| PB 0x0000000092400000| Untracked 
|  21|0x0000000092500000, 0x0000000092600000, 0x0000000092600000|100%| O|  |TAMS 0x0000000092500000| PB 0x0000000092500000| Untracked 
|  22|0x0000000092600000, 0x0000000092700000, 0x0000000092700000|100%| O|  |TAMS 0x0000000092600000| PB 0x0000000092600000| Untracked 
|  23|0x0000000092700000, 0x0000000092800000, 0x0000000092800000|100%| O|  |TAMS 0x0000000092700000| PB 0x0000000092700000| Untracked 
|  24|0x0000000092800000, 0x0000000092900000, 0x0000000092900000|100%| O|Cm|TAMS 0x0000000092800000| PB 0x0000000092800000| Complete 
|  25|0x0000000092900000, 0x0000000092a00000, 0x0000000092a00000|100%| O|  |TAMS 0x0000000092900000| PB 0x0000000092900000| Untracked 
|  26|0x0000000092a00000, 0x0000000092b00000, 0x0000000092b00000|100%| O|  |TAMS 0x0000000092a00000| PB 0x0000000092a00000| Untracked 
|  27|0x0000000092b00000, 0x0000000092c00000, 0x0000000092c00000|100%| O|  |TAMS 0x0000000092b00000| PB 0x0000000092b00000| Untracked 
|  28|0x0000000092c00000, 0x0000000092d00000, 0x0000000092d00000|100%| O|  |TAMS 0x0000000092c00000| PB 0x0000000092c00000| Untracked 
|  29|0x0000000092d00000, 0x0000000092e00000, 0x0000000092e00000|100%| O|  |TAMS 0x0000000092d00000| PB 0x0000000092d00000| Untracked 
|  30|0x0000000092e00000, 0x0000000092f00000, 0x0000000092f00000|100%| O|  |TAMS 0x0000000092e00000| PB 0x0000000092e00000| Untracked 
|  31|0x0000000092f00000, 0x0000000093000000, 0x0000000093000000|100%| O|  |TAMS 0x0000000092f00000| PB 0x0000000092f00000| Untracked 
|  32|0x0000000093000000, 0x0000000093100000, 0x0000000093100000|100%|HS|  |TAMS 0x0000000093000000| PB 0x0000000093000000| Complete 
|  33|0x0000000093100000, 0x0000000093200000, 0x0000000093200000|100%|HC|  |TAMS 0x0000000093100000| PB 0x0000000093100000| Complete 
|  34|0x0000000093200000, 0x0000000093300000, 0x0000000093300000|100%| O|  |TAMS 0x0000000093200000| PB 0x0000000093200000| Untracked 
|  35|0x0000000093300000, 0x0000000093400000, 0x0000000093400000|100%| O|  |TAMS 0x0000000093300000| PB 0x0000000093300000| Untracked 
|  36|0x0000000093400000, 0x0000000093500000, 0x0000000093500000|100%| O|  |TAMS 0x0000000093400000| PB 0x0000000093400000| Untracked 
|  37|0x0000000093500000, 0x0000000093600000, 0x0000000093600000|100%| O|  |TAMS 0x0000000093500000| PB 0x0000000093500000| Untracked 
|  38|0x0000000093600000, 0x0000000093700000, 0x0000000093700000|100%| O|  |TAMS 0x0000000093600000| PB 0x0000000093600000| Untracked 
|  39|0x0000000093700000, 0x0000000093800000, 0x0000000093800000|100%| O|  |TAMS 0x0000000093700000| PB 0x0000000093700000| Untracked 
|  40|0x0000000093800000, 0x0000000093900000, 0x0000000093900000|100%| O|  |TAMS 0x0000000093800000| PB 0x0000000093800000| Untracked 
|  41|0x0000000093900000, 0x0000000093a00000, 0x0000000093a00000|100%| O|  |TAMS 0x0000000093900000| PB 0x0000000093900000| Untracked 
|  42|0x0000000093a00000, 0x0000000093b00000, 0x0000000093b00000|100%| O|Cm|TAMS 0x0000000093a00000| PB 0x0000000093a00000| Complete 
|  43|0x0000000093b00000, 0x0000000093c00000, 0x0000000093c00000|100%| O|  |TAMS 0x0000000093b00000| PB 0x0000000093b00000| Untracked 
|  44|0x0000000093c00000, 0x0000000093d00000, 0x0000000093d00000|100%| O|  |TAMS 0x0000000093c00000| PB 0x0000000093c00000| Untracked 
|  45|0x0000000093d00000, 0x0000000093e00000, 0x0000000093e00000|100%| O|  |TAMS 0x0000000093d00000| PB 0x0000000093d00000| Untracked 
|  46|0x0000000093e00000, 0x0000000093f00000, 0x0000000093f00000|100%| O|  |TAMS 0x0000000093e00000| PB 0x0000000093e00000| Untracked 
|  47|0x0000000093f00000, 0x0000000094000000, 0x0000000094000000|100%| O|  |TAMS 0x0000000093f00000| PB 0x0000000093f00000| Untracked 
|  48|0x0000000094000000, 0x0000000094100000, 0x0000000094100000|100%| O|  |TAMS 0x0000000094000000| PB 0x0000000094000000| Untracked 
|  49|0x0000000094100000, 0x0000000094200000, 0x0000000094200000|100%| O|  |TAMS 0x0000000094100000| PB 0x0000000094100000| Untracked 
|  50|0x0000000094200000, 0x0000000094300000, 0x0000000094300000|100%| O|  |TAMS 0x0000000094200000| PB 0x0000000094200000| Untracked 
|  51|0x0000000094300000, 0x0000000094300000, 0x0000000094400000|  0%| F|  |TAMS 0x0000000094300000| PB 0x0000000094300000| Untracked 
|  52|0x0000000094400000, 0x0000000094500000, 0x0000000094500000|100%| O|  |TAMS 0x0000000094400000| PB 0x0000000094400000| Untracked 
|  53|0x0000000094500000, 0x0000000094595888, 0x0000000094600000| 58%| O|  |TAMS 0x0000000094500000| PB 0x0000000094500000| Untracked 
|  54|0x0000000094600000, 0x0000000094600000, 0x0000000094700000|  0%| F|  |TAMS 0x0000000094600000| PB 0x0000000094600000| Untracked 
|  55|0x0000000094700000, 0x0000000094700000, 0x0000000094800000|  0%| F|  |TAMS 0x0000000094700000| PB 0x0000000094700000| Untracked 
|  56|0x0000000094800000, 0x0000000094900000, 0x0000000094900000|100%| O|  |TAMS 0x0000000094800000| PB 0x0000000094800000| Untracked 
|  57|0x0000000094900000, 0x0000000094a00000, 0x0000000094a00000|100%| O|  |TAMS 0x0000000094900000| PB 0x0000000094900000| Untracked 
|  58|0x0000000094a00000, 0x0000000094a00000, 0x0000000094b00000|  0%| F|  |TAMS 0x0000000094a00000| PB 0x0000000094a00000| Untracked 
|  59|0x0000000094b00000, 0x0000000094b00000, 0x0000000094c00000|  0%| F|  |TAMS 0x0000000094b00000| PB 0x0000000094b00000| Untracked 
|  60|0x0000000094c00000, 0x0000000094d00000, 0x0000000094d00000|100%|HS|  |TAMS 0x0000000094c00000| PB 0x0000000094c00000| Complete 
|  61|0x0000000094d00000, 0x0000000094d00000, 0x0000000094e00000|  0%| F|  |TAMS 0x0000000094d00000| PB 0x0000000094d00000| Untracked 
|  62|0x0000000094e00000, 0x0000000094e00000, 0x0000000094f00000|  0%| F|  |TAMS 0x0000000094e00000| PB 0x0000000094e00000| Untracked 
|  63|0x0000000094f00000, 0x0000000094f00000, 0x0000000095000000|  0%| F|  |TAMS 0x0000000094f00000| PB 0x0000000094f00000| Untracked 
|  64|0x0000000095000000, 0x0000000095000000, 0x0000000095100000|  0%| F|  |TAMS 0x0000000095000000| PB 0x0000000095000000| Untracked 
|  65|0x0000000095100000, 0x0000000095200000, 0x0000000095200000|100%| O|  |TAMS 0x0000000095100000| PB 0x0000000095100000| Untracked 
|  66|0x0000000095200000, 0x0000000095200000, 0x0000000095300000|  0%| F|  |TAMS 0x0000000095200000| PB 0x0000000095200000| Untracked 
|  67|0x0000000095300000, 0x0000000095300000, 0x0000000095400000|  0%| F|  |TAMS 0x0000000095300000| PB 0x0000000095300000| Untracked 
|  68|0x0000000095400000, 0x0000000095400000, 0x0000000095500000|  0%| F|  |TAMS 0x0000000095400000| PB 0x0000000095400000| Untracked 
|  69|0x0000000095500000, 0x0000000095500000, 0x0000000095600000|  0%| F|  |TAMS 0x0000000095500000| PB 0x0000000095500000| Untracked 
|  70|0x0000000095600000, 0x0000000095700000, 0x0000000095700000|100%|HS|  |TAMS 0x0000000095600000| PB 0x0000000095600000| Complete 
|  71|0x0000000095700000, 0x0000000095800000, 0x0000000095800000|100%|HS|  |TAMS 0x0000000095700000| PB 0x0000000095700000| Complete 
|  72|0x0000000095800000, 0x0000000095900000, 0x0000000095900000|100%|HS|  |TAMS 0x0000000095800000| PB 0x0000000095800000| Complete 
|  73|0x0000000095900000, 0x0000000095a00000, 0x0000000095a00000|100%|HS|  |TAMS 0x0000000095900000| PB 0x0000000095900000| Complete 
|  74|0x0000000095a00000, 0x0000000095b00000, 0x0000000095b00000|100%|HS|  |TAMS 0x0000000095a00000| PB 0x0000000095a00000| Complete 
|  75|0x0000000095b00000, 0x0000000095c00000, 0x0000000095c00000|100%|HS|  |TAMS 0x0000000095b00000| PB 0x0000000095b00000| Complete 
|  76|0x0000000095c00000, 0x0000000095c00000, 0x0000000095d00000|  0%| F|  |TAMS 0x0000000095c00000| PB 0x0000000095c00000| Untracked 
|  77|0x0000000095d00000, 0x0000000095d00000, 0x0000000095e00000|  0%| F|  |TAMS 0x0000000095d00000| PB 0x0000000095d00000| Untracked 
|  78|0x0000000095e00000, 0x0000000095e00000, 0x0000000095f00000|  0%| F|  |TAMS 0x0000000095e00000| PB 0x0000000095e00000| Untracked 
|  79|0x0000000095f00000, 0x0000000095f00000, 0x0000000096000000|  0%| F|  |TAMS 0x0000000095f00000| PB 0x0000000095f00000| Untracked 
|  80|0x0000000096000000, 0x0000000096000000, 0x0000000096100000|  0%| F|  |TAMS 0x0000000096000000| PB 0x0000000096000000| Untracked 
|  81|0x0000000096100000, 0x0000000096200000, 0x0000000096200000|100%| O|  |TAMS 0x0000000096100000| PB 0x0000000096100000| Untracked 
|  82|0x0000000096200000, 0x0000000096300000, 0x0000000096300000|100%| O|  |TAMS 0x0000000096200000| PB 0x0000000096200000| Untracked 
|  83|0x0000000096300000, 0x0000000096300000, 0x0000000096400000|  0%| F|  |TAMS 0x0000000096300000| PB 0x0000000096300000| Untracked 
|  84|0x0000000096400000, 0x0000000096400000, 0x0000000096500000|  0%| F|  |TAMS 0x0000000096400000| PB 0x0000000096400000| Untracked 
|  85|0x0000000096500000, 0x0000000096500000, 0x0000000096600000|  0%| F|  |TAMS 0x0000000096500000| PB 0x0000000096500000| Untracked 
|  86|0x0000000096600000, 0x0000000096600000, 0x0000000096700000|  0%| F|  |TAMS 0x0000000096600000| PB 0x0000000096600000| Untracked 
|  87|0x0000000096700000, 0x0000000096700000, 0x0000000096800000|  0%| F|  |TAMS 0x0000000096700000| PB 0x0000000096700000| Untracked 
|  88|0x0000000096800000, 0x00000000968400e0, 0x0000000096900000| 25%| S|CS|TAMS 0x0000000096800000| PB 0x0000000096800000| Complete 
|  89|0x0000000096900000, 0x0000000096a00000, 0x0000000096a00000|100%| S|CS|TAMS 0x0000000096900000| PB 0x0000000096900000| Complete 
|  90|0x0000000096a00000, 0x0000000096b00000, 0x0000000096b00000|100%| S|CS|TAMS 0x0000000096a00000| PB 0x0000000096a00000| Complete 
|  91|0x0000000096b00000, 0x0000000096b00000, 0x0000000096c00000|  0%| F|  |TAMS 0x0000000096b00000| PB 0x0000000096b00000| Untracked 
|  92|0x0000000096c00000, 0x0000000096c00000, 0x0000000096d00000|  0%| F|  |TAMS 0x0000000096c00000| PB 0x0000000096c00000| Untracked 
|  93|0x0000000096d00000, 0x0000000096d00000, 0x0000000096e00000|  0%| F|  |TAMS 0x0000000096d00000| PB 0x0000000096d00000| Untracked 
|  94|0x0000000096e00000, 0x0000000096e00000, 0x0000000096f00000|  0%| F|  |TAMS 0x0000000096e00000| PB 0x0000000096e00000| Untracked 
|  95|0x0000000096f00000, 0x0000000097000000, 0x0000000097000000|100%| S|CS|TAMS 0x0000000096f00000| PB 0x0000000096f00000| Complete 
|  96|0x0000000097000000, 0x0000000097000000, 0x0000000097100000|  0%| F|  |TAMS 0x0000000097000000| PB 0x0000000097000000| Untracked 
|  97|0x0000000097100000, 0x0000000097100000, 0x0000000097200000|  0%| F|  |TAMS 0x0000000097100000| PB 0x0000000097100000| Untracked 
|  98|0x0000000097200000, 0x0000000097200000, 0x0000000097300000|  0%| F|  |TAMS 0x0000000097200000| PB 0x0000000097200000| Untracked 
|  99|0x0000000097300000, 0x0000000097300000, 0x0000000097400000|  0%| F|  |TAMS 0x0000000097300000| PB 0x0000000097300000| Untracked 
| 100|0x0000000097400000, 0x0000000097400000, 0x0000000097500000|  0%| F|  |TAMS 0x0000000097400000| PB 0x0000000097400000| Untracked 
| 101|0x0000000097500000, 0x0000000097500000, 0x0000000097600000|  0%| F|  |TAMS 0x0000000097500000| PB 0x0000000097500000| Untracked 
| 102|0x0000000097600000, 0x0000000097600000, 0x0000000097700000|  0%| F|  |TAMS 0x0000000097600000| PB 0x0000000097600000| Untracked 
| 103|0x0000000097700000, 0x0000000097700000, 0x0000000097800000|  0%| F|  |TAMS 0x0000000097700000| PB 0x0000000097700000| Untracked 
| 104|0x0000000097800000, 0x0000000097800000, 0x0000000097900000|  0%| F|  |TAMS 0x0000000097800000| PB 0x0000000097800000| Untracked 
| 105|0x0000000097900000, 0x0000000097900000, 0x0000000097a00000|  0%| F|  |TAMS 0x0000000097900000| PB 0x0000000097900000| Untracked 
| 106|0x0000000097a00000, 0x0000000097a00000, 0x0000000097b00000|  0%| F|  |TAMS 0x0000000097a00000| PB 0x0000000097a00000| Untracked 
| 107|0x0000000097b00000, 0x0000000097b00000, 0x0000000097c00000|  0%| F|  |TAMS 0x0000000097b00000| PB 0x0000000097b00000| Untracked 
| 108|0x0000000097c00000, 0x0000000097c00000, 0x0000000097d00000|  0%| F|  |TAMS 0x0000000097c00000| PB 0x0000000097c00000| Untracked 
| 109|0x0000000097d00000, 0x0000000097d00000, 0x0000000097e00000|  0%| F|  |TAMS 0x0000000097d00000| PB 0x0000000097d00000| Untracked 
| 110|0x0000000097e00000, 0x0000000097e00000, 0x0000000097f00000|  0%| F|  |TAMS 0x0000000097e00000| PB 0x0000000097e00000| Untracked 
| 111|0x0000000097f00000, 0x0000000097f00000, 0x0000000098000000|  0%| F|  |TAMS 0x0000000097f00000| PB 0x0000000097f00000| Untracked 
| 112|0x0000000098000000, 0x0000000098000000, 0x0000000098100000|  0%| F|  |TAMS 0x0000000098000000| PB 0x0000000098000000| Untracked 
| 113|0x0000000098100000, 0x0000000098100000, 0x0000000098200000|  0%| F|  |TAMS 0x0000000098100000| PB 0x0000000098100000| Untracked 
| 114|0x0000000098200000, 0x0000000098200000, 0x0000000098300000|  0%| F|  |TAMS 0x0000000098200000| PB 0x0000000098200000| Untracked 
| 115|0x0000000098300000, 0x0000000098300000, 0x0000000098400000|  0%| F|  |TAMS 0x0000000098300000| PB 0x0000000098300000| Untracked 
| 116|0x0000000098400000, 0x0000000098400000, 0x0000000098500000|  0%| F|  |TAMS 0x0000000098400000| PB 0x0000000098400000| Untracked 
| 117|0x0000000098500000, 0x0000000098500000, 0x0000000098600000|  0%| F|  |TAMS 0x0000000098500000| PB 0x0000000098500000| Untracked 
| 118|0x0000000098600000, 0x0000000098600000, 0x0000000098700000|  0%| F|  |TAMS 0x0000000098600000| PB 0x0000000098600000| Untracked 
| 119|0x0000000098700000, 0x0000000098700000, 0x0000000098800000|  0%| F|  |TAMS 0x0000000098700000| PB 0x0000000098700000| Untracked 
| 120|0x0000000098800000, 0x0000000098800000, 0x0000000098900000|  0%| F|  |TAMS 0x0000000098800000| PB 0x0000000098800000| Untracked 
| 121|0x0000000098900000, 0x0000000098900000, 0x0000000098a00000|  0%| F|  |TAMS 0x0000000098900000| PB 0x0000000098900000| Untracked 
| 122|0x0000000098a00000, 0x0000000098a00000, 0x0000000098b00000|  0%| F|  |TAMS 0x0000000098a00000| PB 0x0000000098a00000| Untracked 
| 123|0x0000000098b00000, 0x0000000098b00000, 0x0000000098c00000|  0%| F|  |TAMS 0x0000000098b00000| PB 0x0000000098b00000| Untracked 
| 124|0x0000000098c00000, 0x0000000098c00000, 0x0000000098d00000|  0%| F|  |TAMS 0x0000000098c00000| PB 0x0000000098c00000| Untracked 
| 125|0x0000000098d00000, 0x0000000098d00000, 0x0000000098e00000|  0%| F|  |TAMS 0x0000000098d00000| PB 0x0000000098d00000| Untracked 
| 126|0x0000000098e00000, 0x0000000098e00000, 0x0000000098f00000|  0%| F|  |TAMS 0x0000000098e00000| PB 0x0000000098e00000| Untracked 
| 127|0x0000000098f00000, 0x0000000098f00000, 0x0000000099000000|  0%| F|  |TAMS 0x0000000098f00000| PB 0x0000000098f00000| Untracked 
| 128|0x0000000099000000, 0x0000000099000000, 0x0000000099100000|  0%| F|  |TAMS 0x0000000099000000| PB 0x0000000099000000| Untracked 
| 129|0x0000000099100000, 0x0000000099100000, 0x0000000099200000|  0%| F|  |TAMS 0x0000000099100000| PB 0x0000000099100000| Untracked 
| 130|0x0000000099200000, 0x0000000099200000, 0x0000000099300000|  0%| F|  |TAMS 0x0000000099200000| PB 0x0000000099200000| Untracked 
| 131|0x0000000099300000, 0x0000000099300000, 0x0000000099400000|  0%| F|  |TAMS 0x0000000099300000| PB 0x0000000099300000| Untracked 
| 132|0x0000000099400000, 0x0000000099400000, 0x0000000099500000|  0%| F|  |TAMS 0x0000000099400000| PB 0x0000000099400000| Untracked 
| 133|0x0000000099500000, 0x0000000099500000, 0x0000000099600000|  0%| F|  |TAMS 0x0000000099500000| PB 0x0000000099500000| Untracked 
| 134|0x0000000099600000, 0x0000000099600000, 0x0000000099700000|  0%| F|  |TAMS 0x0000000099600000| PB 0x0000000099600000| Untracked 
| 135|0x0000000099700000, 0x0000000099700000, 0x0000000099800000|  0%| F|  |TAMS 0x0000000099700000| PB 0x0000000099700000| Untracked 
| 136|0x0000000099800000, 0x0000000099800000, 0x0000000099900000|  0%| F|  |TAMS 0x0000000099800000| PB 0x0000000099800000| Untracked 
| 137|0x0000000099900000, 0x0000000099900000, 0x0000000099a00000|  0%| F|  |TAMS 0x0000000099900000| PB 0x0000000099900000| Untracked 
| 138|0x0000000099a00000, 0x0000000099a00000, 0x0000000099b00000|  0%| F|  |TAMS 0x0000000099a00000| PB 0x0000000099a00000| Untracked 
| 139|0x0000000099b00000, 0x0000000099b00000, 0x0000000099c00000|  0%| F|  |TAMS 0x0000000099b00000| PB 0x0000000099b00000| Untracked 
| 140|0x0000000099c00000, 0x0000000099c00000, 0x0000000099d00000|  0%| F|  |TAMS 0x0000000099c00000| PB 0x0000000099c00000| Untracked 
| 141|0x0000000099d00000, 0x0000000099d00000, 0x0000000099e00000|  0%| F|  |TAMS 0x0000000099d00000| PB 0x0000000099d00000| Untracked 
| 142|0x0000000099e00000, 0x0000000099e34ac8, 0x0000000099f00000| 20%| E|  |TAMS 0x0000000099e00000| PB 0x0000000099e00000| Complete 
| 143|0x0000000099f00000, 0x000000009a000000, 0x000000009a000000|100%| E|CS|TAMS 0x0000000099f00000| PB 0x0000000099f00000| Complete 
|1765|0x00000000ff500000, 0x00000000ff600000, 0x00000000ff600000|100%| O|Cm|TAMS 0x00000000ff500000| PB 0x00000000ff500000| Complete 
|1766|0x00000000ff600000, 0x00000000ff700000, 0x00000000ff700000|100%| O|Cm|TAMS 0x00000000ff600000| PB 0x00000000ff600000| Complete 
|1767|0x00000000ff700000, 0x00000000ff800000, 0x00000000ff800000|100%| O|Cm|TAMS 0x00000000ff700000| PB 0x00000000ff700000| Complete 
|1768|0x00000000ff800000, 0x00000000ff900000, 0x00000000ff900000|100%| E|CS|TAMS 0x00000000ff800000| PB 0x00000000ff800000| Complete 
|1769|0x00000000ff900000, 0x00000000ffa00000, 0x00000000ffa00000|100%| O|Cm|TAMS 0x00000000ff900000| PB 0x00000000ff900000| Complete 
|1770|0x00000000ffa00000, 0x00000000ffb00000, 0x00000000ffb00000|100%| O|  |TAMS 0x00000000ffa00000| PB 0x00000000ffa00000| Untracked 
|1771|0x00000000ffb00000, 0x00000000ffc00000, 0x00000000ffc00000|100%| E|CS|TAMS 0x00000000ffb00000| PB 0x00000000ffb00000| Complete 
|1772|0x00000000ffc00000, 0x00000000ffd00000, 0x00000000ffd00000|100%| E|CS|TAMS 0x00000000ffc00000| PB 0x00000000ffc00000| Complete 
|1773|0x00000000ffd00000, 0x00000000ffe00000, 0x00000000ffe00000|100%| E|CS|TAMS 0x00000000ffd00000| PB 0x00000000ffd00000| Complete 
|1774|0x00000000ffe00000, 0x00000000fff00000, 0x00000000fff00000|100%| O|  |TAMS 0x00000000ffe00000| PB 0x00000000ffe00000| Untracked 
|1775|0x00000000fff00000, 0x0000000100000000, 0x0000000100000000|100%| E|CS|TAMS 0x00000000fff00000| PB 0x00000000fff00000| Complete 

Card table byte_map: [0x0000017955e00000,0x0000017956180000] _byte_map_base: 0x0000017955978000

Marking Bits: (CMBitMap*) 0x000001793e3391c0
 Bits: [0x0000017956180000, 0x0000017957d40000)

Polling page: 0x000001793c150000

Metaspace:

Usage:
  Non-class:     83.50 MB used.
      Class:     12.94 MB used.
       Both:     96.44 MB used.

Virtual space:
  Non-class space:      128.00 MB reserved,      83.94 MB ( 66%) committed,  2 nodes.
      Class space:        1.00 GB reserved,      13.38 MB (  1%) committed,  1 nodes.
             Both:        1.12 GB reserved,      97.31 MB (  8%) committed. 

Chunk freelists:
   Non-Class:  11.56 MB
       Class:  2.61 MB
        Both:  14.17 MB

MaxMetaspaceSize: unlimited
CompressedClassSpaceSize: 1.00 GB
Initial GC threshold: 21.00 MB
Current GC threshold: 161.69 MB
CDS: on
 - commit_granule_bytes: 65536.
 - commit_granule_words: 8192.
 - virtual_space_node_default_size: 8388608.
 - enlarge_chunks_in_place: 1.
 - use_allocation_guard: 0.


Internal statistics:

num_allocs_failed_limit: 12.
num_arena_births: 1428.
num_arena_deaths: 4.
num_vsnodes_births: 3.
num_vsnodes_deaths: 0.
num_space_committed: 1557.
num_space_uncommitted: 0.
num_chunks_returned_to_freelist: 18.
num_chunks_taken_from_freelist: 4984.
num_chunk_merges: 12.
num_chunk_splits: 3554.
num_chunks_enlarged: 2705.
num_inconsistent_stats: 0.

CodeHeap 'non-profiled nmethods': size=120000Kb used=9042Kb max_used=9042Kb free=110957Kb
 bounds [0x000001794e220000, 0x000001794eb00000, 0x0000017955750000]
CodeHeap 'profiled nmethods': size=120000Kb used=26418Kb max_used=26418Kb free=93581Kb
 bounds [0x0000017946750000, 0x0000017948130000, 0x000001794dc80000]
CodeHeap 'non-nmethods': size=5760Kb used=2181Kb max_used=2273Kb free=3578Kb
 bounds [0x000001794dc80000, 0x000001794def0000, 0x000001794e220000]
 total_blobs=13290 nmethods=12187 adapters=1006
 compilation: enabled
              stopped_count=0, restarted_count=0
 full_count=0

Compilation events (20 events):
Event: 430.561 Thread 0x000001795a7b7f00 nmethod 17933 0x000001794eaf3090 code [0x000001794eaf32e0, 0x000001794eaf3a70]
Event: 430.635 Thread 0x000001795a7b7f00 17934       4       java.util.Collections$UnmodifiableMap$UnmodifiableEntrySet$1::hasNext (10 bytes)
Event: 430.636 Thread 0x000001795a7b7f00 nmethod 17934 0x000001794eaf4110 code [0x000001794eaf42a0, 0x000001794eaf4350]
Event: 430.651 Thread 0x000001795a7b7f00 17935       4       jdk.internal.net.http.common.SequentialScheduler$SchedulableTask::run (20 bytes)
Event: 430.652 Thread 0x000001795a7b7f00 nmethod 17935 0x000001794eaf4410 code [0x000001794eaf45a0, 0x000001794eaf4670]
Event: 430.723 Thread 0x000001795a7b7f00 17936       4       java.lang.String::format (16 bytes)
Event: 430.761 Thread 0x000001795a7bc230 17938       3       java.lang.RuntimeException::<init> (6 bytes)
Event: 430.761 Thread 0x000001795a7bc230 nmethod 17938 0x0000017948118c90 code [0x0000017948118e40, 0x0000017948118fd8]
Event: 430.898 Thread 0x000001795a7bc230 17939       3       java.util.ImmutableCollections$Map1::<init> (21 bytes)
Event: 430.899 Thread 0x000001795a7bc230 nmethod 17939 0x0000017948119090 code [0x0000017948119280, 0x0000017948119810]
Event: 430.915 Thread 0x000001795a7bc230 17940   !   3       sun.nio.ch.Net::getRevealedLocalAddress (43 bytes)
Event: 430.916 Thread 0x000001795a7bc230 nmethod 17940 0x0000017948119a10 code [0x0000017948119bc0, 0x0000017948119eb8]
Event: 430.966 Thread 0x000001795a7bc230 17941       3       org.openqa.selenium.WebDriverException$$Lambda/0x000001795cd62df8::apply (8 bytes)
Event: 430.967 Thread 0x000001795a7bc230 nmethod 17941 0x0000017948119f90 code [0x000001794811a140, 0x000001794811a388]
Event: 430.967 Thread 0x000001795a7bc230 17943       3       java.util.Map::of (10 bytes)
Event: 430.967 Thread 0x000001795a7bc230 nmethod 17943 0x000001794811a490 code [0x000001794811a6a0, 0x000001794811acd8]
Event: 430.967 Thread 0x000001795a7bc230 17942       3       org.openqa.selenium.WebDriverException::lambda$getAdditionalInformation$6 (69 bytes)
Event: 430.969 Thread 0x000001795a7bc230 nmethod 17942 0x000001794811af10 code [0x000001794811b3a0, 0x000001794811dcc0]
Event: 431.059 Thread 0x000001795a7bc230 17944       3       java.util.stream.SortedOps$RefSortingSink::end (126 bytes)
Event: 431.828 Thread 0x000001795a7bc230 nmethod 17944 0x000001794811e890 code [0x000001794811eb80, 0x000001794811fe48]

GC Heap History (20 events):
Event: 276.628 GC heap before
{Heap before GC invocations=39 (full 0):
 garbage-first heap   total 142336K, used 133892K [0x0000000091000000, 0x0000000100000000)
  region size 1024K, 43 young (44032K), 2 survivors (2048K)
 Metaspace       used 95997K, committed 96896K, reserved 1179648K
  class space    used 13041K, committed 13440K, reserved 1048576K
}
Event: 276.634 GC heap after
{Heap after GC invocations=40 (full 0):
 garbage-first heap   total 143360K, used 98735K [0x0000000091000000, 0x0000000100000000)
  region size 1024K, 6 young (6144K), 6 survivors (6144K)
 Metaspace       used 95997K, committed 96896K, reserved 1179648K
  class space    used 13041K, committed 13440K, reserved 1048576K
}
Event: 278.784 GC heap before
{Heap before GC invocations=40 (full 0):
 garbage-first heap   total 143360K, used 131503K [0x0000000091000000, 0x0000000100000000)
  region size 1024K, 36 young (36864K), 6 survivors (6144K)
 Metaspace       used 96553K, committed 97536K, reserved 1179648K
  class space    used 13108K, committed 13568K, reserved 1048576K
}
Event: 278.792 GC heap after
{Heap after GC invocations=41 (full 0):
 garbage-first heap   total 143360K, used 104058K [0x0000000091000000, 0x0000000100000000)
  region size 1024K, 4 young (4096K), 4 survivors (4096K)
 Metaspace       used 96553K, committed 97536K, reserved 1179648K
  class space    used 13108K, committed 13568K, reserved 1048576K
}
Event: 278.959 GC heap before
{Heap before GC invocations=41 (full 0):
 garbage-first heap   total 143360K, used 108154K [0x0000000091000000, 0x0000000100000000)
  region size 1024K, 10 young (10240K), 4 survivors (4096K)
 Metaspace       used 96578K, committed 97536K, reserved 1179648K
  class space    used 13109K, committed 13568K, reserved 1048576K
}
Event: 278.964 GC heap after
{Heap after GC invocations=42 (full 0):
 garbage-first heap   total 143360K, used 104580K [0x0000000091000000, 0x0000000100000000)
  region size 1024K, 1 young (1024K), 1 survivors (1024K)
 Metaspace       used 96578K, committed 97536K, reserved 1179648K
  class space    used 13109K, committed 13568K, reserved 1048576K
}
Event: 281.276 GC heap before
{Heap before GC invocations=43 (full 0):
 garbage-first heap   total 147456K, used 115844K [0x0000000091000000, 0x0000000100000000)
  region size 1024K, 28 young (28672K), 1 survivors (1024K)
 Metaspace       used 96765K, committed 97664K, reserved 1179648K
  class space    used 13122K, committed 13568K, reserved 1048576K
}
Event: 281.281 GC heap after
{Heap after GC invocations=44 (full 0):
 garbage-first heap   total 147456K, used 92754K [0x0000000091000000, 0x0000000100000000)
  region size 1024K, 4 young (4096K), 4 survivors (4096K)
 Metaspace       used 96765K, committed 97664K, reserved 1179648K
  class space    used 13122K, committed 13568K, reserved 1048576K
}
Event: 284.191 GC heap before
{Heap before GC invocations=44 (full 0):
 garbage-first heap   total 147456K, used 143954K [0x0000000091000000, 0x0000000100000000)
  region size 1024K, 42 young (43008K), 4 survivors (4096K)
 Metaspace       used 96955K, committed 97856K, reserved 1179648K
  class space    used 13124K, committed 13568K, reserved 1048576K
}
Event: 284.201 GC heap after
{Heap after GC invocations=45 (full 0):
 garbage-first heap   total 157696K, used 101870K [0x0000000091000000, 0x0000000100000000)
  region size 1024K, 6 young (6144K), 6 survivors (6144K)
 Metaspace       used 96955K, committed 97856K, reserved 1179648K
  class space    used 13124K, committed 13568K, reserved 1048576K
}
Event: 284.243 GC heap before
{Heap before GC invocations=45 (full 0):
 garbage-first heap   total 157696K, used 102894K [0x0000000091000000, 0x0000000100000000)
  region size 1024K, 8 young (8192K), 6 survivors (6144K)
 Metaspace       used 96978K, committed 97856K, reserved 1179648K
  class space    used 13124K, committed 13568K, reserved 1048576K
}
Event: 284.247 GC heap after
{Heap after GC invocations=46 (full 0):
 garbage-first heap   total 157696K, used 102943K [0x0000000091000000, 0x0000000100000000)
  region size 1024K, 1 young (1024K), 1 survivors (1024K)
 Metaspace       used 96978K, committed 97856K, reserved 1179648K
  class space    used 13124K, committed 13568K, reserved 1048576K
}
Event: 320.567 GC heap before
{Heap before GC invocations=47 (full 0):
 garbage-first heap   total 158720K, used 123423K [0x0000000091000000, 0x0000000100000000)
  region size 1024K, 35 young (35840K), 1 survivors (1024K)
 Metaspace       used 97027K, committed 97920K, reserved 1179648K
  class space    used 13127K, committed 13568K, reserved 1048576K
}
Event: 320.570 GC heap after
{Heap after GC invocations=48 (full 0):
 garbage-first heap   total 158720K, used 91183K [0x0000000091000000, 0x0000000100000000)
  region size 1024K, 3 young (3072K), 3 survivors (3072K)
 Metaspace       used 97027K, committed 97920K, reserved 1179648K
  class space    used 13127K, committed 13568K, reserved 1048576K
}
Event: 365.203 GC heap before
{Heap before GC invocations=48 (full 0):
 garbage-first heap   total 158720K, used 134191K [0x0000000091000000, 0x0000000100000000)
  region size 1024K, 46 young (47104K), 3 survivors (3072K)
 Metaspace       used 97304K, committed 98176K, reserved 1179648K
  class space    used 13140K, committed 13568K, reserved 1048576K
}
Event: 365.211 GC heap after
{Heap after GC invocations=49 (full 0):
 garbage-first heap   total 158720K, used 82320K [0x0000000091000000, 0x0000000100000000)
  region size 1024K, 3 young (3072K), 3 survivors (3072K)
 Metaspace       used 97304K, committed 98176K, reserved 1179648K
  class space    used 13140K, committed 13568K, reserved 1048576K
}
Event: 395.165 GC heap before
{Heap before GC invocations=49 (full 0):
 garbage-first heap   total 158720K, used 133520K [0x0000000091000000, 0x0000000100000000)
  region size 1024K, 54 young (55296K), 3 survivors (3072K)
 Metaspace       used 98347K, committed 99328K, reserved 1179648K
  class space    used 13246K, committed 13696K, reserved 1048576K
}
Event: 395.169 GC heap after
{Heap after GC invocations=50 (full 0):
 garbage-first heap   total 158720K, used 82762K [0x0000000091000000, 0x0000000100000000)
  region size 1024K, 4 young (4096K), 4 survivors (4096K)
 Metaspace       used 98347K, committed 99328K, reserved 1179648K
  class space    used 13246K, committed 13696K, reserved 1048576K
}
Event: 430.164 GC heap before
{Heap before GC invocations=51 (full 0):
 garbage-first heap   total 158720K, used 128842K [0x0000000091000000, 0x0000000100000000)
  region size 1024K, 57 young (58368K), 4 survivors (4096K)
 Metaspace       used 98743K, committed 99648K, reserved 1179648K
  class space    used 13246K, committed 13696K, reserved 1048576K
}
Event: 430.170 GC heap after
{Heap after GC invocations=52 (full 0):
 garbage-first heap   total 158720K, used 75606K [0x0000000091000000, 0x0000000100000000)
  region size 1024K, 4 young (4096K), 4 survivors (4096K)
 Metaspace       used 98743K, committed 99648K, reserved 1179648K
  class space    used 13246K, committed 13696K, reserved 1048576K
}

Dll operation events (20 events):
Event: 0.792 Loaded shared library C:\Users\nikit\.openjfx\cache\21+31\amd64\api-ms-win-crt-stdio-l1-1-0.dll
Event: 0.799 Loaded shared library C:\Users\nikit\.openjfx\cache\21+31\amd64\api-ms-win-crt-string-l1-1-0.dll
Event: 0.804 Loaded shared library C:\Users\nikit\.openjfx\cache\21+31\amd64\api-ms-win-crt-time-l1-1-0.dll
Event: 0.809 Loaded shared library C:\Users\nikit\.openjfx\cache\21+31\amd64\api-ms-win-crt-utility-l1-1-0.dll
Event: 0.829 Loaded shared library C:\Users\nikit\.openjfx\cache\21+31\amd64\ucrtbase.dll
Event: 0.836 Loaded shared library C:\Users\nikit\.openjfx\cache\21+31\amd64\vcruntime140.dll
Event: 0.841 Loaded shared library C:\Users\nikit\.openjfx\cache\21+31\amd64\vcruntime140_1.dll
Event: 0.854 Loaded shared library C:\Users\nikit\.openjfx\cache\21+31\amd64\msvcp140.dll
Event: 0.860 Loaded shared library C:\Users\nikit\.openjfx\cache\21+31\amd64\msvcp140_1.dll
Event: 0.869 Loaded shared library C:\Users\nikit\.openjfx\cache\21+31\amd64\msvcp140_2.dll
Event: 0.940 Loaded shared library C:\Users\nikit\.openjfx\cache\21+31\amd64\prism_d3d.dll
Event: 1.028 Loaded shared library C:\Users\nikit\.openjfx\cache\21+31\amd64\glass.dll
Event: 1.391 Loaded shared library C:\Program Files\Java\jdk-21\bin\jimage.dll
Event: 3.323 Loaded shared library C:\Program Files\Java\jdk-21\bin\sunmscapi.dll
Event: 5.515 Loaded shared library C:\Program Files\Java\jdk-21\bin\verify.dll
Event: 6.130 Loaded shared library C:\Program Files\Java\jdk-21\bin\extnet.dll
Event: 12.151 Loaded shared library C:\Program Files\Java\jdk-21\bin\management.dll
Event: 12.157 Loaded shared library C:\Program Files\Java\jdk-21\bin\management_ext.dll
Event: 12.511 Loaded shared library C:\Users\nikit\.openjfx\cache\21+31\amd64\javafx_font.dll
Event: 68.018 Loaded shared library C:\Users\nikit\.openjfx\cache\21+31\amd64\javafx_iio.dll

Deoptimization events (20 events):
Event: 413.487 Thread 0x00000179a93d2610 Uncommon trap: trap_request=0xffffffd6 fr.pc=0x000001794eabad30 relative=0x00000000000003f0
Event: 413.487 Thread 0x00000179a93d2610 Uncommon trap: reason=array_check action=maybe_recompile pc=0x000001794eabad30 method=org.hibernate.internal.util.collections.StandardStack.push(Ljava/lang/Object;)V @ 43 c2
Event: 413.487 Thread 0x00000179a93d2610 DEOPT PACKING pc=0x000001794eabad30 sp=0x000000390e6fd220
Event: 413.487 Thread 0x00000179a93d2610 DEOPT UNPACKING pc=0x000001794dcd46a2 sp=0x000000390e6fd1f0 mode 2
Event: 423.034 Thread 0x00000179aa756cc0 Uncommon trap: trap_request=0xffffff45 fr.pc=0x000001794e97f300 relative=0x0000000000000f40
Event: 423.034 Thread 0x00000179aa756cc0 Uncommon trap: reason=unstable_if action=reinterpret pc=0x000001794e97f300 method=java.util.concurrent.LinkedTransferQueue$DualNode.await(Ljava/lang/Object;JLjava/lang/Object;Z)Ljava/lang/Object; @ 158 c2
Event: 423.034 Thread 0x00000179aa756cc0 DEOPT PACKING pc=0x000001794e97f300 sp=0x00000039102fef80
Event: 423.034 Thread 0x00000179aa756cc0 DEOPT UNPACKING pc=0x000001794dcd46a2 sp=0x00000039102fee08 mode 2
Event: 424.192 Thread 0x00000179aa75c8a0 Uncommon trap: trap_request=0xffffff45 fr.pc=0x000001794e97f300 relative=0x0000000000000f40
Event: 424.192 Thread 0x00000179aa75c8a0 Uncommon trap: reason=unstable_if action=reinterpret pc=0x000001794e97f300 method=java.util.concurrent.LinkedTransferQueue$DualNode.await(Ljava/lang/Object;JLjava/lang/Object;Z)Ljava/lang/Object; @ 158 c2
Event: 424.192 Thread 0x00000179a55fa600 Uncommon trap: trap_request=0xffffff45 fr.pc=0x000001794e97f300 relative=0x0000000000000f40
Event: 424.192 Thread 0x00000179a55fa600 Uncommon trap: reason=unstable_if action=reinterpret pc=0x000001794e97f300 method=java.util.concurrent.LinkedTransferQueue$DualNode.await(Ljava/lang/Object;JLjava/lang/Object;Z)Ljava/lang/Object; @ 158 c2
Event: 424.192 Thread 0x00000179aa75c8a0 DEOPT PACKING pc=0x000001794e97f300 sp=0x00000039116ff010
Event: 424.192 Thread 0x00000179a55fa600 DEOPT PACKING pc=0x000001794e97f300 sp=0x00000039117ff120
Event: 424.192 Thread 0x00000179aa75c8a0 DEOPT UNPACKING pc=0x000001794dcd46a2 sp=0x00000039116fee98 mode 2
Event: 424.192 Thread 0x00000179a55fa600 DEOPT UNPACKING pc=0x000001794dcd46a2 sp=0x00000039117fefa8 mode 2
Event: 424.192 Thread 0x00000179a55f9250 Uncommon trap: trap_request=0xffffff45 fr.pc=0x000001794e97f300 relative=0x0000000000000f40
Event: 424.192 Thread 0x00000179a55f9250 Uncommon trap: reason=unstable_if action=reinterpret pc=0x000001794e97f300 method=java.util.concurrent.LinkedTransferQueue$DualNode.await(Ljava/lang/Object;JLjava/lang/Object;Z)Ljava/lang/Object; @ 158 c2
Event: 424.192 Thread 0x00000179a55f9250 DEOPT PACKING pc=0x000001794e97f300 sp=0x00000039118ff3c0
Event: 424.193 Thread 0x00000179a55f9250 DEOPT UNPACKING pc=0x000001794dcd46a2 sp=0x00000039118ff248 mode 2

Classes loaded (20 events):
Event: 269.669 Loading class java/util/concurrent/Executors$DelegatedExecutorService done
Event: 269.669 Loading class java/util/concurrent/Executors$DelegatedScheduledExecutorService done
Event: 269.669 Loading class java/lang/Math$RandomNumberGeneratorHolder
Event: 269.669 Loading class java/lang/Math$RandomNumberGeneratorHolder done
Event: 269.671 Loading class java/net/URLEncoder
Event: 269.671 Loading class java/net/URLEncoder done
Event: 269.944 Loading class sun/net/www/protocol/http/HttpURLConnection$StreamingOutputStream
Event: 269.944 Loading class sun/net/www/protocol/http/HttpURLConnection$StreamingOutputStream done
Event: 277.985 Loading class java/util/concurrent/CompletableFuture$UniExceptionally
Event: 277.985 Loading class java/util/concurrent/CompletableFuture$UniExceptionally done
Event: 277.985 Loading class java/util/concurrent/CompletableFuture$BiRelay
Event: 277.986 Loading class java/util/concurrent/CompletableFuture$BiCompletion
Event: 277.987 Loading class java/util/concurrent/CompletableFuture$BiCompletion done
Event: 277.987 Loading class java/util/concurrent/CompletableFuture$BiRelay done
Event: 277.987 Loading class java/util/concurrent/CompletableFuture$CoCompletion
Event: 277.988 Loading class java/util/concurrent/CompletableFuture$CoCompletion done
Event: 278.221 Loading class java/util/concurrent/locks/ReentrantReadWriteLock$Sync$HoldCounter
Event: 278.221 Loading class java/util/concurrent/locks/ReentrantReadWriteLock$Sync$HoldCounter done
Event: 430.508 Loading class java/util/concurrent/ConcurrentHashMap$EntrySpliterator
Event: 430.511 Loading class java/util/concurrent/ConcurrentHashMap$EntrySpliterator done

Classes unloaded (2 events):
Event: 284.334 Thread 0x000001795a780260 Unloading class 0x000001795cd35000 'java/lang/invoke/LambdaForm$DMH+0x000001795cd35000'
Event: 284.334 Thread 0x000001795a780260 Unloading class 0x000001795cd34800 'java/lang/invoke/LambdaForm$DMH+0x000001795cd34800'

Classes redefined (0 events):
No events

Internal exceptions (20 events):
Event: 269.857 Thread 0x00000179a577bfa0 Exception <a 'java/net/ConnectException'{0x00000000988d3f68}: Connection refused: getsockopt> (0x00000000988d3f68) 
thrown [s\open\src\hotspot\share\prims\jni.cpp, line 539]
Event: 269.864 Thread 0x00000179a93d4d70 Exception <a 'java/net/ConnectException'{0x00000000988a1758}: Connection refused: getsockopt> (0x00000000988a1758) 
thrown [s\open\src\hotspot\share\prims\jni.cpp, line 539]
Event: 269.880 Thread 0x00000179a577bfa0 Exception <a 'java/net/ConnectException'{0x00000000988d4ec0}: Connection refused: getsockopt> (0x00000000988d4ec0) 
thrown [s\open\src\hotspot\share\prims\jni.cpp, line 539]
Event: 269.912 Thread 0x00000179a93d4d70 Exception <a 'java/net/ConnectException'{0x0000000098700830}: Connection refused: getsockopt> (0x0000000098700830) 
thrown [s\open\src\hotspot\share\prims\jni.cpp, line 539]
Event: 273.824 Thread 0x00000179a04add10 Implicit null exception at 0x000001794e5ba68c to 0x000001794e5be44c
Event: 277.946 Thread 0x00000179a55f9f70 Exception <a 'java/lang/NoSuchMethodError'{0x0000000098c16108}: 'java.lang.Object java.lang.invoke.DirectMethodHandle$Holder.newInvokeSpecial(java.lang.Object, java.lang.Object, long, java.lang.Object)'> (0x0000000098c16108) 
thrown [s\open\src\hotspot\share\interpreter\linkResolver.cpp, line 773]
Event: 277.946 Thread 0x00000179a55fe110 Exception <a 'java/lang/NoSuchMethodError'{0x0000000098c1bc08}: 'java.lang.Object java.lang.invoke.DirectMethodHandle$Holder.newInvokeSpecial(java.lang.Object, java.lang.Object, long, java.lang.Object)'> (0x0000000098c1bc08) 
thrown [s\open\src\hotspot\share\interpreter\linkResolver.cpp, line 773]
Event: 277.970 Thread 0x00000179aa75a7d0 Exception <a 'java/lang/NoSuchMethodError'{0x0000000098c97338}: 'void java.lang.invoke.DirectMethodHandle$Holder.invokeStatic(java.lang.Object, java.lang.Object, long, java.lang.Object)'> (0x0000000098c97338) 
thrown [s\open\src\hotspot\share\interpreter\linkResolver.cpp, line 773]
Event: 277.970 Thread 0x00000179aa756cc0 Exception <a 'java/lang/NoSuchMethodError'{0x0000000098c9cc98}: 'void java.lang.invoke.DirectMethodHandle$Holder.invokeStatic(java.lang.Object, java.lang.Object, long, java.lang.Object)'> (0x0000000098c9cc98) 
thrown [s\open\src\hotspot\share\interpreter\linkResolver.cpp, line 773]
Event: 279.640 Thread 0x00000179aa758d90 Implicit null exception at 0x000001794e7a1f44 to 0x000001794e7a2540
Event: 349.126 Thread 0x00000179aa756cc0 Exception <a 'java/io/IOException'{0x00000000990e3268}> (0x00000000990e3268) 
thrown [s\open\src\hotspot\share\prims\jni.cpp, line 520]
Event: 349.127 Thread 0x00000179aa756cc0 Exception <a 'java/net/ConnectException'{0x00000000990e4658}: Connection refused: getsockopt> (0x00000000990e4658) 
thrown [s\open\src\hotspot\share\prims\jni.cpp, line 539]
Event: 359.145 Thread 0x00000179a93d2610 Exception <a 'java/lang/NoSuchMethodError'{0x00000000990aa7c8}: 'void java.lang.invoke.DirectMethodHandle$Holder.invokeVirtual(java.lang.Object, java.lang.Object, java.lang.Object, int, int)'> (0x00000000990aa7c8) 
thrown [s\open\src\hotspot\share\interpreter\linkResolver.cpp, line 773]
Event: 359.145 Thread 0x00000179a93d2610 Exception <a 'java/lang/NoSuchMethodError'{0x00000000990ae040}: 'void java.lang.invoke.DelegatingMethodHandle$Holder.reinvoke_L(java.lang.Object, java.lang.Object, java.lang.Object, int, int)'> (0x00000000990ae040) 
thrown [s\open\src\hotspot\share\interpreter\linkResolver.cpp, line 773]
Event: 361.664 Thread 0x00000179a93d2610 Exception <a 'sun/nio/fs/WindowsException'{0x00000000986f0a10}> (0x00000000986f0a10) 
thrown [s\open\src\hotspot\share\prims\jni.cpp, line 520]
Event: 362.928 Thread 0x00000179aa756cc0 Exception <a 'java/net/ConnectException'{0x00000000990e5c98}: Connection refused: getsockopt> (0x00000000990e5c98) 
thrown [s\open\src\hotspot\share\prims\jni.cpp, line 539]
Event: 362.946 Thread 0x00000179aa756cc0 Exception <a 'java/net/ConnectException'{0x00000000990e6ba8}: Connection refused: getsockopt> (0x00000000990e6ba8) 
thrown [s\open\src\hotspot\share\prims\jni.cpp, line 539]
Event: 362.977 Thread 0x00000179aa756cc0 Exception <a 'java/net/ConnectException'{0x00000000990e7ab8}: Connection refused: getsockopt> (0x00000000990e7ab8) 
thrown [s\open\src\hotspot\share\prims\jni.cpp, line 539]
Event: 367.664 Thread 0x00000179a93d2610 Exception <a 'java/lang/NoSuchMethodError'{0x00000000999b5400}: 'java.lang.Object java.lang.invoke.DirectMethodHandle$Holder.invokeInterface(java.lang.Object, java.lang.Object, int)'> (0x00000000999b5400) 
thrown [s\open\src\hotspot\share\interpreter\linkResolver.cpp, line 773]
Event: 372.072 Thread 0x00000179a93d2610 Exception <a 'java/lang/IncompatibleClassChangeError'{0x00000000993b3508}: Found class java.lang.Object, but interface was expected> (0x00000000993b3508) 
thrown [s\open\src\hotspot\share\interpreter\linkResolver.cpp, line 840]

ZGC Phase Switch (0 events):
No events

VM Operations (20 events):
Event: 417.479 Executing VM operation: Cleanup done
Event: 420.514 Executing VM operation: Cleanup
Event: 420.514 Executing VM operation: Cleanup done
Event: 420.952 Executing VM operation: HandshakeAllThreads (HandshakeForDeflation)
Event: 420.952 Executing VM operation: HandshakeAllThreads (HandshakeForDeflation) done
Event: 420.952 Executing VM operation: RendezvousGCThreads
Event: 420.952 Executing VM operation: RendezvousGCThreads done
Event: 422.971 Executing VM operation: Cleanup
Event: 422.971 Executing VM operation: Cleanup done
Event: 423.973 Executing VM operation: Cleanup
Event: 423.973 Executing VM operation: Cleanup done
Event: 424.984 Executing VM operation: Cleanup
Event: 424.984 Executing VM operation: Cleanup done
Event: 427.009 Executing VM operation: Cleanup
Event: 427.009 Executing VM operation: Cleanup done
Event: 430.019 Executing VM operation: Cleanup
Event: 430.019 Executing VM operation: Cleanup done
Event: 430.164 Executing VM operation: G1CollectForAllocation (G1 Evacuation Pause)
Event: 430.170 Executing VM operation: G1CollectForAllocation (G1 Evacuation Pause) done
Event: 431.175 Executing VM operation: Cleanup

Events (20 events):
Event: 395.227 Thread 0x000001795a780260 flushing nmethod 0x0000017946c1dd90
Event: 395.227 Thread 0x000001795a780260 flushing nmethod 0x0000017946be5590
Event: 395.227 Thread 0x000001795a780260 flushing nmethod 0x000001794e945190
Event: 395.227 Thread 0x000001795a780260 flushing nmethod 0x0000017946a49710
Event: 395.227 Thread 0x000001795a780260 flushing nmethod 0x00000179469d5710
Event: 395.227 Thread 0x000001795a780260 flushing nmethod 0x000001794699db10
Event: 395.227 Thread 0x000001795a780260 flushing nmethod 0x000001794e4ee690
Event: 395.227 Thread 0x000001795a780260 flushing nmethod 0x000001794e901b10
Event: 395.227 Thread 0x000001795a780260 flushing nmethod 0x000001794e812110
Event: 395.227 Thread 0x000001795a780260 flushing nmethod 0x000001794e7a1b10
Event: 395.227 Thread 0x000001795a780260 flushing nmethod 0x000001794e766f90
Event: 395.227 Thread 0x000001795a780260 flushing nmethod 0x000001794e259490
Event: 396.066 Thread 0x00000179a8d1d7e0 Thread added: 0x00000179a8d1d7e0
Event: 396.523 Thread 0x00000179a8d1d7e0 Thread exited: 0x00000179a8d1d7e0
Event: 408.581 Thread 0x00000179aa758070 Thread exited: 0x00000179aa758070
Event: 423.034 Thread 0x00000179aa756cc0 Thread exited: 0x00000179aa756cc0
Event: 424.192 Thread 0x00000179aa75e2e0 Thread exited: 0x00000179aa75e2e0
Event: 424.192 Thread 0x00000179aa75c8a0 Thread exited: 0x00000179aa75c8a0
Event: 424.193 Thread 0x00000179a55fa600 Thread exited: 0x00000179a55fa600
Event: 424.193 Thread 0x00000179a55f9250 Thread exited: 0x00000179a55f9250


Dynamic libraries:
0x00007ff6b3d40000 - 0x00007ff6b3d50000 	C:\Program Files\Java\jdk-21\bin\java.exe
0x00007ff821fa0000 - 0x00007ff822206000 	C:\WINDOWS\SYSTEM32\ntdll.dll
0x00007ff820110000 - 0x00007ff8201d9000 	C:\WINDOWS\System32\KERNEL32.DLL
0x00007ff81f7b0000 - 0x00007ff81fb7c000 	C:\WINDOWS\System32\KERNELBASE.dll
0x00007ff81f460000 - 0x00007ff81f5ab000 	C:\WINDOWS\System32\ucrtbase.dll
0x00007ffff93b0000 - 0x00007ffff93c9000 	C:\Program Files\Java\jdk-21\bin\jli.dll
0x00007ff802bc0000 - 0x00007ff802bdb000 	C:\Program Files\Java\jdk-21\bin\VCRUNTIME140.dll
0x00007ff821e20000 - 0x00007ff821ed2000 	C:\WINDOWS\System32\ADVAPI32.dll
0x00007ff821d20000 - 0x00007ff821dc9000 	C:\WINDOWS\System32\msvcrt.dll
0x00007ff81fdf0000 - 0x00007ff81fe96000 	C:\WINDOWS\System32\sechost.dll
0x00007ff821450000 - 0x00007ff821566000 	C:\WINDOWS\System32\RPCRT4.dll
0x00007ff81ff40000 - 0x00007ff82010a000 	C:\WINDOWS\System32\USER32.dll
0x00007ff81f130000 - 0x00007ff81f157000 	C:\WINDOWS\System32\win32u.dll
0x00007ff80ef90000 - 0x00007ff80f22a000 	C:\WINDOWS\WinSxS\amd64_microsoft.windows.common-controls_6595b64144ccf1df_6.0.26100.3912_none_3e07963ce335137e\COMCTL32.dll
0x00007ff81ff10000 - 0x00007ff81ff3b000 	C:\WINDOWS\System32\GDI32.dll
0x00007ff81fb80000 - 0x00007ff81fcb2000 	C:\WINDOWS\System32\gdi32full.dll
0x00007ff81f700000 - 0x00007ff81f7a3000 	C:\WINDOWS\System32\msvcp_win.dll
0x00007ff8181a0000 - 0x00007ff8181ab000 	C:\WINDOWS\SYSTEM32\VERSION.dll
0x00007ff820e00000 - 0x00007ff820e30000 	C:\WINDOWS\System32\IMM32.DLL
0x00007ff819690000 - 0x00007ff81969c000 	C:\Program Files\Java\jdk-21\bin\vcruntime140_1.dll
0x00007fffe7d50000 - 0x00007fffe7dde000 	C:\Program Files\Java\jdk-21\bin\msvcp140.dll
0x00007fffdbcb0000 - 0x00007fffdc9bd000 	C:\Program Files\Java\jdk-21\bin\server\jvm.dll
0x00007ff821ee0000 - 0x00007ff821f54000 	C:\WINDOWS\System32\WS2_32.dll
0x00007ff81ef80000 - 0x00007ff81efde000 	C:\WINDOWS\SYSTEM32\POWRPROF.dll
0x00007ff8176c0000 - 0x00007ff8176f6000 	C:\WINDOWS\SYSTEM32\WINMM.dll
0x00007ff81ef60000 - 0x00007ff81ef74000 	C:\WINDOWS\SYSTEM32\UMPDC.dll
0x00007ff81def0000 - 0x00007ff81df0a000 	C:\WINDOWS\SYSTEM32\kernel.appcore.dll
0x00007ff819490000 - 0x00007ff81949a000 	C:\Program Files\Java\jdk-21\bin\jimage.dll
0x00007ff814ae0000 - 0x00007ff814d21000 	C:\WINDOWS\SYSTEM32\DBGHELP.DLL
0x00007ff8206a0000 - 0x00007ff820a24000 	C:\WINDOWS\System32\combase.dll
0x00007ff8212f0000 - 0x00007ff8213d0000 	C:\WINDOWS\System32\OLEAUT32.dll
0x00007ff80dc80000 - 0x00007ff80dcb9000 	C:\WINDOWS\SYSTEM32\dbgcore.DLL
0x00007ff81fcc0000 - 0x00007ff81fd59000 	C:\WINDOWS\System32\bcryptPrimitives.dll
0x00007ff802ba0000 - 0x00007ff802bbf000 	C:\Program Files\Java\jdk-21\bin\java.dll
0x00007ff8215f0000 - 0x00007ff821d1d000 	C:\WINDOWS\System32\SHELL32.dll
0x00007ff81f160000 - 0x00007ff81f2d4000 	C:\WINDOWS\System32\wintypes.dll
0x00007ff81cde0000 - 0x00007ff81d636000 	C:\WINDOWS\SYSTEM32\windows.storage.dll
0x00007ff8202e0000 - 0x00007ff8203cf000 	C:\WINDOWS\System32\SHCORE.dll
0x00007ff81fea0000 - 0x00007ff81ff09000 	C:\WINDOWS\System32\shlwapi.dll
0x00007ff81f040000 - 0x00007ff81f06f000 	C:\WINDOWS\SYSTEM32\profapi.dll
0x00007fffe5e40000 - 0x00007fffe5f17000 	C:\Program Files\Java\jdk-21\bin\jsvml.dll
0x00007ff819330000 - 0x00007ff819340000 	C:\Program Files\Java\jdk-21\bin\net.dll
0x00007ff817b50000 - 0x00007ff817c6e000 	C:\WINDOWS\SYSTEM32\WINHTTP.dll
0x00007ff81e460000 - 0x00007ff81e4ca000 	C:\WINDOWS\system32\mswsock.dll
0x00007ff802b80000 - 0x00007ff802b96000 	C:\Program Files\Java\jdk-21\bin\nio.dll
0x00007ffff9170000 - 0x00007ffff9188000 	C:\Program Files\Java\jdk-21\bin\zip.dll
0x000001793d9c0000 - 0x000001793d9c3000 	C:\Users\nikit\.openjfx\cache\21+31\amd64\api-ms-win-core-console-l1-1-0.dll
0x000001793d9d0000 - 0x000001793d9d3000 	C:\Users\nikit\.openjfx\cache\21+31\amd64\api-ms-win-core-console-l1-2-0.dll
0x000001793d9e0000 - 0x000001793d9e3000 	C:\Users\nikit\.openjfx\cache\21+31\amd64\api-ms-win-core-datetime-l1-1-0.dll
0x000001793d9f0000 - 0x000001793d9f3000 	C:\Users\nikit\.openjfx\cache\21+31\amd64\api-ms-win-core-debug-l1-1-0.dll
0x000001793da00000 - 0x000001793da03000 	C:\Users\nikit\.openjfx\cache\21+31\amd64\api-ms-win-core-errorhandling-l1-1-0.dll
0x000001793da10000 - 0x000001793da14000 	C:\Users\nikit\.openjfx\cache\21+31\amd64\api-ms-win-core-file-l1-1-0.dll
0x000001793da20000 - 0x000001793da23000 	C:\Users\nikit\.openjfx\cache\21+31\amd64\api-ms-win-core-file-l1-2-0.dll
0x000001793da30000 - 0x000001793da33000 	C:\Users\nikit\.openjfx\cache\21+31\amd64\api-ms-win-core-file-l2-1-0.dll
0x000001793da40000 - 0x000001793da43000 	C:\Users\nikit\.openjfx\cache\21+31\amd64\api-ms-win-core-handle-l1-1-0.dll
0x000001793da50000 - 0x000001793da53000 	C:\Users\nikit\.openjfx\cache\21+31\amd64\api-ms-win-core-heap-l1-1-0.dll
0x000001793da60000 - 0x000001793da63000 	C:\Users\nikit\.openjfx\cache\21+31\amd64\api-ms-win-core-interlocked-l1-1-0.dll
0x000001793da70000 - 0x000001793da73000 	C:\Users\nikit\.openjfx\cache\21+31\amd64\api-ms-win-core-libraryloader-l1-1-0.dll
0x000001793da80000 - 0x000001793da83000 	C:\Users\nikit\.openjfx\cache\21+31\amd64\api-ms-win-core-localization-l1-2-0.dll
0x000001793e1e0000 - 0x000001793e1e3000 	C:\Users\nikit\.openjfx\cache\21+31\amd64\api-ms-win-core-memory-l1-1-0.dll
0x000001793e1f0000 - 0x000001793e1f3000 	C:\Users\nikit\.openjfx\cache\21+31\amd64\api-ms-win-core-namedpipe-l1-1-0.dll
0x000001793e200000 - 0x000001793e203000 	C:\Users\nikit\.openjfx\cache\21+31\amd64\api-ms-win-core-processenvironment-l1-1-0.dll
0x000001793e210000 - 0x000001793e213000 	C:\Users\nikit\.openjfx\cache\21+31\amd64\api-ms-win-core-processthreads-l1-1-0.dll
0x000001793e220000 - 0x000001793e223000 	C:\Users\nikit\.openjfx\cache\21+31\amd64\api-ms-win-core-processthreads-l1-1-1.dll
0x000001793e230000 - 0x000001793e233000 	C:\Users\nikit\.openjfx\cache\21+31\amd64\api-ms-win-core-profile-l1-1-0.dll
0x000001793e240000 - 0x000001793e243000 	C:\Users\nikit\.openjfx\cache\21+31\amd64\api-ms-win-core-rtlsupport-l1-1-0.dll
0x000001793e250000 - 0x000001793e253000 	C:\Users\nikit\.openjfx\cache\21+31\amd64\api-ms-win-core-string-l1-1-0.dll
0x000001793e260000 - 0x000001793e263000 	C:\Users\nikit\.openjfx\cache\21+31\amd64\api-ms-win-core-synch-l1-1-0.dll
0x000001793e270000 - 0x000001793e273000 	C:\Users\nikit\.openjfx\cache\21+31\amd64\api-ms-win-core-synch-l1-2-0.dll
0x000001793e280000 - 0x000001793e283000 	C:\Users\nikit\.openjfx\cache\21+31\amd64\api-ms-win-core-sysinfo-l1-1-0.dll
0x000001793e290000 - 0x000001793e293000 	C:\Users\nikit\.openjfx\cache\21+31\amd64\api-ms-win-core-timezone-l1-1-0.dll
0x000001795ad10000 - 0x000001795ad13000 	C:\Users\nikit\.openjfx\cache\21+31\amd64\api-ms-win-core-util-l1-1-0.dll
0x000001795ad20000 - 0x000001795ad23000 	C:\Users\nikit\.openjfx\cache\21+31\amd64\api-ms-win-crt-conio-l1-1-0.dll
0x000001795ad30000 - 0x000001795ad34000 	C:\Users\nikit\.openjfx\cache\21+31\amd64\api-ms-win-crt-convert-l1-1-0.dll
0x000001795ad40000 - 0x000001795ad43000 	C:\Users\nikit\.openjfx\cache\21+31\amd64\api-ms-win-crt-environment-l1-1-0.dll
0x000001795ad50000 - 0x000001795ad53000 	C:\Users\nikit\.openjfx\cache\21+31\amd64\api-ms-win-crt-filesystem-l1-1-0.dll
0x000001795ad60000 - 0x000001795ad63000 	C:\Users\nikit\.openjfx\cache\21+31\amd64\api-ms-win-crt-heap-l1-1-0.dll
0x000001795ad70000 - 0x000001795ad73000 	C:\Users\nikit\.openjfx\cache\21+31\amd64\api-ms-win-crt-locale-l1-1-0.dll
0x000001795ad80000 - 0x000001795ad85000 	C:\Users\nikit\.openjfx\cache\21+31\amd64\api-ms-win-crt-math-l1-1-0.dll
0x000001795ad90000 - 0x000001795ad95000 	C:\Users\nikit\.openjfx\cache\21+31\amd64\api-ms-win-crt-multibyte-l1-1-0.dll
0x000001795ada0000 - 0x000001795adb0000 	C:\Users\nikit\.openjfx\cache\21+31\amd64\api-ms-win-crt-private-l1-1-0.dll
0x000001795adb0000 - 0x000001795adb3000 	C:\Users\nikit\.openjfx\cache\21+31\amd64\api-ms-win-crt-process-l1-1-0.dll
0x000001795adc0000 - 0x000001795adc4000 	C:\Users\nikit\.openjfx\cache\21+31\amd64\api-ms-win-crt-runtime-l1-1-0.dll
0x000001795add0000 - 0x000001795add4000 	C:\Users\nikit\.openjfx\cache\21+31\amd64\api-ms-win-crt-stdio-l1-1-0.dll
0x000001795ade0000 - 0x000001795ade4000 	C:\Users\nikit\.openjfx\cache\21+31\amd64\api-ms-win-crt-string-l1-1-0.dll
0x000001795adf0000 - 0x000001795adf3000 	C:\Users\nikit\.openjfx\cache\21+31\amd64\api-ms-win-crt-time-l1-1-0.dll
0x000001795ae00000 - 0x000001795ae03000 	C:\Users\nikit\.openjfx\cache\21+31\amd64\api-ms-win-crt-utility-l1-1-0.dll
0x00007fffe5ff0000 - 0x00007fffe60ec000 	C:\Users\nikit\.openjfx\cache\21+31\amd64\ucrtbase.dll
0x00007ff8192f0000 - 0x00007ff81930b000 	C:\Users\nikit\.openjfx\cache\21+31\amd64\vcruntime140.dll
0x00007ff81a390000 - 0x00007ff81a39c000 	C:\Users\nikit\.openjfx\cache\21+31\amd64\vcruntime140_1.dll
0x00007ff802c70000 - 0x00007ff802cfe000 	C:\Users\nikit\.openjfx\cache\21+31\amd64\msvcp140.dll
0x00007ff820ba0000 - 0x00007ff820d3f000 	C:\WINDOWS\System32\ole32.dll
0x00007ff8198e0000 - 0x00007ff8198e9000 	C:\Users\nikit\.openjfx\cache\21+31\amd64\msvcp140_1.dll
0x00007ff811740000 - 0x00007ff81176f000 	C:\Users\nikit\.openjfx\cache\21+31\amd64\msvcp140_2.dll
0x00007ff80c350000 - 0x00007ff80c37f000 	C:\Users\nikit\.openjfx\cache\21+31\amd64\prism_d3d.dll
0x00007fffc4260000 - 0x00007fffc4415000 	C:\WINDOWS\system32\d3d9.dll
0x00007ff81c700000 - 0x00007ff81c736000 	C:\WINDOWS\SYSTEM32\dwmapi.dll
0x00007ff81c740000 - 0x00007ff81c787000 	C:\WINDOWS\SYSTEM32\dxcore.dll
0x00007ff81c370000 - 0x00007ff81c41f000 	C:\WINDOWS\system32\uxtheme.dll
0x00007ff817700000 - 0x00007ff8178bb000 	C:\WINDOWS\System32\DriverStore\FileRepository\u0390451.inf_amd64_39377efdd62734d1\B390182\aticfx64.dll
0x00007ff819590000 - 0x00007ff8195c4000 	C:\WINDOWS\System32\DriverStore\FileRepository\u0390451.inf_amd64_39377efdd62734d1\B390182\atiu9p64.dll
0x00007fffd6390000 - 0x00007fffd70e5000 	C:\WINDOWS\System32\DriverStore\FileRepository\u0390451.inf_amd64_39377efdd62734d1\B390182\atiumd64.dll
0x0000000076290000 - 0x00000000771b7000 	C:\WINDOWS\System32\DriverStore\FileRepository\u0390451.inf_amd64_39377efdd62734d1\B390182\atiumd6a.dll
0x00007ff820e40000 - 0x00007ff8212c6000 	C:\WINDOWS\System32\SETUPAPI.dll
0x00007ff814900000 - 0x00007ff814935000 	C:\WINDOWS\SYSTEM32\amdihk64.dll
0x00007ff81c510000 - 0x00007ff81c570000 	C:\WINDOWS\SYSTEM32\directxdatabasehelper.dll
0x00007ffff7460000 - 0x00007ffff74a2000 	C:\Users\nikit\.openjfx\cache\21+31\amd64\glass.dll
0x00007ff8201e0000 - 0x00007ff8202d4000 	C:\WINDOWS\System32\COMDLG32.dll
0x00007ff820a30000 - 0x00007ff820b8f000 	C:\WINDOWS\System32\MSCTF.dll
0x00007ff8192e0000 - 0x00007ff8192ee000 	C:\Program Files\Java\jdk-21\bin\sunmscapi.dll
0x00007ff81f2e0000 - 0x00007ff81f457000 	C:\WINDOWS\System32\CRYPT32.dll
0x00007ff81e910000 - 0x00007ff81e940000 	C:\WINDOWS\SYSTEM32\ncrypt.dll
0x00007ff81e8c0000 - 0x00007ff81e8ff000 	C:\WINDOWS\SYSTEM32\NTASN1.dll
0x00007ff81e700000 - 0x00007ff81e71c000 	C:\WINDOWS\SYSTEM32\CRYPTSP.dll
0x00007ff81de50000 - 0x00007ff81de8a000 	C:\WINDOWS\system32\rsaenh.dll
0x00007ff81e500000 - 0x00007ff81e52b000 	C:\WINDOWS\SYSTEM32\USERENV.dll
0x00007ff81f010000 - 0x00007ff81f036000 	C:\WINDOWS\SYSTEM32\bcrypt.dll
0x00007ff81e720000 - 0x00007ff81e72c000 	C:\WINDOWS\SYSTEM32\CRYPTBASE.dll
0x00007ff81d930000 - 0x00007ff81d963000 	C:\WINDOWS\SYSTEM32\IPHLPAPI.DLL
0x00007ff821440000 - 0x00007ff82144a000 	C:\WINDOWS\System32\NSI.dll
0x00007ff813140000 - 0x00007ff813150000 	C:\Program Files\Java\jdk-21\bin\verify.dll
0x00007ff819360000 - 0x00007ff819369000 	C:\Program Files\Java\jdk-21\bin\extnet.dll
0x00007ff8192d0000 - 0x00007ff8192da000 	C:\Program Files\Java\jdk-21\bin\management.dll
0x00007ff817d90000 - 0x00007ff817d9b000 	C:\Program Files\Java\jdk-21\bin\management_ext.dll
0x00007ff8212d0000 - 0x00007ff8212d8000 	C:\WINDOWS\System32\PSAPI.DLL
0x00007ff811fb0000 - 0x00007ff811fc4000 	C:\Users\nikit\.openjfx\cache\21+31\amd64\javafx_font.dll
0x00007ff81abd0000 - 0x00007ff81ae39000 	C:\WINDOWS\SYSTEM32\dwrite.dll
0x00007ff820d50000 - 0x00007ff820df8000 	C:\WINDOWS\System32\clbcatq.dll

dbghelp: loaded successfully - version: 4.0.5 - missing functions: none
symbol engine: initialized successfully - sym options: 0x614 - pdb path: .;C:\Program Files\Java\jdk-21\bin;C:\WINDOWS\SYSTEM32;C:\WINDOWS\WinSxS\amd64_microsoft.windows.common-controls_6595b64144ccf1df_6.0.26100.3912_none_3e07963ce335137e;C:\Program Files\Java\jdk-21\bin\server;C:\Users\nikit\.openjfx\cache\21+31\amd64;C:\WINDOWS\System32\DriverStore\FileRepository\u0390451.inf_amd64_39377efdd62734d1\B390182;C:\Program Files\Common Files\Microsoft Shared\Ink

VM Arguments:
jvm_args: -Dfile.encoding=UTF-8 --module-path=C:\Users\nikit\.m2\repository\org\openjfx\javafx-base\21\javafx-base-21-win.jar;C:\Users\nikit\.m2\repository\org\openjfx\javafx-base\21\javafx-base-21.jar;C:\Users\nikit\.m2\repository\org\openjfx\javafx-controls\21\javafx-controls-21-win.jar;C:\Users\nikit\.m2\repository\org\openjfx\javafx-controls\21\javafx-controls-21.jar;C:\Users\nikit\.m2\repository\org\openjfx\javafx-fxml\21\javafx-fxml-21-win.jar;C:\Users\nikit\.m2\repository\org\openjfx\javafx-graphics\21\javafx-graphics-21-win.jar;C:\Users\nikit\.m2\repository\org\openjfx\javafx-graphics\21\javafx-graphics-21.jar --add-modules=javafx.base,javafx.controls,javafx.fxml,javafx.graphics 
java_command: ru.finwax.mangabuffjob.MangaBuffJobFXApplication
java_class_path (initial): C:\selsup\mangaBuffDesc\target\classes;C:\Users\nikit\.m2\repository\ch\qos\logback\logback-classic\1.5.18\logback-classic-1.5.18.jar;C:\Users\nikit\.m2\repository\ch\qos\logback\logback-core\1.5.18\logback-core-1.5.18.jar;C:\Users\nikit\.m2\repository\com\fasterxml\classmate\1.7.0\classmate-1.7.0.jar;C:\Users\nikit\.m2\repository\com\fasterxml\jackson\core\jackson-annotations\2.18.3\jackson-annotations-2.18.3.jar;C:\Users\nikit\.m2\repository\com\fasterxml\jackson\core\jackson-core\2.18.3\jackson-core-2.18.3.jar;C:\Users\nikit\.m2\repository\com\fasterxml\jackson\core\jackson-databind\2.15.2\jackson-databind-2.15.2.jar;C:\Users\nikit\.m2\repository\com\fasterxml\jackson\datatype\jackson-datatype-jdk8\2.18.3\jackson-datatype-jdk8-2.18.3.jar;C:\Users\nikit\.m2\repository\com\fasterxml\jackson\datatype\jackson-datatype-jsr310\2.18.3\jackson-datatype-jsr310-2.18.3.jar;C:\Users\nikit\.m2\repository\com\fasterxml\jackson\module\jackson-module-parameter-names\2.18.3\jackson-module-parameter-names-2.18.3.jar;C:\Users\nikit\.m2\repository\com\github\docker-java\docker-java\3.3.4\docker-java-3.3.4.jar;C:\Users\nikit\.m2\repository\com\github\docker-java\docker-java-api\3.3.4\docker-java-api-3.3.4.jar;C:\Users\nikit\.m2\repository\com\github\docker-java\docker-java-core\3.3.4\docker-java-core-3.3.4.jar;C:\Users\nikit\.m2\repository\com\github\docker-java\docker-java-transport\3.3.4\docker-java-transport-3.3.4.jar;C:\Users\nikit\.m2\repository\com\github\docker-java\docker-java-transport-httpclient5\3.3.4\docker-java-transport-httpclient5-3.3.4.jar;C:\Users\nikit\.m2\repository\com\google\auto\service\auto-service-annotations\1.1.1\auto-service-annotations-1.1.1.jar;C:\Users\nikit\.m2\repository\com\google\code\gson\gson\2.11.0\gson-2.11.0.jar;C:\Users\nikit\.m2\repository\com\google\errorprone\error_prone_annotations\2.27.0\error_prone_annotations-2.27.0.jar;C:\Users\nikit\.m2\repository\com\google\guava\failureaccess\1.0.3\failureaccess-1.0.3.jar;C:\Users\nikit\.m2\repository\com\google\guava\guava\33.4.8-jre\guava-33.4.8-jre.jar;C:\Users\nikit\.m2\repository\com\google\guava\listenablefuture\9999.0-empty-to-avoid-conflict-with-guava\listenablefuture-9999.0-empty-to-avoid-conflict-with-guava.jar;C:\Users\nikit\.m2\repository\com\google\j2objc\j2objc-annotations\3.0.0\j2objc-annotations-3.0.0.jar;C:\Users\nikit\.m2\repository\com\h2database\h2\2.3.232\h2-2.3.232.jar;C:\Users\nikit\.m2\repository\com\sun\istack\istack-commons-runtime\4.1.2\istack-commons-runtime-4.1.2.jar;C:\Users\nikit\.m2\repository\com\zaxxer\HikariCP\5.1.0\HikariCP-5.1.0.jar;C:\Users\nikit\.m2\repository\commons-io\commons-io\2.13.0\commons-io-2.13.0.jar;C:\Users\nikit\.m2\repository\io\github\bonigarcia\webdrivermanager\5.6.1\webdrivermanager-5.6.1.jar;C:\Users\nikit\.m2\repository\io\micrometer\micrometer-commons\1.14.5\micrometer-commons-1.14.5.jar;C:\Users\nikit\.m2\repository\io\micrometer\micrometer-observation\1.14.5\micrometer-observation-1.14.5.jar;C:\Users\nikit\.m2\repository\io\opentelemetry\opentelemetry-api\1.43.0\opentelemetry-api-1.43.0.jar;C:\Users\nikit\.m2\repository\io\opentelemetry\opentelemetry-api-incubator\1.43.0-alpha\opentelemetry-api-incubator-1.43.0-alpha.jar;C:\Users\nikit\.m2\repository\io\opentelemetry\opentelemetry-context\1.43.0\opentelemetry-context-1.43.0.jar;C:\Users\nikit\.m2\repository\io\opentelemetry\opentelemetry-exporter-logging\1.43.0\opentelemetry-exporter-logging-1.43.0.jar;C:\Users\nikit\.m2\repository\io\opentelemetry\opentelemetry-sdk\1.43.0\opentelemetry-sdk-1.43.0.jar;C:\Users\nikit\.m2\repository\io\opentelemetry\opentelemetry-sdk-common\1.43.0\opentelemetry-sdk-common-1.43.0.jar;C:\Users\nikit\.m2\repository\io\opentelemetry\opentelemetry-sdk-extension-autoconfigure\1.43.0\opentelemetry-sdk-extension-autoconfigure-1.43.0.jar;C:\Users\nikit\.m2\repository\io\opentelemetry\opentelemetry-sdk-extension-autoconfigure-spi\1.43.0\opentelemetry-sdk-extension-autoconfigure-spi-1.43.0.jar;C:\Users\nikit\.m2\repository\io\opentelemetry\opentelemetry-sdk-logs\1.43.0\opentelemetry-sdk-logs-1.43.0.jar;C:\Users\nikit\.m2\repository\io\opentelemetry\opentelemetry-sdk-metrics\1.43.0\opentelemetry-sdk-metrics-1.43.0.jar;C:\Users\nikit\.m2\repository\io\opentelemetry\opentelemetry-sdk-trace\1.43.0\opentelemetry-sdk-trace-1.43.0.jar;C:\Users\nikit\.m2\repository\io\smallrye\jandex\3.2.0\jandex-3.2.0.jar;C:\Users\nikit\.m2\repository\jakarta\activation\jakarta.activation-api\2.1.3\jakarta.activation-api-2.1.3.jar;C:\Users\nikit\.m2\repository\jakarta\annotation\jakarta.annotation-api\2.1.1\jakarta.annotation-api-2.1.1.jar;C:\Users\nikit\.m2\repository\jakarta\inject\jakarta.inject-api\2.0.1\jakarta.inject-api-2.0.1.jar;C:\Users\nikit\.m2\repository\jakarta\persistence\jakarta.persistence-api\3.1.0\jakarta.persistence-api-3.1.0.jar;C:\Users\nikit\.m2\repository\jakarta\transaction\jakarta.transaction-api\2.0.1\jakarta.transaction-api-2.0.1.jar;C:\Users\nikit\.m2\repository\jakarta\xml\bind\jakarta.xml.bind-api\4.0.2\jakarta.xml.bind-api-4.0.2.jar;C:\Users\nikit\.m2\repository\net\bytebuddy\byte-buddy\1.15.11\byte-buddy-1.15.11.jar;C:\Users\nikit\.m2\repository\net\java\dev\jna\jna\5.13.0\jna-5.13.0.jar;C:\Users\nikit\.m2\repository\org\antlr\antlr4-runtime\4.13.0\antlr4-runtime-4.13.0.jar;C:\Users\nikit\.m2\repository\org\apache\commons\commons-compress\1.24.0\commons-compress-1.24.0.jar;C:\Users\nikit\.m2\repository\org\apache\commons\commons-exec\1.4.0\commons-exec-1.4.0.jar;C:\Users\nikit\.m2\repository\org\apache\commons\commons-lang3\3.17.0\commons-lang3-3.17.0.jar;C:\Users\nikit\.m2\repository\org\apache\httpcomponents\client5\httpclient5\5.4.2\httpclient5-5.4.2.jar;C:\Users\nikit\.m2\repository\org\apache\httpcomponents\core5\httpcore5\5.3.3\httpcore5-5.3.3.jar;C:\Users\nikit\.m2\repository\org\apache\httpcomponents\core5\httpcore5-h2\5.3.3\httpcore5-h2-5.3.3.jar;C:\Users\nikit\.m2\repository\org\apache\logging\log4j\log4j-api\2.24.3\log4j-api-2.24.3.jar;C:\Users\nikit\.m2\repository\org\apache\logging\log4j\log4j-to-slf4j\2.24.3\log4j-to-slf4j-2.24.3.jar;C:\Users\nikit\.m2\repository\org\apache\tomcat\embed\tomcat-embed-core\10.1.39\tomcat-embed-core-10.1.39.jar;C:\Users\nikit\.m2\repository\org\apache\tomcat\embed\tomcat-embed-el\10.1.39\tomcat-embed-el-10.1.39.jar;C:\Users\nikit\.m2\repository\org\apache\tomcat\embed\tomcat-embed-websocket\10.1.39\tomcat-embed-websocket-10.1.39.jar;C:\Users\nikit\.m2\repository\org\aspectj\aspectjweaver\1.9.23\aspectjweaver-1.9.23.jar;C:\Users\nikit\.m2\repository\org\bouncycastle\bcpkix-jdk18on\1.76\bcpkix-jdk18on-1.76.jar;C:\Users\nikit\.m2\repository\org\bouncycastle\bcprov-jdk18on\1.76\bcprov-jdk18on-1.76.jar;C:\Users\nikit\.m2\repository\org\bouncycastle\bcutil-jdk18on\1.76\bcutil-jdk18on-1.76.jar;C:\Users\nikit\.m2\repository\org\brotli\dec\0.1.2\dec-0.1.2.jar;C:\Users\nikit\.m2\repository\org\eclipse\angus\angus-activation\2.0.2\angus-activation-2.0.2.jar;C:\Users\nikit\.m2\repository\org\glassfish\jaxb\jaxb-core\4.0.5\jaxb-core-4.0.5.jar;C:\Users\nikit\.m2\repository\org\glassfish\jaxb\jaxb-runtime\4.0.5\jaxb-runtime-4.0.5.jar;C:\Users\nikit\.m2\repository\org\glassfish\jaxb\txw2\4.0.5\txw2-4.0.5.jar;C:\Users\nikit\.m2\repository\org\hibernate\common\hibernate-commons-annotations\7.0.3.Final\hibernate-commons-annotations-7.0.3.Final.jar;C:\Users\nikit\.m2\repository\org\hibernate\orm\hibernate-core\6.6.11.Final\hibernate-core-6.6.11.Final.jar;C:\Users\nikit\.m2\repository\org\jboss\logging\jboss-logging\3.6.1.Final\jboss-logging-3.6.1.Final.jar;C:\Users\nikit\.m2\repository\org\jsoup\jsoup\1.15.3\jsoup-1.15.3.jar;C:\Users\nikit\.m2\repository\org\jspecify\jspecify\1.0.0\jspecify-1.0.0.jar;C:\Users\nikit\.m2\repository\org\seleniumhq\selenium\selenium-api\4.32.0\selenium-api-4.32.0.jar;C:\Users\nikit\.m2\repository\org\seleniumhq\selenium\selenium-chrome-driver\4.32.0\selenium-chrome-driver-4.32.0.jar;C:\Users\nikit\.m2\repository\org\seleniumhq\selenium\selenium-chromium-driver\4.32.0\selenium-chromium-driver-4.32.0.jar;C:\Users\nikit\.m2\repository\org\seleniumhq\selenium\selenium-devtools-v134\4.32.0\selenium-devtools-v134-4.32.0.jar;C:\Users\nikit\.m2\repository\org\seleniumhq\selenium\selenium-devtools-v135\4.32.0\selenium-devtools-v135-4.32.0.jar;C:\Users\nikit\.m2\repository\org\seleniumhq\selenium\selenium-devtools-v136\4.32.0\selenium-devtools-v136-4.32.0.jar;C:\Users\nikit\.m2\repository\org\seleniumhq\selenium\selenium-edge-driver\4.32.0\selenium-edge-driver-4.32.0.jar;C:\Users\nikit\.m2\repository\org\seleniumhq\selenium\selenium-firefox-driver\4.32.0\selenium-firefox-driver-4.32.0.jar;C:\Users\nikit\.m2\repository\org\seleniumhq\selenium\selenium-http\4.32.0\selenium-http-4.32.0.jar;C:\Users\nikit\.m2\repository\org\seleniumhq\selenium\selenium-ie-driver\4.32.0\selenium-ie-driver-4.32.0.jar;C:\Users\nikit\.m2\repository\org\seleniumhq\selenium\selenium-java\4.32.0\selenium-java-4.32.0.jar;C:\Users\nikit\.m2\repository\org\seleniumhq\selenium\selenium-json\4.32.0\selenium-json-4.32.0.jar;C:\Users\nikit\.m2\repository\org\seleniumhq\selenium\selenium-manager\4.32.0\selenium-manager-4.32.0.jar;C:\Users\nikit\.m2\repository\org\seleniumhq\selenium\selenium-os\4.32.0\selenium-os-4.32.0.jar;C:\Users\nikit\.m2\repository\org\seleniumhq\selenium\selenium-remote-driver\4.32.0\selenium-remote-driver-4.32.0.jar;C:\Users\nikit\.m2\repository\org\seleniumhq\selenium\selenium-safari-driver\4.32.0\selenium-safari-driver-4.32.0.jar;C:\Users\nikit\.m2\repository\org\seleniumhq\selenium\selenium-support\4.32.0\selenium-support-4.32.0.jar;C:\Users\nikit\.m2\repository\org\slf4j\jcl-over-slf4j\2.0.17\jcl-over-slf4j-2.0.17.jar;C:\Users\nikit\.m2\repository\org\slf4j\jul-to-slf4j\2.0.17\jul-to-slf4j-2.0.17.jar;C:\Users\nikit\.m2\repository\org\slf4j\slf4j-api\2.0.17\slf4j-api-2.0.17.jar;C:\Users\nikit\.m2\repository\org\springframework\spring-aop\6.2.5\spring-aop-6.2.5.jar;C:\Users\nikit\.m2\repository\org\springframework\spring-aspects\6.2.5\spring-aspects-6.2.5.jar;C:\Users\nikit\.m2\repository\org\springframework\spring-beans\6.2.5\spring-beans-6.2.5.jar;C:\Users\nikit\.m2\repository\org\springframework\spring-context\6.2.5\spring-context-6.2.5.jar;C:\Users\nikit\.m2\repository\org\springframework\spring-core\6.2.5\spring-core-6.2.5.jar;C:\Users\nikit\.m2\repository\org\springframework\spring-expression\6.2.5\spring-expression-6.2.5.jar;C:\Users\nikit\.m2\repository\org\springframework\spring-jcl\6.2.5\spring-jcl-6.2.5.jar;C:\Users\nikit\.m2\repository\org\springframework\spring-jdbc\6.2.5\spring-jdbc-6.2.5.jar;C:\Users\nikit\.m2\repository\org\springframework\spring-orm\6.2.5\spring-orm-6.2.5.jar;C:\Users\nikit\.m2\repository\org\springframework\spring-tx\6.2.5\spring-tx-6.2.5.jar;C:\Users\nikit\.m2\repository\org\springframework\spring-web\6.2.5\spring-web-6.2.5.jar;C:\Users\nikit\.m2\repository\org\springframework\spring-webmvc\6.2.5\spring-webmvc-6.2.5.jar;C:\Users\nikit\.m2\repository\org\springframework\boot\spring-boot\3.4.4\spring-boot-3.4.4.jar;C:\Users\nikit\.m2\repository\org\springframework\boot\spring-boot-autoconfigure\3.4.4\spring-boot-autoconfigure-3.4.4.jar;C:\Users\nikit\.m2\repository\org\springframework\boot\spring-boot-starter\3.4.4\spring-boot-starter-3.4.4.jar;C:\Users\nikit\.m2\repository\org\springframework\boot\spring-boot-starter-data-jpa\3.4.4\spring-boot-starter-data-jpa-3.4.4.jar;C:\Users\nikit\.m2\repository\org\springframework\boot\spring-boot-starter-jdbc\3.4.4\spring-boot-starter-jdbc-3.4.4.jar;C:\Users\nikit\.m2\repository\org\springframework\boot\spring-boot-starter-json\3.4.4\spring-boot-starter-json-3.4.4.jar;C:\Users\nikit\.m2\repository\org\springframework\boot\spring-boot-starter-logging\3.4.4\spring-boot-starter-logging-3.4.4.jar;C:\Users\nikit\.m2\repository\org\springframework\boot\spring-boot-starter-tomcat\3.4.4\spring-boot-starter-tomcat-3.4.4.jar;C:\Users\nikit\.m2\repository\org\springframework\boot\spring-boot-starter-web\3.4.4\spring-boot-starter-web-3.4.4.jar;C:\Users\nikit\.m2\repository\org\springframework\data\spring-data-commons\3.4.4\spring-data-commons-3.4.4.jar;C:\Users\nikit\.m2\repository\org\springframework\data\spring-data-jpa\3.4.4\spring-data-jpa-3.4.4.jar;C:\Users\nikit\.m2\repository\org\yaml\snakeyaml\2.3\snakeyaml-2.3.jar
Launcher Type: SUN_STANDARD

[Global flags]
     intx CICompilerCount                          = 4                                         {product} {ergonomic}
     uint ConcGCThreads                            = 2                                         {product} {ergonomic}
     uint G1ConcRefinementThreads                  = 8                                         {product} {ergonomic}
   size_t G1HeapRegionSize                         = 1048576                                   {product} {ergonomic}
    uintx GCDrainStackTargetSize                   = 64                                        {product} {ergonomic}
   size_t InitialHeapSize                          = 117440512                                 {product} {ergonomic}
   size_t MarkStackSize                            = 4194304                                   {product} {ergonomic}
   size_t MaxHeapSize                              = 1862270976                                {product} {ergonomic}
   size_t MaxNewSize                               = 1116733440                                {product} {ergonomic}
   size_t MinHeapDeltaBytes                        = 1048576                                   {product} {ergonomic}
   size_t MinHeapSize                              = 8388608                                   {product} {ergonomic}
    uintx NonNMethodCodeHeapSize                   = 5839372                                {pd product} {ergonomic}
    uintx NonProfiledCodeHeapSize                  = 122909434                              {pd product} {ergonomic}
    uintx ProfiledCodeHeapSize                     = 122909434                              {pd product} {ergonomic}
    uintx ReservedCodeCacheSize                    = 251658240                              {pd product} {ergonomic}
     bool SegmentedCodeCache                       = true                                      {product} {ergonomic}
   size_t SoftMaxHeapSize                          = 1862270976                             {manageable} {ergonomic}
     bool UseCompressedOops                        = true                           {product lp64_product} {ergonomic}
     bool UseG1GC                                  = true                                      {product} {ergonomic}
     bool UseLargePagesIndividualAllocation        = false                                  {pd product} {ergonomic}

Logging:
Log output configuration:
 #0: stdout all=warning uptime,level,tags foldmultilines=false
 #1: stderr all=off uptime,level,tags foldmultilines=false

Environment Variables:
PATH=C:\Program Files\Common Files\Oracle\Java\javapath;C:\WINDOWS\system32;C:\WINDOWS;C:\WINDOWS\System32\Wbem;C:\WINDOWS\System32\WindowsPowerShell\v1.0\;C:\WINDOWS\System32\OpenSSH\;C:\Program Files\Git\cmd;C:\Program Files (x86)\NoteBook FanControl\;C:\Program Files\nodejs\;C:\Program Files\Docker\Docker\resources\bin;C:\Program Files\PuTTY\;C:\Users\nikit\.config\herd\bin\nvm;C:\Program Files\nodejs;C:\Program Files\Apache\mavane\bin;C:\Users\nikit\.config\herd\bin;C:\Users\nikit\AppData\Local\Programs\Python\Python313\Scripts\;C:\Users\nikit\AppData\Local\Programs\Python\Python313\;C:\Users\nikit\AppData\Local\Microsoft\WindowsApps;C:\Users\nikit\AppData\Local\Programs\Microsoft VS Code\bin;C:\Users\nikit\AppData\Roaming\npm;C:\Users\nikit\AppData\Local\Microsoft\WinGet\Packages\cURL.cURL_Microsoft.Winget.Source_8wekyb3d8bbwe\curl-8.11.0_1-win64-mingw/bin
USERNAME=nikit
OS=Windows_NT
PROCESSOR_IDENTIFIER=AMD64 Family 23 Model 24 Stepping 1, AuthenticAMD
TMP=C:\Users\nikit\AppData\Local\Temp
TEMP=C:\Users\nikit\AppData\Local\Temp




Periodic native trim disabled

---------------  S Y S T E M  ---------------

OS:
 Windows 11 , 64 bit Build 26100 (10.0.26100.3912)
OS uptime: 8 days 15:20 hours

CPU: total 8 (initial active 8) (8 cores per cpu, 2 threads per core) family 23 model 24 stepping 1 microcode 0x8108109, cx8, cmov, fxsr, ht, mmx, 3dnowpref, sse, sse2, sse3, ssse3, sse4a, sse4.1, sse4.2, popcnt, lzcnt, tsc, tscinvbit, avx, avx2, aes, clmul, bmi1, bmi2, adx, sha, fma, vzeroupper, clflush, clflushopt, rdtscp, f16c
Processor Information for all 8 processors :
  Max Mhz: 2100, Current Mhz: 2100, Mhz Limit: 2100

Memory: 4k page, system-wide physical 7103M (605M free)
TotalPageFile size 23487M (AvailPageFile size 5M)
current process WorkingSet (physical memory assigned to process): 306M, peak: 416M
current process commit charge ("private bytes"): 551M, peak: 579M

vm_info: Java HotSpot(TM) 64-Bit Server VM (21.0.3+7-LTS-152) for windows-amd64 JRE (21.0.3+7-LTS-152), built on 2024-03-11T17:42:26Z by "mach5one" with MS VC++ 17.6 (VS2022)

END.
